a:6:{s:3:"row";i:1;s:7:"message";s:26:"User updated successfully.";s:6:"status";b:1;s:10:"status_msg";s:7:"Success";s:7:"post_id";i:5;s:9:"post_link";a:2:{s:8:"edit_url";s:86:"https://woocommerce-1264690-4777604.cloudwaysapps.com/wp-admin/user-edit.php?user_id=5";s:5:"title";s:11:"a0958852206";}}
a:6:{s:3:"row";i:2;s:7:"message";s:26:"User updated successfully.";s:6:"status";b:1;s:10:"status_msg";s:7:"Success";s:7:"post_id";i:6;s:9:"post_link";a:2:{s:8:"edit_url";s:86:"https://woocommerce-1264690-4777604.cloudwaysapps.com/wp-admin/user-edit.php?user_id=6";s:5:"title";s:11:"a0979602133";}}
a:6:{s:3:"row";i:3;s:7:"message";s:26:"User updated successfully.";s:6:"status";b:1;s:10:"status_msg";s:7:"Success";s:7:"post_id";i:7;s:9:"post_link";a:2:{s:8:"edit_url";s:86:"https://woocommerce-1264690-4777604.cloudwaysapps.com/wp-admin/user-edit.php?user_id=7";s:5:"title";s:11:"a0981010682";}}
a:6:{s:3:"row";i:4;s:7:"message";s:26:"User updated successfully.";s:6:"status";b:1;s:10:"status_msg";s:7:"Success";s:7:"post_id";i:8;s:9:"post_link";a:2:{s:8:"edit_url";s:86:"https://woocommerce-1264690-4777604.cloudwaysapps.com/wp-admin/user-edit.php?user_id=8";s:5:"title";s:11:"aaa885567tw";}}
a:6:{s:3:"row";i:5;s:7:"message";s:26:"User updated successfully.";s:6:"status";b:1;s:10:"status_msg";s:7:"Success";s:7:"post_id";i:9;s:9:"post_link";a:2:{s:8:"edit_url";s:86:"https://woocommerce-1264690-4777604.cloudwaysapps.com/wp-admin/user-edit.php?user_id=9";s:5:"title";s:14:"allen555666888";}}
a:6:{s:3:"row";i:6;s:7:"message";s:26:"User updated successfully.";s:6:"status";b:1;s:10:"status_msg";s:7:"Success";s:7:"post_id";i:10;s:9:"post_link";a:2:{s:8:"edit_url";s:87:"https://woocommerce-1264690-4777604.cloudwaysapps.com/wp-admin/user-edit.php?user_id=10";s:5:"title";s:11:"ann88012420";}}
a:6:{s:3:"row";i:7;s:7:"message";s:26:"User updated successfully.";s:6:"status";b:1;s:10:"status_msg";s:7:"Success";s:7:"post_id";i:11;s:9:"post_link";a:2:{s:8:"edit_url";s:87:"https://woocommerce-1264690-4777604.cloudwaysapps.com/wp-admin/user-edit.php?user_id=11";s:5:"title";s:12:"ashinjialing";}}
a:6:{s:3:"row";i:8;s:7:"message";s:26:"User updated successfully.";s:6:"status";b:1;s:10:"status_msg";s:7:"Success";s:7:"post_id";i:12;s:9:"post_link";a:2:{s:8:"edit_url";s:87:"https://woocommerce-1264690-4777604.cloudwaysapps.com/wp-admin/user-edit.php?user_id=12";s:5:"title";s:12:"autumn850515";}}
a:6:{s:3:"row";i:9;s:7:"message";s:26:"User updated successfully.";s:6:"status";b:1;s:10:"status_msg";s:7:"Success";s:7:"post_id";i:13;s:9:"post_link";a:2:{s:8:"edit_url";s:87:"https://woocommerce-1264690-4777604.cloudwaysapps.com/wp-admin/user-edit.php?user_id=13";s:5:"title";s:12:"ayumitai2002";}}
a:6:{s:3:"row";i:10;s:7:"message";s:26:"User updated successfully.";s:6:"status";b:1;s:10:"status_msg";s:7:"Success";s:7:"post_id";i:14;s:9:"post_link";a:2:{s:8:"edit_url";s:87:"https://woocommerce-1264690-4777604.cloudwaysapps.com/wp-admin/user-edit.php?user_id=14";s:5:"title";s:7:"bring86";}}
a:6:{s:3:"row";i:11;s:7:"message";s:26:"User updated successfully.";s:6:"status";b:1;s:10:"status_msg";s:7:"Success";s:7:"post_id";i:15;s:9:"post_link";a:2:{s:8:"edit_url";s:87:"https://woocommerce-1264690-4777604.cloudwaysapps.com/wp-admin/user-edit.php?user_id=15";s:5:"title";s:10:"cecil wang";}}
a:6:{s:3:"row";i:12;s:7:"message";s:26:"User updated successfully.";s:6:"status";b:1;s:10:"status_msg";s:7:"Success";s:7:"post_id";i:16;s:9:"post_link";a:2:{s:8:"edit_url";s:87:"https://woocommerce-1264690-4777604.cloudwaysapps.com/wp-admin/user-edit.php?user_id=16";s:5:"title";s:10:"cherish608";}}
a:6:{s:3:"row";i:13;s:7:"message";s:26:"User updated successfully.";s:6:"status";b:1;s:10:"status_msg";s:7:"Success";s:7:"post_id";i:17;s:9:"post_link";a:2:{s:8:"edit_url";s:87:"https://woocommerce-1264690-4777604.cloudwaysapps.com/wp-admin/user-edit.php?user_id=17";s:5:"title";s:11:"chiawen0722";}}
a:6:{s:3:"row";i:14;s:7:"message";s:26:"User updated successfully.";s:6:"status";b:1;s:10:"status_msg";s:7:"Success";s:7:"post_id";i:18;s:9:"post_link";a:2:{s:8:"edit_url";s:87:"https://woocommerce-1264690-4777604.cloudwaysapps.com/wp-admin/user-edit.php?user_id=18";s:5:"title";s:13:"chiayann.abby";}}
a:6:{s:3:"row";i:15;s:7:"message";s:26:"User updated successfully.";s:6:"status";b:1;s:10:"status_msg";s:7:"Success";s:7:"post_id";i:19;s:9:"post_link";a:2:{s:8:"edit_url";s:87:"https://woocommerce-1264690-4777604.cloudwaysapps.com/wp-admin/user-edit.php?user_id=19";s:5:"title";s:9:"chien4129";}}
a:6:{s:3:"row";i:16;s:7:"message";s:26:"User updated successfully.";s:6:"status";b:1;s:10:"status_msg";s:7:"Success";s:7:"post_id";i:20;s:9:"post_link";a:2:{s:8:"edit_url";s:87:"https://woocommerce-1264690-4777604.cloudwaysapps.com/wp-admin/user-edit.php?user_id=20";s:5:"title";s:11:"chihlin0915";}}
a:6:{s:3:"row";i:17;s:7:"message";s:26:"User updated successfully.";s:6:"status";b:1;s:10:"status_msg";s:7:"Success";s:7:"post_id";i:21;s:9:"post_link";a:2:{s:8:"edit_url";s:87:"https://woocommerce-1264690-4777604.cloudwaysapps.com/wp-admin/user-edit.php?user_id=21";s:5:"title";s:11:"chu.joyceyz";}}
a:6:{s:3:"row";i:18;s:7:"message";s:26:"User updated successfully.";s:6:"status";b:1;s:10:"status_msg";s:7:"Success";s:7:"post_id";i:22;s:9:"post_link";a:2:{s:8:"edit_url";s:87:"https://woocommerce-1264690-4777604.cloudwaysapps.com/wp-admin/user-edit.php?user_id=22";s:5:"title";s:11:"cocolulu610";}}
a:6:{s:3:"row";i:19;s:7:"message";s:26:"User updated successfully.";s:6:"status";b:1;s:10:"status_msg";s:7:"Success";s:7:"post_id";i:23;s:9:"post_link";a:2:{s:8:"edit_url";s:87:"https://woocommerce-1264690-4777604.cloudwaysapps.com/wp-admin/user-edit.php?user_id=23";s:5:"title";s:9:"date11130";}}
a:6:{s:3:"row";i:20;s:7:"message";s:26:"User updated successfully.";s:6:"status";b:1;s:10:"status_msg";s:7:"Success";s:7:"post_id";i:24;s:9:"post_link";a:2:{s:8:"edit_url";s:87:"https://woocommerce-1264690-4777604.cloudwaysapps.com/wp-admin/user-edit.php?user_id=24";s:5:"title";s:11:"familynvjkb";}}
a:6:{s:3:"row";i:21;s:7:"message";s:26:"User updated successfully.";s:6:"status";b:1;s:10:"status_msg";s:7:"Success";s:7:"post_id";i:25;s:9:"post_link";a:2:{s:8:"edit_url";s:87:"https://woocommerce-1264690-4777604.cloudwaysapps.com/wp-admin/user-edit.php?user_id=25";s:5:"title";s:11:"farewellsad";}}
a:6:{s:3:"row";i:22;s:7:"message";s:26:"User updated successfully.";s:6:"status";b:1;s:10:"status_msg";s:7:"Success";s:7:"post_id";i:26;s:9:"post_link";a:2:{s:8:"edit_url";s:87:"https://woocommerce-1264690-4777604.cloudwaysapps.com/wp-admin/user-edit.php?user_id=26";s:5:"title";s:8:"ff595950";}}
a:6:{s:3:"row";i:23;s:7:"message";s:26:"User updated successfully.";s:6:"status";b:1;s:10:"status_msg";s:7:"Success";s:7:"post_id";i:27;s:9:"post_link";a:2:{s:8:"edit_url";s:87:"https://woocommerce-1264690-4777604.cloudwaysapps.com/wp-admin/user-edit.php?user_id=27";s:5:"title";s:10:"gift940349";}}
a:6:{s:3:"row";i:24;s:7:"message";s:26:"User updated successfully.";s:6:"status";b:1;s:10:"status_msg";s:7:"Success";s:7:"post_id";i:28;s:9:"post_link";a:2:{s:8:"edit_url";s:87:"https://woocommerce-1264690-4777604.cloudwaysapps.com/wp-admin/user-edit.php?user_id=28";s:5:"title";s:13:"jason19770723";}}
a:6:{s:3:"row";i:25;s:7:"message";s:26:"User updated successfully.";s:6:"status";b:1;s:10:"status_msg";s:7:"Success";s:7:"post_id";i:29;s:9:"post_link";a:2:{s:8:"edit_url";s:87:"https://woocommerce-1264690-4777604.cloudwaysapps.com/wp-admin/user-edit.php?user_id=29";s:5:"title";s:10:"judy740112";}}
a:6:{s:3:"row";i:26;s:7:"message";s:26:"User updated successfully.";s:6:"status";b:1;s:10:"status_msg";s:7:"Success";s:7:"post_id";i:30;s:9:"post_link";a:2:{s:8:"edit_url";s:87:"https://woocommerce-1264690-4777604.cloudwaysapps.com/wp-admin/user-edit.php?user_id=30";s:5:"title";s:11:"julia556621";}}
a:6:{s:3:"row";i:27;s:7:"message";s:26:"User updated successfully.";s:6:"status";b:1;s:10:"status_msg";s:7:"Success";s:7:"post_id";i:31;s:9:"post_link";a:2:{s:8:"edit_url";s:87:"https://woocommerce-1264690-4777604.cloudwaysapps.com/wp-admin/user-edit.php?user_id=31";s:5:"title";s:12:"lh0424042048";}}
a:6:{s:3:"row";i:28;s:7:"message";s:26:"User updated successfully.";s:6:"status";b:1;s:10:"status_msg";s:7:"Success";s:7:"post_id";i:32;s:9:"post_link";a:2:{s:8:"edit_url";s:87:"https://woocommerce-1264690-4777604.cloudwaysapps.com/wp-admin/user-edit.php?user_id=32";s:5:"title";s:13:"likejun520520";}}
a:6:{s:3:"row";i:29;s:7:"message";s:26:"User updated successfully.";s:6:"status";b:1;s:10:"status_msg";s:7:"Success";s:7:"post_id";i:33;s:9:"post_link";a:2:{s:8:"edit_url";s:87:"https://woocommerce-1264690-4777604.cloudwaysapps.com/wp-admin/user-edit.php?user_id=33";s:5:"title";s:11:"linlin28966";}}
a:6:{s:3:"row";i:30;s:7:"message";s:26:"User updated successfully.";s:6:"status";b:1;s:10:"status_msg";s:7:"Success";s:7:"post_id";i:34;s:9:"post_link";a:2:{s:8:"edit_url";s:87:"https://woocommerce-1264690-4777604.cloudwaysapps.com/wp-admin/user-edit.php?user_id=34";s:5:"title";s:12:"luckyday8412";}}
a:6:{s:3:"row";i:31;s:7:"message";s:26:"User updated successfully.";s:6:"status";b:1;s:10:"status_msg";s:7:"Success";s:7:"post_id";i:35;s:9:"post_link";a:2:{s:8:"edit_url";s:87:"https://woocommerce-1264690-4777604.cloudwaysapps.com/wp-admin/user-edit.php?user_id=35";s:5:"title";s:8:"mies1214";}}
a:6:{s:3:"row";i:32;s:7:"message";s:26:"User updated successfully.";s:6:"status";b:1;s:10:"status_msg";s:7:"Success";s:7:"post_id";i:36;s:9:"post_link";a:2:{s:8:"edit_url";s:87:"https://woocommerce-1264690-4777604.cloudwaysapps.com/wp-admin/user-edit.php?user_id=36";s:5:"title";s:10:"miki781130";}}
a:6:{s:3:"row";i:33;s:7:"message";s:26:"User updated successfully.";s:6:"status";b:1;s:10:"status_msg";s:7:"Success";s:7:"post_id";i:37;s:9:"post_link";a:2:{s:8:"edit_url";s:87:"https://woocommerce-1264690-4777604.cloudwaysapps.com/wp-admin/user-edit.php?user_id=37";s:5:"title";s:7:"minne_k";}}
a:6:{s:3:"row";i:34;s:7:"message";s:26:"User updated successfully.";s:6:"status";b:1;s:10:"status_msg";s:7:"Success";s:7:"post_id";i:38;s:9:"post_link";a:2:{s:8:"edit_url";s:87:"https://woocommerce-1264690-4777604.cloudwaysapps.com/wp-admin/user-edit.php?user_id=38";s:5:"title";s:8:"nnxxi016";}}
a:6:{s:3:"row";i:35;s:7:"message";s:26:"User updated successfully.";s:6:"status";b:1;s:10:"status_msg";s:7:"Success";s:7:"post_id";i:39;s:9:"post_link";a:2:{s:8:"edit_url";s:87:"https://woocommerce-1264690-4777604.cloudwaysapps.com/wp-admin/user-edit.php?user_id=39";s:5:"title";s:6:"onemay";}}
a:6:{s:3:"row";i:36;s:7:"message";s:26:"User updated successfully.";s:6:"status";b:1;s:10:"status_msg";s:7:"Success";s:7:"post_id";i:40;s:9:"post_link";a:2:{s:8:"edit_url";s:87:"https://woocommerce-1264690-4777604.cloudwaysapps.com/wp-admin/user-edit.php?user_id=40";s:5:"title";s:12:"patty008kimo";}}
a:6:{s:3:"row";i:37;s:7:"message";s:26:"User updated successfully.";s:6:"status";b:1;s:10:"status_msg";s:7:"Success";s:7:"post_id";i:41;s:9:"post_link";a:2:{s:8:"edit_url";s:87:"https://woocommerce-1264690-4777604.cloudwaysapps.com/wp-admin/user-edit.php?user_id=41";s:5:"title";s:11:"peizhenh878";}}
a:6:{s:3:"row";i:38;s:7:"message";s:26:"User updated successfully.";s:6:"status";b:1;s:10:"status_msg";s:7:"Success";s:7:"post_id";i:42;s:9:"post_link";a:2:{s:8:"edit_url";s:87:"https://woocommerce-1264690-4777604.cloudwaysapps.com/wp-admin/user-edit.php?user_id=42";s:5:"title";s:10:"peko112069";}}
a:6:{s:3:"row";i:39;s:7:"message";s:74:"> &#8220;1&#8221; This user is currently logged in hence we cannot update.";s:6:"status";b:0;s:10:"status_msg";s:14:"Failed/Skipped";s:7:"post_id";s:0:"";s:9:"post_link";a:2:{s:5:"title";s:9:"未命名";s:8:"edit_url";b:0;}}
a:6:{s:3:"row";i:40;s:7:"message";s:26:"User updated successfully.";s:6:"status";b:1;s:10:"status_msg";s:7:"Success";s:7:"post_id";i:43;s:9:"post_link";a:2:{s:8:"edit_url";s:87:"https://woocommerce-1264690-4777604.cloudwaysapps.com/wp-admin/user-edit.php?user_id=43";s:5:"title";s:9:"rain15962";}}
a:6:{s:3:"row";i:41;s:7:"message";s:26:"User updated successfully.";s:6:"status";b:1;s:10:"status_msg";s:7:"Success";s:7:"post_id";i:44;s:9:"post_link";a:2:{s:8:"edit_url";s:87:"https://woocommerce-1264690-4777604.cloudwaysapps.com/wp-admin/user-edit.php?user_id=44";s:5:"title";s:7:"rrr1130";}}
a:6:{s:3:"row";i:42;s:7:"message";s:26:"User updated successfully.";s:6:"status";b:1;s:10:"status_msg";s:7:"Success";s:7:"post_id";i:45;s:9:"post_link";a:2:{s:8:"edit_url";s:87:"https://woocommerce-1264690-4777604.cloudwaysapps.com/wp-admin/user-edit.php?user_id=45";s:5:"title";s:13:"ru8u.65201314";}}
a:6:{s:3:"row";i:43;s:7:"message";s:26:"User updated successfully.";s:6:"status";b:1;s:10:"status_msg";s:7:"Success";s:7:"post_id";i:46;s:9:"post_link";a:2:{s:8:"edit_url";s:87:"https://woocommerce-1264690-4777604.cloudwaysapps.com/wp-admin/user-edit.php?user_id=46";s:5:"title";s:7:"s063655";}}
a:6:{s:3:"row";i:44;s:7:"message";s:26:"User updated successfully.";s:6:"status";b:1;s:10:"status_msg";s:7:"Success";s:7:"post_id";i:47;s:9:"post_link";a:2:{s:8:"edit_url";s:87:"https://woocommerce-1264690-4777604.cloudwaysapps.com/wp-admin/user-edit.php?user_id=47";s:5:"title";s:7:"s217033";}}
a:6:{s:3:"row";i:45;s:7:"message";s:26:"User updated successfully.";s:6:"status";b:1;s:10:"status_msg";s:7:"Success";s:7:"post_id";i:48;s:9:"post_link";a:2:{s:8:"edit_url";s:87:"https://woocommerce-1264690-4777604.cloudwaysapps.com/wp-admin/user-edit.php?user_id=48";s:5:"title";s:7:"s679236";}}
a:6:{s:3:"row";i:46;s:7:"message";s:26:"User updated successfully.";s:6:"status";b:1;s:10:"status_msg";s:7:"Success";s:7:"post_id";i:49;s:9:"post_link";a:2:{s:8:"edit_url";s:87:"https://woocommerce-1264690-4777604.cloudwaysapps.com/wp-admin/user-edit.php?user_id=49";s:5:"title";s:6:"sejsps";}}
a:6:{s:3:"row";i:47;s:7:"message";s:26:"User updated successfully.";s:6:"status";b:1;s:10:"status_msg";s:7:"Success";s:7:"post_id";i:50;s:9:"post_link";a:2:{s:8:"edit_url";s:87:"https://woocommerce-1264690-4777604.cloudwaysapps.com/wp-admin/user-edit.php?user_id=50";s:5:"title";s:11:"selinahsu39";}}
a:6:{s:3:"row";i:48;s:7:"message";s:26:"User updated successfully.";s:6:"status";b:1;s:10:"status_msg";s:7:"Success";s:7:"post_id";i:51;s:9:"post_link";a:2:{s:8:"edit_url";s:87:"https://woocommerce-1264690-4777604.cloudwaysapps.com/wp-admin/user-edit.php?user_id=51";s:5:"title";s:7:"shn0821";}}
a:6:{s:3:"row";i:49;s:7:"message";s:26:"User updated successfully.";s:6:"status";b:1;s:10:"status_msg";s:7:"Success";s:7:"post_id";i:52;s:9:"post_link";a:2:{s:8:"edit_url";s:87:"https://woocommerce-1264690-4777604.cloudwaysapps.com/wp-admin/user-edit.php?user_id=52";s:5:"title";s:14:"simply_dfghjkl";}}
a:6:{s:3:"row";i:50;s:7:"message";s:26:"User updated successfully.";s:6:"status";b:1;s:10:"status_msg";s:7:"Success";s:7:"post_id";i:53;s:9:"post_link";a:2:{s:8:"edit_url";s:87:"https://woocommerce-1264690-4777604.cloudwaysapps.com/wp-admin/user-edit.php?user_id=53";s:5:"title";s:10:"sleep85297";}}
a:6:{s:3:"row";i:51;s:7:"message";s:26:"User updated successfully.";s:6:"status";b:1;s:10:"status_msg";s:7:"Success";s:7:"post_id";i:54;s:9:"post_link";a:2:{s:8:"edit_url";s:87:"https://woocommerce-1264690-4777604.cloudwaysapps.com/wp-admin/user-edit.php?user_id=54";s:5:"title";s:8:"tk753826";}}
a:6:{s:3:"row";i:52;s:7:"message";s:26:"User updated successfully.";s:6:"status";b:1;s:10:"status_msg";s:7:"Success";s:7:"post_id";i:55;s:9:"post_link";a:2:{s:8:"edit_url";s:87:"https://woocommerce-1264690-4777604.cloudwaysapps.com/wp-admin/user-edit.php?user_id=55";s:5:"title";s:10:"tyb0952815";}}
a:6:{s:3:"row";i:53;s:7:"message";s:26:"User updated successfully.";s:6:"status";b:1;s:10:"status_msg";s:7:"Success";s:7:"post_id";i:56;s:9:"post_link";a:2:{s:8:"edit_url";s:87:"https://woocommerce-1264690-4777604.cloudwaysapps.com/wp-admin/user-edit.php?user_id=56";s:5:"title";s:9:"usb243105";}}
a:6:{s:3:"row";i:54;s:7:"message";s:26:"User updated successfully.";s:6:"status";b:1;s:10:"status_msg";s:7:"Success";s:7:"post_id";i:57;s:9:"post_link";a:2:{s:8:"edit_url";s:87:"https://woocommerce-1264690-4777604.cloudwaysapps.com/wp-admin/user-edit.php?user_id=57";s:5:"title";s:11:"wanyu841118";}}
a:6:{s:3:"row";i:55;s:7:"message";s:26:"User updated successfully.";s:6:"status";b:1;s:10:"status_msg";s:7:"Success";s:7:"post_id";i:58;s:9:"post_link";a:2:{s:8:"edit_url";s:87:"https://woocommerce-1264690-4777604.cloudwaysapps.com/wp-admin/user-edit.php?user_id=58";s:5:"title";s:10:"win0325888";}}
a:6:{s:3:"row";i:56;s:7:"message";s:26:"User updated successfully.";s:6:"status";b:1;s:10:"status_msg";s:7:"Success";s:7:"post_id";i:59;s:9:"post_link";a:2:{s:8:"edit_url";s:87:"https://woocommerce-1264690-4777604.cloudwaysapps.com/wp-admin/user-edit.php?user_id=59";s:5:"title";s:14:"yang0973369264";}}
a:6:{s:3:"row";i:57;s:7:"message";s:26:"User updated successfully.";s:6:"status";b:1;s:10:"status_msg";s:7:"Success";s:7:"post_id";i:60;s:9:"post_link";a:2:{s:8:"edit_url";s:87:"https://woocommerce-1264690-4777604.cloudwaysapps.com/wp-admin/user-edit.php?user_id=60";s:5:"title";s:10:"ygtown0812";}}
a:6:{s:3:"row";i:58;s:7:"message";s:26:"User updated successfully.";s:6:"status";b:1;s:10:"status_msg";s:7:"Success";s:7:"post_id";i:61;s:9:"post_link";a:2:{s:8:"edit_url";s:87:"https://woocommerce-1264690-4777604.cloudwaysapps.com/wp-admin/user-edit.php?user_id=61";s:5:"title";s:13:"zhihanlin0729";}}
a:6:{s:3:"row";i:59;s:7:"message";s:27:"User imported successfully.";s:6:"status";b:1;s:10:"status_msg";s:7:"Success";s:7:"post_id";i:62;s:9:"post_link";a:2:{s:8:"edit_url";s:87:"https://woocommerce-1264690-4777604.cloudwaysapps.com/wp-admin/user-edit.php?user_id=62";s:5:"title";s:11:"useing12396";}}
a:6:{s:3:"row";i:60;s:7:"message";s:27:"User imported successfully.";s:6:"status";b:1;s:10:"status_msg";s:7:"Success";s:7:"post_id";i:63;s:9:"post_link";a:2:{s:8:"edit_url";s:87:"https://woocommerce-1264690-4777604.cloudwaysapps.com/wp-admin/user-edit.php?user_id=63";s:5:"title";s:7:"54kumao";}}
a:6:{s:3:"row";i:61;s:7:"message";s:27:"User imported successfully.";s:6:"status";b:1;s:10:"status_msg";s:7:"Success";s:7:"post_id";i:64;s:9:"post_link";a:2:{s:8:"edit_url";s:87:"https://woocommerce-1264690-4777604.cloudwaysapps.com/wp-admin/user-edit.php?user_id=64";s:5:"title";s:11:"shelly85307";}}
a:6:{s:3:"row";i:62;s:7:"message";s:27:"User imported successfully.";s:6:"status";b:1;s:10:"status_msg";s:7:"Success";s:7:"post_id";i:65;s:9:"post_link";a:2:{s:8:"edit_url";s:87:"https://woocommerce-1264690-4777604.cloudwaysapps.com/wp-admin/user-edit.php?user_id=65";s:5:"title";s:10:"judy740113";}}
a:6:{s:3:"row";i:63;s:7:"message";s:27:"User imported successfully.";s:6:"status";b:1;s:10:"status_msg";s:7:"Success";s:7:"post_id";i:66;s:9:"post_link";a:2:{s:8:"edit_url";s:87:"https://woocommerce-1264690-4777604.cloudwaysapps.com/wp-admin/user-edit.php?user_id=66";s:5:"title";s:9:"s96105139";}}
a:6:{s:3:"row";i:64;s:7:"message";s:27:"User imported successfully.";s:6:"status";b:1;s:10:"status_msg";s:7:"Success";s:7:"post_id";i:67;s:9:"post_link";a:2:{s:8:"edit_url";s:87:"https://woocommerce-1264690-4777604.cloudwaysapps.com/wp-admin/user-edit.php?user_id=67";s:5:"title";s:6:"k52165";}}
a:6:{s:3:"row";i:65;s:7:"message";s:27:"User imported successfully.";s:6:"status";b:1;s:10:"status_msg";s:7:"Success";s:7:"post_id";i:68;s:9:"post_link";a:2:{s:8:"edit_url";s:87:"https://woocommerce-1264690-4777604.cloudwaysapps.com/wp-admin/user-edit.php?user_id=68";s:5:"title";s:10:"aa26626777";}}
a:6:{s:3:"row";i:66;s:7:"message";s:27:"User imported successfully.";s:6:"status";b:1;s:10:"status_msg";s:7:"Success";s:7:"post_id";i:69;s:9:"post_link";a:2:{s:8:"edit_url";s:87:"https://woocommerce-1264690-4777604.cloudwaysapps.com/wp-admin/user-edit.php?user_id=69";s:5:"title";s:9:"eamy80128";}}
a:6:{s:3:"row";i:67;s:7:"message";s:27:"User imported successfully.";s:6:"status";b:1;s:10:"status_msg";s:7:"Success";s:7:"post_id";i:70;s:9:"post_link";a:2:{s:8:"edit_url";s:87:"https://woocommerce-1264690-4777604.cloudwaysapps.com/wp-admin/user-edit.php?user_id=70";s:5:"title";s:7:"w780121";}}
a:6:{s:3:"row";i:68;s:7:"message";s:27:"User imported successfully.";s:6:"status";b:1;s:10:"status_msg";s:7:"Success";s:7:"post_id";i:71;s:9:"post_link";a:2:{s:8:"edit_url";s:87:"https://woocommerce-1264690-4777604.cloudwaysapps.com/wp-admin/user-edit.php?user_id=71";s:5:"title";s:14:"shannonbuyplay";}}
a:6:{s:3:"row";i:69;s:7:"message";s:27:"User imported successfully.";s:6:"status";b:1;s:10:"status_msg";s:7:"Success";s:7:"post_id";i:72;s:9:"post_link";a:2:{s:8:"edit_url";s:87:"https://woocommerce-1264690-4777604.cloudwaysapps.com/wp-admin/user-edit.php?user_id=72";s:5:"title";s:8:"ayumitai";}}
a:6:{s:3:"row";i:70;s:7:"message";s:27:"User imported successfully.";s:6:"status";b:1;s:10:"status_msg";s:7:"Success";s:7:"post_id";i:73;s:9:"post_link";a:2:{s:8:"edit_url";s:87:"https://woocommerce-1264690-4777604.cloudwaysapps.com/wp-admin/user-edit.php?user_id=73";s:5:"title";s:9:"ivy711214";}}
a:6:{s:3:"row";i:71;s:7:"message";s:27:"User imported successfully.";s:6:"status";b:1;s:10:"status_msg";s:7:"Success";s:7:"post_id";i:74;s:9:"post_link";a:2:{s:8:"edit_url";s:87:"https://woocommerce-1264690-4777604.cloudwaysapps.com/wp-admin/user-edit.php?user_id=74";s:5:"title";s:9:"abc145198";}}
a:6:{s:3:"row";i:72;s:7:"message";s:27:"User imported successfully.";s:6:"status";b:1;s:10:"status_msg";s:7:"Success";s:7:"post_id";i:75;s:9:"post_link";a:2:{s:8:"edit_url";s:87:"https://woocommerce-1264690-4777604.cloudwaysapps.com/wp-admin/user-edit.php?user_id=75";s:5:"title";s:14:"celestialseira";}}
a:6:{s:3:"row";i:73;s:7:"message";s:27:"User imported successfully.";s:6:"status";b:1;s:10:"status_msg";s:7:"Success";s:7:"post_id";i:76;s:9:"post_link";a:2:{s:8:"edit_url";s:87:"https://woocommerce-1264690-4777604.cloudwaysapps.com/wp-admin/user-edit.php?user_id=76";s:5:"title";s:10:"lilo791027";}}
a:6:{s:3:"row";i:74;s:7:"message";s:27:"User imported successfully.";s:6:"status";b:1;s:10:"status_msg";s:7:"Success";s:7:"post_id";i:77;s:9:"post_link";a:2:{s:8:"edit_url";s:87:"https://woocommerce-1264690-4777604.cloudwaysapps.com/wp-admin/user-edit.php?user_id=77";s:5:"title";s:8:"ctakv656";}}
a:6:{s:3:"row";i:75;s:7:"message";s:27:"User imported successfully.";s:6:"status";b:1;s:10:"status_msg";s:7:"Success";s:7:"post_id";i:78;s:9:"post_link";a:2:{s:8:"edit_url";s:87:"https://woocommerce-1264690-4777604.cloudwaysapps.com/wp-admin/user-edit.php?user_id=78";s:5:"title";s:12:"peaceful8405";}}
a:6:{s:3:"row";i:76;s:7:"message";s:27:"User imported successfully.";s:6:"status";b:1;s:10:"status_msg";s:7:"Success";s:7:"post_id";i:79;s:9:"post_link";a:2:{s:8:"edit_url";s:87:"https://woocommerce-1264690-4777604.cloudwaysapps.com/wp-admin/user-edit.php?user_id=79";s:5:"title";s:12:"erin88bbccqq";}}
a:6:{s:3:"row";i:77;s:7:"message";s:27:"User imported successfully.";s:6:"status";b:1;s:10:"status_msg";s:7:"Success";s:7:"post_id";i:80;s:9:"post_link";a:2:{s:8:"edit_url";s:87:"https://woocommerce-1264690-4777604.cloudwaysapps.com/wp-admin/user-edit.php?user_id=80";s:5:"title";s:11:"leeminho030";}}
a:6:{s:3:"row";i:78;s:7:"message";s:27:"User imported successfully.";s:6:"status";b:1;s:10:"status_msg";s:7:"Success";s:7:"post_id";i:81;s:9:"post_link";a:2:{s:8:"edit_url";s:87:"https://woocommerce-1264690-4777604.cloudwaysapps.com/wp-admin/user-edit.php?user_id=81";s:5:"title";s:9:"iris91921";}}
a:6:{s:3:"row";i:79;s:7:"message";s:27:"User imported successfully.";s:6:"status";b:1;s:10:"status_msg";s:7:"Success";s:7:"post_id";i:82;s:9:"post_link";a:2:{s:8:"edit_url";s:87:"https://woocommerce-1264690-4777604.cloudwaysapps.com/wp-admin/user-edit.php?user_id=82";s:5:"title";s:9:"xx2216814";}}
a:6:{s:3:"row";i:80;s:7:"message";s:27:"User imported successfully.";s:6:"status";b:1;s:10:"status_msg";s:7:"Success";s:7:"post_id";i:83;s:9:"post_link";a:2:{s:8:"edit_url";s:87:"https://woocommerce-1264690-4777604.cloudwaysapps.com/wp-admin/user-edit.php?user_id=83";s:5:"title";s:7:"cloth05";}}
a:6:{s:3:"row";i:81;s:7:"message";s:27:"User imported successfully.";s:6:"status";b:1;s:10:"status_msg";s:7:"Success";s:7:"post_id";i:84;s:9:"post_link";a:2:{s:8:"edit_url";s:87:"https://woocommerce-1264690-4777604.cloudwaysapps.com/wp-admin/user-edit.php?user_id=84";s:5:"title";s:9:"yowlih_tw";}}
a:6:{s:3:"row";i:82;s:7:"message";s:27:"User imported successfully.";s:6:"status";b:1;s:10:"status_msg";s:7:"Success";s:7:"post_id";i:85;s:9:"post_link";a:2:{s:8:"edit_url";s:87:"https://woocommerce-1264690-4777604.cloudwaysapps.com/wp-admin/user-edit.php?user_id=85";s:5:"title";s:7:"s34317s";}}
a:6:{s:3:"row";i:83;s:7:"message";s:27:"User imported successfully.";s:6:"status";b:1;s:10:"status_msg";s:7:"Success";s:7:"post_id";i:86;s:9:"post_link";a:2:{s:8:"edit_url";s:87:"https://woocommerce-1264690-4777604.cloudwaysapps.com/wp-admin/user-edit.php?user_id=86";s:5:"title";s:9:"sha051631";}}
a:6:{s:3:"row";i:84;s:7:"message";s:27:"User imported successfully.";s:6:"status";b:1;s:10:"status_msg";s:7:"Success";s:7:"post_id";i:87;s:9:"post_link";a:2:{s:8:"edit_url";s:87:"https://woocommerce-1264690-4777604.cloudwaysapps.com/wp-admin/user-edit.php?user_id=87";s:5:"title";s:12:"yapeilin0819";}}
a:6:{s:3:"row";i:85;s:7:"message";s:27:"User imported successfully.";s:6:"status";b:1;s:10:"status_msg";s:7:"Success";s:7:"post_id";i:88;s:9:"post_link";a:2:{s:8:"edit_url";s:87:"https://woocommerce-1264690-4777604.cloudwaysapps.com/wp-admin/user-edit.php?user_id=88";s:5:"title";s:7:"ula2623";}}
a:6:{s:3:"row";i:86;s:7:"message";s:27:"User imported successfully.";s:6:"status";b:1;s:10:"status_msg";s:7:"Success";s:7:"post_id";i:89;s:9:"post_link";a:2:{s:8:"edit_url";s:87:"https://woocommerce-1264690-4777604.cloudwaysapps.com/wp-admin/user-edit.php?user_id=89";s:5:"title";s:11:"a0932015299";}}
a:6:{s:3:"row";i:87;s:7:"message";s:27:"User imported successfully.";s:6:"status";b:1;s:10:"status_msg";s:7:"Success";s:7:"post_id";i:90;s:9:"post_link";a:2:{s:8:"edit_url";s:87:"https://woocommerce-1264690-4777604.cloudwaysapps.com/wp-admin/user-edit.php?user_id=90";s:5:"title";s:11:"mimi2000918";}}
a:6:{s:3:"row";i:88;s:7:"message";s:27:"User imported successfully.";s:6:"status";b:1;s:10:"status_msg";s:7:"Success";s:7:"post_id";i:91;s:9:"post_link";a:2:{s:8:"edit_url";s:87:"https://woocommerce-1264690-4777604.cloudwaysapps.com/wp-admin/user-edit.php?user_id=91";s:5:"title";s:9:"ironic128";}}
a:6:{s:3:"row";i:89;s:7:"message";s:27:"User imported successfully.";s:6:"status";b:1;s:10:"status_msg";s:7:"Success";s:7:"post_id";i:92;s:9:"post_link";a:2:{s:8:"edit_url";s:87:"https://woocommerce-1264690-4777604.cloudwaysapps.com/wp-admin/user-edit.php?user_id=92";s:5:"title";s:8:"wq225225";}}
