
[02:41:32 UTC] [SUCCESS] {"required_plugins":{"active":[],"inactive":[],"notinstalled":[{"slug":"elementor","init":"elementor\/elementor.php","name":"Elementor","action":"http:\/\/localhost:8888\/wp-admin\/update.php?action=install-plugin&plugin=elementor&_wpnonce=02edc0b925"},{"slug":"wpforms-lite","init":"wpforms-lite\/wpforms.php","name":"WPForms Lite","action":"http:\/\/localhost:8888\/wp-admin\/update.php?action=install-plugin&plugin=wpforms-lite&_wpnonce=d4f1799139"},{"slug":"header-footer-elementor","init":"header-footer-elementor\/header-footer-elementor.php","name":"Ultimate Addons for Elementor Lite","action":"http:\/\/localhost:8888\/wp-admin\/update.php?action=install-plugin&plugin=header-footer-elementor&_wpnonce=c64883f583"},{"slug":"sureforms","init":"sureforms\/sureforms.php","name":"SureForms","action":"http:\/\/localhost:8888\/wp-admin\/update.php?action=install-plugin&plugin=sureforms&_wpnonce=aa33d6954a"}]},"third_party_required_plugins":[],"update_avilable_plugins":[],"incompatible_plugins":[],"error":false} | Context: {"required_plugins":{"active":[],"inactive":[],"notinstalled":[{"slug":"elementor","init":"elementor\/elementor.php","name":"Elementor","action":"http:\/\/localhost:8888\/wp-admin\/update.php?action=install-plugin&plugin=elementor&_wpnonce=02edc0b925"},{"slug":"wpforms-lite","init":"wpforms-lite\/wpforms.php","name":"WPForms Lite","action":"http:\/\/localhost:8888\/wp-admin\/update.php?action=install-plugin&plugin=wpforms-lite&_wpnonce=d4f1799139"},{"slug":"header-footer-elementor","init":"header-footer-elementor\/header-footer-elementor.php","name":"Ultimate Addons for Elementor Lite","action":"http:\/\/localhost:8888\/wp-admin\/update.php?action=install-plugin&plugin=header-footer-elementor&_wpnonce=c64883f583"},{"slug":"sureforms","init":"sureforms\/sureforms.php","name":"SureForms","action":"http:\/\/localhost:8888\/wp-admin\/update.php?action=install-plugin&plugin=sureforms&_wpnonce=aa33d6954a"}]},"third_party_required_plugins":[],"update_avilable_plugins":[],"incompatible_plugins":[],"error":false}
[02:41:33 UTC] [SUCCESS] {"permissions":{"is_readable":true,"is_writable":true,"is_wp_filesystem":true},"directory":"D:\\eos\\vclc\/wp-content\/uploads"} | Context: {"permissions":{"is_readable":true,"is_writable":true,"is_wp_filesystem":true},"directory":"D:\\eos\\vclc\/wp-content\/uploads"}
[02:41:44 UTC] [SUCCESS] {"required_plugins":{"active":[],"inactive":[],"notinstalled":[{"slug":"elementor","init":"elementor\/elementor.php","name":"Elementor","action":"http:\/\/localhost:8888\/wp-admin\/update.php?action=install-plugin&plugin=elementor&_wpnonce=02edc0b925"},{"slug":"wpforms-lite","init":"wpforms-lite\/wpforms.php","name":"WPForms Lite","action":"http:\/\/localhost:8888\/wp-admin\/update.php?action=install-plugin&plugin=wpforms-lite&_wpnonce=d4f1799139"},{"slug":"header-footer-elementor","init":"header-footer-elementor\/header-footer-elementor.php","name":"Ultimate Addons for Elementor Lite","action":"http:\/\/localhost:8888\/wp-admin\/update.php?action=install-plugin&plugin=header-footer-elementor&_wpnonce=c64883f583"},{"slug":"sureforms","init":"sureforms\/sureforms.php","name":"SureForms","action":"http:\/\/localhost:8888\/wp-admin\/update.php?action=install-plugin&plugin=sureforms&_wpnonce=aa33d6954a"}]},"third_party_required_plugins":[],"update_avilable_plugins":[],"incompatible_plugins":[],"error":false} | Context: {"required_plugins":{"active":[],"inactive":[],"notinstalled":[{"slug":"elementor","init":"elementor\/elementor.php","name":"Elementor","action":"http:\/\/localhost:8888\/wp-admin\/update.php?action=install-plugin&plugin=elementor&_wpnonce=02edc0b925"},{"slug":"wpforms-lite","init":"wpforms-lite\/wpforms.php","name":"WPForms Lite","action":"http:\/\/localhost:8888\/wp-admin\/update.php?action=install-plugin&plugin=wpforms-lite&_wpnonce=d4f1799139"},{"slug":"header-footer-elementor","init":"header-footer-elementor\/header-footer-elementor.php","name":"Ultimate Addons for Elementor Lite","action":"http:\/\/localhost:8888\/wp-admin\/update.php?action=install-plugin&plugin=header-footer-elementor&_wpnonce=c64883f583"},{"slug":"sureforms","init":"sureforms\/sureforms.php","name":"SureForms","action":"http:\/\/localhost:8888\/wp-admin\/update.php?action=install-plugin&plugin=sureforms&_wpnonce=aa33d6954a"}]},"third_party_required_plugins":[],"update_avilable_plugins":[],"incompatible_plugins":[],"error":false}
[02:41:55 UTC] [SUCCESS] {"required_plugins":{"active":[],"inactive":[],"notinstalled":[{"slug":"elementor","init":"elementor\/elementor.php","name":"Elementor","action":"http:\/\/localhost:8888\/wp-admin\/update.php?action=install-plugin&plugin=elementor&_wpnonce=02edc0b925"},{"slug":"wpforms-lite","init":"wpforms-lite\/wpforms.php","name":"WPForms Lite","action":"http:\/\/localhost:8888\/wp-admin\/update.php?action=install-plugin&plugin=wpforms-lite&_wpnonce=d4f1799139"},{"slug":"header-footer-elementor","init":"header-footer-elementor\/header-footer-elementor.php","name":"Ultimate Addons for Elementor Lite","action":"http:\/\/localhost:8888\/wp-admin\/update.php?action=install-plugin&plugin=header-footer-elementor&_wpnonce=c64883f583"},{"slug":"sureforms","init":"sureforms\/sureforms.php","name":"SureForms","action":"http:\/\/localhost:8888\/wp-admin\/update.php?action=install-plugin&plugin=sureforms&_wpnonce=aa33d6954a"}]},"third_party_required_plugins":[],"update_avilable_plugins":[],"incompatible_plugins":[],"error":false} | Context: {"required_plugins":{"active":[],"inactive":[],"notinstalled":[{"slug":"elementor","init":"elementor\/elementor.php","name":"Elementor","action":"http:\/\/localhost:8888\/wp-admin\/update.php?action=install-plugin&plugin=elementor&_wpnonce=02edc0b925"},{"slug":"wpforms-lite","init":"wpforms-lite\/wpforms.php","name":"WPForms Lite","action":"http:\/\/localhost:8888\/wp-admin\/update.php?action=install-plugin&plugin=wpforms-lite&_wpnonce=d4f1799139"},{"slug":"header-footer-elementor","init":"header-footer-elementor\/header-footer-elementor.php","name":"Ultimate Addons for Elementor Lite","action":"http:\/\/localhost:8888\/wp-admin\/update.php?action=install-plugin&plugin=header-footer-elementor&_wpnonce=c64883f583"},{"slug":"sureforms","init":"sureforms\/sureforms.php","name":"SureForms","action":"http:\/\/localhost:8888\/wp-admin\/update.php?action=install-plugin&plugin=sureforms&_wpnonce=aa33d6954a"}]},"third_party_required_plugins":[],"update_avilable_plugins":[],"incompatible_plugins":[],"error":false}
[02:41:59 UTC] [INFO] Starting import process | Context: {"template_type":"classic","uuid":""}
[02:41:59 UTC] [INFO] Started Import Process
[02:41:59 UTC] [INFO] # System Details: 
[02:41:59 UTC] [INFO] Debug Mode 		: Disabled
[02:41:59 UTC] [INFO] Operating System 	: WINNT
[02:41:59 UTC] [INFO] Software 		: Apache/2.4.33 (Win64) OpenSSL/1.0.2u mod_fcgid/2.3.9 PHP/8.0.1
[02:41:59 UTC] [INFO] MySQL version 		: 5.7.24
[02:41:59 UTC] [INFO] XML Reader 		: Yes
[02:41:59 UTC] [INFO] PHP Version 		: 8.0.1
[02:41:59 UTC] [INFO] PHP Max Input Vars 	: 1000
[02:41:59 UTC] [INFO] PHP Max Post Size 	: 1G
[02:41:59 UTC] [INFO] PHP Extension GD 	: Yes
[02:41:59 UTC] [INFO] PHP Max Execution Time 	: 300
[02:41:59 UTC] [INFO] Max Upload Size 	: 1,000 MB
[02:41:59 UTC] [INFO] Memory Limit 		: Current memory limit 40M. We recommend setting memory to at least 64M.
[02:41:59 UTC] [INFO] Timezone 		: 8
[02:41:59 UTC] [INFO] 
-----

[02:41:59 UTC] [INFO] Importing Started! - 02:41:59 UTC
[02:41:59 UTC] [INFO] ---

[02:41:59 UTC] [INFO] WHY IMPORT PROCESS CAN FAIL? READ THIS - 
[02:41:59 UTC] [INFO] https://wpastra.com/docs/?p=1314&utm_source=demo-import-panel&utm_campaign=import-error&utm_medium=wp-dashboard

[02:41:59 UTC] [INFO] ---

[02:41:59 UTC] [SUCCESS] Import process start flag set successfully | Context: {"template_type":"classic"}
[02:42:00 UTC] [INFO] Image subsizes deferral enabled for import
[02:42:00 UTC] [INFO] Image subsizes deferral enabled for import
[02:42:00 UTC] [INFO] Image subsizes deferral enabled for import
[02:42:01 UTC] [INFO] Checking if plugin directory clearing is needed
[02:42:01 UTC] [INFO] Plugin install clear directory enabled - Will clear destination directory
[02:42:01 UTC] [INFO] Plugin install clear directory options returned
[02:42:07 UTC] [INFO] Image subsizes deferral enabled for import
[02:42:07 UTC] [INFO] Image subsizes deferral enabled for import
[02:42:08 UTC] [SUCCESS] Plugin Activated | Context: {"success":true,"status":"activated","message":"Plugin Activated"}
[02:42:09 UTC] [INFO] Checking if plugin directory clearing is needed
[02:42:09 UTC] [INFO] Plugin install clear directory enabled - Will clear destination directory
[02:42:09 UTC] [INFO] Plugin install clear directory options returned
[02:42:10 UTC] [INFO] Image subsizes deferral enabled for import
[02:42:16 UTC] [INFO] Image subsizes deferral enabled for import
[02:42:16 UTC] [INFO] Image subsizes deferral enabled for import
[02:42:16 UTC] [SUCCESS] Plugin Activated | Context: {"success":true,"status":"activated","message":"Plugin Activated"}
[02:42:17 UTC] [INFO] Checking if plugin directory clearing is needed
[02:42:17 UTC] [INFO] Plugin install clear directory enabled - Will clear destination directory
[02:42:17 UTC] [INFO] Plugin install clear directory options returned
[02:42:22 UTC] [INFO] Image subsizes deferral enabled for import
[02:42:22 UTC] [INFO] Image subsizes deferral enabled for import
[02:42:22 UTC] [SUCCESS] Plugin Activated | Context: {"success":true,"status":"activated","message":"Plugin Activated"}
[02:42:22 UTC] [INFO] Checking if plugin directory clearing is needed
[02:42:22 UTC] [INFO] Plugin install clear directory enabled - Will clear destination directory
[02:42:22 UTC] [INFO] Plugin install clear directory options returned
[02:42:22 UTC] [INFO] Image subsizes deferral enabled for import
[02:42:28 UTC] [INFO] Image subsizes deferral enabled for import
[02:42:28 UTC] [INFO] Image subsizes deferral enabled for import
[02:42:28 UTC] [SUCCESS] Plugin Activated | Context: {"success":true,"status":"activated","message":"Plugin Activated"}
[02:42:28 UTC] [INFO] Checking if plugin directory clearing is needed
[02:42:28 UTC] [INFO] Plugin install clear directory enabled - Will clear destination directory
[02:42:28 UTC] [INFO] Plugin install clear directory options returned
[02:42:30 UTC] [INFO] Image subsizes deferral enabled for import
[02:42:31 UTC] [INFO] All required plugins verified successfully.
[02:42:31 UTC] [INFO] Image subsizes deferral enabled for import
[02:42:33 UTC] [INFO] Image subsizes deferral enabled for import
[02:42:33 UTC] [INFO] ---

[02:42:33 UTC] [INFO] Starting WP Forms import process
[02:42:33 UTC] [INFO] info | Context: {"file_url":"https:\/\/websitedemos.net\/wp-content\/uploads\/astra-sites\/351\/wpforms.json","timeout_seconds":300}
[02:42:33 UTC] [INFO] success | Context: {"file_url":"https:\/\/websitedemos.net\/wp-content\/uploads\/astra-sites\/351\/wpforms.json","file_size":1433,"uploaded_file":"D:\\eos\\vclc\/wp-content\/uploads\/2026\/07\/wpforms.json"}
[02:42:33 UTC] [SUCCESS] File downloaded successfully from: https://websitedemos.net/wp-content/uploads/astra-sites/351/wpforms.json
[02:42:33 UTC] [INFO] Checking if WPForms is already loaded
[02:42:33 UTC] [INFO] WPForms is already loaded and ready
[02:42:33 UTC] [SUCCESS] Successfully inserted WP Form ID 3180 - Contact Form
[02:42:33 UTC] [INFO] WPForms ID mappings saved: 1 mappings
[02:42:33 UTC] [SUCCESS] WP Forms Imported. | Context: {"message":"WP Forms Imported.","mapping":{"315":3180}}
[02:42:33 UTC] [INFO] There was an error on website: Uncaught Error
[02:42:33 UTC] [INFO] Error: Class "Elementor\TemplateLibrary\Source_Local" not found in D:\eos\vclc\wp-content\plugins\astra-sites\inc\classes\class-astra-sites-elementor-pages.php:37
Stack trace:
#0 D:\eos\vclc\wp-content\plugins\astra-sites\inc\classes\class-astra-sites.php(2787): require_once()
#1 D:\eos\vclc\wp-content\plugins\astra-sites\inc\classes\class-astra-sites.php(139): Astra_Sites->includes()
#2 D:\eos\vclc\wp-content\plugins\astra-sites\inc\classes\class-astra-sites.php(110): Astra_Sites->__construct()
#3 D:\eos\vclc\wp-content\plugins\astra-sites\inc\classes\class-astra-sites.php(3523): Astra_Sites::get_instance()
#4 D:\eos\vclc\wp-content\plugins\astra-sites\astra-sites.php(92): require_once('D:\\eos\\vclc\\wp-...')
#5 D:\eos\vclc\wp-includes\class-wp-hook.php(341): astra_sites_setup('')
#6 D:\eos\vclc\wp-includes\class-wp-hook.php(365): WP_Hook->apply_filters(NULL, Array)
#7 D:\eos\vclc\wp-includes\plugin.php(522): WP_Hook->do_action(Array)
#8 D:\eos\vclc\wp-settings.php(622): do_action('plugins_loaded')
#9 D:\eos\vclc\wp-config.php(102): require_once('D:\\eos\\vclc\\wp-...')
#10 D:\eos\vclc\wp-load.php(50): require_once('D:\\eos\\vclc\\wp-...')
#11 D:\eos\vclc\wp-admin\admin-ajax.php(22): require_once('D:\\eos\\vclc\\wp-...')
#12 {main}
[02:42:34 UTC] [INFO] Image subsizes deferral enabled for import
[02:42:36 UTC] [INFO] Image subsizes deferral enabled for import
[02:42:36 UTC] [SUCCESS] Plugin Activated | Context: {"success":true,"status":"activated","message":"Plugin Activated"}
[02:42:36 UTC] [INFO] Image subsizes deferral enabled for import
[02:42:36 UTC] [INFO] ---

[02:42:36 UTC] [INFO] Starting import customizer settings
[02:42:36 UTC] [INFO] Importing customizer settings | Context: {"settings_count":0}
[02:42:36 UTC] [INFO] Fetched customizer data from site data | Context: {"settings_count":2}
[02:42:36 UTC] [INFO] Starting customizer settings import | Context: {"settings_count":2}
[02:42:36 UTC] [INFO] Validating customizer data keys | Context: {"keys":["astra-settings","custom-css"]}
[02:42:36 UTC] [INFO] Old customizer data backed up
[02:42:36 UTC] [SUCCESS] Astra theme settings updated | Context: {"option_key":"astra-settings"}
[02:42:36 UTC] [SUCCESS] Custom CSS updated | Context: {"option_key":"custom-css"}
[02:42:36 UTC] [SUCCESS] Customizer settings import completed successfully
[02:42:36 UTC] [SUCCESS] Customizer settings imported successfully
[02:42:37 UTC] [INFO] Checking if plugin directory clearing is needed
[02:42:37 UTC] [INFO] Plugin install clear directory enabled - Will clear destination directory
[02:42:37 UTC] [INFO] Plugin install clear directory options returned
[02:42:37 UTC] [INFO] Image subsizes deferral enabled for import
[02:42:38 UTC] [INFO] Image subsizes deferral enabled for import
[02:42:39 UTC] [INFO] Image subsizes deferral enabled for import
[02:42:39 UTC] [INFO] Image subsizes deferral enabled for import
[02:42:39 UTC] [INFO] ---

[02:42:39 UTC] [INFO] Starting XML preparation process
[02:42:39 UTC] [INFO] Starting XML data preparation | Context: {"wxr_url":"https:\/\/websitedemos.net\/wp-content\/uploads\/astra-sites\/351\/wxr.xml"}
[02:42:39 UTC] [INFO] info | Context: {"url":"https:\/\/websitedemos.net\/wp-content\/uploads\/astra-sites\/351\/wxr.xml","host":"websitedemos.net"}
[02:42:39 UTC] [INFO] WXR URL validation passed
[02:42:39 UTC] [INFO] Starting XML file download | Context: {"url":"https:\/\/websitedemos.net\/wp-content\/uploads\/astra-sites\/351\/wxr.xml"}
[02:42:39 UTC] [INFO] info | Context: {"file_url":"https:\/\/websitedemos.net\/wp-content\/uploads\/astra-sites\/351\/wxr.xml","timeout_seconds":300}
[02:42:39 UTC] [INFO] success | Context: {"file_url":"https:\/\/websitedemos.net\/wp-content\/uploads\/astra-sites\/351\/wxr.xml","file_size":411789,"uploaded_file":"D:\\eos\\vclc\/wp-content\/uploads\/2026\/07\/wxr.xml"}
[02:42:39 UTC] [SUCCESS] XML file downloaded successfully | Context: {"file_path":"D:\\eos\\vclc\/wp-content\/uploads\/2026\/07\/wxr.xml"}
[02:42:39 UTC] [INFO] Inserting XML file as attachment | Context: {"filename":"wxr.xml"}
[02:42:39 UTC] [SUCCESS] XML attachment created | Context: {"post_id":3183}
[02:42:39 UTC] [INFO] Generating attachment metadata | Context: {"post_id":3183}
[02:42:39 UTC] [INFO] Parsing XML data from file | Context: {"post_id":3183}
[02:42:39 UTC] [INFO] info | Context: {"xml_file_path":"D:\\eos\\vclc\/wp-content\/uploads\/2026\/07\/wxr.xml","xml_post_id":3183}
[02:42:39 UTC] [INFO] success | Context: {"xml_file_path":"D:\\eos\\vclc\/wp-content\/uploads\/2026\/07\/wxr.xml","post_count":14,"media_count":37,"author_count":6,"comment_count":0,"term_count":7}
[02:42:39 UTC] [SUCCESS] XML data preparation completed successfully | Context: {"post_id":3183,"has_data":true}
[02:42:40 UTC] [INFO] Image subsizes deferral enabled for import
[02:42:40 UTC] [INFO] Image subsizes deferral enabled for import
[02:42:40 UTC] [INFO] Image subsizes deferral enabled for import
[02:42:40 UTC] [INFO] Image subsizes deferral enabled for import
[02:42:41 UTC] [INFO] Image subsizes deferral enabled for import
[02:42:41 UTC] [INFO] Image subsizes deferral enabled for import
[02:42:41 UTC] [INFO] Image subsizes deferral enabled for import
[02:42:41 UTC] [INFO] Image subsizes deferral enabled for import
[02:42:41 UTC] [INFO] Image subsizes deferral enabled for import
[02:42:41 UTC] [INFO] info | Context: {"xml_url_provided":false}
[02:42:41 UTC] [INFO] info | Context: {"xml_url":"D:\\eos\\vclc\/wp-content\/uploads\/2026\/07\/wxr.xml","file_size":411789}
[02:42:42 UTC] [INFO] Image subsizes deferral enabled for import
[02:42:42 UTC] [FATAL] There was an error on website: Uncaught Error - Class "WPForms\Tasks\Actions\EntryEmailsTask" not found | Context: {"error_type":"Uncaught Error","message":"Class \"WPForms\\Tasks\\Actions\\EntryEmailsTask\" not found","file":"D:\\eos\\vclc\\wp-content\\plugins\\wpforms-lite\\src\\Tasks\\Tasks.php","line":103,"trace":"#0 D:\\eos\\vclc\\wp-content\\plugins\\wpforms-lite\\src\\Tasks\\Tasks.php(78): WPForms\\Tasks\\Tasks->hooks()\n#1 D:\\eos\\vclc\\wp-content\\plugins\\wpforms-lite\\src\\WPForms.php(429): WPForms\\Tasks\\Tasks->init()\n#2 D:\\eos\\vclc\\wp-includes\\class-wp-hook.php(341): WPForms\\WPForms->WPForms\\{closure}('')\n#3 D:\\eos\\vclc\\wp-includes\\class-wp-hook.php(365): WP_Hook->apply_filters(NULL, Array)\n#4 D:\\eos\\vclc\\wp-includes\\plugin.php(522): WP_Hook->do_action(Array)\n#5 D:\\eos\\vclc\\wp-settings.php(771): do_action('init')\n#6 D:\\eos\\vclc\\wp-config.php(102): require_once('D:\\\\eos\\\\vclc\\\\wp-...')\n#7 D:\\eos\\vclc\\wp-load.php(50): require_once('D:\\\\eos\\\\vclc\\\\wp-...')\n#8 D:\\eos\\vclc\\wp-admin\\admin-ajax.php(22): require_once('D:\\\\eos\\\\vclc\\\\wp-...')\n#9 {main}"}
[02:42:42 UTC] [FATAL] There was an error on website: Uncaught Error - Class "WPForms\Admin\Tools\Importers\ContactForm7" not found | Context: {"error_type":"Uncaught Error","message":"Class \"WPForms\\Admin\\Tools\\Importers\\ContactForm7\" not found","file":"D:\\eos\\vclc\\wp-content\\plugins\\wpforms-lite\\src\\Admin\\Tools\\Importers.php","line":34,"trace":"#0 D:\\eos\\vclc\\wp-content\\plugins\\wpforms-lite\\src\\WPForms.php(429): WPForms\\Admin\\Tools\\Importers->load()\n#1 D:\\eos\\vclc\\wp-includes\\class-wp-hook.php(341): WPForms\\WPForms->WPForms\\{closure}('')\n#2 D:\\eos\\vclc\\wp-includes\\class-wp-hook.php(365): WP_Hook->apply_filters(NULL, Array)\n#3 D:\\eos\\vclc\\wp-includes\\plugin.php(522): WP_Hook->do_action(Array)\n#4 D:\\eos\\vclc\\wp-admin\\admin-ajax.php(45): do_action('admin_init')\n#5 {main}"}
[02:42:42 UTC] [INFO] Image subsizes deferral enabled for import
[02:42:42 UTC] [INFO] Image subsizes deferral enabled for import
[02:42:42 UTC] [FATAL] There was an error on website: Uncaught Error - Class "WPForms\Tasks\Actions\EntryEmailsTask" not found | Context: {"error_type":"Uncaught Error","message":"Class \"WPForms\\Tasks\\Actions\\EntryEmailsTask\" not found","file":"D:\\eos\\vclc\\wp-content\\plugins\\wpforms-lite\\src\\Tasks\\Tasks.php","line":103,"trace":"#0 D:\\eos\\vclc\\wp-content\\plugins\\wpforms-lite\\src\\Tasks\\Tasks.php(78): WPForms\\Tasks\\Tasks->hooks()\n#1 D:\\eos\\vclc\\wp-content\\plugins\\wpforms-lite\\src\\WPForms.php(429): WPForms\\Tasks\\Tasks->init()\n#2 D:\\eos\\vclc\\wp-includes\\class-wp-hook.php(341): WPForms\\WPForms->WPForms\\{closure}('')\n#3 D:\\eos\\vclc\\wp-includes\\class-wp-hook.php(365): WP_Hook->apply_filters(NULL, Array)\n#4 D:\\eos\\vclc\\wp-includes\\plugin.php(522): WP_Hook->do_action(Array)\n#5 D:\\eos\\vclc\\wp-settings.php(771): do_action('init')\n#6 D:\\eos\\vclc\\wp-config.php(102): require_once('D:\\\\eos\\\\vclc\\\\wp-...')\n#7 D:\\eos\\vclc\\wp-load.php(50): require_once('D:\\\\eos\\\\vclc\\\\wp-...')\n#8 D:\\eos\\vclc\\wp-admin\\admin-ajax.php(22): require_once('D:\\\\eos\\\\vclc\\\\wp-...')\n#9 {main}"}
[02:42:42 UTC] [FATAL] There was an error on website: Uncaught Error - Class "WPForms\Tasks\Actions\EntryEmailsTask" not found | Context: {"error_type":"Uncaught Error","message":"Class \"WPForms\\Tasks\\Actions\\EntryEmailsTask\" not found","file":"D:\\eos\\vclc\\wp-content\\plugins\\wpforms-lite\\src\\Tasks\\Tasks.php","line":103,"trace":"#0 D:\\eos\\vclc\\wp-content\\plugins\\wpforms-lite\\src\\Tasks\\Tasks.php(78): WPForms\\Tasks\\Tasks->hooks()\n#1 D:\\eos\\vclc\\wp-content\\plugins\\wpforms-lite\\src\\WPForms.php(429): WPForms\\Tasks\\Tasks->init()\n#2 D:\\eos\\vclc\\wp-includes\\class-wp-hook.php(341): WPForms\\WPForms->WPForms\\{closure}('')\n#3 D:\\eos\\vclc\\wp-includes\\class-wp-hook.php(365): WP_Hook->apply_filters(NULL, Array)\n#4 D:\\eos\\vclc\\wp-includes\\plugin.php(522): WP_Hook->do_action(Array)\n#5 D:\\eos\\vclc\\wp-settings.php(771): do_action('init')\n#6 D:\\eos\\vclc\\wp-config.php(102): require_once('D:\\\\eos\\\\vclc\\\\wp-...')\n#7 D:\\eos\\vclc\\wp-load.php(50): require_once('D:\\\\eos\\\\vclc\\\\wp-...')\n#8 D:\\eos\\vclc\\wp-admin\\admin-ajax.php(22): require_once('D:\\\\eos\\\\vclc\\\\wp-...')\n#9 {main}"}
[02:42:45 UTC] [INFO] Image subsizes deferral enabled for import
[02:42:45 UTC] [INFO] Image subsizes deferral enabled for import
[02:42:46 UTC] [INFO] Image subsizes deferral enabled for import
[02:42:46 UTC] [INFO] Image subsizes deferral enabled for import
[02:42:47 UTC] [INFO] success | Context: {"post_id":10,"post_type":"nav_menu_item","original_id":10,"post_title":""}
[02:42:47 UTC] [INFO] success | Context: {"post_id":49,"post_type":"custom_css","original_id":49,"post_title":"astra"}
[02:42:47 UTC] [INFO] Image subsizes deferral enabled for import
[02:42:47 UTC] [INFO] Image subsizes deferral enabled for import
[02:42:47 UTC] [INFO] Image subsizes deferral enabled for import
[02:42:47 UTC] [INFO] Image subsizes deferral enabled for import
[02:42:47 UTC] [SUCCESS] Plugin Activated | Context: {"success":true,"status":"activated","message":"Plugin Activated"}
[02:42:48 UTC] [INFO] Image subsizes deferral enabled for import
[02:42:48 UTC] [INFO] Checking if plugin directory clearing is needed
[02:42:48 UTC] [INFO] Plugin install clear directory enabled - Will clear destination directory
[02:42:48 UTC] [INFO] Plugin install clear directory options returned
[02:42:48 UTC] [INFO] Image subsizes deferral enabled for import
[02:42:48 UTC] [INFO] Image subsizes deferral enabled for import
[02:42:48 UTC] [INFO] Image subsizes deferral enabled for import
[02:42:48 UTC] [INFO] Image subsizes deferral enabled for import
[02:42:48 UTC] [INFO] Image subsizes deferral enabled for import
[02:42:49 UTC] [INFO] Image subsizes deferral enabled for import
[02:42:49 UTC] [INFO] Image subsizes deferral enabled for import
[02:42:49 UTC] [INFO] Image subsizes deferral enabled for import
[02:42:49 UTC] [INFO] Image subsizes deferral enabled for import
[02:42:50 UTC] [INFO] success | Context: {"post_id":442,"post_type":"elementor_library","original_id":442,"post_title":"Default Kit"}
[02:42:50 UTC] [INFO] Image subsizes deferral enabled for import
[02:42:50 UTC] [INFO] Image subsizes deferral enabled for import
[02:42:51 UTC] [INFO] success | Context: {"post_id":3190,"post_type":"page","original_id":4,"post_title":"Home"}
[02:42:51 UTC] [INFO] success | Context: {"post_id":5,"post_type":"page","original_id":5,"post_title":"About"}
[02:42:51 UTC] [INFO] Image subsizes deferral enabled for import
[02:42:51 UTC] [INFO] success | Context: {"post_id":6,"post_type":"page","original_id":6,"post_title":"Services"}
[02:42:51 UTC] [INFO] success | Context: {"post_id":7,"post_type":"page","original_id":7,"post_title":"Projects"}
[02:42:51 UTC] [INFO] success | Context: {"post_id":8,"post_type":"page","original_id":8,"post_title":"Contact"}
[02:42:51 UTC] [INFO] Image subsizes deferral enabled for import
[02:42:51 UTC] [INFO] success | Context: {"post_id":11,"post_type":"nav_menu_item","original_id":11,"post_title":""}
[02:42:51 UTC] [INFO] success | Context: {"post_id":12,"post_type":"nav_menu_item","original_id":12,"post_title":""}
[02:42:51 UTC] [INFO] success | Context: {"post_id":13,"post_type":"nav_menu_item","original_id":13,"post_title":""}
[02:42:51 UTC] [INFO] success | Context: {"post_id":150,"post_type":"nav_menu_item","original_id":150,"post_title":""}
[02:42:51 UTC] [INFO] success | Context: {"post_id":1234,"post_type":"wp_global_styles","original_id":1234,"post_title":"Custom Styles"}
[02:42:51 UTC] [INFO] success | Context: {"post_id":1546,"post_type":"sureforms_form","original_id":1546,"post_title":"Simple Contact Form"}
[02:42:51 UTC] [INFO] success | Context: {"xml_url":"D:\\eos\\vclc\/wp-content\/uploads\/2026\/07\/wxr.xml"}
[02:42:52 UTC] [INFO] Image subsizes deferral enabled for import
[02:42:52 UTC] [INFO] Image subsizes deferral enabled for import
[02:42:52 UTC] [INFO] Image subsizes deferral enabled for import
[02:42:52 UTC] [INFO] ---

[02:42:52 UTC] [INFO] Starting import options
[02:42:52 UTC] [INFO] Importing site options | Context: {"options":[]}
[02:42:52 UTC] [INFO] Starting site options import | Context: {"options_count":62}
[02:42:52 UTC] [INFO] Old site options backed up
[02:42:52 UTC] [INFO] Processing option | Context: {"option_name":"woocommerce_product_attributes"}
[02:42:52 UTC] [INFO] Updating standard option | Context: {"option_name":"woocommerce_product_attributes"}
[02:42:52 UTC] [INFO] Processing option | Context: {"option_name":"woocommerce_product_cat_list"}
[02:42:52 UTC] [INFO] Updating standard option | Context: {"option_name":"woocommerce_product_cat_list"}
[02:42:52 UTC] [INFO] Processing option | Context: {"option_name":"woocommerce_product_cat"}
[02:42:52 UTC] [INFO] Updating standard option | Context: {"option_name":"woocommerce_product_cat"}
[02:42:52 UTC] [INFO] Processing option | Context: {"option_name":"custom_logo"}
[02:42:52 UTC] [INFO] Importing custom logo | Context: {"logo_id":"https:\/\/websitedemos.net\/outdoor-adventure-02\/wp-content\/uploads\/sites\/351\/2020\/01\/logo.png"}
[02:42:52 UTC] [INFO] info | Context: {"url":"https:\/\/websitedemos.net\/outdoor-adventure-02\/wp-content\/uploads\/sites\/351\/2020\/01\/logo.png"}
[02:42:52 UTC] [INFO] info | Context: {"url":"https:\/\/websitedemos.net\/outdoor-adventure-02\/wp-content\/uploads\/sites\/351\/2020\/01\/logo.png","sha1":"29d3b9d270e8d698343e4171e6daa16aae4a67c4"}
[02:42:52 UTC] [INFO] info | Context: {"url":"https:\/\/websitedemos.net\/outdoor-adventure-02\/wp-content\/uploads\/sites\/351\/2020\/01\/logo.png","sha1":"29d3b9d270e8d698343e4171e6daa16aae4a67c4"}
[02:42:52 UTC] [INFO] success | Context: {"url":"https:\/\/websitedemos.net\/outdoor-adventure-02\/wp-content\/uploads\/sites\/351\/2020\/01\/logo.png","attachment_id":"418","attachment_url":"http:\/\/localhost:8888\/wp-content\/uploads\/2020\/01\/logo.png"}
[02:42:52 UTC] [INFO] success | Context: {"url":"https:\/\/websitedemos.net\/outdoor-adventure-02\/wp-content\/uploads\/sites\/351\/2020\/01\/logo.png","attachment_id":"418"}
[02:42:52 UTC] [INFO] success | Context: {"url":"https:\/\/websitedemos.net\/outdoor-adventure-02\/wp-content\/uploads\/sites\/351\/2020\/01\/logo.png","attachment_id":"418","logo_url":"http:\/\/localhost:8888\/wp-content\/uploads\/2020\/01\/logo.png"}
[02:42:52 UTC] [INFO] Processing option | Context: {"option_name":"nav_menu_locations"}
[02:42:52 UTC] [INFO] Setting navigation menu locations | Context: {"menu_count":1}
[02:42:52 UTC] [INFO] info | Context: {"total_locations":1}
[02:42:52 UTC] [INFO] info | Context: {"location":"primary","slug":"menu","menu_id":77}
[02:42:52 UTC] [INFO] success | Context: {"successful_mappings":1,"failed_locations":[],"total_locations":1}
[02:42:52 UTC] [INFO] Processing option | Context: {"option_name":"show_on_front"}
[02:42:52 UTC] [INFO] Updating standard option | Context: {"option_name":"show_on_front"}
[02:42:52 UTC] [INFO] Processing option | Context: {"option_name":"page_on_front"}
[02:42:52 UTC] [INFO] Updating page ID option | Context: {"option_name":"page_on_front","option_value":"Home"}
[02:42:52 UTC] [INFO] info | Context: {"option_name":"page_on_front","option_value":"Home"}
[02:42:52 UTC] [INFO] success | Context: {"option_name":"page_on_front","page_title":"Home","page_id":3190}
[02:42:52 UTC] [INFO] Processing option | Context: {"option_name":"page_for_posts"}
[02:42:52 UTC] [INFO] Updating page ID option | Context: {"option_name":"page_for_posts","option_value":""}
[02:42:52 UTC] [INFO] warning | Context: {"option_name":"page_for_posts"}
[02:42:52 UTC] [INFO] Option value is null, skipping | Context: {"option_name":"_fl_builder_enabled_icons"}
[02:42:52 UTC] [INFO] Option value is null, skipping | Context: {"option_name":"_fl_builder_enabled_modules"}
[02:42:52 UTC] [INFO] Option value is null, skipping | Context: {"option_name":"_fl_builder_post_types"}
[02:42:52 UTC] [INFO] Option value is null, skipping | Context: {"option_name":"_fl_builder_color_presets"}
[02:42:52 UTC] [INFO] Option value is null, skipping | Context: {"option_name":"_fl_builder_services"}
[02:42:52 UTC] [INFO] Option value is null, skipping | Context: {"option_name":"_fl_builder_settings"}
[02:42:52 UTC] [INFO] Option value is null, skipping | Context: {"option_name":"_fl_builder_user_access"}
[02:42:52 UTC] [INFO] Option value is null, skipping | Context: {"option_name":"_fl_builder_enabled_templates"}
[02:42:52 UTC] [INFO] Processing option | Context: {"option_name":"elementor_container_width"}
[02:42:52 UTC] [INFO] Updating standard option | Context: {"option_name":"elementor_container_width"}
[02:42:52 UTC] [INFO] Processing option | Context: {"option_name":"elementor_cpt_support"}
[02:42:52 UTC] [INFO] Updating standard option | Context: {"option_name":"elementor_cpt_support"}
[02:42:52 UTC] [INFO] Processing option | Context: {"option_name":"elementor_css_print_method"}
[02:42:52 UTC] [INFO] Updating standard option | Context: {"option_name":"elementor_css_print_method"}
[02:42:52 UTC] [INFO] Processing option | Context: {"option_name":"elementor_default_generic_fonts"}
[02:42:52 UTC] [INFO] Updating standard option | Context: {"option_name":"elementor_default_generic_fonts"}
[02:42:52 UTC] [INFO] Processing option | Context: {"option_name":"elementor_disable_color_schemes"}
[02:42:52 UTC] [INFO] Updating standard option | Context: {"option_name":"elementor_disable_color_schemes"}
[02:42:52 UTC] [INFO] Processing option | Context: {"option_name":"elementor_disable_typography_schemes"}
[02:42:52 UTC] [INFO] Updating standard option | Context: {"option_name":"elementor_disable_typography_schemes"}
[02:42:52 UTC] [INFO] Processing option | Context: {"option_name":"elementor_editor_break_lines"}
[02:42:52 UTC] [INFO] Updating standard option | Context: {"option_name":"elementor_editor_break_lines"}
[02:42:52 UTC] [INFO] Option value is null, skipping | Context: {"option_name":"elementor_exclude_user_roles"}
[02:42:52 UTC] [INFO] Processing option | Context: {"option_name":"elementor_global_image_lightbox"}
[02:42:52 UTC] [INFO] Updating standard option | Context: {"option_name":"elementor_global_image_lightbox"}
[02:42:52 UTC] [INFO] Processing option | Context: {"option_name":"elementor_page_title_selector"}
[02:42:52 UTC] [INFO] Updating standard option | Context: {"option_name":"elementor_page_title_selector"}
[02:42:52 UTC] [INFO] Processing option | Context: {"option_name":"elementor_scheme_color"}
[02:42:52 UTC] [INFO] Updating standard option | Context: {"option_name":"elementor_scheme_color"}
[02:42:52 UTC] [INFO] Processing option | Context: {"option_name":"elementor_scheme_color-picker]"}
[02:42:52 UTC] [INFO] Updating standard option | Context: {"option_name":"elementor_scheme_color-picker]"}
[02:42:52 UTC] [INFO] Processing option | Context: {"option_name":"elementor_scheme_typography"}
[02:42:52 UTC] [INFO] Updating standard option | Context: {"option_name":"elementor_scheme_typography"}
[02:42:52 UTC] [INFO] Processing option | Context: {"option_name":"elementor_space_between_widgets"}
[02:42:52 UTC] [INFO] Updating standard option | Context: {"option_name":"elementor_space_between_widgets"}
[02:42:52 UTC] [INFO] Processing option | Context: {"option_name":"elementor_stretched_section_container"}
[02:42:52 UTC] [INFO] Updating standard option | Context: {"option_name":"elementor_stretched_section_container"}
[02:42:52 UTC] [INFO] Processing option | Context: {"option_name":"elementor_load_fa4_shim"}
[02:42:52 UTC] [INFO] Updating standard option | Context: {"option_name":"elementor_load_fa4_shim"}
[02:42:52 UTC] [INFO] Processing option | Context: {"option_name":"elementor_active_kit"}
[02:42:52 UTC] [INFO] Setting up Elementor kit
[02:42:52 UTC] [INFO] Starting Elementor kit setup
[02:42:52 UTC] [INFO] Querying for Elementor kit posts | Context: {"post_type":"elementor_library"}
[02:42:52 UTC] [SUCCESS] Elementor active kit set successfully | Context: {"kit_id":442}
[02:42:52 UTC] [INFO] Processing option | Context: {"option_name":"elementor_experiment-container"}
[02:42:52 UTC] [INFO] Updating standard option | Context: {"option_name":"elementor_experiment-container"}
[02:42:52 UTC] [INFO] Processing option | Context: {"option_name":"elementor_install_history"}
[02:42:52 UTC] [INFO] Updating standard option | Context: {"option_name":"elementor_install_history"}
[02:42:52 UTC] [INFO] Processing option | Context: {"option_name":"woocommerce_shop_page_title"}
[02:42:52 UTC] [INFO] Updating standard option | Context: {"option_name":"woocommerce_shop_page_title"}
[02:42:52 UTC] [INFO] Processing option | Context: {"option_name":"woocommerce_cart_page_title"}
[02:42:52 UTC] [INFO] Updating standard option | Context: {"option_name":"woocommerce_cart_page_title"}
[02:42:52 UTC] [INFO] Processing option | Context: {"option_name":"woocommerce_checkout_page_title"}
[02:42:52 UTC] [INFO] Updating standard option | Context: {"option_name":"woocommerce_checkout_page_title"}
[02:42:52 UTC] [INFO] Processing option | Context: {"option_name":"woocommerce_myaccount_page_title"}
[02:42:52 UTC] [INFO] Updating standard option | Context: {"option_name":"woocommerce_myaccount_page_title"}
[02:42:52 UTC] [INFO] Processing option | Context: {"option_name":"woocommerce_edit_address_page_title"}
[02:42:52 UTC] [INFO] Updating standard option | Context: {"option_name":"woocommerce_edit_address_page_title"}
[02:42:52 UTC] [INFO] Processing option | Context: {"option_name":"woocommerce_view_order_page_title"}
[02:42:52 UTC] [INFO] Updating standard option | Context: {"option_name":"woocommerce_view_order_page_title"}
[02:42:52 UTC] [INFO] Processing option | Context: {"option_name":"woocommerce_change_password_page_title"}
[02:42:52 UTC] [INFO] Updating standard option | Context: {"option_name":"woocommerce_change_password_page_title"}
[02:42:52 UTC] [INFO] Processing option | Context: {"option_name":"woocommerce_logout_page_title"}
[02:42:52 UTC] [INFO] Updating standard option | Context: {"option_name":"woocommerce_logout_page_title"}
[02:42:52 UTC] [INFO] Option value is null, skipping | Context: {"option_name":"woocommerce_enable_guest_checkout"}
[02:42:52 UTC] [INFO] Option value is null, skipping | Context: {"option_name":"woocommerce_enable_checkout_login_reminder"}
[02:42:52 UTC] [INFO] Processing option | Context: {"option_name":"woocommerce_enable_signup_and_login_from_checkout"}
[02:42:52 UTC] [INFO] Updating standard option | Context: {"option_name":"woocommerce_enable_signup_and_login_from_checkout"}
[02:42:52 UTC] [INFO] Processing option | Context: {"option_name":"woocommerce_enable_myaccount_registration"}
[02:42:52 UTC] [INFO] Updating standard option | Context: {"option_name":"woocommerce_enable_myaccount_registration"}
[02:42:52 UTC] [INFO] Processing option | Context: {"option_name":"woocommerce_registration_generate_username"}
[02:42:52 UTC] [INFO] Updating standard option | Context: {"option_name":"woocommerce_registration_generate_username"}
[02:42:52 UTC] [INFO] Option value is null, skipping | Context: {"option_name":"edd_settings"}
[02:42:52 UTC] [INFO] Processing option | Context: {"option_name":"wpforms_settings"}
[02:42:52 UTC] [INFO] Updating standard option | Context: {"option_name":"wpforms_settings"}
[02:42:52 UTC] [INFO] Option value is null, skipping | Context: {"option_name":"learndash_settings_theme_ld30"}
[02:42:52 UTC] [INFO] Option value is null, skipping | Context: {"option_name":"learndash_settings_courses_themes"}
[02:42:52 UTC] [INFO] Option value is null, skipping | Context: {"option_name":"srfm_general_settings_options"}
[02:42:52 UTC] [INFO] Option value is null, skipping | Context: {"option_name":"get_default_dynamic_block_option"}
[02:42:52 UTC] [INFO] Option value is null, skipping | Context: {"option_name":"srfm_default_dynamic_block_option"}
[02:42:52 UTC] [INFO] Option value is null, skipping | Context: {"option_name":"srfm_email_summary_settings_options"}
[02:42:52 UTC] [INFO] Option value is null, skipping | Context: {"option_name":"srfm_security_settings_options"}
[02:42:52 UTC] [INFO] Option value is null, skipping | Context: {"option_name":"cfvsw_global"}
[02:42:52 UTC] [INFO] Option value is null, skipping | Context: {"option_name":"cfvsw_shop"}
[02:42:52 UTC] [INFO] Option value is null, skipping | Context: {"option_name":"cfvsw_style"}
[02:42:52 UTC] [INFO] Processing option | Context: {"option_name":"astra-color-palettes"}
[02:42:52 UTC] [INFO] Updating standard option | Context: {"option_name":"astra-color-palettes"}
[02:42:52 UTC] [INFO] Processing option | Context: {"option_name":"astra-typography-presets"}
[02:42:52 UTC] [INFO] Updating standard option | Context: {"option_name":"astra-typography-presets"}
[02:42:52 UTC] [INFO] Running st_importer_import_site_options action
[02:42:52 UTC] [INFO] Processing site options import - Total options: 62
[02:42:52 UTC] [INFO] Updated option: woocommerce_product_attributes
[02:42:52 UTC] [INFO] Updated option: woocommerce_product_cat_list
[02:42:52 UTC] [INFO] Processing WooCommerce product categories - Total: 0
[02:42:52 UTC] [SUCCESS] WooCommerce product categories processed successfully
[02:42:52 UTC] [INFO] Inserting custom logo from URL: https://websitedemos.net/outdoor-adventure-02/wp-content/uploads/sites/351/2020/01/logo.png
[02:42:52 UTC] [INFO] Starting image import for URL: https://websitedemos.net/outdoor-adventure-02/wp-content/uploads/sites/351/2020/01/logo.png
[02:42:52 UTC] [INFO] Image already exists in media library (ID: 418), skipping download
[02:42:52 UTC] [SUCCESS] Custom logo set successfully - ID: 418
[02:42:52 UTC] [INFO] Setting nav menu locations - Total menus: 1
[02:42:52 UTC] [INFO] Menu location 'primary' set to term ID: 77
[02:42:52 UTC] [SUCCESS] Nav menu locations updated successfully
[02:42:52 UTC] [INFO] Updated option: show_on_front | Context: "page"
[02:42:52 UTC] [INFO] Updating page ID for option: page_on_front with value: Home
[02:42:52 UTC] [INFO] Page ID updated for page_on_front: 3190
[02:42:52 UTC] [INFO] Updating page ID for option: page_for_posts with value: 
[02:42:52 UTC] [INFO] Updated option: elementor_container_width
[02:42:52 UTC] [INFO] Updated option: elementor_cpt_support | Context: ["post","page"]
[02:42:52 UTC] [INFO] Updated option: elementor_css_print_method | Context: "external"
[02:42:52 UTC] [INFO] Updated option: elementor_default_generic_fonts | Context: "Sans-serif"
[02:42:52 UTC] [INFO] Updated option: elementor_disable_color_schemes | Context: "yes"
[02:42:52 UTC] [INFO] Updated option: elementor_disable_typography_schemes | Context: "yes"
[02:42:52 UTC] [INFO] Updated option: elementor_editor_break_lines
[02:42:52 UTC] [INFO] Updated option: elementor_global_image_lightbox | Context: "yes"
[02:42:52 UTC] [INFO] Updated option: elementor_page_title_selector
[02:42:52 UTC] [INFO] Updated option: elementor_scheme_color | Context: {"1":"#6ec1e4","2":"#54595f","3":"#7a7a7a","4":"#61ce70"}
[02:42:52 UTC] [INFO] Updated option: elementor_scheme_color-picker] | Context: {"1":"#6ec1e4","2":"#54595f","3":"#7a7a7a","4":"#61ce70","5":"#4054b2","6":"#23a455","7":"#000","8":"#fff"}
[02:42:52 UTC] [INFO] Updated option: elementor_scheme_typography | Context: {"1":{"font_family":"Roboto","font_weight":"600"},"2":{"font_family":"Roboto Slab","font_weight":"400"},"3":{"font_family":"Roboto","font_weight":"400"},"4":{"font_family":"Roboto","font_weight":"500"}}
[02:42:52 UTC] [INFO] Updated option: elementor_space_between_widgets
[02:42:52 UTC] [INFO] Updated option: elementor_stretched_section_container
[02:42:52 UTC] [INFO] Updated option: elementor_load_fa4_shim | Context: "yes"
[02:42:52 UTC] [INFO] Searching for Elementor kit to set as active
[02:42:52 UTC] [INFO] Elementor active kit set to ID: 442
[02:42:52 UTC] [INFO] Updated option: elementor_experiment-container | Context: "active"
[02:42:52 UTC] [INFO] Updated option: elementor_install_history | Context: {"3.0.4":1598837039,"3.0.6":1599622067,"3.0.8.1":1600150962,"3.0.9":1600852730,"3.0.11":1601544874,"3.0.12":1603252199,"3.0.13":1604895785,"3.0.14":1607402829,"3.0.16":1610345531,"3.1.1":1613990614,"3.1.2":1614751471,"3.1.3":1614832490,"3.1.4":1615783246,"3.2.2":1619505588,"3.2.3":1620372300,"3.2.4":1622515122,"3.2.5":1623982364,"3.3.1":1627551082,"3.4.2":1631768827,"3.4.4":1632133027,"3.4.8":1638353087,"3.5.3":1640767347,"3.5.6":1646319955}
[02:42:52 UTC] [INFO] Updating WooCommerce page ID for option: woocommerce_shop_page_title with value: 
[02:42:52 UTC] [INFO] Updating page ID for option: woocommerce_shop_page_id with value: 
[02:42:52 UTC] [INFO] Updating WooCommerce page ID for option: woocommerce_cart_page_title with value: 
[02:42:52 UTC] [INFO] Updating page ID for option: woocommerce_cart_page_id with value: 
[02:42:52 UTC] [INFO] Updating WooCommerce page ID for option: woocommerce_checkout_page_title with value: 
[02:42:52 UTC] [INFO] Updating page ID for option: woocommerce_checkout_page_id with value: 
[02:42:52 UTC] [INFO] Updating WooCommerce page ID for option: woocommerce_myaccount_page_title with value: 
[02:42:52 UTC] [INFO] Updating page ID for option: woocommerce_myaccount_page_id with value: 
[02:42:52 UTC] [INFO] Updating WooCommerce page ID for option: woocommerce_edit_address_page_title with value: 
[02:42:52 UTC] [INFO] Updating page ID for option: woocommerce_edit_address_page_id with value: 
[02:42:52 UTC] [INFO] Updating WooCommerce page ID for option: woocommerce_view_order_page_title with value: 
[02:42:52 UTC] [INFO] Updating page ID for option: woocommerce_view_order_page_id with value: 
[02:42:52 UTC] [INFO] Updating WooCommerce page ID for option: woocommerce_change_password_page_title with value: 
[02:42:52 UTC] [INFO] Updating page ID for option: woocommerce_change_password_page_id with value: 
[02:42:52 UTC] [INFO] Updating WooCommerce page ID for option: woocommerce_logout_page_title with value: 
[02:42:52 UTC] [INFO] Updating page ID for option: woocommerce_logout_page_id with value: 
[02:42:52 UTC] [INFO] Updated option: woocommerce_enable_signup_and_login_from_checkout | Context: "no"
[02:42:52 UTC] [INFO] Updated option: woocommerce_enable_myaccount_registration | Context: "no"
[02:42:52 UTC] [INFO] Updated option: woocommerce_registration_generate_username | Context: "no"
[02:42:52 UTC] [INFO] Updated option: wpforms_settings | Context: {"disable-css":"2","global-assets":false,"gdpr":false,"modern-markup":"0","modern-markup-is-set":true}
[02:42:52 UTC] [INFO] Updated option: astra-color-palettes | Context: {"currentPalette":"palette_1","palettes":{"palette_1":["#fb2056","#da1c4b","#191919","#404040","#f5f5f5","#ffffff","#ececec","#191919","#000000"],"palette_2":["#0274be","#3a3a3a","#3a3a3a","#4B4F58","#ffffff","#f7f7f7","#191919","#16151f","#000000"],"palette_3":["#0274be","#3a3a3a","#3a3a3a","#4b4f58","#f5f5f5","#ffffff","#c2c2c2","#020013","#000000"],"palette_4":["#0085FF","#0177E3","#FFFFFF","#E7F6FF","#212A37","#0F172A","#4F5B62","#070614","#222222"]},"flag":true,"presets":{"Oak":["#0067FF","#005EE9","#0F172A","#364151","#E7F6FF","#FFFFFF","#D1DAE5","#070614","#222222"],"Viola":["#6528F7","#5511F8","#0F172A","#454F5E","#F2F0FE","#FFFFFF","#D8D8F5","#0D0614","#222222"],"Cedar":["#DD183B","#CC1939","#0F172A","#3A3A3A","#FFEDE6","#FFFFFF","#FFD1BF","#140609","#222222"],"Willow":["#54B435","#379237","#0F172A","#2F3B40","#EDFBE2","#FFFFFF","#D5EAD8","#0C1406","#222222"],"Lily":["#DCA54A","#D09A40","#0F172A","#4A4A4A","#FAF5E5","#FFFFFF","#F0E6C5","#141004","#222222"],"Rose":["#FB5FAB","#EA559D","#0F172A","#454F5E","#FCEEF5","#FFFFFF","#FAD8E9","#140610","#222222"],"Sage":["#1B9C85","#178E79","#0F172A","#454F5E","#EDF6EE","#FFFFFF","#D4F3D7","#06140C","#222222"],"Flare":["#FD9800","#E98C00","#0F172A","#454F5E","#FEF9E1","#FFFFFF","#F9F0C8","#141006","#222222"],"Maple":["#FF6210","#F15808","#1C0D0A","#353535","#FEF1E4","#FFFFFF","#E5D7D1","#140B06","#222222"],"Birch":["#737880","#65696F","#151616","#393C40","#F6F6F6","#FFFFFF","#F1F0F0","#232529","#222222"],"Dark":["#0085FF","#0177E3","#FFFFFF","#E7F6FF","#212A37","#0F172A","#4F5B62","#070614","#222222"]}}
[02:42:52 UTC] [INFO] Updated option: astra-typography-presets
[02:42:52 UTC] [SUCCESS] Classic templates options import completed successfully
[02:42:52 UTC] [SUCCESS] Site options import completed successfully | Context: {"processed_count":40,"skipped_count":22,"total_count":62}
[02:42:52 UTC] [SUCCESS] Site options Imported!
[02:42:53 UTC] [INFO] Image subsizes deferral enabled for import
[02:42:53 UTC] [INFO] Image subsizes deferral enabled for import
[02:42:53 UTC] [INFO] Image subsizes deferral enabled for import
[02:42:53 UTC] [INFO] Image subsizes deferral enabled for import
[02:42:53 UTC] [INFO] ---

[02:42:53 UTC] [INFO] Starting import widgets
[02:42:53 UTC] [INFO] Importing widgets
[02:42:53 UTC] [INFO] Starting widgets import
[02:42:53 UTC] [INFO] Processing widget data | Context: {"data_type":"string","widgets_data_type":"string"}
[02:42:53 UTC] [INFO] Image subsizes deferral enabled for import
[02:42:53 UTC] [INFO] Parsing widget data from JSON string
[02:42:53 UTC] [INFO] Importing widget data via ST_Widget_Importer
[02:42:53 UTC] [INFO] Starting widget import process
[02:42:53 UTC] [INFO] Checking available widgets | Context: {"widget_control_count":65}
[02:42:53 UTC] [INFO] Widget availability check completed | Context: {"available_widget_count":19,"available_widgets":["pages","calendar","archives","media_audio","media_image","media_gallery","media_video","meta","search","text","categories","recent-posts","recent-comments","rss","tag_cloud","nav_menu","custom_html","block","wpforms-widget"]}
[02:42:53 UTC] [INFO] Loaded widget configuration | Context: {"available_widget_types":19,"sidebar_count":3}
[02:42:53 UTC] [INFO] Processing sidebars from import data | Context: {"sidebar_count_in_data":2}
[02:42:53 UTC] [INFO] Processing sidebar: sidebar-1 | Context: {"sidebar_name":"\u4e3b\u8981\u8cc7\u8a0a\u6b04","widget_count":6,"availability":"available"}
[02:42:53 UTC] [INFO] Processing widget: search-2 | Context: {"widget_type":"search","instance_id":"2","sidebar_id":"sidebar-1"}
[02:42:53 UTC] [INFO] Widget data formatted and saved: search | Context: {"widget_type":"search","instance_count":2,"update_result":true}
[02:42:53 UTC] [SUCCESS] Widget imported successfully: search-1 | Context: {"widget_type":"search","new_instance_id":"search-1","sidebar_id":"sidebar-1","widget_title":"No Title"}
[02:42:53 UTC] [INFO] Processing widget: recent-posts-2 | Context: {"widget_type":"recent-posts","instance_id":"2","sidebar_id":"sidebar-1"}
[02:42:53 UTC] [INFO] Widget data formatted and saved: recent-posts | Context: {"widget_type":"recent-posts","instance_count":2,"update_result":true}
[02:42:53 UTC] [SUCCESS] Widget imported successfully: recent-posts-1 | Context: {"widget_type":"recent-posts","new_instance_id":"recent-posts-1","sidebar_id":"sidebar-1","widget_title":"No Title"}
[02:42:53 UTC] [INFO] Processing widget: recent-comments-2 | Context: {"widget_type":"recent-comments","instance_id":"2","sidebar_id":"sidebar-1"}
[02:42:53 UTC] [INFO] Widget data formatted and saved: recent-comments | Context: {"widget_type":"recent-comments","instance_count":2,"update_result":true}
[02:42:53 UTC] [SUCCESS] Widget imported successfully: recent-comments-1 | Context: {"widget_type":"recent-comments","new_instance_id":"recent-comments-1","sidebar_id":"sidebar-1","widget_title":"No Title"}
[02:42:53 UTC] [INFO] Processing widget: archives-2 | Context: {"widget_type":"archives","instance_id":"2","sidebar_id":"sidebar-1"}
[02:42:53 UTC] [INFO] Widget data formatted and saved: archives | Context: {"widget_type":"archives","instance_count":2,"update_result":true}
[02:42:53 UTC] [SUCCESS] Widget imported successfully: archives-1 | Context: {"widget_type":"archives","new_instance_id":"archives-1","sidebar_id":"sidebar-1","widget_title":"No Title"}
[02:42:53 UTC] [INFO] Processing widget: categories-2 | Context: {"widget_type":"categories","instance_id":"2","sidebar_id":"sidebar-1"}
[02:42:53 UTC] [INFO] Widget data formatted and saved: categories | Context: {"widget_type":"categories","instance_count":3,"update_result":true}
[02:42:53 UTC] [SUCCESS] Widget imported successfully: categories-2 | Context: {"widget_type":"categories","new_instance_id":"categories-2","sidebar_id":"sidebar-1","widget_title":"No Title"}
[02:42:53 UTC] [INFO] Processing widget: meta-2 | Context: {"widget_type":"meta","instance_id":"2","sidebar_id":"sidebar-1"}
[02:42:53 UTC] [INFO] Widget data formatted and saved: meta | Context: {"widget_type":"meta","instance_count":2,"update_result":true}
[02:42:53 UTC] [SUCCESS] Widget imported successfully: meta-1 | Context: {"widget_type":"meta","new_instance_id":"meta-1","sidebar_id":"sidebar-1","widget_title":"No Title"}
[02:42:53 UTC] [INFO] Processing sidebar: footer-widget-1 | Context: {"sidebar_name":"Footer Builder Widget 1","widget_count":1,"availability":"available"}
[02:42:53 UTC] [INFO] Processing widget: block-3 | Context: {"widget_type":"block","instance_id":"3","sidebar_id":"footer-widget-1"}
[02:42:53 UTC] [INFO] Widget data formatted and saved: block | Context: {"widget_type":"block","instance_count":45,"update_result":true}
[02:42:53 UTC] [SUCCESS] Widget imported successfully: block-87 | Context: {"widget_type":"block","new_instance_id":"block-87","sidebar_id":"footer-widget-1","widget_title":"No Title"}
[02:42:53 UTC] [INFO] Widget import process completed | Context: {"total_sidebars_processed":2,"successful_imports":7,"warnings":0,"errors":0,"total_widgets_processed":7}
[02:42:53 UTC] [INFO] Retrieving current sidebars and widgets
[02:42:53 UTC] [INFO] Backing up old widgets data | Context: {"sidebars_count":12}
[02:42:53 UTC] [SUCCESS] Widgets import completed successfully
[02:42:53 UTC] [SUCCESS] Widget Imported!
[02:42:53 UTC] [SUCCESS] Plugin Activated | Context: {"success":true,"status":"activated","message":"Plugin Activated"}
[02:42:54 UTC] [INFO] Image subsizes deferral enabled for import
[02:42:54 UTC] [INFO] Image subsizes deferral enabled for import
[02:42:54 UTC] [INFO] Checking if plugin directory clearing is needed
[02:42:54 UTC] [INFO] Plugin install clear directory enabled - Will clear destination directory
[02:42:54 UTC] [INFO] Plugin install clear directory options returned
[02:42:54 UTC] [INFO] Image subsizes deferral enabled for import
[02:42:54 UTC] [INFO] ---

[02:42:54 UTC] [INFO] Setting site data: site-colors
[02:42:54 UTC] [INFO] Image subsizes deferral enabled for import
[02:42:54 UTC] [INFO] Image subsizes deferral enabled for import
[02:42:55 UTC] [INFO] Image subsizes deferral enabled for import
[02:42:55 UTC] [INFO] ---

[02:42:55 UTC] [INFO] Setting site data: site-typography
[02:42:55 UTC] [INFO] Image subsizes deferral enabled for import
[02:42:55 UTC] [INFO] Image subsizes deferral enabled for import
[02:42:56 UTC] [INFO] Image subsizes deferral enabled for import
[02:42:56 UTC] [INFO] ---

[02:42:56 UTC] [INFO] Starting import end process
[02:42:56 UTC] [INFO] Finalizing import process
[02:42:56 UTC] [INFO] Setting permalink structure to post name
[02:42:56 UTC] [INFO] Executing import complete actions
[02:42:56 UTC] [INFO] Batch processing started
[02:42:56 UTC] [INFO] Batch processing queue created | Context: {"total_classes":9,"attachment_count":37,"has_images":true}
[02:42:56 UTC] [INFO] Image subsizes deferral enabled for import
[02:42:57 UTC] [INFO] Gutenberg batch processing started
[02:42:57 UTC] [INFO] Gutenberg posts retrieved for processing | Context: {"post_count":6,"post_types":"page, post, wp_block, wp_template, wp_navigation, wp_template_part, wp_global_styles, sc_form, spectra-popup, sfwd-courses, sfwd-lessons, sfwd-topic, sfwd-quiz, sfwd-certificates, sfwd-assignment"}
[02:42:57 UTC] [INFO] Processing Gutenberg post | Context: {"post_id":3190}
[02:42:57 UTC] [INFO] Skipping post - uses other page builder | Context: {"post_id":3190,"elementor":true,"beaver":false,"brizy":false}
[02:42:57 UTC] [INFO] Processing Gutenberg post | Context: {"post_id":5}
[02:42:57 UTC] [INFO] Skipping post - uses other page builder | Context: {"post_id":5,"elementor":true,"beaver":false,"brizy":false}
[02:42:57 UTC] [INFO] Processing Gutenberg post | Context: {"post_id":6}
[02:42:57 UTC] [INFO] Skipping post - uses other page builder | Context: {"post_id":6,"elementor":true,"beaver":false,"brizy":false}
[02:42:57 UTC] [INFO] Processing Gutenberg post | Context: {"post_id":7}
[02:42:57 UTC] [INFO] Skipping post - uses other page builder | Context: {"post_id":7,"elementor":true,"beaver":false,"brizy":false}
[02:42:57 UTC] [INFO] Processing Gutenberg post | Context: {"post_id":8}
[02:42:57 UTC] [INFO] Skipping post - uses other page builder | Context: {"post_id":8,"elementor":true,"beaver":false,"brizy":false}
[02:42:57 UTC] [INFO] Processing Gutenberg post | Context: {"post_id":1234}
[02:42:57 UTC] [INFO] Replacing WPForms IDs in post content | Context: {"post_id":1234,"mappings_count":1}
[02:42:57 UTC] [INFO] Replacing taxonomy category IDs in post content | Context: {"post_id":1234,"mappings_count":1}
[02:42:57 UTC] [INFO] Updating post content (first pass) | Context: {"post_id":1234}
[02:42:57 UTC] [INFO] Starting link extraction and replacement process
[02:42:57 UTC] [INFO] Links discovered in content | Context: {"total_links":0}
[02:42:57 UTC] [INFO] No links found in content, skipping replacement
[02:42:57 UTC] [INFO] Updating post content (second pass with link replacements) | Context: {"post_id":1234}
[02:42:57 UTC] [SUCCESS] Successfully completed processing Gutenberg post | Context: {"post_id":1234}
[02:42:57 UTC] [SUCCESS] Gutenberg batch processing completed successfully | Context: {"posts_processed":6}
[02:42:57 UTC] [INFO] Batch processing queue dispatched to background
[02:42:57 UTC] [INFO] Cache for Astra Addon cleared.
[02:42:57 UTC] [INFO] Batch Process Started..
[02:42:57 UTC] [INFO] Starter Templates - Importing Images for Blog name '長鼎法律事務所 Vanguard Law Firm' (1)
[02:42:58 UTC] [INFO] Elementor batch processing started
[02:42:58 UTC] [INFO] Elementor posts retrieved for processing | Context: {"post_count":6,"post_types":"page, post, wp_block, wp_template, wp_navigation, wp_template_part, wp_global_styles, sc_form"}
[02:42:58 UTC] [INFO] Processing Elementor post | Context: {"post_id":3190}
[02:42:58 UTC] [INFO] Processing Elementor widgets | Context: {"widget_count":5}
[02:42:58 UTC] [INFO] Processing Elementor widgets | Context: {"widget_count":1}
[02:42:58 UTC] [INFO] Processing Elementor widgets | Context: {"widget_count":4}
[02:42:58 UTC] [INFO] Processing Elementor widgets | Context: {"widget_count":0}
[02:42:58 UTC] [INFO] Completed processing Elementor widgets | Context: {"processed_count":0}
[02:42:58 UTC] [INFO] Processing Elementor widgets | Context: {"widget_count":0}
[02:42:58 UTC] [INFO] Completed processing Elementor widgets | Context: {"processed_count":0}
[02:42:58 UTC] [INFO] Processing Elementor widgets | Context: {"widget_count":0}
[02:42:58 UTC] [INFO] Completed processing Elementor widgets | Context: {"processed_count":0}
[02:42:58 UTC] [INFO] Processing Elementor widgets | Context: {"widget_count":0}
[02:42:58 UTC] [INFO] Completed processing Elementor widgets | Context: {"processed_count":0}
[02:42:58 UTC] [INFO] Completed processing Elementor widgets | Context: {"processed_count":4}
[02:42:58 UTC] [INFO] Completed processing Elementor widgets | Context: {"processed_count":1}
[02:42:58 UTC] [INFO] Processing Elementor widgets | Context: {"widget_count":2}
[02:42:58 UTC] [INFO] Processing Elementor widgets | Context: {"widget_count":1}
[02:42:58 UTC] [INFO] Processing Elementor widgets | Context: {"widget_count":0}
[02:42:58 UTC] [INFO] Completed processing Elementor widgets | Context: {"processed_count":0}
[02:42:58 UTC] [INFO] Completed processing Elementor widgets | Context: {"processed_count":1}
[02:42:58 UTC] [INFO] Processing Elementor widgets | Context: {"widget_count":1}
[02:42:58 UTC] [INFO] Processing Elementor widgets | Context: {"widget_count":0}
[02:42:58 UTC] [INFO] Completed processing Elementor widgets | Context: {"processed_count":0}
[02:42:58 UTC] [INFO] Completed processing Elementor widgets | Context: {"processed_count":1}
[02:42:58 UTC] [INFO] Completed processing Elementor widgets | Context: {"processed_count":2}
[02:42:58 UTC] [INFO] Processing Elementor widgets | Context: {"widget_count":1}
[02:42:58 UTC] [INFO] Processing Elementor widgets | Context: {"widget_count":3}
[02:42:58 UTC] [INFO] Processing Elementor widgets | Context: {"widget_count":0}
[02:42:58 UTC] [INFO] Completed processing Elementor widgets | Context: {"processed_count":0}
[02:42:58 UTC] [INFO] Processing Elementor widgets | Context: {"widget_count":0}
[02:42:58 UTC] [INFO] Completed processing Elementor widgets | Context: {"processed_count":0}
[02:42:58 UTC] [INFO] Processing Elementor widgets | Context: {"widget_count":2}
[02:42:58 UTC] [INFO] Processing Elementor widgets | Context: {"widget_count":3}
[02:42:58 UTC] [INFO] Processing Elementor widgets | Context: {"widget_count":0}
[02:42:58 UTC] [INFO] Completed processing Elementor widgets | Context: {"processed_count":0}
[02:42:58 UTC] [INFO] Processing Elementor widgets | Context: {"widget_count":0}
[02:42:58 UTC] [INFO] Completed processing Elementor widgets | Context: {"processed_count":0}
[02:42:58 UTC] [INFO] Processing Elementor widgets | Context: {"widget_count":0}
[02:42:58 UTC] [INFO] Completed processing Elementor widgets | Context: {"processed_count":0}
[02:42:58 UTC] [INFO] Completed processing Elementor widgets | Context: {"processed_count":3}
[02:42:58 UTC] [INFO] Processing Elementor widgets | Context: {"widget_count":3}
[02:42:58 UTC] [INFO] Processing Elementor widgets | Context: {"widget_count":0}
[02:42:58 UTC] [INFO] Completed processing Elementor widgets | Context: {"processed_count":0}
[02:42:58 UTC] [INFO] Processing Elementor widgets | Context: {"widget_count":0}
[02:42:58 UTC] [INFO] Completed processing Elementor widgets | Context: {"processed_count":0}
[02:42:58 UTC] [INFO] Processing Elementor widgets | Context: {"widget_count":0}
[02:42:58 UTC] [INFO] Completed processing Elementor widgets | Context: {"processed_count":0}
[02:42:58 UTC] [INFO] Completed processing Elementor widgets | Context: {"processed_count":3}
[02:42:58 UTC] [INFO] Completed processing Elementor widgets | Context: {"processed_count":2}
[02:42:58 UTC] [INFO] Completed processing Elementor widgets | Context: {"processed_count":3}
[02:42:58 UTC] [INFO] Completed processing Elementor widgets | Context: {"processed_count":1}
[02:42:58 UTC] [INFO] Processing Elementor widgets | Context: {"widget_count":1}
[02:42:58 UTC] [INFO] Processing Elementor widgets | Context: {"widget_count":4}
[02:42:58 UTC] [INFO] Processing Elementor widgets | Context: {"widget_count":0}
[02:42:58 UTC] [INFO] Completed processing Elementor widgets | Context: {"processed_count":0}
[02:42:58 UTC] [INFO] Processing Elementor widgets | Context: {"widget_count":0}
[02:42:58 UTC] [INFO] Completed processing Elementor widgets | Context: {"processed_count":0}
[02:42:58 UTC] [INFO] Processing Elementor widgets | Context: {"widget_count":0}
[02:42:58 UTC] [INFO] Completed processing Elementor widgets | Context: {"processed_count":0}
[02:42:58 UTC] [INFO] Processing Elementor widgets | Context: {"widget_count":0}
[02:42:58 UTC] [INFO] Completed processing Elementor widgets | Context: {"processed_count":0}
[02:42:58 UTC] [INFO] Completed processing Elementor widgets | Context: {"processed_count":4}
[02:42:58 UTC] [INFO] Completed processing Elementor widgets | Context: {"processed_count":1}
[02:42:58 UTC] [INFO] Processing Elementor widgets | Context: {"widget_count":3}
[02:42:58 UTC] [INFO] Processing Elementor widgets | Context: {"widget_count":4}
[02:42:58 UTC] [INFO] Processing Elementor widgets | Context: {"widget_count":0}
[02:42:58 UTC] [INFO] Completed processing Elementor widgets | Context: {"processed_count":0}
[02:42:58 UTC] [INFO] Processing Elementor widgets | Context: {"widget_count":0}
[02:42:58 UTC] [INFO] Completed processing Elementor widgets | Context: {"processed_count":0}
[02:42:58 UTC] [INFO] Processing Elementor widgets | Context: {"widget_count":0}
[02:42:58 UTC] [INFO] Completed processing Elementor widgets | Context: {"processed_count":0}
[02:42:58 UTC] [INFO] Processing Elementor widgets | Context: {"widget_count":0}
[02:42:58 UTC] [INFO] Completed processing Elementor widgets | Context: {"processed_count":0}
[02:42:58 UTC] [INFO] Completed processing Elementor widgets | Context: {"processed_count":4}
[02:42:58 UTC] [INFO] Processing Elementor widgets | Context: {"widget_count":2}
[02:42:58 UTC] [INFO] Processing Elementor widgets | Context: {"widget_count":0}
[02:42:58 UTC] [INFO] Completed processing Elementor widgets | Context: {"processed_count":0}
[02:42:58 UTC] [INFO] Processing Elementor widgets | Context: {"widget_count":0}
[02:42:58 UTC] [INFO] Completed processing Elementor widgets | Context: {"processed_count":0}
[02:42:58 UTC] [INFO] Completed processing Elementor widgets | Context: {"processed_count":2}
[02:42:58 UTC] [INFO] Processing Elementor widgets | Context: {"widget_count":2}
[02:42:58 UTC] [INFO] Processing Elementor widgets | Context: {"widget_count":0}
[02:42:58 UTC] [INFO] Completed processing Elementor widgets | Context: {"processed_count":0}
[02:42:58 UTC] [INFO] Processing Elementor widgets | Context: {"widget_count":0}
[02:42:58 UTC] [INFO] Completed processing Elementor widgets | Context: {"processed_count":0}
[02:42:58 UTC] [INFO] Completed processing Elementor widgets | Context: {"processed_count":2}
[02:42:58 UTC] [INFO] Completed processing Elementor widgets | Context: {"processed_count":3}
[02:42:58 UTC] [INFO] Completed processing Elementor widgets | Context: {"processed_count":5}
[02:42:58 UTC] [SUCCESS] Updated Elementor data successfully | Context: {"post_id":3190}
[02:42:58 UTC] [INFO] Cleared Elementor cache | Context: {"post_id":3190}
[02:42:58 UTC] [SUCCESS] Completed processing Elementor post | Context: {"post_id":3190}
[02:42:58 UTC] [INFO] Processing Elementor post | Context: {"post_id":5}
[02:42:58 UTC] [INFO] Processing Elementor widgets | Context: {"widget_count":3}
[02:42:58 UTC] [INFO] Processing Elementor widgets | Context: {"widget_count":1}
[02:42:58 UTC] [INFO] Processing Elementor widgets | Context: {"widget_count":1}
[02:42:58 UTC] [INFO] Processing Elementor widgets | Context: {"widget_count":0}
[02:42:58 UTC] [INFO] Completed processing Elementor widgets | Context: {"processed_count":0}
[02:42:58 UTC] [INFO] Completed processing Elementor widgets | Context: {"processed_count":1}
[02:42:58 UTC] [INFO] Completed processing Elementor widgets | Context: {"processed_count":1}
[02:42:58 UTC] [INFO] Processing Elementor widgets | Context: {"widget_count":2}
[02:42:58 UTC] [INFO] Processing Elementor widgets | Context: {"widget_count":4}
[02:42:58 UTC] [INFO] Processing Elementor widgets | Context: {"widget_count":0}
[02:42:58 UTC] [INFO] Completed processing Elementor widgets | Context: {"processed_count":0}
[02:42:58 UTC] [INFO] Processing Elementor widgets | Context: {"widget_count":0}
[02:42:58 UTC] [INFO] Completed processing Elementor widgets | Context: {"processed_count":0}
[02:42:58 UTC] [INFO] Processing Elementor widgets | Context: {"widget_count":0}
[02:42:58 UTC] [INFO] Completed processing Elementor widgets | Context: {"processed_count":0}
[02:42:58 UTC] [INFO] Processing Elementor widgets | Context: {"widget_count":0}
[02:42:58 UTC] [INFO] Completed processing Elementor widgets | Context: {"processed_count":0}
[02:42:58 UTC] [INFO] Completed processing Elementor widgets | Context: {"processed_count":4}
[02:42:58 UTC] [INFO] Processing Elementor widgets | Context: {"widget_count":1}
[02:42:58 UTC] [INFO] Processing Elementor widgets | Context: {"widget_count":0}
[02:42:58 UTC] [INFO] Completed processing Elementor widgets | Context: {"processed_count":0}
[02:42:58 UTC] [INFO] Completed processing Elementor widgets | Context: {"processed_count":1}
[02:42:58 UTC] [INFO] Completed processing Elementor widgets | Context: {"processed_count":2}
[02:42:58 UTC] [INFO] Processing Elementor widgets | Context: {"widget_count":2}
[02:42:58 UTC] [INFO] Processing Elementor widgets | Context: {"widget_count":4}
[02:42:58 UTC] [INFO] Processing Elementor widgets | Context: {"widget_count":0}
[02:42:58 UTC] [INFO] Completed processing Elementor widgets | Context: {"processed_count":0}
[02:42:58 UTC] [INFO] Processing Elementor widgets | Context: {"widget_count":0}
[02:42:58 UTC] [INFO] Completed processing Elementor widgets | Context: {"processed_count":0}
[02:42:58 UTC] [INFO] Processing Elementor widgets | Context: {"widget_count":0}
[02:42:58 UTC] [INFO] Completed processing Elementor widgets | Context: {"processed_count":0}
[02:42:58 UTC] [INFO] Processing Elementor widgets | Context: {"widget_count":0}
[02:42:58 UTC] [INFO] Completed processing Elementor widgets | Context: {"processed_count":0}
[02:42:58 UTC] [INFO] Completed processing Elementor widgets | Context: {"processed_count":4}
[02:42:58 UTC] [INFO] Processing Elementor widgets | Context: {"widget_count":4}
[02:42:58 UTC] [INFO] Processing Elementor widgets | Context: {"widget_count":0}
[02:42:58 UTC] [INFO] Completed processing Elementor widgets | Context: {"processed_count":0}
[02:42:58 UTC] [INFO] Processing Elementor widgets | Context: {"widget_count":0}
[02:42:58 UTC] [INFO] Completed processing Elementor widgets | Context: {"processed_count":0}
[02:42:58 UTC] [INFO] Processing Elementor widgets | Context: {"widget_count":0}
[02:42:58 UTC] [INFO] Completed processing Elementor widgets | Context: {"processed_count":0}
[02:42:58 UTC] [INFO] Processing Elementor widgets | Context: {"widget_count":0}
[02:42:58 UTC] [INFO] Completed processing Elementor widgets | Context: {"processed_count":0}
[02:42:58 UTC] [INFO] Completed processing Elementor widgets | Context: {"processed_count":4}
[02:42:58 UTC] [INFO] Completed processing Elementor widgets | Context: {"processed_count":2}
[02:42:58 UTC] [INFO] Completed processing Elementor widgets | Context: {"processed_count":3}
[02:42:58 UTC] [SUCCESS] Updated Elementor data successfully | Context: {"post_id":5}
[02:42:58 UTC] [INFO] Cleared Elementor cache | Context: {"post_id":5}
[02:42:58 UTC] [SUCCESS] Completed processing Elementor post | Context: {"post_id":5}
[02:42:58 UTC] [INFO] Processing Elementor post | Context: {"post_id":6}
[02:42:58 UTC] [INFO] Processing Elementor widgets | Context: {"widget_count":5}
[02:42:58 UTC] [INFO] Processing Elementor widgets | Context: {"widget_count":1}
[02:42:58 UTC] [INFO] Processing Elementor widgets | Context: {"widget_count":1}
[02:42:58 UTC] [INFO] Processing Elementor widgets | Context: {"widget_count":0}
[02:42:58 UTC] [INFO] Completed processing Elementor widgets | Context: {"processed_count":0}
[02:42:58 UTC] [INFO] Completed processing Elementor widgets | Context: {"processed_count":1}
[02:42:58 UTC] [INFO] Completed processing Elementor widgets | Context: {"processed_count":1}
[02:42:58 UTC] [INFO] Processing Elementor widgets | Context: {"widget_count":1}
[02:42:58 UTC] [INFO] Processing Elementor widgets | Context: {"widget_count":3}
[02:42:58 UTC] [INFO] Processing Elementor widgets | Context: {"widget_count":0}
[02:42:58 UTC] [INFO] Completed processing Elementor widgets | Context: {"processed_count":0}
[02:42:58 UTC] [INFO] Processing Elementor widgets | Context: {"widget_count":0}
[02:42:58 UTC] [INFO] Completed processing Elementor widgets | Context: {"processed_count":0}
[02:42:58 UTC] [INFO] Processing Elementor widgets | Context: {"widget_count":0}
[02:42:58 UTC] [INFO] Completed processing Elementor widgets | Context: {"processed_count":0}
[02:42:58 UTC] [INFO] Completed processing Elementor widgets | Context: {"processed_count":3}
[02:42:58 UTC] [INFO] Completed processing Elementor widgets | Context: {"processed_count":1}
[02:42:58 UTC] [INFO] Processing Elementor widgets | Context: {"widget_count":2}
[02:42:58 UTC] [INFO] Processing Elementor widgets | Context: {"widget_count":2}
[02:42:58 UTC] [INFO] Processing Elementor widgets | Context: {"widget_count":0}
[02:42:58 UTC] [INFO] Completed processing Elementor widgets | Context: {"processed_count":0}
[02:42:58 UTC] [INFO] Processing Elementor widgets | Context: {"widget_count":0}
[02:42:58 UTC] [INFO] Completed processing Elementor widgets | Context: {"processed_count":0}
[02:42:58 UTC] [INFO] Completed processing Elementor widgets | Context: {"processed_count":2}
[02:42:58 UTC] [INFO] Processing Elementor widgets | Context: {"widget_count":2}
[02:42:58 UTC] [INFO] Processing Elementor widgets | Context: {"widget_count":0}
[02:42:58 UTC] [INFO] Completed processing Elementor widgets | Context: {"processed_count":0}
[02:42:58 UTC] [INFO] Processing Elementor widgets | Context: {"widget_count":0}
[02:42:58 UTC] [INFO] Completed processing Elementor widgets | Context: {"processed_count":0}
[02:42:58 UTC] [INFO] Completed processing Elementor widgets | Context: {"processed_count":2}
[02:42:58 UTC] [INFO] Completed processing Elementor widgets | Context: {"processed_count":2}
[02:42:58 UTC] [INFO] Processing Elementor widgets | Context: {"widget_count":2}
[02:42:58 UTC] [INFO] Processing Elementor widgets | Context: {"widget_count":2}
[02:42:58 UTC] [INFO] Processing Elementor widgets | Context: {"widget_count":0}
[02:42:58 UTC] [INFO] Completed processing Elementor widgets | Context: {"processed_count":0}
[02:42:58 UTC] [INFO] Processing Elementor widgets | Context: {"widget_count":0}
[02:42:58 UTC] [INFO] Completed processing Elementor widgets | Context: {"processed_count":0}
[02:42:58 UTC] [INFO] Completed processing Elementor widgets | Context: {"processed_count":2}
[02:42:58 UTC] [INFO] Processing Elementor widgets | Context: {"widget_count":2}
[02:42:58 UTC] [INFO] Processing Elementor widgets | Context: {"widget_count":0}
[02:42:58 UTC] [INFO] Completed processing Elementor widgets | Context: {"processed_count":0}
[02:42:58 UTC] [INFO] Processing Elementor widgets | Context: {"widget_count":0}
[02:42:58 UTC] [INFO] Completed processing Elementor widgets | Context: {"processed_count":0}
[02:42:58 UTC] [INFO] Completed processing Elementor widgets | Context: {"processed_count":2}
[02:42:58 UTC] [INFO] Completed processing Elementor widgets | Context: {"processed_count":2}
[02:42:58 UTC] [INFO] Processing Elementor widgets | Context: {"widget_count":2}
[02:42:58 UTC] [INFO] Processing Elementor widgets | Context: {"widget_count":4}
[02:42:58 UTC] [INFO] Processing Elementor widgets | Context: {"widget_count":0}
[02:42:58 UTC] [INFO] Completed processing Elementor widgets | Context: {"processed_count":0}
[02:42:58 UTC] [INFO] Processing Elementor widgets | Context: {"widget_count":0}
[02:42:58 UTC] [INFO] Completed processing Elementor widgets | Context: {"processed_count":0}
[02:42:58 UTC] [INFO] Processing Elementor widgets | Context: {"widget_count":0}
[02:42:58 UTC] [INFO] Completed processing Elementor widgets | Context: {"processed_count":0}
[02:42:58 UTC] [INFO] Processing Elementor widgets | Context: {"widget_count":0}
[02:42:58 UTC] [INFO] Completed processing Elementor widgets | Context: {"processed_count":0}
[02:42:58 UTC] [INFO] Completed processing Elementor widgets | Context: {"processed_count":4}
[02:42:58 UTC] [INFO] Processing Elementor widgets | Context: {"widget_count":4}
[02:42:58 UTC] [INFO] Processing Elementor widgets | Context: {"widget_count":0}
[02:42:58 UTC] [INFO] Completed processing Elementor widgets | Context: {"processed_count":0}
[02:42:58 UTC] [INFO] Processing Elementor widgets | Context: {"widget_count":0}
[02:42:58 UTC] [INFO] Completed processing Elementor widgets | Context: {"processed_count":0}
[02:42:58 UTC] [INFO] Processing Elementor widgets | Context: {"widget_count":0}
[02:42:58 UTC] [INFO] Completed processing Elementor widgets | Context: {"processed_count":0}
[02:42:58 UTC] [INFO] Processing Elementor widgets | Context: {"widget_count":0}
[02:42:58 UTC] [INFO] Completed processing Elementor widgets | Context: {"processed_count":0}
[02:42:58 UTC] [INFO] Completed processing Elementor widgets | Context: {"processed_count":4}
[02:42:58 UTC] [INFO] Completed processing Elementor widgets | Context: {"processed_count":2}
[02:42:58 UTC] [INFO] Completed processing Elementor widgets | Context: {"processed_count":5}
[02:42:58 UTC] [SUCCESS] Updated Elementor data successfully | Context: {"post_id":6}
[02:42:58 UTC] [INFO] Cleared Elementor cache | Context: {"post_id":6}
[02:42:58 UTC] [SUCCESS] Completed processing Elementor post | Context: {"post_id":6}
[02:42:58 UTC] [INFO] Processing Elementor post | Context: {"post_id":7}
[02:42:58 UTC] [INFO] Processing Elementor widgets | Context: {"widget_count":4}
[02:42:58 UTC] [INFO] Processing Elementor widgets | Context: {"widget_count":1}
[02:42:58 UTC] [INFO] Processing Elementor widgets | Context: {"widget_count":1}
[02:42:58 UTC] [INFO] Processing Elementor widgets | Context: {"widget_count":0}
[02:42:58 UTC] [INFO] Completed processing Elementor widgets | Context: {"processed_count":0}
[02:42:58 UTC] [INFO] Completed processing Elementor widgets | Context: {"processed_count":1}
[02:42:58 UTC] [INFO] Completed processing Elementor widgets | Context: {"processed_count":1}
[02:42:58 UTC] [INFO] Processing Elementor widgets | Context: {"widget_count":1}
[02:42:58 UTC] [INFO] Processing Elementor widgets | Context: {"widget_count":3}
[02:42:58 UTC] [INFO] Processing Elementor widgets | Context: {"widget_count":0}
[02:42:58 UTC] [INFO] Completed processing Elementor widgets | Context: {"processed_count":0}
[02:42:58 UTC] [INFO] Processing Elementor widgets | Context: {"widget_count":0}
[02:42:58 UTC] [INFO] Completed processing Elementor widgets | Context: {"processed_count":0}
[02:42:58 UTC] [INFO] Processing Elementor widgets | Context: {"widget_count":0}
[02:42:58 UTC] [INFO] Completed processing Elementor widgets | Context: {"processed_count":0}
[02:42:58 UTC] [INFO] Completed processing Elementor widgets | Context: {"processed_count":3}
[02:42:58 UTC] [INFO] Completed processing Elementor widgets | Context: {"processed_count":1}
[02:42:58 UTC] [INFO] Processing Elementor widgets | Context: {"widget_count":1}
[02:42:58 UTC] [INFO] Processing Elementor widgets | Context: {"widget_count":3}
[02:42:58 UTC] [INFO] Processing Elementor widgets | Context: {"widget_count":0}
[02:42:58 UTC] [INFO] Completed processing Elementor widgets | Context: {"processed_count":0}
[02:42:58 UTC] [INFO] Processing Elementor widgets | Context: {"widget_count":0}
[02:42:58 UTC] [INFO] Completed processing Elementor widgets | Context: {"processed_count":0}
[02:42:58 UTC] [INFO] Processing Elementor widgets | Context: {"widget_count":0}
[02:42:58 UTC] [INFO] Completed processing Elementor widgets | Context: {"processed_count":0}
[02:42:58 UTC] [INFO] Completed processing Elementor widgets | Context: {"processed_count":3}
[02:42:58 UTC] [INFO] Completed processing Elementor widgets | Context: {"processed_count":1}
[02:42:58 UTC] [INFO] Processing Elementor widgets | Context: {"widget_count":1}
[02:42:58 UTC] [INFO] Processing Elementor widgets | Context: {"widget_count":3}
[02:42:58 UTC] [INFO] Processing Elementor widgets | Context: {"widget_count":0}
[02:42:58 UTC] [INFO] Completed processing Elementor widgets | Context: {"processed_count":0}
[02:42:58 UTC] [INFO] Processing Elementor widgets | Context: {"widget_count":0}
[02:42:58 UTC] [INFO] Completed processing Elementor widgets | Context: {"processed_count":0}
[02:42:58 UTC] [INFO] Processing Elementor widgets | Context: {"widget_count":0}
[02:42:58 UTC] [INFO] Completed processing Elementor widgets | Context: {"processed_count":0}
[02:42:58 UTC] [INFO] Completed processing Elementor widgets | Context: {"processed_count":3}
[02:42:58 UTC] [INFO] Completed processing Elementor widgets | Context: {"processed_count":1}
[02:42:58 UTC] [INFO] Completed processing Elementor widgets | Context: {"processed_count":4}
[02:42:58 UTC] [SUCCESS] Updated Elementor data successfully | Context: {"post_id":7}
[02:42:58 UTC] [INFO] Cleared Elementor cache | Context: {"post_id":7}
[02:42:58 UTC] [SUCCESS] Completed processing Elementor post | Context: {"post_id":7}
[02:42:58 UTC] [INFO] Processing Elementor post | Context: {"post_id":8}
[02:42:58 UTC] [INFO] Processing Elementor widgets | Context: {"widget_count":2}
[02:42:58 UTC] [INFO] Processing Elementor widgets | Context: {"widget_count":1}
[02:42:58 UTC] [INFO] Processing Elementor widgets | Context: {"widget_count":1}
[02:42:58 UTC] [INFO] Processing Elementor widgets | Context: {"widget_count":0}
[02:42:58 UTC] [INFO] Completed processing Elementor widgets | Context: {"processed_count":0}
[02:42:58 UTC] [INFO] Completed processing Elementor widgets | Context: {"processed_count":1}
[02:42:58 UTC] [INFO] Completed processing Elementor widgets | Context: {"processed_count":1}
[02:42:58 UTC] [INFO] Processing Elementor widgets | Context: {"widget_count":2}
[02:42:58 UTC] [INFO] Processing Elementor widgets | Context: {"widget_count":2}
[02:42:58 UTC] [INFO] Processing Elementor widgets | Context: {"widget_count":0}
[02:42:58 UTC] [INFO] Completed processing Elementor widgets | Context: {"processed_count":0}
[02:42:58 UTC] [INFO] Processing Elementor widgets | Context: {"widget_count":0}
[02:42:58 UTC] [INFO] Completed processing Elementor widgets | Context: {"processed_count":0}
[02:42:58 UTC] [INFO] Completed processing Elementor widgets | Context: {"processed_count":2}
[02:42:58 UTC] [INFO] Processing Elementor widgets | Context: {"widget_count":6}
[02:42:58 UTC] [INFO] Processing Elementor widgets | Context: {"widget_count":0}
[02:42:58 UTC] [INFO] Completed processing Elementor widgets | Context: {"processed_count":0}
[02:42:58 UTC] [INFO] Processing Elementor widgets | Context: {"widget_count":0}
[02:42:58 UTC] [INFO] Completed processing Elementor widgets | Context: {"processed_count":0}
[02:42:58 UTC] [INFO] Processing Elementor widgets | Context: {"widget_count":0}
[02:42:58 UTC] [INFO] Completed processing Elementor widgets | Context: {"processed_count":0}
[02:42:58 UTC] [INFO] Processing Elementor widgets | Context: {"widget_count":0}
[02:42:58 UTC] [INFO] Completed processing Elementor widgets | Context: {"processed_count":0}
[02:42:58 UTC] [INFO] Processing Elementor widgets | Context: {"widget_count":0}
[02:42:58 UTC] [INFO] Completed processing Elementor widgets | Context: {"processed_count":0}
[02:42:58 UTC] [INFO] Processing Elementor widgets | Context: {"widget_count":0}
[02:42:58 UTC] [INFO] Completed processing Elementor widgets | Context: {"processed_count":0}
[02:42:58 UTC] [INFO] Completed processing Elementor widgets | Context: {"processed_count":6}
[02:42:58 UTC] [INFO] Completed processing Elementor widgets | Context: {"processed_count":2}
[02:42:58 UTC] [INFO] Completed processing Elementor widgets | Context: {"processed_count":2}
[02:42:58 UTC] [SUCCESS] Updated Elementor data successfully | Context: {"post_id":8}
[02:42:58 UTC] [SUCCESS] Import completed successfully!
[02:42:58 UTC] [INFO] Cleared Elementor cache | Context: {"post_id":8}
[02:42:58 UTC] [SUCCESS] Completed processing Elementor post | Context: {"post_id":8}
[02:42:58 UTC] [INFO] Processing Elementor post | Context: {"post_id":1234}
[02:42:58 UTC] [INFO] Skipping post - not an Elementor page or missing data | Context: {"post_id":1234,"has_version":false,"has_data":false}
[02:42:58 UTC] [SUCCESS] Elementor batch processing completed successfully | Context: {"posts_processed":6}
[02:42:59 UTC] [INFO] Misc batch processing started
[02:42:59 UTC] [INFO] Misc batch processing skipped (not AI template)
[02:42:59 UTC] [SUCCESS] Plugin Activated | Context: {"success":true,"status":"activated","message":"Plugin Activated"}
[02:43:00 UTC] [INFO] Customizer image download batch processing started
[02:43:00 UTC] [INFO] Starting customizer image processing | Context: {"customizer_options_count":2232}
[02:43:00 UTC] [INFO] Processing customizer image | Context: {"original_url":"https:\/\/websitedemos.net\/outdoor-adventure-02\/wp-content\/uploads\/sites\/351\/2020\/01\/logo@2x.png"}
[02:43:00 UTC] [INFO] Starting image import for URL: https://websitedemos.net/outdoor-adventure-02/wp-content/uploads/sites/351/2020/01/logo@2x.png
[02:43:00 UTC] [INFO] Image already exists in media library (ID: 419), skipping download
[02:43:00 UTC] [SUCCESS] Customizer image processed successfully | Context: {"original_url":"https:\/\/websitedemos.net\/outdoor-adventure-02\/wp-content\/uploads\/sites\/351\/2020\/01\/logo@2x.png","downloaded_url":"http:\/\/localhost:8888\/wp-content\/uploads\/2020\/01\/logo@2x.png","image_data":{"id":"419","url":"http:\/\/localhost:8888\/wp-content\/uploads\/2020\/01\/logo@2x.png"}}
[02:43:00 UTC] [INFO] Processing customizer image | Context: {"original_url":"https:\/\/websitedemos.net\/outdoor-adventure-02\/wp-content\/uploads\/sites\/351\/2020\/01\/white-logo.png"}
[02:43:00 UTC] [INFO] Starting image import for URL: https://websitedemos.net/outdoor-adventure-02/wp-content/uploads/sites/351/2020/01/white-logo.png
[02:43:00 UTC] [INFO] Image already exists in media library (ID: 422), skipping download
[02:43:00 UTC] [SUCCESS] Customizer image processed successfully | Context: {"original_url":"https:\/\/websitedemos.net\/outdoor-adventure-02\/wp-content\/uploads\/sites\/351\/2020\/01\/white-logo.png","downloaded_url":"http:\/\/localhost:8888\/wp-content\/uploads\/2020\/01\/white-logo.png","image_data":{"id":"422","url":"http:\/\/localhost:8888\/wp-content\/uploads\/2020\/01\/white-logo.png"}}
[02:43:00 UTC] [INFO] Processing customizer image | Context: {"original_url":"https:\/\/websitedemos.net\/outdoor-adventure-02\/wp-content\/uploads\/sites\/351\/2020\/01\/white-logo@2x.png"}
[02:43:00 UTC] [INFO] Starting image import for URL: https://websitedemos.net/outdoor-adventure-02/wp-content/uploads/sites/351/2020/01/white-logo@2x.png
[02:43:00 UTC] [INFO] Image already exists in media library (ID: 421), skipping download
[02:43:00 UTC] [SUCCESS] Customizer image processed successfully | Context: {"original_url":"https:\/\/websitedemos.net\/outdoor-adventure-02\/wp-content\/uploads\/sites\/351\/2020\/01\/white-logo@2x.png","downloaded_url":"http:\/\/localhost:8888\/wp-content\/uploads\/2020\/01\/white-logo@2x.png","image_data":{"id":"421","url":"http:\/\/localhost:8888\/wp-content\/uploads\/2020\/01\/white-logo@2x.png"}}
[02:43:00 UTC] [SUCCESS] Customizer image download completed | Context: {"options_processed":2232,"images_processed_successfully":3,"images_failed":0,"total_images_attempted":3}
[02:43:00 UTC] [SUCCESS] Customizer batch import method completed
[02:43:00 UTC] [INFO] Starting CE image metadata processing | Context: {"total_attachments":37,"offset":10,"chunk_size":10}
[02:43:00 UTC] [INFO] Processing CE image batch | Context: {"batch_size":10,"offset":10}
[02:43:00 UTC] [INFO] Generating attachment metadata | Context: {"attachment_id":182,"file":"water-sports-03.jpg"}
[02:43:00 UTC] [INFO] Generating attachment metadata | Context: {"attachment_id":183,"file":"water-sports-04.jpg"}
[02:43:00 UTC] [INFO] Generating attachment metadata | Context: {"attachment_id":3184,"file":"winter-sports-01.jpg"}
[02:43:00 UTC] [INFO] Generating attachment metadata | Context: {"attachment_id":186,"file":"winter-sports-02.jpg"}
[02:43:00 UTC] [INFO] Generating attachment metadata | Context: {"attachment_id":187,"file":"winter-sports-03.jpg"}
[02:43:00 UTC] [INFO] Generating attachment metadata | Context: {"attachment_id":188,"file":"winter-sports-04.jpg"}
[02:43:00 UTC] [INFO] Generating attachment metadata | Context: {"attachment_id":190,"file":"camp-1.jpg"}
[02:43:01 UTC] [INFO] Import process completed. Cleaning up log file option.
[02:43:01 UTC] [INFO] Generating attachment metadata | Context: {"attachment_id":3185,"file":"camp-2.jpg"}
[02:43:01 UTC] [INFO] Generating attachment metadata | Context: {"attachment_id":3186,"file":"camp-3.jpg"}
[02:43:01 UTC] [INFO] Generating attachment metadata | Context: {"attachment_id":3187,"file":"camp-4.jpg"}
[02:43:01 UTC] [SUCCESS] CE image batch processing completed | Context: {"successful":10,"errors":0,"new_offset":20}