09-05-2024 @ 15:21:15 - ---[ New import started at 2024-09-05 15:21:15 ] PHP Memory: 256 MB, WP Memory: 40 MB
09-05-2024 @ 15:21:15 - Preparing for import.
09-05-2024 @ 15:21:15 - Row :1 - Parsing item.
09-05-2024 @ 15:21:15 - Row :1 - Processing item.
09-05-2024 @ 15:21:16 - Found order object. ID:508
09-05-2024 @ 15:21:16 - Row :1 - Order updated successfully.
09-05-2024 @ 15:21:16 - Row :2 - Parsing item.
09-05-2024 @ 15:21:16 - Row :2 - Parsing failed. Reason: Importing Order(ID) conflicts with an existing post. ID: 507
09-05-2024 @ 15:21:16 - Row :3 - Parsing item.
09-05-2024 @ 15:21:16 - Row :3 - Parsing failed. Reason: Importing Order(ID) conflicts with an existing post. ID: 506
09-05-2024 @ 15:21:16 - Row :4 - Parsing item.
09-05-2024 @ 15:21:16 - Row :4 - Parsing failed. Reason: Importing Order(ID) conflicts with an existing post. ID: 505
09-05-2024 @ 15:21:16 - Row :5 - Parsing item.
09-05-2024 @ 15:21:16 - Row :5 - Parsing failed. Reason: Importing Order(ID) conflicts with an existing post. ID: 503
09-05-2024 @ 15:21:16 - Row :6 - Parsing item.
09-05-2024 @ 15:21:16 - Row :6 - Parsing failed. Reason: Importing Order(ID) conflicts with an existing post. ID: 502
09-05-2024 @ 15:21:16 - Row :7 - Parsing item.
09-05-2024 @ 15:21:16 - Row :7 - Processing item.
09-05-2024 @ 15:21:17 - Found order object. ID:501
09-05-2024 @ 15:21:17 - Row :7 - Order updated successfully.
09-05-2024 @ 15:21:17 - Row :8 - Parsing item.
09-05-2024 @ 15:21:17 - Row :8 - Parsing failed. Reason: Importing Order(ID) conflicts with an existing post. ID: 500
09-05-2024 @ 15:21:17 - Row :9 - Parsing item.
09-05-2024 @ 15:21:17 - Row :9 - Parsing failed. Reason: Importing Order(ID) conflicts with an existing post. ID: 499
09-05-2024 @ 15:21:17 - Row :10 - Parsing item.
09-05-2024 @ 15:21:17 - Row :10 - Parsing failed. Reason: Importing Order(ID) conflicts with an existing post. ID: 498
09-05-2024 @ 15:21:18 - Preparing for import.
09-05-2024 @ 15:21:18 - Row :11 - Parsing item.
09-05-2024 @ 15:21:18 - Row :11 - Processing item.
09-05-2024 @ 15:21:19 - Found order object. ID:497
09-05-2024 @ 15:21:19 - Row :11 - Order updated successfully.
09-05-2024 @ 15:21:19 - Row :12 - Parsing item.
09-05-2024 @ 15:21:19 - Row :12 - Parsing failed. Reason: Importing Order(ID) conflicts with an existing post. ID: 496
09-05-2024 @ 15:21:19 - Row :13 - Parsing item.
09-05-2024 @ 15:21:19 - Row :13 - Processing item.
09-05-2024 @ 15:21:20 - Found order object. ID:495
09-05-2024 @ 15:21:20 - Row :13 - Order updated successfully.
09-05-2024 @ 15:21:20 - Row :14 - Parsing item.
09-05-2024 @ 15:21:20 - Row :14 - Parsing failed. Reason: Importing Order(ID) conflicts with an existing post. ID: 494
09-05-2024 @ 15:21:20 - Row :15 - Parsing item.
09-05-2024 @ 15:21:20 - Row :15 - Parsing failed. Reason: Importing Order(ID) conflicts with an existing post. ID: 493
09-05-2024 @ 15:21:20 - Row :16 - Parsing item.
09-05-2024 @ 15:21:20 - Row :16 - Parsing failed. Reason: Importing Order(ID) conflicts with an existing post. ID: 492
09-05-2024 @ 15:21:20 - Row :17 - Parsing item.
09-05-2024 @ 15:21:20 - Row :17 - Parsing failed. Reason: Importing Order(ID) conflicts with an existing post. ID: 491
09-05-2024 @ 15:21:20 - Row :18 - Parsing item.
09-05-2024 @ 15:21:20 - Row :18 - Processing item.
09-05-2024 @ 15:21:20 - Found order object. ID:458
09-05-2024 @ 15:21:20 - Row :18 - Order updated successfully.
09-05-2024 @ 15:21:20 - Row :19 - Parsing item.
09-05-2024 @ 15:21:20 - Row :19 - Parsing failed. Reason: Importing Order(ID) conflicts with an existing post. ID: 449
09-05-2024 @ 15:21:20 - Row :20 - Parsing item.
09-05-2024 @ 15:21:20 - Row :20 - Parsing failed. Reason: Importing Order(ID) conflicts with an existing post. ID: 448
09-05-2024 @ 15:21:21 - Preparing for import.
09-05-2024 @ 15:21:21 - Row :21 - Parsing item.
09-05-2024 @ 15:21:21 - Row :21 - Parsing failed. Reason: Importing Order(ID) conflicts with an existing post. ID: 447
09-05-2024 @ 15:21:21 - Row :22 - Parsing item.
09-05-2024 @ 15:21:21 - Row :22 - Processing item.
09-05-2024 @ 15:21:22 - Found order object. ID:446
09-05-2024 @ 15:21:22 - Row :22 - Order updated successfully.
09-05-2024 @ 15:21:22 - Row :23 - Parsing item.
09-05-2024 @ 15:21:22 - Row :23 - Processing item.
09-05-2024 @ 15:21:23 - Found order object. ID:445
09-05-2024 @ 15:21:23 - Row :23 - Order updated successfully.
09-05-2024 @ 15:21:23 - Row :24 - Parsing item.
09-05-2024 @ 15:21:23 - Row :24 - Processing item.
09-05-2024 @ 15:21:24 - Found order object. ID:444
09-05-2024 @ 15:21:24 - Row :24 - Order updated successfully.
09-05-2024 @ 15:21:24 - Row :25 - Parsing item.
09-05-2024 @ 15:21:24 - Row :25 - Processing item.
09-05-2024 @ 15:21:25 - Found order object. ID:443
09-05-2024 @ 15:21:25 - Row :25 - Order updated successfully.
09-05-2024 @ 15:21:25 - Row :26 - Parsing item.
09-05-2024 @ 15:21:25 - Row :26 - Parsing failed. Reason: Importing Order(ID) conflicts with an existing post. ID: 442
09-05-2024 @ 15:21:25 - Row :27 - Parsing item.
09-05-2024 @ 15:21:25 - Row :27 - Parsing failed. Reason: Importing Order(ID) conflicts with an existing post. ID: 441
09-05-2024 @ 15:21:25 - Row :28 - Parsing item.
09-05-2024 @ 15:21:25 - Row :28 - Processing item.
09-05-2024 @ 15:21:26 - Found order object. ID:440
09-05-2024 @ 15:21:26 - Row :28 - Order updated successfully.
09-05-2024 @ 15:21:26 - Row :29 - Parsing item.
09-05-2024 @ 15:21:26 - Row :29 - Parsing failed. Reason: Importing Order(ID) conflicts with an existing post. ID: 439
09-05-2024 @ 15:21:26 - Row :30 - Parsing item.
09-05-2024 @ 15:21:26 - Row :30 - Processing item.
09-05-2024 @ 15:21:26 - Found order object. ID:438
09-05-2024 @ 15:21:26 - Row :30 - Order updated successfully.
09-05-2024 @ 15:21:27 - Preparing for import.
09-05-2024 @ 15:21:27 - Row :31 - Parsing item.
09-05-2024 @ 15:21:27 - Row :31 - Parsing failed. Reason: Importing Order(ID) conflicts with an existing post. ID: 436
09-05-2024 @ 15:21:27 - Row :32 - Parsing item.
09-05-2024 @ 15:21:27 - Row :32 - Processing item.
09-05-2024 @ 15:21:28 - Found order object. ID:435
09-05-2024 @ 15:21:28 - Row :32 - Order updated successfully.
09-05-2024 @ 15:21:28 - Row :33 - Parsing item.
09-05-2024 @ 15:21:28 - Row :33 - Processing item.
09-05-2024 @ 15:21:29 - Found order object. ID:434
09-05-2024 @ 15:21:29 - Row :33 - Order updated successfully.
09-05-2024 @ 15:21:29 - Row :34 - Parsing item.
09-05-2024 @ 15:21:29 - Row :34 - Parsing failed. Reason: Importing Order(ID) conflicts with an existing post. ID: 431
09-05-2024 @ 15:21:29 - Row :35 - Parsing item.
09-05-2024 @ 15:21:29 - Row :35 - Parsing failed. Reason: Importing Order(ID) conflicts with an existing post. ID: 430
09-05-2024 @ 15:21:29 - Row :36 - Parsing item.
09-05-2024 @ 15:21:29 - Row :36 - Parsing failed. Reason: Importing Order(ID) conflicts with an existing post. ID: 429
09-05-2024 @ 15:21:29 - Row :37 - Parsing item.
09-05-2024 @ 15:21:29 - Row :37 - Parsing failed. Reason: Importing Order(ID) conflicts with an existing post. ID: 428
09-05-2024 @ 15:21:29 - Row :38 - Parsing item.
09-05-2024 @ 15:21:29 - Row :38 - Processing item.
09-05-2024 @ 15:21:30 - Found order object. ID:427
09-05-2024 @ 15:21:30 - Row :38 - Order updated successfully.
09-05-2024 @ 15:21:30 - Row :39 - Parsing item.
09-05-2024 @ 15:21:30 - Row :39 - Parsing failed. Reason: Importing Order(ID) conflicts with an existing post. ID: 426
09-05-2024 @ 15:21:30 - Row :40 - Parsing item.
09-05-2024 @ 15:21:30 - Row :40 - Parsing failed. Reason: Importing Order(ID) conflicts with an existing post. ID: 425
09-05-2024 @ 15:21:31 - Preparing for import.
09-05-2024 @ 15:21:31 - Row :41 - Parsing item.
09-05-2024 @ 15:21:31 - Row :41 - Processing item.
09-05-2024 @ 15:21:31 - Found order object. ID:424
09-05-2024 @ 15:21:31 - Row :41 - Order updated successfully.
09-05-2024 @ 15:21:31 - Row :42 - Parsing item.
09-05-2024 @ 15:21:31 - Row :42 - Parsing failed. Reason: Importing Order(ID) conflicts with an existing post. ID: 423
09-05-2024 @ 15:21:31 - Row :43 - Parsing item.
09-05-2024 @ 15:21:31 - Row :43 - Parsing failed. Reason: Importing Order(ID) conflicts with an existing post. ID: 422
09-05-2024 @ 15:21:31 - Row :44 - Parsing item.
09-05-2024 @ 15:21:31 - Row :44 - Parsing failed. Reason: Importing Order(ID) conflicts with an existing post. ID: 421
09-05-2024 @ 15:21:31 - Row :45 - Parsing item.
09-05-2024 @ 15:21:31 - Row :45 - Parsing failed. Reason: Importing Order(ID) conflicts with an existing post. ID: 420
09-05-2024 @ 15:21:31 - Row :46 - Parsing item.
09-05-2024 @ 15:21:31 - Row :46 - Parsing failed. Reason: Importing Order(ID) conflicts with an existing post. ID: 419
09-05-2024 @ 15:21:31 - Row :47 - Parsing item.
09-05-2024 @ 15:21:31 - Row :47 - Parsing failed. Reason: Importing Order(ID) conflicts with an existing post. ID: 417
09-05-2024 @ 15:21:31 - Row :48 - Parsing item.
09-05-2024 @ 15:21:31 - Row :48 - Parsing failed. Reason: Importing Order(ID) conflicts with an existing post. ID: 415
09-05-2024 @ 15:21:31 - Row :49 - Parsing item.
09-05-2024 @ 15:21:31 - Row :49 - Parsing failed. Reason: Importing Order(ID) conflicts with an existing post. ID: 414
09-05-2024 @ 15:21:31 - Row :50 - Parsing item.
09-05-2024 @ 15:21:31 - Row :50 - Parsing failed. Reason: Importing Order(ID) conflicts with an existing post. ID: 413
09-05-2024 @ 15:21:32 - Preparing for import.
09-05-2024 @ 15:21:32 - Row :51 - Parsing item.
09-05-2024 @ 15:21:32 - Row :51 - Parsing failed. Reason: Importing Order(ID) conflicts with an existing post. ID: 412
09-05-2024 @ 15:21:32 - Row :52 - Parsing item.
09-05-2024 @ 15:21:32 - Row :52 - Parsing failed. Reason: Importing Order(ID) conflicts with an existing post. ID: 411
09-05-2024 @ 15:21:32 - Row :53 - Parsing item.
09-05-2024 @ 15:21:32 - Row :53 - Parsing failed. Reason: Importing Order(ID) conflicts with an existing post. ID: 410
09-05-2024 @ 15:21:32 - Row :54 - Parsing item.
09-05-2024 @ 15:21:32 - Row :54 - Parsing failed. Reason: Importing Order(ID) conflicts with an existing post. ID: 409
09-05-2024 @ 15:21:32 - Row :55 - Parsing item.
09-05-2024 @ 15:21:32 - Row :55 - Parsing failed. Reason: Importing Order(ID) conflicts with an existing post. ID: 408
09-05-2024 @ 15:21:32 - Row :56 - Parsing item.
09-05-2024 @ 15:21:32 - Row :56 - Parsing failed. Reason: Importing Order(ID) conflicts with an existing post. ID: 407
09-05-2024 @ 15:21:32 - Row :57 - Parsing item.
09-05-2024 @ 15:21:32 - Row :57 - Parsing failed. Reason: Importing Order(ID) conflicts with an existing post. ID: 406
09-05-2024 @ 15:21:32 - Row :58 - Parsing item.
09-05-2024 @ 15:21:32 - Row :58 - Parsing failed. Reason: Importing Order(ID) conflicts with an existing post. ID: 405
09-05-2024 @ 15:21:32 - Row :59 - Parsing item.
09-05-2024 @ 15:21:32 - Row :59 - Parsing failed. Reason: Importing Order(ID) conflicts with an existing post. ID: 404
09-05-2024 @ 15:21:32 - Row :60 - Parsing item.
09-05-2024 @ 15:21:32 - Row :60 - Parsing failed. Reason: Importing Order(ID) conflicts with an existing post. ID: 403
09-05-2024 @ 15:21:33 - Preparing for import.
09-05-2024 @ 15:21:33 - Row :61 - Parsing item.
09-05-2024 @ 15:21:33 - Row :61 - Parsing failed. Reason: Importing Order(ID) conflicts with an existing post. ID: 400
09-05-2024 @ 15:21:33 - Row :62 - Parsing item.
09-05-2024 @ 15:21:33 - Row :62 - Processing item.
09-05-2024 @ 15:21:34 - Found order object. ID:399
09-05-2024 @ 15:21:34 - Row :62 - Order updated successfully.
09-05-2024 @ 15:21:34 - Row :63 - Parsing item.
09-05-2024 @ 15:21:34 - Row :63 - Parsing failed. Reason: Importing Order(ID) conflicts with an existing post. ID: 398
09-05-2024 @ 15:21:34 - Row :64 - Parsing item.
09-05-2024 @ 15:21:34 - Row :64 - Parsing failed. Reason: Importing Order(ID) conflicts with an existing post. ID: 396
09-05-2024 @ 15:21:34 - Row :65 - Parsing item.
09-05-2024 @ 15:21:34 - Row :65 - Parsing failed. Reason: Importing Order(ID) conflicts with an existing post. ID: 395
09-05-2024 @ 15:21:34 - Row :66 - Parsing item.
09-05-2024 @ 15:21:34 - Row :66 - Parsing failed. Reason: Importing Order(ID) conflicts with an existing post. ID: 394
09-05-2024 @ 15:21:34 - Row :67 - Parsing item.
09-05-2024 @ 15:21:34 - Row :67 - Parsing failed. Reason: Importing Order(ID) conflicts with an existing post. ID: 381
09-05-2024 @ 15:21:34 - Row :68 - Parsing item.
09-05-2024 @ 15:21:34 - Row :68 - Parsing failed. Reason: Importing Order(ID) conflicts with an existing post. ID: 380
09-05-2024 @ 15:21:34 - Row :69 - Parsing item.
09-05-2024 @ 15:21:34 - Row :69 - Parsing failed. Reason: Importing Order(ID) conflicts with an existing post. ID: 379
09-05-2024 @ 15:21:34 - Row :70 - Parsing item.
09-05-2024 @ 15:21:34 - Row :70 - Processing item.
09-05-2024 @ 15:21:35 - Found order object. ID:378
09-05-2024 @ 15:21:35 - Row :70 - Order updated successfully.
09-05-2024 @ 15:21:36 - Preparing for import.
09-05-2024 @ 15:21:36 - Row :71 - Parsing item.
09-05-2024 @ 15:21:36 - Row :71 - Parsing failed. Reason: Importing Order(ID) conflicts with an existing post. ID: 377
09-05-2024 @ 15:21:36 - Row :72 - Parsing item.
09-05-2024 @ 15:21:36 - Row :72 - Parsing failed. Reason: Importing Order(ID) conflicts with an existing post. ID: 376
09-05-2024 @ 15:21:36 - Row :73 - Parsing item.
09-05-2024 @ 15:21:36 - Row :73 - Parsing failed. Reason: Importing Order(ID) conflicts with an existing post. ID: 375
09-05-2024 @ 15:21:36 - Row :74 - Parsing item.
09-05-2024 @ 15:21:36 - Row :74 - Parsing failed. Reason: Importing Order(ID) conflicts with an existing post. ID: 365
09-05-2024 @ 15:21:36 - Row :75 - Parsing item.
09-05-2024 @ 15:21:36 - Row :75 - Parsing failed. Reason: Importing Order(ID) conflicts with an existing post. ID: 364
09-05-2024 @ 15:21:36 - Row :76 - Parsing item.
09-05-2024 @ 15:21:36 - Row :76 - Parsing failed. Reason: Importing Order(ID) conflicts with an existing post. ID: 363
09-05-2024 @ 15:21:36 - Row :77 - Parsing item.
09-05-2024 @ 15:21:36 - Row :77 - Parsing failed. Reason: Importing Order(ID) conflicts with an existing post. ID: 362
09-05-2024 @ 15:21:36 - Row :78 - Parsing item.
09-05-2024 @ 15:21:36 - Row :78 - Parsing failed. Reason: Importing Order(ID) conflicts with an existing post. ID: 359
09-05-2024 @ 15:21:36 - Row :79 - Parsing item.
09-05-2024 @ 15:21:36 - Row :79 - Parsing failed. Reason: Importing Order(ID) conflicts with an existing post. ID: 358
09-05-2024 @ 15:21:36 - Row :80 - Parsing item.
09-05-2024 @ 15:21:36 - Row :80 - Parsing failed. Reason: Importing Order(ID) conflicts with an existing post. ID: 357
09-05-2024 @ 15:21:37 - Preparing for import.
09-05-2024 @ 15:21:37 - Row :81 - Parsing item.
09-05-2024 @ 15:21:37 - Row :81 - Parsing failed. Reason: Importing Order(ID) conflicts with an existing post. ID: 356
09-05-2024 @ 15:21:37 - Row :82 - Parsing item.
09-05-2024 @ 15:21:37 - Row :82 - Parsing failed. Reason: Importing Order(ID) conflicts with an existing post. ID: 348
09-05-2024 @ 15:21:37 - Row :83 - Parsing item.
09-05-2024 @ 15:21:37 - Row :83 - Parsing failed. Reason: Importing Order(ID) conflicts with an existing post. ID: 347
09-05-2024 @ 15:21:37 - Row :84 - Parsing item.
09-05-2024 @ 15:21:37 - Row :84 - Parsing failed. Reason: Importing Order(ID) conflicts with an existing post. ID: 346
09-05-2024 @ 15:21:37 - Row :85 - Parsing item.
09-05-2024 @ 15:21:37 - Row :85 - Parsing failed. Reason: Importing Order(ID) conflicts with an existing post. ID: 345
09-05-2024 @ 15:21:37 - Row :86 - Parsing item.
09-05-2024 @ 15:21:37 - Row :86 - Processing item.
09-05-2024 @ 15:21:38 - Found order object. ID:343
09-05-2024 @ 15:21:38 - Row :86 - Order updated successfully.
09-05-2024 @ 15:21:38 - Row :87 - Parsing item.
09-05-2024 @ 15:21:38 - Row :87 - Parsing failed. Reason: Importing Order(ID) conflicts with an existing post. ID: 342
09-05-2024 @ 15:21:38 - Row :88 - Parsing item.
09-05-2024 @ 15:21:38 - Row :88 - Parsing failed. Reason: Importing Order(ID) conflicts with an existing post. ID: 341
09-05-2024 @ 15:21:38 - Row :89 - Parsing item.
09-05-2024 @ 15:21:38 - Row :89 - Parsing failed. Reason: Importing Order(ID) conflicts with an existing post. ID: 340
09-05-2024 @ 15:21:38 - Row :90 - Parsing item.
09-05-2024 @ 15:21:38 - Row :90 - Parsing failed. Reason: Importing Order(ID) conflicts with an existing post. ID: 339
09-05-2024 @ 15:21:39 - Preparing for import.
09-05-2024 @ 15:21:39 - Row :91 - Parsing item.
09-05-2024 @ 15:21:39 - Row :91 - Parsing failed. Reason: Importing Order(ID) conflicts with an existing post. ID: 338
09-05-2024 @ 15:21:39 - Row :92 - Parsing item.
09-05-2024 @ 15:21:39 - Row :92 - Parsing failed. Reason: Importing Order(ID) conflicts with an existing post. ID: 337
09-05-2024 @ 15:21:39 - Row :93 - Parsing item.
09-05-2024 @ 15:21:39 - Row :93 - Parsing failed. Reason: Importing Order(ID) conflicts with an existing post. ID: 336
09-05-2024 @ 15:21:39 - Row :94 - Parsing item.
09-05-2024 @ 15:21:39 - Row :94 - Parsing failed. Reason: Importing Order(ID) conflicts with an existing post. ID: 334
09-05-2024 @ 15:21:39 - Row :95 - Parsing item.
09-05-2024 @ 15:21:39 - Row :95 - Parsing failed. Reason: Importing Order(ID) conflicts with an existing post. ID: 333
09-05-2024 @ 15:21:39 - Row :96 - Parsing item.
09-05-2024 @ 15:21:39 - Row :96 - Parsing failed. Reason: Importing Order(ID) conflicts with an existing post. ID: 332
09-05-2024 @ 15:21:39 - Row :97 - Parsing item.
09-05-2024 @ 15:21:39 - Row :97 - Parsing failed. Reason: Importing Order(ID) conflicts with an existing post. ID: 331
09-05-2024 @ 15:21:39 - Row :98 - Parsing item.
09-05-2024 @ 15:21:39 - Row :98 - Parsing failed. Reason: Importing Order(ID) conflicts with an existing post. ID: 330
09-05-2024 @ 15:21:39 - Row :99 - Parsing item.
09-05-2024 @ 15:21:39 - Row :99 - Parsing failed. Reason: Importing Order(ID) conflicts with an existing post. ID: 329
09-05-2024 @ 15:21:39 - Row :100 - Parsing item.
09-05-2024 @ 15:21:39 - Row :100 - Parsing failed. Reason: Importing Order(ID) conflicts with an existing post. ID: 328
09-05-2024 @ 15:21:40 - Preparing for import.
09-05-2024 @ 15:21:40 - Row :101 - Parsing item.
09-05-2024 @ 15:21:40 - Row :101 - Parsing failed. Reason: Importing Order(ID) conflicts with an existing post. ID: 327
09-05-2024 @ 15:21:40 - Row :102 - Parsing item.
09-05-2024 @ 15:21:40 - Row :102 - Parsing failed. Reason: Importing Order(ID) conflicts with an existing post. ID: 326
09-05-2024 @ 15:21:40 - Row :103 - Parsing item.
09-05-2024 @ 15:21:40 - Row :103 - Processing item.
09-05-2024 @ 15:21:41 - Found order object. ID:325
09-05-2024 @ 15:21:41 - Row :103 - Order updated successfully.
09-05-2024 @ 15:21:41 - Row :104 - Parsing item.
09-05-2024 @ 15:21:41 - Row :104 - Processing item.
09-05-2024 @ 15:21:41 - Found order object. ID:323
09-05-2024 @ 15:21:42 - Row :104 - Order updated successfully.
09-05-2024 @ 15:21:42 - Row :105 - Parsing item.
09-05-2024 @ 15:21:42 - Row :105 - Processing item.
09-05-2024 @ 15:21:42 - Found order object. ID:322
09-05-2024 @ 15:21:42 - Row :105 - Order updated successfully.
09-05-2024 @ 15:21:42 - Row :106 - Parsing item.
09-05-2024 @ 15:21:42 - Row :106 - Processing item.
09-05-2024 @ 15:21:43 - Found order object. ID:321
09-05-2024 @ 15:21:43 - Row :106 - Order updated successfully.
09-05-2024 @ 15:21:43 - Row :107 - Parsing item.
09-05-2024 @ 15:21:43 - Row :107 - Parsing failed. Reason: Importing Order(ID) conflicts with an existing post. ID: 319
09-05-2024 @ 15:21:43 - Row :108 - Parsing item.
09-05-2024 @ 15:21:43 - Row :108 - Parsing failed. Reason: Importing Order(ID) conflicts with an existing post. ID: 318
09-05-2024 @ 15:21:43 - Row :109 - Parsing item.
09-05-2024 @ 15:21:43 - Row :109 - Parsing failed. Reason: Importing Order(ID) conflicts with an existing post. ID: 317
09-05-2024 @ 15:21:43 - Row :110 - Parsing item.
09-05-2024 @ 15:21:43 - Row :110 - Parsing failed. Reason: Importing Order(ID) conflicts with an existing post. ID: 316
09-05-2024 @ 15:21:44 - Preparing for import.
09-05-2024 @ 15:21:44 - Row :111 - Parsing item.
09-05-2024 @ 15:21:44 - Row :111 - Parsing failed. Reason: Importing Order(ID) conflicts with an existing post. ID: 315
09-05-2024 @ 15:21:44 - Row :112 - Parsing item.
09-05-2024 @ 15:21:44 - Row :112 - Parsing failed. Reason: Importing Order(ID) conflicts with an existing post. ID: 312
09-05-2024 @ 15:21:44 - Row :113 - Parsing item.
09-05-2024 @ 15:21:44 - Row :113 - Parsing failed. Reason: Importing Order(ID) conflicts with an existing post. ID: 311
09-05-2024 @ 15:21:44 - Row :114 - Parsing item.
09-05-2024 @ 15:21:44 - Row :114 - Parsing failed. Reason: Importing Order(ID) conflicts with an existing post. ID: 307
09-05-2024 @ 15:21:44 - Row :115 - Parsing item.
09-05-2024 @ 15:21:44 - Row :115 - Parsing failed. Reason: Importing Order(ID) conflicts with an existing post. ID: 306
09-05-2024 @ 15:21:44 - Row :116 - Parsing item.
09-05-2024 @ 15:21:44 - Row :116 - Parsing failed. Reason: Importing Order(ID) conflicts with an existing post. ID: 304
09-05-2024 @ 15:21:44 - Row :117 - Parsing item.
09-05-2024 @ 15:21:44 - Row :117 - Parsing failed. Reason: Importing Order(ID) conflicts with an existing post. ID: 303
09-05-2024 @ 15:21:44 - Row :118 - Parsing item.
09-05-2024 @ 15:21:44 - Row :118 - Parsing failed. Reason: Importing Order(ID) conflicts with an existing post. ID: 302
09-05-2024 @ 15:21:44 - Row :119 - Parsing item.
09-05-2024 @ 15:21:44 - Row :119 - Parsing failed. Reason: Importing Order(ID) conflicts with an existing post. ID: 301
09-05-2024 @ 15:21:44 - Row :120 - Parsing item.
09-05-2024 @ 15:21:44 - Row :120 - Parsing failed. Reason: Importing Order(ID) conflicts with an existing post. ID: 300
09-05-2024 @ 15:21:45 - Preparing for import.
09-05-2024 @ 15:21:45 - Row :121 - Parsing item.
09-05-2024 @ 15:21:45 - Row :121 - Processing item.
09-05-2024 @ 15:21:46 - Found order object. ID:298
09-05-2024 @ 15:21:46 - Row :121 - Order updated successfully.
09-05-2024 @ 15:21:46 - Row :122 - Parsing item.
09-05-2024 @ 15:21:46 - Row :122 - Processing item.
09-05-2024 @ 15:21:47 - Found order object. ID:297
09-05-2024 @ 15:21:47 - Row :122 - Order updated successfully.
09-05-2024 @ 15:21:47 - Row :123 - Parsing item.
09-05-2024 @ 15:21:47 - Row :123 - Processing item.
09-05-2024 @ 15:21:47 - Found order object. ID:296
09-05-2024 @ 15:21:47 - Row :123 - Order updated successfully.
09-05-2024 @ 15:21:47 - Row :124 - Parsing item.
09-05-2024 @ 15:21:47 - Row :124 - Processing item.
09-05-2024 @ 15:21:48 - Found order object. ID:295
09-05-2024 @ 15:21:48 - Row :124 - Order updated successfully.
09-05-2024 @ 15:21:48 - Row :125 - Parsing item.
09-05-2024 @ 15:21:48 - Row :125 - Processing item.
09-05-2024 @ 15:21:49 - Found order object. ID:292
09-05-2024 @ 15:21:49 - Row :125 - Order updated successfully.
09-05-2024 @ 15:21:49 - Row :126 - Parsing item.
09-05-2024 @ 15:21:49 - Row :126 - Processing item.
09-05-2024 @ 15:21:50 - Found order object. ID:291
09-05-2024 @ 15:21:50 - Row :126 - Order updated successfully.
09-05-2024 @ 15:21:50 - Row :127 - Parsing item.
09-05-2024 @ 15:21:50 - Row :127 - Processing item.
09-05-2024 @ 15:21:51 - Found order object. ID:290
09-05-2024 @ 15:21:51 - Row :127 - Order updated successfully.
09-05-2024 @ 15:21:51 - Row :128 - Parsing item.
09-05-2024 @ 15:21:51 - Row :128 - Processing item.
09-05-2024 @ 15:21:51 - Found order object. ID:289
09-05-2024 @ 15:21:52 - Row :128 - Order updated successfully.
09-05-2024 @ 15:21:52 - Row :129 - Parsing item.
09-05-2024 @ 15:21:52 - Row :129 - Processing item.
09-05-2024 @ 15:21:52 - Found order object. ID:288
09-05-2024 @ 15:21:52 - Row :129 - Order updated successfully.
09-05-2024 @ 15:21:52 - Row :130 - Parsing item.
09-05-2024 @ 15:21:52 - Row :130 - Processing item.
09-05-2024 @ 15:21:53 - Found order object. ID:285
09-05-2024 @ 15:21:53 - Row :130 - Order updated successfully.
09-05-2024 @ 15:21:54 - Preparing for import.
09-05-2024 @ 15:21:54 - Row :131 - Parsing item.
09-05-2024 @ 15:21:54 - Row :131 - Processing item.
09-05-2024 @ 15:21:55 - Found order object. ID:283
09-05-2024 @ 15:21:55 - Row :131 - Order updated successfully.
09-05-2024 @ 15:21:55 - Row :132 - Parsing item.
09-05-2024 @ 15:21:55 - Row :132 - Processing item.
09-05-2024 @ 15:21:56 - Found order object. ID:282
09-05-2024 @ 15:21:56 - Row :132 - Order updated successfully.
09-05-2024 @ 15:21:56 - Row :133 - Parsing item.
09-05-2024 @ 15:21:56 - Row :133 - Processing item.
09-05-2024 @ 15:21:56 - Found order object. ID:281
09-05-2024 @ 15:21:57 - Row :133 - Order updated successfully.
09-05-2024 @ 15:21:57 - Row :134 - Parsing item.
09-05-2024 @ 15:21:57 - Row :134 - Processing item.
09-05-2024 @ 15:21:57 - Found order object. ID:279
09-05-2024 @ 15:21:57 - Row :134 - Order updated successfully.
09-05-2024 @ 15:21:57 - Row :135 - Parsing item.
09-05-2024 @ 15:21:57 - Row :135 - Parsing failed. Reason: Importing Order(ID) conflicts with an existing post. ID: 260
09-05-2024 @ 15:21:57 - Row :136 - Parsing item.
09-05-2024 @ 15:21:57 - Row :136 - Processing item.
09-05-2024 @ 15:21:58 - Found order object. ID:238
09-05-2024 @ 15:21:58 - Row :136 - Order updated successfully.
09-05-2024 @ 15:21:58 - Row :137 - Parsing item.
09-05-2024 @ 15:21:58 - Row :137 - Processing item.
09-05-2024 @ 15:21:59 - Found order object. ID:229
09-05-2024 @ 15:21:59 - Row :137 - Order updated successfully.
09-05-2024 @ 15:21:59 - Row :138 - Parsing item.
09-05-2024 @ 15:21:59 - Row :138 - Processing item.
09-05-2024 @ 15:22:00 - Found order object. ID:223
09-05-2024 @ 15:22:00 - Row :138 - Order updated successfully.
09-05-2024 @ 15:22:00 - Row :139 - Parsing item.
09-05-2024 @ 15:22:00 - Row :139 - Processing item.
09-05-2024 @ 15:22:00 - Found order object. ID:207
09-05-2024 @ 15:22:00 - Row :139 - Order updated successfully.
09-05-2024 @ 15:22:00 - Row :140 - Parsing item.
09-05-2024 @ 15:22:00 - Row :140 - Processing item.
09-05-2024 @ 15:22:01 - Found order object. ID:201
09-05-2024 @ 15:22:01 - Row :140 - Order updated successfully.
09-05-2024 @ 15:22:01 - ---[ Import ended at 2024-09-05 15:22:01]---
