09-05-2024 @ 15:52:42 - ---[ New import started at 2024-09-05 15:52:42 ] PHP Memory: 256 MB, WP Memory: 40 MB
09-05-2024 @ 15:52:42 - Preparing for import.
09-05-2024 @ 15:52:42 - Row :1 - Parsing item.
09-05-2024 @ 15:52:42 - Importing as new coupon ID:1146
09-05-2024 @ 15:52:42 - Row :1 - Processing item.
09-05-2024 @ 15:52:42 - Found coupon object. ID:1146
09-05-2024 @ 15:52:42 - Row :1 - Coupon imported successfully.
09-05-2024 @ 15:52:42 - Row :2 - Parsing item.
09-05-2024 @ 15:52:42 - Importing as new coupon ID:1147
09-05-2024 @ 15:52:42 - Row :2 - Processing item.
09-05-2024 @ 15:52:42 - Found coupon object. ID:1147
09-05-2024 @ 15:52:42 - Row :2 - Coupon imported successfully.
09-05-2024 @ 15:52:42 - Row :3 - Parsing item.
09-05-2024 @ 15:52:42 - Importing as new coupon ID:232
09-05-2024 @ 15:52:42 - Row :3 - Processing item.
09-05-2024 @ 15:52:42 - Found coupon object. ID:232
09-05-2024 @ 15:52:42 - Row :3 - Coupon imported successfully.
09-05-2024 @ 15:52:42 - Row :4 - Parsing item.
09-05-2024 @ 15:52:42 - Importing as new coupon ID:233
09-05-2024 @ 15:52:42 - Row :4 - Processing item.
09-05-2024 @ 15:52:42 - Found coupon object. ID:233
09-05-2024 @ 15:52:42 - Row :4 - Coupon imported successfully.
09-05-2024 @ 15:52:42 - Row :5 - Parsing item.
09-05-2024 @ 15:52:42 - Importing as new coupon ID:234
09-05-2024 @ 15:52:42 - Row :5 - Processing item.
09-05-2024 @ 15:52:42 - Found coupon object. ID:234
09-05-2024 @ 15:52:42 - Row :5 - Coupon imported successfully.
09-05-2024 @ 15:52:42 - Row :6 - Parsing item.
09-05-2024 @ 15:52:42 - Importing as new coupon ID:235
09-05-2024 @ 15:52:42 - Row :6 - Processing item.
09-05-2024 @ 15:52:42 - Found coupon object. ID:235
09-05-2024 @ 15:52:42 - Row :6 - Coupon imported successfully.
09-05-2024 @ 15:52:42 - Row :7 - Parsing item.
09-05-2024 @ 15:52:42 - Importing as new coupon ID:451
09-05-2024 @ 15:52:42 - Row :7 - Processing item.
09-05-2024 @ 15:52:42 - Found coupon object. ID:451
09-05-2024 @ 15:52:42 - Row :7 - Coupon imported successfully.
09-05-2024 @ 15:52:42 - Row :8 - Parsing item.
09-05-2024 @ 15:52:42 - Importing as new coupon ID:452
09-05-2024 @ 15:52:42 - Row :8 - Processing item.
09-05-2024 @ 15:52:42 - Found coupon object. ID:452
09-05-2024 @ 15:52:42 - Row :8 - Coupon imported successfully.
09-05-2024 @ 15:52:42 - ---[ Import ended at 2024-09-05 15:52:42]---
