09-05-2024 @ 16:05:45 - ---[ New import started at 2024-09-05 16:05:45 ] PHP Memory: 256 MB, WP Memory: 40 MB
09-05-2024 @ 16:05:45 - Preparing for import.
09-05-2024 @ 16:05:45 - Row :1 - Parsing item.
09-05-2024 @ 16:05:45 - Row :1 - Parsing failed. Reason: Importing Order(ID) conflicts with an existing post. ID: 510
09-05-2024 @ 16:05:45 - Row :2 - Parsing item.
09-05-2024 @ 16:05:45 - Importing as new order ID:508
09-05-2024 @ 16:05:45 - Row :2 - Processing item.
09-05-2024 @ 16:05:46 - Found order object. ID:508
09-05-2024 @ 16:05:46 - Row :2 - Order imported successfully.
09-05-2024 @ 16:05:46 - Row :3 - Parsing item.
09-05-2024 @ 16:05:46 - Row :3 - Parsing failed. Reason: Importing Order(ID) conflicts with an existing post. ID: 507
09-05-2024 @ 16:05:46 - Row :4 - Parsing item.
09-05-2024 @ 16:05:46 - Row :4 - Parsing failed. Reason: Importing Order(ID) conflicts with an existing post. ID: 506
09-05-2024 @ 16:05:46 - Row :5 - Parsing item.
09-05-2024 @ 16:05:46 - Row :5 - Parsing failed. Reason: Importing Order(ID) conflicts with an existing post. ID: 505
09-05-2024 @ 16:05:46 - Row :6 - Parsing item.
09-05-2024 @ 16:05:46 - Row :6 - Parsing failed. Reason: Importing Order(ID) conflicts with an existing post. ID: 503
09-05-2024 @ 16:05:46 - Row :7 - Parsing item.
09-05-2024 @ 16:05:46 - Row :7 - Parsing failed. Reason: Importing Order(ID) conflicts with an existing post. ID: 502
09-05-2024 @ 16:05:46 - Row :8 - Parsing item.
09-05-2024 @ 16:05:46 - Importing as new order ID:501
09-05-2024 @ 16:05:46 - Row :8 - Processing item.
09-05-2024 @ 16:05:47 - Found order object. ID:501
09-05-2024 @ 16:05:47 - Row :8 - Order imported successfully.
09-05-2024 @ 16:05:47 - Row :9 - Parsing item.
09-05-2024 @ 16:05:47 - Row :9 - Parsing failed. Reason: Importing Order(ID) conflicts with an existing post. ID: 500
09-05-2024 @ 16:05:47 - Row :10 - Parsing item.
09-05-2024 @ 16:05:47 - Row :10 - Parsing failed. Reason: Importing Order(ID) conflicts with an existing post. ID: 499
09-05-2024 @ 16:05:48 - Preparing for import.
09-05-2024 @ 16:05:48 - Row :11 - Parsing item.
09-05-2024 @ 16:05:48 - Row :11 - Parsing failed. Reason: Importing Order(ID) conflicts with an existing post. ID: 498
09-05-2024 @ 16:05:48 - Row :12 - Parsing item.
09-05-2024 @ 16:05:48 - Importing as new order ID:497
09-05-2024 @ 16:05:48 - Row :12 - Processing item.
09-05-2024 @ 16:05:49 - Found order object. ID:497
09-05-2024 @ 16:05:49 - Row :12 - Order imported successfully.
09-05-2024 @ 16:05:49 - Row :13 - Parsing item.
09-05-2024 @ 16:05:49 - Row :13 - Parsing failed. Reason: Importing Order(ID) conflicts with an existing post. ID: 496
09-05-2024 @ 16:05:49 - Row :14 - Parsing item.
09-05-2024 @ 16:05:49 - Importing as new order ID:495
09-05-2024 @ 16:05:49 - Row :14 - Processing item.
09-05-2024 @ 16:05:49 - Found order object. ID:495
09-05-2024 @ 16:05:49 - Row :14 - Order imported successfully.
09-05-2024 @ 16:05:49 - Row :15 - Parsing item.
09-05-2024 @ 16:05:49 - Row :15 - Parsing failed. Reason: Importing Order(ID) conflicts with an existing post. ID: 494
09-05-2024 @ 16:05:49 - Row :16 - Parsing item.
09-05-2024 @ 16:05:49 - Row :16 - Parsing failed. Reason: Importing Order(ID) conflicts with an existing post. ID: 493
09-05-2024 @ 16:05:49 - Row :17 - Parsing item.
09-05-2024 @ 16:05:49 - Row :17 - Parsing failed. Reason: Importing Order(ID) conflicts with an existing post. ID: 492
09-05-2024 @ 16:05:49 - Row :18 - Parsing item.
09-05-2024 @ 16:05:49 - Row :18 - Parsing failed. Reason: Importing Order(ID) conflicts with an existing post. ID: 491
09-05-2024 @ 16:05:49 - Row :19 - Parsing item.
09-05-2024 @ 16:05:50 - Importing as new order ID:458
09-05-2024 @ 16:05:50 - Row :19 - Processing item.
09-05-2024 @ 16:05:50 - Found order object. ID:458
09-05-2024 @ 16:05:50 - Row :19 - Order imported successfully.
09-05-2024 @ 16:05:50 - Row :20 - Parsing item.
09-05-2024 @ 16:05:50 - Row :20 - Parsing failed. Reason: Importing Order(ID) conflicts with an existing post. ID: 449
09-05-2024 @ 16:05:51 - Preparing for import.
09-05-2024 @ 16:05:51 - Row :21 - Parsing item.
09-05-2024 @ 16:05:51 - Row :21 - Parsing failed. Reason: Importing Order(ID) conflicts with an existing post. ID: 448
09-05-2024 @ 16:05:51 - Row :22 - Parsing item.
09-05-2024 @ 16:05:51 - Row :22 - Parsing failed. Reason: Importing Order(ID) conflicts with an existing post. ID: 447
09-05-2024 @ 16:05:51 - Row :23 - Parsing item.
09-05-2024 @ 16:05:51 - Importing as new order ID:446
09-05-2024 @ 16:05:51 - Row :23 - Processing item.
09-05-2024 @ 16:05:52 - Found order object. ID:446
09-05-2024 @ 16:05:52 - Row :23 - Order imported successfully.
09-05-2024 @ 16:05:52 - Row :24 - Parsing item.
09-05-2024 @ 16:05:52 - Importing as new order ID:445
09-05-2024 @ 16:05:52 - Row :24 - Processing item.
09-05-2024 @ 16:05:53 - Found order object. ID:445
09-05-2024 @ 16:05:53 - Row :24 - Order imported successfully.
09-05-2024 @ 16:05:53 - Row :25 - Parsing item.
09-05-2024 @ 16:05:53 - Importing as new order ID:444
09-05-2024 @ 16:05:53 - Row :25 - Processing item.
09-05-2024 @ 16:05:54 - Found order object. ID:444
09-05-2024 @ 16:05:54 - Row :25 - Order imported successfully.
09-05-2024 @ 16:05:54 - Row :26 - Parsing item.
09-05-2024 @ 16:05:54 - Importing as new order ID:443
09-05-2024 @ 16:05:54 - Row :26 - Processing item.
09-05-2024 @ 16:05:55 - Found order object. ID:443
09-05-2024 @ 16:05:55 - Row :26 - Order imported successfully.
09-05-2024 @ 16:05:55 - Row :27 - Parsing item.
09-05-2024 @ 16:05:55 - Row :27 - Parsing failed. Reason: Importing Order(ID) conflicts with an existing post. ID: 442
09-05-2024 @ 16:05:55 - Row :28 - Parsing item.
09-05-2024 @ 16:05:55 - Row :28 - Parsing failed. Reason: Importing Order(ID) conflicts with an existing post. ID: 441
09-05-2024 @ 16:05:55 - Row :29 - Parsing item.
09-05-2024 @ 16:05:55 - Importing as new order ID:440
09-05-2024 @ 16:05:55 - Row :29 - Processing item.
09-05-2024 @ 16:05:56 - Found order object. ID:440
09-05-2024 @ 16:05:56 - Row :29 - Order imported successfully.
09-05-2024 @ 16:05:56 - Row :30 - Parsing item.
09-05-2024 @ 16:05:56 - Row :30 - Parsing failed. Reason: Importing Order(ID) conflicts with an existing post. ID: 439
09-05-2024 @ 16:05:57 - Preparing for import.
09-05-2024 @ 16:05:57 - Row :31 - Parsing item.
09-05-2024 @ 16:05:57 - Importing as new order ID:438
09-05-2024 @ 16:05:57 - Row :31 - Processing item.
09-05-2024 @ 16:05:57 - Found order object. ID:438
09-05-2024 @ 16:05:57 - Row :31 - Order imported successfully.
09-05-2024 @ 16:05:57 - Row :32 - Parsing item.
09-05-2024 @ 16:05:57 - Row :32 - Parsing failed. Reason: Importing Order(ID) conflicts with an existing post. ID: 436
09-05-2024 @ 16:05:57 - Row :33 - Parsing item.
09-05-2024 @ 16:05:57 - Importing as new order ID:435
09-05-2024 @ 16:05:57 - Row :33 - Processing item.
09-05-2024 @ 16:05:58 - Found order object. ID:435
09-05-2024 @ 16:05:58 - Row :33 - Order imported successfully.
09-05-2024 @ 16:05:58 - Row :34 - Parsing item.
09-05-2024 @ 16:05:58 - Importing as new order ID:434
09-05-2024 @ 16:05:58 - Row :34 - Processing item.
09-05-2024 @ 16:05:59 - Found order object. ID:434
09-05-2024 @ 16:05:59 - Row :34 - Order imported successfully.
09-05-2024 @ 16:05:59 - Row :35 - Parsing item.
09-05-2024 @ 16:05:59 - Row :35 - Parsing failed. Reason: Importing Order(ID) conflicts with an existing post. ID: 431
09-05-2024 @ 16:05:59 - Row :36 - Parsing item.
09-05-2024 @ 16:05:59 - Row :36 - Parsing failed. Reason: Importing Order(ID) conflicts with an existing post. ID: 430
09-05-2024 @ 16:05:59 - Row :37 - Parsing item.
09-05-2024 @ 16:05:59 - Row :37 - Parsing failed. Reason: Importing Order(ID) conflicts with an existing post. ID: 429
09-05-2024 @ 16:05:59 - Row :38 - Parsing item.
09-05-2024 @ 16:05:59 - Row :38 - Parsing failed. Reason: Importing Order(ID) conflicts with an existing post. ID: 428
09-05-2024 @ 16:05:59 - Row :39 - Parsing item.
09-05-2024 @ 16:05:59 - Importing as new order ID:427
09-05-2024 @ 16:05:59 - Row :39 - Processing item.
09-05-2024 @ 16:06:00 - Found order object. ID:427
09-05-2024 @ 16:06:00 - Row :39 - Order imported successfully.
09-05-2024 @ 16:06:00 - Row :40 - Parsing item.
09-05-2024 @ 16:06:00 - Row :40 - Parsing failed. Reason: Importing Order(ID) conflicts with an existing post. ID: 426
09-05-2024 @ 16:06:01 - Preparing for import.
09-05-2024 @ 16:06:01 - Row :41 - Parsing item.
09-05-2024 @ 16:06:01 - Row :41 - Parsing failed. Reason: Importing Order(ID) conflicts with an existing post. ID: 425
09-05-2024 @ 16:06:01 - Row :42 - Parsing item.
09-05-2024 @ 16:06:01 - Importing as new order ID:424
09-05-2024 @ 16:06:01 - Row :42 - Processing item.
09-05-2024 @ 16:06:02 - Found order object. ID:424
09-05-2024 @ 16:06:02 - Row :42 - Order imported successfully.
09-05-2024 @ 16:06:02 - Row :43 - Parsing item.
09-05-2024 @ 16:06:02 - Row :43 - Parsing failed. Reason: Importing Order(ID) conflicts with an existing post. ID: 423
09-05-2024 @ 16:06:02 - Row :44 - Parsing item.
09-05-2024 @ 16:06:02 - Row :44 - Parsing failed. Reason: Importing Order(ID) conflicts with an existing post. ID: 422
09-05-2024 @ 16:06:02 - Row :45 - Parsing item.
09-05-2024 @ 16:06:02 - Row :45 - Parsing failed. Reason: Importing Order(ID) conflicts with an existing post. ID: 421
09-05-2024 @ 16:06:02 - Row :46 - Parsing item.
09-05-2024 @ 16:06:02 - Row :46 - Parsing failed. Reason: Importing Order(ID) conflicts with an existing post. ID: 420
09-05-2024 @ 16:06:02 - Row :47 - Parsing item.
09-05-2024 @ 16:06:02 - Row :47 - Parsing failed. Reason: Importing Order(ID) conflicts with an existing post. ID: 419
09-05-2024 @ 16:06:02 - Row :48 - Parsing item.
09-05-2024 @ 16:06:02 - Row :48 - Parsing failed. Reason: Importing Order(ID) conflicts with an existing post. ID: 417
09-05-2024 @ 16:06:02 - Row :49 - Parsing item.
09-05-2024 @ 16:06:02 - Row :49 - Parsing failed. Reason: Importing Order(ID) conflicts with an existing post. ID: 415
09-05-2024 @ 16:06:02 - Row :50 - Parsing item.
09-05-2024 @ 16:06:02 - Row :50 - Parsing failed. Reason: Importing Order(ID) conflicts with an existing post. ID: 414
09-05-2024 @ 16:06:03 - Preparing for import.
09-05-2024 @ 16:06:03 - Row :51 - Parsing item.
09-05-2024 @ 16:06:03 - Row :51 - Parsing failed. Reason: Importing Order(ID) conflicts with an existing post. ID: 413
09-05-2024 @ 16:06:03 - Row :52 - Parsing item.
09-05-2024 @ 16:06:03 - Row :52 - Parsing failed. Reason: Importing Order(ID) conflicts with an existing post. ID: 412
09-05-2024 @ 16:06:03 - Row :53 - Parsing item.
09-05-2024 @ 16:06:03 - Row :53 - Parsing failed. Reason: Importing Order(ID) conflicts with an existing post. ID: 411
09-05-2024 @ 16:06:03 - Row :54 - Parsing item.
09-05-2024 @ 16:06:03 - Row :54 - Parsing failed. Reason: Importing Order(ID) conflicts with an existing post. ID: 410
09-05-2024 @ 16:06:03 - Row :55 - Parsing item.
09-05-2024 @ 16:06:03 - Row :55 - Parsing failed. Reason: Importing Order(ID) conflicts with an existing post. ID: 409
09-05-2024 @ 16:06:03 - Row :56 - Parsing item.
09-05-2024 @ 16:06:03 - Row :56 - Parsing failed. Reason: Importing Order(ID) conflicts with an existing post. ID: 408
09-05-2024 @ 16:06:03 - Row :57 - Parsing item.
09-05-2024 @ 16:06:03 - Row :57 - Parsing failed. Reason: Importing Order(ID) conflicts with an existing post. ID: 407
09-05-2024 @ 16:06:03 - Row :58 - Parsing item.
09-05-2024 @ 16:06:03 - Row :58 - Parsing failed. Reason: Importing Order(ID) conflicts with an existing post. ID: 406
09-05-2024 @ 16:06:03 - Row :59 - Parsing item.
09-05-2024 @ 16:06:03 - Row :59 - Parsing failed. Reason: Importing Order(ID) conflicts with an existing post. ID: 405
09-05-2024 @ 16:06:03 - Row :60 - Parsing item.
09-05-2024 @ 16:06:03 - Row :60 - Parsing failed. Reason: Importing Order(ID) conflicts with an existing post. ID: 404
09-05-2024 @ 16:06:04 - Preparing for import.
09-05-2024 @ 16:06:04 - Row :61 - Parsing item.
09-05-2024 @ 16:06:04 - Row :61 - Parsing failed. Reason: Importing Order(ID) conflicts with an existing post. ID: 403
09-05-2024 @ 16:06:04 - Row :62 - Parsing item.
09-05-2024 @ 16:06:04 - Row :62 - Parsing failed. Reason: Importing Order(ID) conflicts with an existing post. ID: 400
09-05-2024 @ 16:06:04 - Row :63 - Parsing item.
09-05-2024 @ 16:06:04 - Importing as new order ID:399
09-05-2024 @ 16:06:04 - Row :63 - Processing item.
09-05-2024 @ 16:06:05 - Found order object. ID:399
09-05-2024 @ 16:06:05 - Row :63 - Order imported successfully.
09-05-2024 @ 16:06:05 - Row :64 - Parsing item.
09-05-2024 @ 16:06:05 - Row :64 - Parsing failed. Reason: Importing Order(ID) conflicts with an existing post. ID: 398
09-05-2024 @ 16:06:05 - Row :65 - Parsing item.
09-05-2024 @ 16:06:05 - Row :65 - Parsing failed. Reason: Importing Order(ID) conflicts with an existing post. ID: 396
09-05-2024 @ 16:06:05 - Row :66 - Parsing item.
09-05-2024 @ 16:06:05 - Row :66 - Parsing failed. Reason: Importing Order(ID) conflicts with an existing post. ID: 395
09-05-2024 @ 16:06:05 - Row :67 - Parsing item.
09-05-2024 @ 16:06:05 - Row :67 - Parsing failed. Reason: Importing Order(ID) conflicts with an existing post. ID: 394
09-05-2024 @ 16:06:05 - Row :68 - Parsing item.
09-05-2024 @ 16:06:05 - Row :68 - Parsing failed. Reason: Importing Order(ID) conflicts with an existing post. ID: 381
09-05-2024 @ 16:06:05 - Row :69 - Parsing item.
09-05-2024 @ 16:06:05 - Row :69 - Parsing failed. Reason: Importing Order(ID) conflicts with an existing post. ID: 380
09-05-2024 @ 16:06:05 - Row :70 - Parsing item.
09-05-2024 @ 16:06:05 - Row :70 - Parsing failed. Reason: Importing Order(ID) conflicts with an existing post. ID: 379
09-05-2024 @ 16:06:06 - Preparing for import.
09-05-2024 @ 16:06:06 - Row :71 - Parsing item.
09-05-2024 @ 16:06:06 - Importing as new order ID:378
09-05-2024 @ 16:06:06 - Row :71 - Processing item.
09-05-2024 @ 16:06:07 - Found order object. ID:378
09-05-2024 @ 16:06:07 - Row :71 - Order imported successfully.
09-05-2024 @ 16:06:07 - Row :72 - Parsing item.
09-05-2024 @ 16:06:07 - Row :72 - Parsing failed. Reason: Importing Order(ID) conflicts with an existing post. ID: 377
09-05-2024 @ 16:06:07 - Row :73 - Parsing item.
09-05-2024 @ 16:06:07 - Row :73 - Parsing failed. Reason: Importing Order(ID) conflicts with an existing post. ID: 376
09-05-2024 @ 16:06:07 - Row :74 - Parsing item.
09-05-2024 @ 16:06:07 - Row :74 - Parsing failed. Reason: Importing Order(ID) conflicts with an existing post. ID: 375
09-05-2024 @ 16:06:07 - Row :75 - Parsing item.
09-05-2024 @ 16:06:07 - Row :75 - Parsing failed. Reason: Importing Order(ID) conflicts with an existing post. ID: 365
09-05-2024 @ 16:06:07 - Row :76 - Parsing item.
09-05-2024 @ 16:06:07 - Row :76 - Parsing failed. Reason: Importing Order(ID) conflicts with an existing post. ID: 364
09-05-2024 @ 16:06:07 - Row :77 - Parsing item.
09-05-2024 @ 16:06:07 - Row :77 - Parsing failed. Reason: Importing Order(ID) conflicts with an existing post. ID: 363
09-05-2024 @ 16:06:07 - Row :78 - Parsing item.
09-05-2024 @ 16:06:07 - Row :78 - Parsing failed. Reason: Importing Order(ID) conflicts with an existing post. ID: 362
09-05-2024 @ 16:06:07 - Row :79 - Parsing item.
09-05-2024 @ 16:06:07 - Row :79 - Parsing failed. Reason: Importing Order(ID) conflicts with an existing post. ID: 359
09-05-2024 @ 16:06:07 - Row :80 - Parsing item.
09-05-2024 @ 16:06:07 - Row :80 - Parsing failed. Reason: Importing Order(ID) conflicts with an existing post. ID: 358
09-05-2024 @ 16:06:08 - Preparing for import.
09-05-2024 @ 16:06:08 - Row :81 - Parsing item.
09-05-2024 @ 16:06:08 - Row :81 - Parsing failed. Reason: Importing Order(ID) conflicts with an existing post. ID: 357
09-05-2024 @ 16:06:08 - Row :82 - Parsing item.
09-05-2024 @ 16:06:08 - Row :82 - Parsing failed. Reason: Importing Order(ID) conflicts with an existing post. ID: 356
09-05-2024 @ 16:06:08 - Row :83 - Parsing item.
09-05-2024 @ 16:06:08 - Row :83 - Parsing failed. Reason: Importing Order(ID) conflicts with an existing post. ID: 348
09-05-2024 @ 16:06:08 - Row :84 - Parsing item.
09-05-2024 @ 16:06:08 - Row :84 - Parsing failed. Reason: Importing Order(ID) conflicts with an existing post. ID: 347
09-05-2024 @ 16:06:08 - Row :85 - Parsing item.
09-05-2024 @ 16:06:08 - Row :85 - Parsing failed. Reason: Importing Order(ID) conflicts with an existing post. ID: 346
09-05-2024 @ 16:06:08 - Row :86 - Parsing item.
09-05-2024 @ 16:06:08 - Row :86 - Parsing failed. Reason: Importing Order(ID) conflicts with an existing post. ID: 345
09-05-2024 @ 16:06:08 - Row :87 - Parsing item.
09-05-2024 @ 16:06:08 - Importing as new order ID:343
09-05-2024 @ 16:06:08 - Row :87 - Processing item.
09-05-2024 @ 16:06:09 - Found order object. ID:343
09-05-2024 @ 16:06:09 - Row :87 - Order imported successfully.
09-05-2024 @ 16:06:09 - Row :88 - Parsing item.
09-05-2024 @ 16:06:09 - Row :88 - Parsing failed. Reason: Importing Order(ID) conflicts with an existing post. ID: 342
09-05-2024 @ 16:06:09 - Row :89 - Parsing item.
09-05-2024 @ 16:06:09 - Row :89 - Parsing failed. Reason: Importing Order(ID) conflicts with an existing post. ID: 341
09-05-2024 @ 16:06:09 - Row :90 - Parsing item.
09-05-2024 @ 16:06:09 - Row :90 - Parsing failed. Reason: Importing Order(ID) conflicts with an existing post. ID: 340
09-05-2024 @ 16:06:10 - Preparing for import.
09-05-2024 @ 16:06:10 - Row :91 - Parsing item.
09-05-2024 @ 16:06:10 - Row :91 - Parsing failed. Reason: Importing Order(ID) conflicts with an existing post. ID: 339
09-05-2024 @ 16:06:10 - Row :92 - Parsing item.
09-05-2024 @ 16:06:10 - Row :92 - Parsing failed. Reason: Importing Order(ID) conflicts with an existing post. ID: 338
09-05-2024 @ 16:06:10 - Row :93 - Parsing item.
09-05-2024 @ 16:06:10 - Row :93 - Parsing failed. Reason: Importing Order(ID) conflicts with an existing post. ID: 337
09-05-2024 @ 16:06:10 - Row :94 - Parsing item.
09-05-2024 @ 16:06:10 - Row :94 - Parsing failed. Reason: Importing Order(ID) conflicts with an existing post. ID: 336
09-05-2024 @ 16:06:10 - Row :95 - Parsing item.
09-05-2024 @ 16:06:10 - Row :95 - Parsing failed. Reason: Importing Order(ID) conflicts with an existing post. ID: 334
09-05-2024 @ 16:06:10 - Row :96 - Parsing item.
09-05-2024 @ 16:06:10 - Row :96 - Parsing failed. Reason: Importing Order(ID) conflicts with an existing post. ID: 333
09-05-2024 @ 16:06:10 - Row :97 - Parsing item.
09-05-2024 @ 16:06:10 - Row :97 - Parsing failed. Reason: Importing Order(ID) conflicts with an existing post. ID: 332
09-05-2024 @ 16:06:10 - Row :98 - Parsing item.
09-05-2024 @ 16:06:10 - Row :98 - Parsing failed. Reason: Importing Order(ID) conflicts with an existing post. ID: 331
09-05-2024 @ 16:06:10 - Row :99 - Parsing item.
09-05-2024 @ 16:06:10 - Row :99 - Parsing failed. Reason: Importing Order(ID) conflicts with an existing post. ID: 330
09-05-2024 @ 16:06:10 - Row :100 - Parsing item.
09-05-2024 @ 16:06:10 - Row :100 - Parsing failed. Reason: Importing Order(ID) conflicts with an existing post. ID: 329
09-05-2024 @ 16:06:11 - Preparing for import.
09-05-2024 @ 16:06:11 - Row :101 - Parsing item.
09-05-2024 @ 16:06:11 - Row :101 - Parsing failed. Reason: Importing Order(ID) conflicts with an existing post. ID: 328
09-05-2024 @ 16:06:11 - Row :102 - Parsing item.
09-05-2024 @ 16:06:11 - Row :102 - Parsing failed. Reason: Importing Order(ID) conflicts with an existing post. ID: 327
09-05-2024 @ 16:06:11 - Row :103 - Parsing item.
09-05-2024 @ 16:06:11 - Row :103 - Parsing failed. Reason: Importing Order(ID) conflicts with an existing post. ID: 326
09-05-2024 @ 16:06:11 - Row :104 - Parsing item.
09-05-2024 @ 16:06:11 - Importing as new order ID:325
09-05-2024 @ 16:06:11 - Row :104 - Processing item.
09-05-2024 @ 16:06:11 - Found order object. ID:325
09-05-2024 @ 16:06:12 - Row :104 - Order imported successfully.
09-05-2024 @ 16:06:12 - Row :105 - Parsing item.
09-05-2024 @ 16:06:12 - Importing as new order ID:323
09-05-2024 @ 16:06:12 - Row :105 - Processing item.
09-05-2024 @ 16:06:12 - Found order object. ID:323
09-05-2024 @ 16:06:12 - Row :105 - Order imported successfully.
09-05-2024 @ 16:06:12 - Row :106 - Parsing item.
09-05-2024 @ 16:06:12 - Importing as new order ID:322
09-05-2024 @ 16:06:12 - Row :106 - Processing item.
09-05-2024 @ 16:06:13 - Found order object. ID:322
09-05-2024 @ 16:06:13 - Row :106 - Order imported successfully.
09-05-2024 @ 16:06:13 - Row :107 - Parsing item.
09-05-2024 @ 16:06:13 - Importing as new order ID:321
09-05-2024 @ 16:06:13 - Row :107 - Processing item.
09-05-2024 @ 16:06:14 - Found order object. ID:321
09-05-2024 @ 16:06:14 - Row :107 - Order imported successfully.
09-05-2024 @ 16:06:14 - Row :108 - Parsing item.
09-05-2024 @ 16:06:14 - Row :108 - Parsing failed. Reason: Importing Order(ID) conflicts with an existing post. ID: 319
09-05-2024 @ 16:06:14 - Row :109 - Parsing item.
09-05-2024 @ 16:06:14 - Row :109 - Parsing failed. Reason: Importing Order(ID) conflicts with an existing post. ID: 318
09-05-2024 @ 16:06:14 - Row :110 - Parsing item.
09-05-2024 @ 16:06:14 - Row :110 - Parsing failed. Reason: Importing Order(ID) conflicts with an existing post. ID: 317
09-05-2024 @ 16:06:15 - Preparing for import.
09-05-2024 @ 16:06:15 - Row :111 - Parsing item.
09-05-2024 @ 16:06:15 - Row :111 - Parsing failed. Reason: Importing Order(ID) conflicts with an existing post. ID: 316
09-05-2024 @ 16:06:15 - Row :112 - Parsing item.
09-05-2024 @ 16:06:15 - Row :112 - Parsing failed. Reason: Importing Order(ID) conflicts with an existing post. ID: 315
09-05-2024 @ 16:06:15 - Row :113 - Parsing item.
09-05-2024 @ 16:06:15 - Row :113 - Parsing failed. Reason: Importing Order(ID) conflicts with an existing post. ID: 312
09-05-2024 @ 16:06:15 - Row :114 - Parsing item.
09-05-2024 @ 16:06:15 - Row :114 - Parsing failed. Reason: Importing Order(ID) conflicts with an existing post. ID: 311
09-05-2024 @ 16:06:15 - Row :115 - Parsing item.
09-05-2024 @ 16:06:15 - Row :115 - Parsing failed. Reason: Importing Order(ID) conflicts with an existing post. ID: 307
09-05-2024 @ 16:06:15 - Row :116 - Parsing item.
09-05-2024 @ 16:06:15 - Row :116 - Parsing failed. Reason: Importing Order(ID) conflicts with an existing post. ID: 306
09-05-2024 @ 16:06:15 - Row :117 - Parsing item.
09-05-2024 @ 16:06:15 - Row :117 - Parsing failed. Reason: Importing Order(ID) conflicts with an existing post. ID: 304
09-05-2024 @ 16:06:15 - Row :118 - Parsing item.
09-05-2024 @ 16:06:15 - Row :118 - Parsing failed. Reason: Importing Order(ID) conflicts with an existing post. ID: 303
09-05-2024 @ 16:06:15 - Row :119 - Parsing item.
09-05-2024 @ 16:06:15 - Row :119 - Parsing failed. Reason: Importing Order(ID) conflicts with an existing post. ID: 302
09-05-2024 @ 16:06:15 - Row :120 - Parsing item.
09-05-2024 @ 16:06:15 - Row :120 - Parsing failed. Reason: Importing Order(ID) conflicts with an existing post. ID: 301
09-05-2024 @ 16:06:16 - Preparing for import.
09-05-2024 @ 16:06:16 - Row :121 - Parsing item.
09-05-2024 @ 16:06:16 - Row :121 - Parsing failed. Reason: Importing Order(ID) conflicts with an existing post. ID: 300
09-05-2024 @ 16:06:16 - Row :122 - Parsing item.
09-05-2024 @ 16:06:16 - Importing as new order ID:298
09-05-2024 @ 16:06:16 - Row :122 - Processing item.
09-05-2024 @ 16:06:17 - Found order object. ID:298
09-05-2024 @ 16:06:17 - Row :122 - Order imported successfully.
09-05-2024 @ 16:06:17 - Row :123 - Parsing item.
09-05-2024 @ 16:06:17 - Importing as new order ID:297
09-05-2024 @ 16:06:17 - Row :123 - Processing item.
09-05-2024 @ 16:06:18 - Found order object. ID:297
09-05-2024 @ 16:06:18 - Row :123 - Order imported successfully.
09-05-2024 @ 16:06:18 - Row :124 - Parsing item.
09-05-2024 @ 16:06:18 - Importing as new order ID:296
09-05-2024 @ 16:06:18 - Row :124 - Processing item.
09-05-2024 @ 16:06:19 - Found order object. ID:296
09-05-2024 @ 16:06:19 - Row :124 - Order imported successfully.
09-05-2024 @ 16:06:19 - Row :125 - Parsing item.
09-05-2024 @ 16:06:19 - Importing as new order ID:295
09-05-2024 @ 16:06:19 - Row :125 - Processing item.
09-05-2024 @ 16:06:20 - Found order object. ID:295
09-05-2024 @ 16:06:20 - Row :125 - Order imported successfully.
09-05-2024 @ 16:06:20 - Row :126 - Parsing item.
09-05-2024 @ 16:06:20 - Importing as new order ID:292
09-05-2024 @ 16:06:20 - Row :126 - Processing item.
09-05-2024 @ 16:06:20 - Found order object. ID:292
09-05-2024 @ 16:06:20 - Row :126 - Order imported successfully.
09-05-2024 @ 16:06:20 - Row :127 - Parsing item.
09-05-2024 @ 16:06:20 - Importing as new order ID:291
09-05-2024 @ 16:06:20 - Row :127 - Processing item.
09-05-2024 @ 16:06:21 - Found order object. ID:291
09-05-2024 @ 16:06:21 - Row :127 - Order imported successfully.
09-05-2024 @ 16:06:21 - Row :128 - Parsing item.
09-05-2024 @ 16:06:21 - Importing as new order ID:290
09-05-2024 @ 16:06:21 - Row :128 - Processing item.
09-05-2024 @ 16:06:22 - Found order object. ID:290
09-05-2024 @ 16:06:22 - Row :128 - Order imported successfully.
09-05-2024 @ 16:06:22 - Row :129 - Parsing item.
09-05-2024 @ 16:06:22 - Importing as new order ID:289
09-05-2024 @ 16:06:22 - Row :129 - Processing item.
09-05-2024 @ 16:06:23 - Found order object. ID:289
09-05-2024 @ 16:06:23 - Row :129 - Order imported successfully.
09-05-2024 @ 16:06:23 - Row :130 - Parsing item.
09-05-2024 @ 16:06:23 - Importing as new order ID:288
09-05-2024 @ 16:06:23 - Row :130 - Processing item.
09-05-2024 @ 16:06:24 - Found order object. ID:288
09-05-2024 @ 16:06:24 - Row :130 - Order imported successfully.
09-05-2024 @ 16:06:25 - Preparing for import.
09-05-2024 @ 16:06:25 - Row :131 - Parsing item.
09-05-2024 @ 16:06:25 - Importing as new order ID:285
09-05-2024 @ 16:06:25 - Row :131 - Processing item.
09-05-2024 @ 16:06:25 - Found order object. ID:285
09-05-2024 @ 16:06:25 - Row :131 - Order imported successfully.
09-05-2024 @ 16:06:25 - Row :132 - Parsing item.
09-05-2024 @ 16:06:25 - Importing as new order ID:283
09-05-2024 @ 16:06:25 - Row :132 - Processing item.
09-05-2024 @ 16:06:26 - Found order object. ID:283
09-05-2024 @ 16:06:26 - Row :132 - Order imported successfully.
09-05-2024 @ 16:06:26 - Row :133 - Parsing item.
09-05-2024 @ 16:06:26 - Importing as new order ID:282
09-05-2024 @ 16:06:26 - Row :133 - Processing item.
09-05-2024 @ 16:06:27 - Found order object. ID:282
09-05-2024 @ 16:06:27 - Row :133 - Order imported successfully.
09-05-2024 @ 16:06:27 - Row :134 - Parsing item.
09-05-2024 @ 16:06:27 - Importing as new order ID:281
09-05-2024 @ 16:06:27 - Row :134 - Processing item.
09-05-2024 @ 16:06:28 - Found order object. ID:281
09-05-2024 @ 16:06:28 - Row :134 - Order imported successfully.
09-05-2024 @ 16:06:28 - Row :135 - Parsing item.
09-05-2024 @ 16:06:28 - Importing as new order ID:279
09-05-2024 @ 16:06:28 - Row :135 - Processing item.
09-05-2024 @ 16:06:29 - Found order object. ID:279
09-05-2024 @ 16:06:29 - Row :135 - Order imported successfully.
09-05-2024 @ 16:06:29 - Row :136 - Parsing item.
09-05-2024 @ 16:06:29 - Row :136 - Parsing failed. Reason: Importing Order(ID) conflicts with an existing post. ID: 260
09-05-2024 @ 16:06:29 - Row :137 - Parsing item.
09-05-2024 @ 16:06:29 - Importing as new order ID:238
09-05-2024 @ 16:06:29 - Row :137 - Processing item.
09-05-2024 @ 16:06:30 - Found order object. ID:238
09-05-2024 @ 16:06:30 - Row :137 - Order imported successfully.
09-05-2024 @ 16:06:30 - Row :138 - Parsing item.
09-05-2024 @ 16:06:30 - Importing as new order ID:229
09-05-2024 @ 16:06:30 - Row :138 - Processing item.
09-05-2024 @ 16:06:31 - Found order object. ID:229
09-05-2024 @ 16:06:31 - Row :138 - Order imported successfully.
09-05-2024 @ 16:06:31 - Row :139 - Parsing item.
09-05-2024 @ 16:06:31 - Importing as new order ID:223
09-05-2024 @ 16:06:31 - Row :139 - Processing item.
09-05-2024 @ 16:06:32 - Found order object. ID:223
09-05-2024 @ 16:06:32 - Row :139 - Order imported successfully.
09-05-2024 @ 16:06:32 - Row :140 - Parsing item.
09-05-2024 @ 16:06:32 - Importing as new order ID:207
09-05-2024 @ 16:06:32 - Row :140 - Processing item.
09-05-2024 @ 16:06:32 - Found order object. ID:207
09-05-2024 @ 16:06:33 - Row :140 - Order imported successfully.
09-05-2024 @ 16:06:33 - Preparing for import.
09-05-2024 @ 16:06:33 - Row :141 - Parsing item.
09-05-2024 @ 16:06:33 - Importing as new order ID:201
09-05-2024 @ 16:06:33 - Row :141 - Processing item.
09-05-2024 @ 16:06:34 - Found order object. ID:201
09-05-2024 @ 16:06:35 - Row :141 - Order imported successfully.
09-05-2024 @ 16:06:35 - ---[ Import ended at 2024-09-05 16:06:35]---
