09-05-2024 @ 16:12:19 - ---[ New import started at 2024-09-05 16:12:19 ] PHP Memory: 256 MB, WP Memory: 40 MB
09-05-2024 @ 16:12:19 - Preparing for import.
09-05-2024 @ 16:12:19 - Row :1 - Parsing item.
09-05-2024 @ 16:12:19 - Row :1 - Processing item.
09-05-2024 @ 16:12:19 - Found order object. ID:1148
09-05-2024 @ 16:12:19 - Row :1 - Order imported successfully.
09-05-2024 @ 16:12:19 - Row :2 - Parsing item.
09-05-2024 @ 16:12:19 - Row :2 - Processing item.
09-05-2024 @ 16:12:20 - Found order object. ID:1149
09-05-2024 @ 16:12:20 - Row :2 - Order imported successfully.
09-05-2024 @ 16:12:20 - Row :3 - Parsing item.
09-05-2024 @ 16:12:20 - Row :3 - Processing item.
09-05-2024 @ 16:12:21 - Found order object. ID:1150
09-05-2024 @ 16:12:21 - Row :3 - Order imported successfully.
09-05-2024 @ 16:12:21 - Row :4 - Parsing item.
09-05-2024 @ 16:12:21 - Row :4 - Processing item.
09-05-2024 @ 16:12:22 - Found order object. ID:1151
09-05-2024 @ 16:12:22 - Row :4 - Order imported successfully.
09-05-2024 @ 16:12:22 - Row :5 - Parsing item.
09-05-2024 @ 16:12:22 - Row :5 - Processing item.
09-05-2024 @ 16:12:23 - Found order object. ID:1152
09-05-2024 @ 16:12:23 - Row :5 - Order imported successfully.
09-05-2024 @ 16:12:23 - Row :6 - Parsing item.
09-05-2024 @ 16:12:23 - Row :6 - Processing item.
09-05-2024 @ 16:12:24 - Found order object. ID:1153
09-05-2024 @ 16:12:24 - Row :6 - Order imported successfully.
09-05-2024 @ 16:12:24 - Row :7 - Parsing item.
09-05-2024 @ 16:12:24 - Row :7 - Processing item.
09-05-2024 @ 16:12:25 - Found order object. ID:1154
09-05-2024 @ 16:12:25 - Row :7 - Order imported successfully.
09-05-2024 @ 16:12:25 - Row :8 - Parsing item.
09-05-2024 @ 16:12:25 - Row :8 - Processing item.
09-05-2024 @ 16:12:25 - Found order object. ID:1155
09-05-2024 @ 16:12:25 - Row :8 - Order imported successfully.
09-05-2024 @ 16:12:25 - Row :9 - Parsing item.
09-05-2024 @ 16:12:25 - Row :9 - Processing item.
09-05-2024 @ 16:12:26 - Found order object. ID:1156
09-05-2024 @ 16:12:26 - Row :9 - Order imported successfully.
09-05-2024 @ 16:12:26 - Row :10 - Parsing item.
09-05-2024 @ 16:12:26 - Row :10 - Processing item.
09-05-2024 @ 16:12:27 - Found order object. ID:1157
09-05-2024 @ 16:12:27 - Row :10 - Order imported successfully.
09-05-2024 @ 16:12:28 - Preparing for import.
09-05-2024 @ 16:12:28 - Row :11 - Parsing item.
09-05-2024 @ 16:12:28 - Row :11 - Processing item.
09-05-2024 @ 16:12:29 - Found order object. ID:1158
09-05-2024 @ 16:12:29 - Row :11 - Order imported successfully.
09-05-2024 @ 16:12:29 - Row :12 - Parsing item.
09-05-2024 @ 16:12:29 - Row :12 - Processing item.
09-05-2024 @ 16:12:30 - Found order object. ID:1159
09-05-2024 @ 16:12:30 - Row :12 - Order imported successfully.
09-05-2024 @ 16:12:30 - Row :13 - Parsing item.
09-05-2024 @ 16:12:30 - Row :13 - Processing item.
09-05-2024 @ 16:12:31 - Found order object. ID:1160
09-05-2024 @ 16:12:31 - Row :13 - Order imported successfully.
09-05-2024 @ 16:12:31 - Row :14 - Parsing item.
09-05-2024 @ 16:12:31 - Row :14 - Processing item.
09-05-2024 @ 16:12:31 - Found order object. ID:1161
09-05-2024 @ 16:12:31 - Row :14 - Order imported successfully.
09-05-2024 @ 16:12:31 - Row :15 - Parsing item.
09-05-2024 @ 16:12:32 - Row :15 - Processing item.
09-05-2024 @ 16:12:32 - Found order object. ID:1162
09-05-2024 @ 16:12:32 - Row :15 - Order imported successfully.
09-05-2024 @ 16:12:32 - Row :16 - Parsing item.
09-05-2024 @ 16:12:32 - Row :16 - Processing item.
09-05-2024 @ 16:12:33 - Found order object. ID:1163
09-05-2024 @ 16:12:33 - Row :16 - Order imported successfully.
09-05-2024 @ 16:12:33 - Row :17 - Parsing item.
09-05-2024 @ 16:12:33 - Row :17 - Processing item.
09-05-2024 @ 16:12:34 - Found order object. ID:1164
09-05-2024 @ 16:12:34 - Row :17 - Order imported successfully.
09-05-2024 @ 16:12:34 - Row :18 - Parsing item.
09-05-2024 @ 16:12:34 - Row :18 - Processing item.
09-05-2024 @ 16:12:35 - Found order object. ID:1165
09-05-2024 @ 16:12:35 - Row :18 - Order imported successfully.
09-05-2024 @ 16:12:35 - Row :19 - Parsing item.
09-05-2024 @ 16:12:35 - Row :19 - Processing item.
09-05-2024 @ 16:12:36 - Found order object. ID:1166
09-05-2024 @ 16:12:36 - Row :19 - Order imported successfully.
09-05-2024 @ 16:12:36 - Row :20 - Parsing item.
09-05-2024 @ 16:12:36 - Row :20 - Processing item.
09-05-2024 @ 16:12:37 - Found order object. ID:1167
09-05-2024 @ 16:12:37 - Row :20 - Order imported successfully.
09-05-2024 @ 16:12:38 - Preparing for import.
09-05-2024 @ 16:12:38 - Row :21 - Parsing item.
09-05-2024 @ 16:12:38 - Row :21 - Processing item.
09-05-2024 @ 16:12:39 - Found order object. ID:1168
09-05-2024 @ 16:12:39 - Row :21 - Order imported successfully.
09-05-2024 @ 16:12:39 - Row :22 - Parsing item.
09-05-2024 @ 16:12:39 - Row :22 - Processing item.
09-05-2024 @ 16:12:40 - Found order object. ID:1169
09-05-2024 @ 16:12:40 - Row :22 - Order imported successfully.
09-05-2024 @ 16:12:40 - Row :23 - Parsing item.
09-05-2024 @ 16:12:40 - Row :23 - Processing item.
09-05-2024 @ 16:12:40 - Found order object. ID:1170
09-05-2024 @ 16:12:41 - Row :23 - Order imported successfully.
09-05-2024 @ 16:12:41 - Row :24 - Parsing item.
09-05-2024 @ 16:12:41 - Row :24 - Processing item.
09-05-2024 @ 16:12:41 - Found order object. ID:1171
09-05-2024 @ 16:12:41 - Row :24 - Order imported successfully.
09-05-2024 @ 16:12:41 - Row :25 - Parsing item.
09-05-2024 @ 16:12:41 - Row :25 - Processing item.
09-05-2024 @ 16:12:42 - Found order object. ID:1172
09-05-2024 @ 16:12:42 - Row :25 - Order imported successfully.
09-05-2024 @ 16:12:42 - Row :26 - Parsing item.
09-05-2024 @ 16:12:42 - Row :26 - Processing item.
09-05-2024 @ 16:12:43 - Found order object. ID:1173
09-05-2024 @ 16:12:43 - Row :26 - Order imported successfully.
09-05-2024 @ 16:12:43 - Row :27 - Parsing item.
09-05-2024 @ 16:12:43 - Row :27 - Processing item.
09-05-2024 @ 16:12:44 - Found order object. ID:1174
09-05-2024 @ 16:12:44 - Row :27 - Order imported successfully.
09-05-2024 @ 16:12:44 - Row :28 - Parsing item.
09-05-2024 @ 16:12:44 - Row :28 - Processing item.
09-05-2024 @ 16:12:45 - Found order object. ID:1175
09-05-2024 @ 16:12:45 - Row :28 - Order imported successfully.
09-05-2024 @ 16:12:45 - Row :29 - Parsing item.
09-05-2024 @ 16:12:45 - Row :29 - Processing item.
09-05-2024 @ 16:12:46 - Found order object. ID:1176
09-05-2024 @ 16:12:46 - Row :29 - Order imported successfully.
09-05-2024 @ 16:12:46 - Row :30 - Parsing item.
09-05-2024 @ 16:12:46 - Row :30 - Processing item.
09-05-2024 @ 16:12:47 - Found order object. ID:1177
09-05-2024 @ 16:12:47 - Row :30 - Order imported successfully.
09-05-2024 @ 16:12:48 - Preparing for import.
09-05-2024 @ 16:12:48 - Row :31 - Parsing item.
09-05-2024 @ 16:12:48 - Row :31 - Processing item.
09-05-2024 @ 16:12:48 - Found order object. ID:1178
09-05-2024 @ 16:12:48 - Row :31 - Order imported successfully.
09-05-2024 @ 16:12:48 - Row :32 - Parsing item.
09-05-2024 @ 16:12:48 - Row :32 - Processing item.
09-05-2024 @ 16:12:49 - Found order object. ID:1179
09-05-2024 @ 16:12:49 - Row :32 - Order imported successfully.
09-05-2024 @ 16:12:49 - Row :33 - Parsing item.
09-05-2024 @ 16:12:49 - Row :33 - Processing item.
09-05-2024 @ 16:12:50 - Found order object. ID:1180
09-05-2024 @ 16:12:50 - Row :33 - Order imported successfully.
09-05-2024 @ 16:12:50 - Row :34 - Parsing item.
09-05-2024 @ 16:12:50 - Row :34 - Processing item.
09-05-2024 @ 16:12:51 - Found order object. ID:1181
09-05-2024 @ 16:12:51 - Row :34 - Order imported successfully.
09-05-2024 @ 16:12:51 - Row :35 - Parsing item.
09-05-2024 @ 16:12:51 - Row :35 - Processing item.
09-05-2024 @ 16:12:52 - Found order object. ID:1182
09-05-2024 @ 16:12:52 - Row :35 - Order imported successfully.
09-05-2024 @ 16:12:52 - Row :36 - Parsing item.
09-05-2024 @ 16:12:52 - Row :36 - Processing item.
09-05-2024 @ 16:12:53 - Found order object. ID:1183
09-05-2024 @ 16:12:53 - Row :36 - Order imported successfully.
09-05-2024 @ 16:12:53 - Row :37 - Parsing item.
09-05-2024 @ 16:12:53 - Row :37 - Processing item.
09-05-2024 @ 16:12:54 - Found order object. ID:1184
09-05-2024 @ 16:12:54 - Row :37 - Order imported successfully.
09-05-2024 @ 16:12:54 - Row :38 - Parsing item.
09-05-2024 @ 16:12:54 - Row :38 - Processing item.
09-05-2024 @ 16:12:54 - Found order object. ID:1185
09-05-2024 @ 16:12:55 - Row :38 - Order imported successfully.
09-05-2024 @ 16:12:55 - Row :39 - Parsing item.
09-05-2024 @ 16:12:55 - Row :39 - Processing item.
09-05-2024 @ 16:12:55 - Found order object. ID:1186
09-05-2024 @ 16:12:55 - Row :39 - Order imported successfully.
09-05-2024 @ 16:12:55 - Row :40 - Parsing item.
09-05-2024 @ 16:12:55 - Row :40 - Processing item.
09-05-2024 @ 16:12:56 - Found order object. ID:1187
09-05-2024 @ 16:12:56 - Row :40 - Order imported successfully.
09-05-2024 @ 16:12:57 - Preparing for import.
09-05-2024 @ 16:12:57 - Row :41 - Parsing item.
09-05-2024 @ 16:12:57 - Row :41 - Processing item.
09-05-2024 @ 16:12:58 - Found order object. ID:1188
09-05-2024 @ 16:12:58 - Row :41 - Order imported successfully.
09-05-2024 @ 16:12:58 - Row :42 - Parsing item.
09-05-2024 @ 16:12:58 - Row :42 - Processing item.
09-05-2024 @ 16:12:59 - Found order object. ID:1189
09-05-2024 @ 16:12:59 - Row :42 - Order imported successfully.
09-05-2024 @ 16:12:59 - Row :43 - Parsing item.
09-05-2024 @ 16:12:59 - Row :43 - Processing item.
09-05-2024 @ 16:12:59 - Found order object. ID:1190
09-05-2024 @ 16:13:00 - Row :43 - Order imported successfully.
09-05-2024 @ 16:13:00 - Row :44 - Parsing item.
09-05-2024 @ 16:13:00 - Row :44 - Processing item.
09-05-2024 @ 16:13:00 - Found order object. ID:1191
09-05-2024 @ 16:13:00 - Row :44 - Order imported successfully.
09-05-2024 @ 16:13:00 - Row :45 - Parsing item.
09-05-2024 @ 16:13:00 - Row :45 - Processing item.
09-05-2024 @ 16:13:01 - Found order object. ID:1192
09-05-2024 @ 16:13:01 - Row :45 - Order imported successfully.
09-05-2024 @ 16:13:01 - Row :46 - Parsing item.
09-05-2024 @ 16:13:01 - Row :46 - Processing item.
09-05-2024 @ 16:13:02 - Found order object. ID:1193
09-05-2024 @ 16:13:02 - Row :46 - Order imported successfully.
09-05-2024 @ 16:13:02 - Row :47 - Parsing item.
09-05-2024 @ 16:13:02 - Row :47 - Processing item.
09-05-2024 @ 16:13:03 - Found order object. ID:1194
09-05-2024 @ 16:13:03 - Row :47 - Order imported successfully.
09-05-2024 @ 16:13:03 - Row :48 - Parsing item.
09-05-2024 @ 16:13:03 - Row :48 - Processing item.
09-05-2024 @ 16:13:04 - Found order object. ID:1195
09-05-2024 @ 16:13:04 - Row :48 - Order imported successfully.
09-05-2024 @ 16:13:04 - Row :49 - Parsing item.
09-05-2024 @ 16:13:04 - Row :49 - Processing item.
09-05-2024 @ 16:13:05 - Found order object. ID:1196
09-05-2024 @ 16:13:05 - Row :49 - Order imported successfully.
09-05-2024 @ 16:13:05 - Row :50 - Parsing item.
09-05-2024 @ 16:13:05 - Row :50 - Processing item.
09-05-2024 @ 16:13:06 - Found order object. ID:1197
09-05-2024 @ 16:13:06 - Row :50 - Order imported successfully.
09-05-2024 @ 16:13:07 - Preparing for import.
09-05-2024 @ 16:13:07 - Row :51 - Parsing item.
09-05-2024 @ 16:13:07 - Row :51 - Processing item.
09-05-2024 @ 16:13:08 - Found order object. ID:1198
09-05-2024 @ 16:13:08 - Row :51 - Order imported successfully.
09-05-2024 @ 16:13:08 - Row :52 - Parsing item.
09-05-2024 @ 16:13:08 - Row :52 - Processing item.
09-05-2024 @ 16:13:09 - Found order object. ID:1199
09-05-2024 @ 16:13:09 - Row :52 - Order imported successfully.
09-05-2024 @ 16:13:09 - Row :53 - Parsing item.
09-05-2024 @ 16:13:09 - Row :53 - Processing item.
09-05-2024 @ 16:13:10 - Found order object. ID:1200
09-05-2024 @ 16:13:10 - Row :53 - Order imported successfully.
09-05-2024 @ 16:13:10 - Row :54 - Parsing item.
09-05-2024 @ 16:13:10 - Row :54 - Processing item.
09-05-2024 @ 16:13:10 - Found order object. ID:1201
09-05-2024 @ 16:13:10 - Row :54 - Order imported successfully.
09-05-2024 @ 16:13:10 - Row :55 - Parsing item.
09-05-2024 @ 16:13:11 - Row :55 - Processing item.
09-05-2024 @ 16:13:11 - Found order object. ID:1202
09-05-2024 @ 16:13:11 - Row :55 - Order imported successfully.
09-05-2024 @ 16:13:11 - Row :56 - Parsing item.
09-05-2024 @ 16:13:11 - Row :56 - Processing item.
09-05-2024 @ 16:13:12 - Found order object. ID:1203
09-05-2024 @ 16:13:12 - Row :56 - Order imported successfully.
09-05-2024 @ 16:13:12 - Row :57 - Parsing item.
09-05-2024 @ 16:13:12 - Row :57 - Processing item.
09-05-2024 @ 16:13:13 - Found order object. ID:1204
09-05-2024 @ 16:13:13 - Row :57 - Order imported successfully.
09-05-2024 @ 16:13:13 - Row :58 - Parsing item.
09-05-2024 @ 16:13:13 - Row :58 - Processing item.
09-05-2024 @ 16:13:14 - Found order object. ID:1205
09-05-2024 @ 16:13:14 - Row :58 - Order imported successfully.
09-05-2024 @ 16:13:14 - Row :59 - Parsing item.
09-05-2024 @ 16:13:14 - Row :59 - Processing item.
09-05-2024 @ 16:13:15 - Found order object. ID:1206
09-05-2024 @ 16:13:15 - Row :59 - Order imported successfully.
09-05-2024 @ 16:13:15 - Row :60 - Parsing item.
09-05-2024 @ 16:13:15 - Row :60 - Processing item.
09-05-2024 @ 16:13:16 - Found order object. ID:1207
09-05-2024 @ 16:13:16 - Row :60 - Order imported successfully.
09-05-2024 @ 16:13:18 - Preparing for import.
09-05-2024 @ 16:13:18 - Row :61 - Parsing item.
09-05-2024 @ 16:13:18 - Row :61 - Processing item.
09-05-2024 @ 16:13:19 - Found order object. ID:1208
09-05-2024 @ 16:13:19 - Row :61 - Order imported successfully.
09-05-2024 @ 16:13:19 - Row :62 - Parsing item.
09-05-2024 @ 16:13:19 - Row :62 - Processing item.
09-05-2024 @ 16:13:20 - Found order object. ID:1209
09-05-2024 @ 16:13:20 - Row :62 - Order imported successfully.
09-05-2024 @ 16:13:20 - Row :63 - Parsing item.
09-05-2024 @ 16:13:20 - Row :63 - Processing item.
09-05-2024 @ 16:13:21 - Found order object. ID:1210
09-05-2024 @ 16:13:21 - Row :63 - Order imported successfully.
09-05-2024 @ 16:13:21 - Row :64 - Parsing item.
09-05-2024 @ 16:13:21 - Row :64 - Processing item.
09-05-2024 @ 16:13:22 - Found order object. ID:1211
09-05-2024 @ 16:13:22 - Row :64 - Order imported successfully.
09-05-2024 @ 16:13:22 - Row :65 - Parsing item.
09-05-2024 @ 16:13:22 - Row :65 - Processing item.
09-05-2024 @ 16:13:22 - Found order object. ID:1212
09-05-2024 @ 16:13:22 - Row :65 - Order imported successfully.
09-05-2024 @ 16:13:22 - Row :66 - Parsing item.
09-05-2024 @ 16:13:22 - Row :66 - Processing item.
09-05-2024 @ 16:13:23 - Found order object. ID:1213
09-05-2024 @ 16:13:23 - Row :66 - Order imported successfully.
09-05-2024 @ 16:13:23 - Row :67 - Parsing item.
09-05-2024 @ 16:13:23 - Row :67 - Processing item.
09-05-2024 @ 16:13:24 - Found order object. ID:1214
09-05-2024 @ 16:13:24 - Row :67 - Order imported successfully.
09-05-2024 @ 16:13:24 - Row :68 - Parsing item.
09-05-2024 @ 16:13:24 - Row :68 - Processing item.
09-05-2024 @ 16:13:25 - Found order object. ID:1215
09-05-2024 @ 16:13:25 - Row :68 - Order imported successfully.
09-05-2024 @ 16:13:25 - Row :69 - Parsing item.
09-05-2024 @ 16:13:25 - Row :69 - Processing item.
09-05-2024 @ 16:13:26 - Found order object. ID:1216
09-05-2024 @ 16:13:26 - Row :69 - Order imported successfully.
09-05-2024 @ 16:13:26 - Row :70 - Parsing item.
09-05-2024 @ 16:13:26 - Row :70 - Processing item.
09-05-2024 @ 16:13:27 - Found order object. ID:1217
09-05-2024 @ 16:13:27 - Row :70 - Order imported successfully.
09-05-2024 @ 16:13:28 - Preparing for import.
09-05-2024 @ 16:13:28 - Row :71 - Parsing item.
09-05-2024 @ 16:13:28 - Row :71 - Processing item.
09-05-2024 @ 16:13:29 - Found order object. ID:1218
09-05-2024 @ 16:13:29 - Row :71 - Order imported successfully.
09-05-2024 @ 16:13:29 - Row :72 - Parsing item.
09-05-2024 @ 16:13:29 - Row :72 - Processing item.
09-05-2024 @ 16:13:30 - Found order object. ID:1219
09-05-2024 @ 16:13:30 - Row :72 - Order imported successfully.
09-05-2024 @ 16:13:30 - Row :73 - Parsing item.
09-05-2024 @ 16:13:30 - Row :73 - Processing item.
09-05-2024 @ 16:13:31 - Found order object. ID:1220
09-05-2024 @ 16:13:31 - Row :73 - Order imported successfully.
09-05-2024 @ 16:13:31 - Row :74 - Parsing item.
09-05-2024 @ 16:13:31 - Row :74 - Processing item.
09-05-2024 @ 16:13:32 - Found order object. ID:1221
09-05-2024 @ 16:13:32 - Row :74 - Order imported successfully.
09-05-2024 @ 16:13:32 - Row :75 - Parsing item.
09-05-2024 @ 16:13:32 - Row :75 - Processing item.
09-05-2024 @ 16:13:33 - Found order object. ID:1222
09-05-2024 @ 16:13:33 - Row :75 - Order imported successfully.
09-05-2024 @ 16:13:33 - Row :76 - Parsing item.
09-05-2024 @ 16:13:33 - Row :76 - Processing item.
09-05-2024 @ 16:13:34 - Found order object. ID:1223
09-05-2024 @ 16:13:34 - Row :76 - Order imported successfully.
09-05-2024 @ 16:13:34 - Row :77 - Parsing item.
09-05-2024 @ 16:13:34 - Row :77 - Processing item.
09-05-2024 @ 16:13:35 - Found order object. ID:1224
09-05-2024 @ 16:13:35 - Row :77 - Order imported successfully.
09-05-2024 @ 16:13:35 - Row :78 - Parsing item.
09-05-2024 @ 16:13:35 - Row :78 - Processing item.
09-05-2024 @ 16:13:36 - Found order object. ID:1225
09-05-2024 @ 16:13:36 - Row :78 - Order imported successfully.
09-05-2024 @ 16:13:36 - Row :79 - Parsing item.
09-05-2024 @ 16:13:36 - Row :79 - Processing item.
09-05-2024 @ 16:13:37 - Found order object. ID:1226
09-05-2024 @ 16:13:37 - Row :79 - Order imported successfully.
09-05-2024 @ 16:13:37 - Row :80 - Parsing item.
09-05-2024 @ 16:13:37 - Row :80 - Processing item.
09-05-2024 @ 16:13:38 - Found order object. ID:1227
09-05-2024 @ 16:13:38 - Row :80 - Order imported successfully.
09-05-2024 @ 16:13:39 - Preparing for import.
09-05-2024 @ 16:13:39 - Row :81 - Parsing item.
09-05-2024 @ 16:13:39 - Row :81 - Processing item.
09-05-2024 @ 16:13:39 - Found order object. ID:1228
09-05-2024 @ 16:13:40 - Row :81 - Order imported successfully.
09-05-2024 @ 16:13:40 - Row :82 - Parsing item.
09-05-2024 @ 16:13:40 - Row :82 - Processing item.
09-05-2024 @ 16:13:40 - Found order object. ID:1229
09-05-2024 @ 16:13:40 - Row :82 - Order imported successfully.
09-05-2024 @ 16:13:40 - Row :83 - Parsing item.
09-05-2024 @ 16:13:40 - Row :83 - Processing item.
09-05-2024 @ 16:13:41 - Found order object. ID:1230
09-05-2024 @ 16:13:41 - Row :83 - Order imported successfully.
09-05-2024 @ 16:13:41 - Row :84 - Parsing item.
09-05-2024 @ 16:13:41 - Row :84 - Processing item.
09-05-2024 @ 16:13:42 - Found order object. ID:1231
09-05-2024 @ 16:13:43 - Row :84 - Order imported successfully.
09-05-2024 @ 16:13:43 - Row :85 - Parsing item.
09-05-2024 @ 16:13:43 - Row :85 - Processing item.
09-05-2024 @ 16:13:43 - Found order object. ID:1232
09-05-2024 @ 16:13:44 - Row :85 - Order imported successfully.
09-05-2024 @ 16:13:44 - Row :86 - Parsing item.
09-05-2024 @ 16:13:44 - Row :86 - Processing item.
09-05-2024 @ 16:13:44 - Found order object. ID:1233
09-05-2024 @ 16:13:44 - Row :86 - Order imported successfully.
09-05-2024 @ 16:13:44 - Row :87 - Parsing item.
09-05-2024 @ 16:13:45 - Row :87 - Processing item.
09-05-2024 @ 16:13:45 - Found order object. ID:1234
09-05-2024 @ 16:13:45 - Row :87 - Order imported successfully.
09-05-2024 @ 16:13:45 - Row :88 - Parsing item.
09-05-2024 @ 16:13:45 - Row :88 - Processing item.
09-05-2024 @ 16:13:46 - Found order object. ID:1235
09-05-2024 @ 16:13:46 - Row :88 - Order imported successfully.
09-05-2024 @ 16:13:46 - Row :89 - Parsing item.
09-05-2024 @ 16:13:46 - Row :89 - Processing item.
09-05-2024 @ 16:13:47 - Found order object. ID:1236
09-05-2024 @ 16:13:47 - Row :89 - Order imported successfully.
09-05-2024 @ 16:13:47 - Row :90 - Parsing item.
09-05-2024 @ 16:13:47 - Row :90 - Processing item.
09-05-2024 @ 16:13:48 - Found order object. ID:1237
09-05-2024 @ 16:13:48 - Row :90 - Order imported successfully.
09-05-2024 @ 16:13:49 - Preparing for import.
09-05-2024 @ 16:13:49 - Row :91 - Parsing item.
09-05-2024 @ 16:13:49 - Row :91 - Processing item.
09-05-2024 @ 16:13:50 - Found order object. ID:1238
09-05-2024 @ 16:13:50 - Row :91 - Order imported successfully.
09-05-2024 @ 16:13:50 - Row :92 - Parsing item.
09-05-2024 @ 16:13:50 - Row :92 - Processing item.
09-05-2024 @ 16:13:51 - Found order object. ID:1239
09-05-2024 @ 16:13:51 - Row :92 - Order imported successfully.
09-05-2024 @ 16:13:51 - Row :93 - Parsing item.
09-05-2024 @ 16:13:51 - Row :93 - Processing item.
09-05-2024 @ 16:13:52 - Found order object. ID:1240
09-05-2024 @ 16:13:52 - Row :93 - Order imported successfully.
09-05-2024 @ 16:13:52 - Row :94 - Parsing item.
09-05-2024 @ 16:13:52 - Row :94 - Processing item.
09-05-2024 @ 16:13:53 - Found order object. ID:1241
09-05-2024 @ 16:13:53 - Row :94 - Order imported successfully.
09-05-2024 @ 16:13:53 - Row :95 - Parsing item.
09-05-2024 @ 16:13:53 - Row :95 - Processing item.
09-05-2024 @ 16:13:54 - Found order object. ID:1242
09-05-2024 @ 16:13:54 - Row :95 - Order imported successfully.
09-05-2024 @ 16:13:54 - Row :96 - Parsing item.
09-05-2024 @ 16:13:54 - Row :96 - Processing item.
09-05-2024 @ 16:13:55 - Found order object. ID:1243
09-05-2024 @ 16:13:55 - Row :96 - Order imported successfully.
09-05-2024 @ 16:13:55 - Row :97 - Parsing item.
09-05-2024 @ 16:13:55 - Row :97 - Processing item.
09-05-2024 @ 16:13:55 - Found order object. ID:1244
09-05-2024 @ 16:13:55 - Row :97 - Order imported successfully.
09-05-2024 @ 16:13:55 - Row :98 - Parsing item.
09-05-2024 @ 16:13:55 - Row :98 - Processing item.
09-05-2024 @ 16:13:56 - Found order object. ID:1245
09-05-2024 @ 16:13:56 - Row :98 - Order imported successfully.
09-05-2024 @ 16:13:56 - Row :99 - Parsing item.
09-05-2024 @ 16:13:56 - Row :99 - Processing item.
09-05-2024 @ 16:13:57 - Found order object. ID:1246
09-05-2024 @ 16:13:57 - Row :99 - Order imported successfully.
09-05-2024 @ 16:13:57 - Row :100 - Parsing item.
09-05-2024 @ 16:13:57 - Row :100 - Processing item.
09-05-2024 @ 16:13:58 - Found order object. ID:1247
09-05-2024 @ 16:13:58 - Row :100 - Order imported successfully.
09-05-2024 @ 16:13:59 - Preparing for import.
09-05-2024 @ 16:13:59 - Row :101 - Parsing item.
09-05-2024 @ 16:13:59 - Row :101 - Processing item.
09-05-2024 @ 16:14:00 - Found order object. ID:1248
09-05-2024 @ 16:14:00 - Row :101 - Order imported successfully.
09-05-2024 @ 16:14:00 - Row :102 - Parsing item.
09-05-2024 @ 16:14:00 - Row :102 - Processing item.
09-05-2024 @ 16:14:01 - Found order object. ID:1249
09-05-2024 @ 16:14:01 - Row :102 - Order imported successfully.
09-05-2024 @ 16:14:01 - Row :103 - Parsing item.
09-05-2024 @ 16:14:01 - Row :103 - Processing item.
09-05-2024 @ 16:14:02 - Found order object. ID:1250
09-05-2024 @ 16:14:02 - Row :103 - Order imported successfully.
09-05-2024 @ 16:14:02 - Row :104 - Parsing item.
09-05-2024 @ 16:14:02 - Row :104 - Processing item.
09-05-2024 @ 16:14:03 - Found order object. ID:1251
09-05-2024 @ 16:14:03 - Row :104 - Order imported successfully.
09-05-2024 @ 16:14:03 - Row :105 - Parsing item.
09-05-2024 @ 16:14:03 - Row :105 - Processing item.
09-05-2024 @ 16:14:04 - Found order object. ID:1252
09-05-2024 @ 16:14:04 - Row :105 - Order imported successfully.
09-05-2024 @ 16:14:04 - Row :106 - Parsing item.
09-05-2024 @ 16:14:04 - Row :106 - Processing item.
09-05-2024 @ 16:14:04 - Found order object. ID:1253
09-05-2024 @ 16:14:05 - Row :106 - Order imported successfully.
09-05-2024 @ 16:14:05 - Row :107 - Parsing item.
09-05-2024 @ 16:14:05 - Row :107 - Processing item.
09-05-2024 @ 16:14:05 - Found order object. ID:1254
09-05-2024 @ 16:14:05 - Row :107 - Order imported successfully.
09-05-2024 @ 16:14:05 - Row :108 - Parsing item.
09-05-2024 @ 16:14:05 - Row :108 - Processing item.
09-05-2024 @ 16:14:06 - Found order object. ID:1255
09-05-2024 @ 16:14:06 - Row :108 - Order imported successfully.
09-05-2024 @ 16:14:06 - Row :109 - Parsing item.
09-05-2024 @ 16:14:06 - Row :109 - Processing item.
09-05-2024 @ 16:14:07 - Found order object. ID:1256
09-05-2024 @ 16:14:07 - Row :109 - Order imported successfully.
09-05-2024 @ 16:14:07 - Row :110 - Parsing item.
09-05-2024 @ 16:14:07 - Row :110 - Processing item.
09-05-2024 @ 16:14:08 - Found order object. ID:1257
09-05-2024 @ 16:14:08 - Row :110 - Order imported successfully.
09-05-2024 @ 16:14:09 - Preparing for import.
09-05-2024 @ 16:14:09 - Row :111 - Parsing item.
09-05-2024 @ 16:14:09 - Row :111 - Processing item.
09-05-2024 @ 16:14:10 - Found order object. ID:1258
09-05-2024 @ 16:14:10 - Row :111 - Order imported successfully.
09-05-2024 @ 16:14:10 - Row :112 - Parsing item.
09-05-2024 @ 16:14:10 - Row :112 - Processing item.
09-05-2024 @ 16:14:11 - Found order object. ID:1259
09-05-2024 @ 16:14:11 - Row :112 - Order imported successfully.
09-05-2024 @ 16:14:11 - Row :113 - Parsing item.
09-05-2024 @ 16:14:11 - Row :113 - Processing item.
09-05-2024 @ 16:14:12 - Found order object. ID:1260
09-05-2024 @ 16:14:12 - Row :113 - Order imported successfully.
09-05-2024 @ 16:14:12 - Row :114 - Parsing item.
09-05-2024 @ 16:14:12 - Row :114 - Processing item.
09-05-2024 @ 16:14:13 - Found order object. ID:1261
09-05-2024 @ 16:14:13 - Row :114 - Order imported successfully.
09-05-2024 @ 16:14:13 - Row :115 - Parsing item.
09-05-2024 @ 16:14:13 - Row :115 - Processing item.
09-05-2024 @ 16:14:13 - Found order object. ID:1262
09-05-2024 @ 16:14:14 - Row :115 - Order imported successfully.
09-05-2024 @ 16:14:14 - Row :116 - Parsing item.
09-05-2024 @ 16:14:14 - Row :116 - Processing item.
09-05-2024 @ 16:14:14 - Found order object. ID:1263
09-05-2024 @ 16:14:14 - Row :116 - Order imported successfully.
09-05-2024 @ 16:14:14 - Row :117 - Parsing item.
09-05-2024 @ 16:14:14 - Row :117 - Processing item.
09-05-2024 @ 16:14:15 - Found order object. ID:1264
09-05-2024 @ 16:14:15 - Row :117 - Order imported successfully.
09-05-2024 @ 16:14:15 - Row :118 - Parsing item.
09-05-2024 @ 16:14:15 - Row :118 - Processing item.
09-05-2024 @ 16:14:16 - Found order object. ID:1265
09-05-2024 @ 16:14:16 - Row :118 - Order imported successfully.
09-05-2024 @ 16:14:16 - Row :119 - Parsing item.
09-05-2024 @ 16:14:16 - Row :119 - Processing item.
09-05-2024 @ 16:14:17 - Found order object. ID:1266
09-05-2024 @ 16:14:17 - Row :119 - Order imported successfully.
09-05-2024 @ 16:14:17 - Row :120 - Parsing item.
09-05-2024 @ 16:14:17 - Row :120 - Processing item.
09-05-2024 @ 16:14:18 - Found order object. ID:1267
09-05-2024 @ 16:14:18 - Row :120 - Order imported successfully.
09-05-2024 @ 16:14:20 - Preparing for import.
09-05-2024 @ 16:14:20 - Row :121 - Parsing item.
09-05-2024 @ 16:14:20 - Row :121 - Processing item.
09-05-2024 @ 16:14:21 - Found order object. ID:1268
09-05-2024 @ 16:14:21 - Row :121 - Order imported successfully.
09-05-2024 @ 16:14:21 - Row :122 - Parsing item.
09-05-2024 @ 16:14:21 - Row :122 - Processing item.
09-05-2024 @ 16:14:22 - Found order object. ID:1269
09-05-2024 @ 16:14:22 - Row :122 - Order imported successfully.
09-05-2024 @ 16:14:22 - Row :123 - Parsing item.
09-05-2024 @ 16:14:22 - Row :123 - Processing item.
09-05-2024 @ 16:14:23 - Found order object. ID:1270
09-05-2024 @ 16:14:23 - Row :123 - Order imported successfully.
09-05-2024 @ 16:14:23 - Row :124 - Parsing item.
09-05-2024 @ 16:14:23 - Row :124 - Processing item.
09-05-2024 @ 16:14:24 - Found order object. ID:1271
09-05-2024 @ 16:14:24 - Row :124 - Order imported successfully.
09-05-2024 @ 16:14:24 - Row :125 - Parsing item.
09-05-2024 @ 16:14:24 - Row :125 - Processing item.
09-05-2024 @ 16:14:24 - Found order object. ID:1272
09-05-2024 @ 16:14:24 - Row :125 - Order imported successfully.
09-05-2024 @ 16:14:24 - Row :126 - Parsing item.
09-05-2024 @ 16:14:24 - Row :126 - Processing item.
09-05-2024 @ 16:14:25 - Found order object. ID:1273
09-05-2024 @ 16:14:25 - Row :126 - Order imported successfully.
09-05-2024 @ 16:14:25 - Row :127 - Parsing item.
09-05-2024 @ 16:14:25 - Row :127 - Processing item.
09-05-2024 @ 16:14:26 - Found order object. ID:1274
09-05-2024 @ 16:14:26 - Row :127 - Order imported successfully.
09-05-2024 @ 16:14:26 - Row :128 - Parsing item.
09-05-2024 @ 16:14:26 - Row :128 - Processing item.
09-05-2024 @ 16:14:27 - Found order object. ID:1275
09-05-2024 @ 16:14:27 - Row :128 - Order imported successfully.
09-05-2024 @ 16:14:27 - Row :129 - Parsing item.
09-05-2024 @ 16:14:27 - Row :129 - Processing item.
09-05-2024 @ 16:14:28 - Found order object. ID:1276
09-05-2024 @ 16:14:28 - Row :129 - Order imported successfully.
09-05-2024 @ 16:14:28 - Row :130 - Parsing item.
09-05-2024 @ 16:14:28 - Row :130 - Processing item.
09-05-2024 @ 16:14:29 - Found order object. ID:1277
09-05-2024 @ 16:14:29 - Row :130 - Order imported successfully.
09-05-2024 @ 16:14:29 - Preparing for import.
09-05-2024 @ 16:14:29 - Row :131 - Parsing item.
09-05-2024 @ 16:14:29 - Row :131 - Processing item.
09-05-2024 @ 16:14:30 - Found order object. ID:1278
09-05-2024 @ 16:14:30 - Row :131 - Order imported successfully.
09-05-2024 @ 16:14:30 - Row :132 - Parsing item.
09-05-2024 @ 16:14:30 - Row :132 - Processing item.
09-05-2024 @ 16:14:31 - Found order object. ID:1279
09-05-2024 @ 16:14:32 - Row :132 - Order imported successfully.
09-05-2024 @ 16:14:32 - Row :133 - Parsing item.
09-05-2024 @ 16:14:32 - Row :133 - Processing item.
09-05-2024 @ 16:14:33 - Found order object. ID:1280
09-05-2024 @ 16:14:33 - Row :133 - Order imported successfully.
09-05-2024 @ 16:14:33 - Row :134 - Parsing item.
09-05-2024 @ 16:14:33 - Row :134 - Processing item.
09-05-2024 @ 16:14:34 - Found order object. ID:1281
09-05-2024 @ 16:14:34 - Row :134 - Order imported successfully.
09-05-2024 @ 16:14:34 - Row :135 - Parsing item.
09-05-2024 @ 16:14:34 - Row :135 - Processing item.
09-05-2024 @ 16:14:34 - Found order object. ID:1282
09-05-2024 @ 16:14:35 - Row :135 - Order imported successfully.
09-05-2024 @ 16:14:35 - Row :136 - Parsing item.
09-05-2024 @ 16:14:35 - Row :136 - Processing item.
09-05-2024 @ 16:14:35 - Found order object. ID:1283
09-05-2024 @ 16:14:35 - Row :136 - Order imported successfully.
09-05-2024 @ 16:14:35 - Row :137 - Parsing item.
09-05-2024 @ 16:14:35 - Row :137 - Processing item.
09-05-2024 @ 16:14:36 - Found order object. ID:1284
09-05-2024 @ 16:14:36 - Row :137 - Order imported successfully.
09-05-2024 @ 16:14:36 - Row :138 - Parsing item.
09-05-2024 @ 16:14:36 - Row :138 - Processing item.
09-05-2024 @ 16:14:37 - Found order object. ID:1285
09-05-2024 @ 16:14:37 - Row :138 - Order imported successfully.
09-05-2024 @ 16:14:37 - Row :139 - Parsing item.
09-05-2024 @ 16:14:37 - Row :139 - Processing item.
09-05-2024 @ 16:14:38 - Found order object. ID:1286
09-05-2024 @ 16:14:38 - Row :139 - Order imported successfully.
09-05-2024 @ 16:14:38 - Row :140 - Parsing item.
09-05-2024 @ 16:14:38 - Row :140 - Processing item.
09-05-2024 @ 16:14:39 - Found order object. ID:1287
09-05-2024 @ 16:14:39 - Row :140 - Order imported successfully.
09-05-2024 @ 16:14:40 - Preparing for import.
09-05-2024 @ 16:14:40 - Row :141 - Parsing item.
09-05-2024 @ 16:14:40 - Row :141 - Processing item.
09-05-2024 @ 16:14:41 - Found order object. ID:1288
09-05-2024 @ 16:14:41 - Row :141 - Order imported successfully.
09-05-2024 @ 16:14:41 - ---[ Import ended at 2024-09-05 16:14:41]---
