09-16-2024 @ 01:55:12 - ---[ New import started at 2024-09-16 01:55:12 ] PHP Memory: 256 MB, WP Memory: 40 MB
09-16-2024 @ 01:55:12 - Preparing for import.
09-16-2024 @ 01:55:12 - Row :1 - Parsing item.
09-16-2024 @ 01:55:12 - Row :1 - Processing item.
09-16-2024 @ 01:55:12 - Processing users.
09-16-2024 @ 01:55:12 - > &#8220;62&#8221;User imported successfully. ID:62
09-16-2024 @ 01:55:12 - > Finished importing user 62
09-16-2024 @ 01:55:12 - Row :1 - User imported successfully.
09-16-2024 @ 01:55:12 - Row :2 - Parsing item.
09-16-2024 @ 01:55:12 - Row :2 - Processing item.
09-16-2024 @ 01:55:12 - Processing users.
09-16-2024 @ 01:55:12 - > &#8220;63&#8221;User imported successfully. ID:63
09-16-2024 @ 01:55:12 - > Finished importing user 63
09-16-2024 @ 01:55:12 - Row :2 - User imported successfully.
09-16-2024 @ 01:55:12 - Row :3 - Parsing item.
09-16-2024 @ 01:55:12 - Row :3 - Processing item.
09-16-2024 @ 01:55:12 - Processing users.
09-16-2024 @ 01:55:12 - > &#8220;64&#8221;User imported successfully. ID:64
09-16-2024 @ 01:55:12 - > Finished importing user 64
09-16-2024 @ 01:55:12 - Row :3 - User imported successfully.
09-16-2024 @ 01:55:12 - Row :4 - Parsing item.
09-16-2024 @ 01:55:12 - Row :4 - Processing item.
09-16-2024 @ 01:55:12 - Processing users.
09-16-2024 @ 01:55:12 - > &#8220;65&#8221;User imported successfully. ID:65
09-16-2024 @ 01:55:12 - > Finished importing user 65
09-16-2024 @ 01:55:12 - Row :4 - User imported successfully.
09-16-2024 @ 01:55:12 - Row :5 - Parsing item.
09-16-2024 @ 01:55:12 - Row :5 - Processing item.
09-16-2024 @ 01:55:12 - Processing users.
09-16-2024 @ 01:55:12 - > &#8220;66&#8221;User imported successfully. ID:66
09-16-2024 @ 01:55:12 - > Finished importing user 66
09-16-2024 @ 01:55:12 - Row :5 - User imported successfully.
09-16-2024 @ 01:55:12 - Row :6 - Parsing item.
09-16-2024 @ 01:55:12 - Row :6 - Processing item.
09-16-2024 @ 01:55:12 - Processing users.
09-16-2024 @ 01:55:12 - > &#8220;67&#8221;User imported successfully. ID:67
09-16-2024 @ 01:55:12 - > Finished importing user 67
09-16-2024 @ 01:55:12 - Row :6 - User imported successfully.
09-16-2024 @ 01:55:12 - Row :7 - Parsing item.
09-16-2024 @ 01:55:12 - Row :7 - Processing item.
09-16-2024 @ 01:55:12 - Processing users.
09-16-2024 @ 01:55:12 - > &#8220;68&#8221;User imported successfully. ID:68
09-16-2024 @ 01:55:12 - > Finished importing user 68
09-16-2024 @ 01:55:12 - Row :7 - User imported successfully.
09-16-2024 @ 01:55:12 - Row :8 - Parsing item.
09-16-2024 @ 01:55:12 - Row :8 - Processing item.
09-16-2024 @ 01:55:12 - Processing users.
09-16-2024 @ 01:55:12 - > &#8220;69&#8221;User imported successfully. ID:69
09-16-2024 @ 01:55:12 - > Finished importing user 69
09-16-2024 @ 01:55:12 - Row :8 - User imported successfully.
09-16-2024 @ 01:55:12 - Row :9 - Parsing item.
09-16-2024 @ 01:55:12 - Row :9 - Processing item.
09-16-2024 @ 01:55:12 - Processing users.
09-16-2024 @ 01:55:13 - > &#8220;70&#8221;User imported successfully. ID:70
09-16-2024 @ 01:55:13 - > Finished importing user 70
09-16-2024 @ 01:55:13 - Row :9 - User imported successfully.
09-16-2024 @ 01:55:13 - Row :10 - Parsing item.
09-16-2024 @ 01:55:13 - Row :10 - Processing item.
09-16-2024 @ 01:55:13 - Processing users.
09-16-2024 @ 01:55:13 - > &#8220;71&#8221;User imported successfully. ID:71
09-16-2024 @ 01:55:13 - > Finished importing user 71
09-16-2024 @ 01:55:13 - Row :10 - User imported successfully.
09-16-2024 @ 01:55:14 - Preparing for import.
09-16-2024 @ 01:55:14 - Row :11 - Parsing item.
09-16-2024 @ 01:55:14 - Row :11 - Processing item.
09-16-2024 @ 01:55:14 - Processing users.
09-16-2024 @ 01:55:14 - > &#8220;72&#8221;User imported successfully. ID:72
09-16-2024 @ 01:55:14 - > Finished importing user 72
09-16-2024 @ 01:55:14 - Row :11 - User imported successfully.
09-16-2024 @ 01:55:14 - Row :12 - Parsing item.
09-16-2024 @ 01:55:14 - Row :12 - Processing item.
09-16-2024 @ 01:55:14 - Processing users.
09-16-2024 @ 01:55:14 - > &#8220;73&#8221;User imported successfully. ID:73
09-16-2024 @ 01:55:14 - > Finished importing user 73
09-16-2024 @ 01:55:14 - Row :12 - User imported successfully.
09-16-2024 @ 01:55:14 - Row :13 - Parsing item.
09-16-2024 @ 01:55:14 - Row :13 - Processing item.
09-16-2024 @ 01:55:14 - Processing users.
09-16-2024 @ 01:55:14 - > &#8220;74&#8221;User imported successfully. ID:74
09-16-2024 @ 01:55:14 - > Finished importing user 74
09-16-2024 @ 01:55:14 - Row :13 - User imported successfully.
09-16-2024 @ 01:55:14 - Row :14 - Parsing item.
09-16-2024 @ 01:55:14 - Row :14 - Processing item.
09-16-2024 @ 01:55:14 - Processing users.
09-16-2024 @ 01:55:14 - > &#8220;75&#8221;User imported successfully. ID:75
09-16-2024 @ 01:55:14 - > Finished importing user 75
09-16-2024 @ 01:55:14 - Row :14 - User imported successfully.
09-16-2024 @ 01:55:14 - Row :15 - Parsing item.
09-16-2024 @ 01:55:14 - Row :15 - Processing item.
09-16-2024 @ 01:55:14 - Processing users.
09-16-2024 @ 01:55:14 - > &#8220;76&#8221;User imported successfully. ID:76
09-16-2024 @ 01:55:14 - > Finished importing user 76
09-16-2024 @ 01:55:14 - Row :15 - User imported successfully.
09-16-2024 @ 01:55:14 - Row :16 - Parsing item.
09-16-2024 @ 01:55:14 - Row :16 - Processing item.
09-16-2024 @ 01:55:14 - Processing users.
09-16-2024 @ 01:55:14 - > &#8220;77&#8221;User imported successfully. ID:77
09-16-2024 @ 01:55:14 - > Finished importing user 77
09-16-2024 @ 01:55:14 - Row :16 - User imported successfully.
09-16-2024 @ 01:55:14 - Row :17 - Parsing item.
09-16-2024 @ 01:55:14 - Row :17 - Processing item.
09-16-2024 @ 01:55:14 - Processing users.
09-16-2024 @ 01:55:14 - > &#8220;78&#8221;User imported successfully. ID:78
09-16-2024 @ 01:55:14 - > Finished importing user 78
09-16-2024 @ 01:55:14 - Row :17 - User imported successfully.
09-16-2024 @ 01:55:14 - Row :18 - Parsing item.
09-16-2024 @ 01:55:14 - Row :18 - Processing item.
09-16-2024 @ 01:55:14 - Processing users.
09-16-2024 @ 01:55:14 - > &#8220;79&#8221;User imported successfully. ID:79
09-16-2024 @ 01:55:14 - > Finished importing user 79
09-16-2024 @ 01:55:14 - Row :18 - User imported successfully.
09-16-2024 @ 01:55:14 - Row :19 - Parsing item.
09-16-2024 @ 01:55:14 - Row :19 - Processing item.
09-16-2024 @ 01:55:14 - Processing users.
09-16-2024 @ 01:55:14 - > &#8220;80&#8221;User imported successfully. ID:80
09-16-2024 @ 01:55:14 - > Finished importing user 80
09-16-2024 @ 01:55:14 - Row :19 - User imported successfully.
09-16-2024 @ 01:55:14 - Row :20 - Parsing item.
09-16-2024 @ 01:55:14 - Row :20 - Processing item.
09-16-2024 @ 01:55:14 - Processing users.
09-16-2024 @ 01:55:14 - > &#8220;81&#8221;User imported successfully. ID:81
09-16-2024 @ 01:55:14 - > Finished importing user 81
09-16-2024 @ 01:55:14 - Row :20 - User imported successfully.
09-16-2024 @ 01:55:15 - Preparing for import.
09-16-2024 @ 01:55:15 - Row :21 - Parsing item.
09-16-2024 @ 01:55:15 - Row :21 - Processing item.
09-16-2024 @ 01:55:15 - Processing users.
09-16-2024 @ 01:55:15 - > &#8220;82&#8221;User imported successfully. ID:82
09-16-2024 @ 01:55:15 - > Finished importing user 82
09-16-2024 @ 01:55:15 - Row :21 - User imported successfully.
09-16-2024 @ 01:55:15 - Row :22 - Parsing item.
09-16-2024 @ 01:55:15 - Row :22 - Processing item.
09-16-2024 @ 01:55:15 - Processing users.
09-16-2024 @ 01:55:15 - > &#8220;83&#8221;User imported successfully. ID:83
09-16-2024 @ 01:55:15 - > Finished importing user 83
09-16-2024 @ 01:55:15 - Row :22 - User imported successfully.
09-16-2024 @ 01:55:15 - Row :23 - Parsing item.
09-16-2024 @ 01:55:15 - Row :23 - Processing item.
09-16-2024 @ 01:55:15 - Processing users.
09-16-2024 @ 01:55:15 - > &#8220;84&#8221;User imported successfully. ID:84
09-16-2024 @ 01:55:15 - > Finished importing user 84
09-16-2024 @ 01:55:15 - Row :23 - User imported successfully.
09-16-2024 @ 01:55:15 - Row :24 - Parsing item.
09-16-2024 @ 01:55:15 - Row :24 - Processing item.
09-16-2024 @ 01:55:15 - Processing users.
09-16-2024 @ 01:55:15 - > &#8220;85&#8221;User imported successfully. ID:85
09-16-2024 @ 01:55:15 - > Finished importing user 85
09-16-2024 @ 01:55:15 - Row :24 - User imported successfully.
09-16-2024 @ 01:55:15 - Row :25 - Parsing item.
09-16-2024 @ 01:55:15 - Row :25 - Processing item.
09-16-2024 @ 01:55:15 - Processing users.
09-16-2024 @ 01:55:15 - > &#8220;86&#8221;User imported successfully. ID:86
09-16-2024 @ 01:55:15 - > Finished importing user 86
09-16-2024 @ 01:55:15 - Row :25 - User imported successfully.
09-16-2024 @ 01:55:15 - Row :26 - Parsing item.
09-16-2024 @ 01:55:15 - Row :26 - Processing item.
09-16-2024 @ 01:55:15 - Processing users.
09-16-2024 @ 01:55:15 - > &#8220;87&#8221;User imported successfully. ID:87
09-16-2024 @ 01:55:15 - > Finished importing user 87
09-16-2024 @ 01:55:15 - Row :26 - User imported successfully.
09-16-2024 @ 01:55:15 - Row :27 - Parsing item.
09-16-2024 @ 01:55:15 - Row :27 - Processing item.
09-16-2024 @ 01:55:15 - Processing users.
09-16-2024 @ 01:55:15 - > &#8220;88&#8221;User imported successfully. ID:88
09-16-2024 @ 01:55:15 - > Finished importing user 88
09-16-2024 @ 01:55:15 - Row :27 - User imported successfully.
09-16-2024 @ 01:55:15 - Row :28 - Parsing item.
09-16-2024 @ 01:55:15 - Row :28 - Processing item.
09-16-2024 @ 01:55:15 - Processing users.
09-16-2024 @ 01:55:15 - > &#8220;89&#8221;User imported successfully. ID:89
09-16-2024 @ 01:55:15 - > Finished importing user 89
09-16-2024 @ 01:55:15 - Row :28 - User imported successfully.
09-16-2024 @ 01:55:15 - Row :29 - Parsing item.
09-16-2024 @ 01:55:15 - Row :29 - Processing item.
09-16-2024 @ 01:55:15 - Processing users.
09-16-2024 @ 01:55:15 - > &#8220;90&#8221;User imported successfully. ID:90
09-16-2024 @ 01:55:15 - > Finished importing user 90
09-16-2024 @ 01:55:15 - Row :29 - User imported successfully.
09-16-2024 @ 01:55:15 - Row :30 - Parsing item.
09-16-2024 @ 01:55:15 - Row :30 - Processing item.
09-16-2024 @ 01:55:15 - Processing users.
09-16-2024 @ 01:55:15 - > &#8220;91&#8221;User imported successfully. ID:91
09-16-2024 @ 01:55:15 - > Finished importing user 91
09-16-2024 @ 01:55:15 - Row :30 - User imported successfully.
09-16-2024 @ 01:55:16 - Preparing for import.
09-16-2024 @ 01:55:16 - Row :31 - Parsing item.
09-16-2024 @ 01:55:16 - Row :31 - Processing item.
09-16-2024 @ 01:55:16 - Processing users.
09-16-2024 @ 01:55:16 - > &#8220;92&#8221;User imported successfully. ID:92
09-16-2024 @ 01:55:16 - > Finished importing user 92
09-16-2024 @ 01:55:16 - Row :31 - User imported successfully.
09-16-2024 @ 01:55:16 - Row :32 - Parsing item.
09-16-2024 @ 01:55:16 - Row :32 - Processing item.
09-16-2024 @ 01:55:16 - Processing users.
09-16-2024 @ 01:55:16 - > &#8220;93&#8221;User imported successfully. ID:93
09-16-2024 @ 01:55:16 - > Finished importing user 93
09-16-2024 @ 01:55:16 - Row :32 - User imported successfully.
09-16-2024 @ 01:55:16 - Row :33 - Parsing item.
09-16-2024 @ 01:55:16 - Row :33 - Processing item.
09-16-2024 @ 01:55:16 - Processing users.
09-16-2024 @ 01:55:16 - > &#8220;94&#8221;User imported successfully. ID:94
09-16-2024 @ 01:55:16 - > Finished importing user 94
09-16-2024 @ 01:55:16 - Row :33 - User imported successfully.
09-16-2024 @ 01:55:16 - Row :34 - Parsing item.
09-16-2024 @ 01:55:16 - Row :34 - Processing item.
09-16-2024 @ 01:55:16 - Processing users.
09-16-2024 @ 01:55:16 - > &#8220;95&#8221;User imported successfully. ID:95
09-16-2024 @ 01:55:16 - > Finished importing user 95
09-16-2024 @ 01:55:16 - Row :34 - User imported successfully.
09-16-2024 @ 01:55:16 - Row :35 - Parsing item.
09-16-2024 @ 01:55:16 - Row :35 - Processing item.
09-16-2024 @ 01:55:16 - Processing users.
09-16-2024 @ 01:55:16 - > &#8220;96&#8221;User imported successfully. ID:96
09-16-2024 @ 01:55:16 - > Finished importing user 96
09-16-2024 @ 01:55:16 - Row :35 - User imported successfully.
09-16-2024 @ 01:55:16 - Row :36 - Parsing item.
09-16-2024 @ 01:55:16 - Row :36 - Processing item.
09-16-2024 @ 01:55:16 - Processing users.
09-16-2024 @ 01:55:16 - > &#8220;97&#8221;User imported successfully. ID:97
09-16-2024 @ 01:55:16 - > Finished importing user 97
09-16-2024 @ 01:55:16 - Row :36 - User imported successfully.
09-16-2024 @ 01:55:16 - Row :37 - Parsing item.
09-16-2024 @ 01:55:16 - Row :37 - Processing item.
09-16-2024 @ 01:55:16 - Processing users.
09-16-2024 @ 01:55:16 - > &#8220;98&#8221;User imported successfully. ID:98
09-16-2024 @ 01:55:16 - > Finished importing user 98
09-16-2024 @ 01:55:16 - Row :37 - User imported successfully.
09-16-2024 @ 01:55:16 - Row :38 - Parsing item.
09-16-2024 @ 01:55:16 - Row :38 - Processing item.
09-16-2024 @ 01:55:16 - Processing users.
09-16-2024 @ 01:55:16 - > &#8220;99&#8221;User imported successfully. ID:99
09-16-2024 @ 01:55:16 - > Finished importing user 99
09-16-2024 @ 01:55:16 - Row :38 - User imported successfully.
09-16-2024 @ 01:55:16 - Row :39 - Parsing item.
09-16-2024 @ 01:55:16 - Row :39 - Parsing failed. Reason: User with same Email already exists. Email: dev@eoscreative.co
09-16-2024 @ 01:55:16 - Row :40 - Parsing item.
09-16-2024 @ 01:55:16 - Row :40 - Processing item.
09-16-2024 @ 01:55:16 - Processing users.
09-16-2024 @ 01:55:16 - > &#8220;100&#8221;User imported successfully. ID:100
09-16-2024 @ 01:55:16 - > Finished importing user 100
09-16-2024 @ 01:55:16 - Row :40 - User imported successfully.
09-16-2024 @ 01:55:17 - Preparing for import.
09-16-2024 @ 01:55:17 - Row :41 - Parsing item.
09-16-2024 @ 01:55:17 - Row :41 - Processing item.
09-16-2024 @ 01:55:17 - Processing users.
09-16-2024 @ 01:55:17 - > &#8220;101&#8221;User imported successfully. ID:101
09-16-2024 @ 01:55:17 - > Finished importing user 101
09-16-2024 @ 01:55:17 - Row :41 - User imported successfully.
09-16-2024 @ 01:55:17 - Row :42 - Parsing item.
09-16-2024 @ 01:55:17 - Row :42 - Processing item.
09-16-2024 @ 01:55:17 - Processing users.
09-16-2024 @ 01:55:17 - > &#8220;102&#8221;User imported successfully. ID:102
09-16-2024 @ 01:55:17 - > Finished importing user 102
09-16-2024 @ 01:55:17 - Row :42 - User imported successfully.
09-16-2024 @ 01:55:17 - Row :43 - Parsing item.
09-16-2024 @ 01:55:17 - Row :43 - Processing item.
09-16-2024 @ 01:55:17 - Processing users.
09-16-2024 @ 01:55:18 - > &#8220;103&#8221;User imported successfully. ID:103
09-16-2024 @ 01:55:18 - > Finished importing user 103
09-16-2024 @ 01:55:18 - Row :43 - User imported successfully.
09-16-2024 @ 01:55:18 - Row :44 - Parsing item.
09-16-2024 @ 01:55:18 - Row :44 - Processing item.
09-16-2024 @ 01:55:18 - Processing users.
09-16-2024 @ 01:55:18 - > &#8220;104&#8221;User imported successfully. ID:104
09-16-2024 @ 01:55:18 - > Finished importing user 104
09-16-2024 @ 01:55:18 - Row :44 - User imported successfully.
09-16-2024 @ 01:55:18 - Row :45 - Parsing item.
09-16-2024 @ 01:55:18 - Row :45 - Processing item.
09-16-2024 @ 01:55:18 - Processing users.
09-16-2024 @ 01:55:18 - > &#8220;105&#8221;User imported successfully. ID:105
09-16-2024 @ 01:55:18 - > Finished importing user 105
09-16-2024 @ 01:55:18 - Row :45 - User imported successfully.
09-16-2024 @ 01:55:18 - Row :46 - Parsing item.
09-16-2024 @ 01:55:18 - Row :46 - Processing item.
09-16-2024 @ 01:55:18 - Processing users.
09-16-2024 @ 01:55:18 - > &#8220;106&#8221;User imported successfully. ID:106
09-16-2024 @ 01:55:18 - > Finished importing user 106
09-16-2024 @ 01:55:18 - Row :46 - User imported successfully.
09-16-2024 @ 01:55:18 - Row :47 - Parsing item.
09-16-2024 @ 01:55:18 - Row :47 - Processing item.
09-16-2024 @ 01:55:18 - Processing users.
09-16-2024 @ 01:55:18 - > &#8220;107&#8221;User imported successfully. ID:107
09-16-2024 @ 01:55:18 - > Finished importing user 107
09-16-2024 @ 01:55:18 - Row :47 - User imported successfully.
09-16-2024 @ 01:55:18 - Row :48 - Parsing item.
09-16-2024 @ 01:55:18 - Row :48 - Processing item.
09-16-2024 @ 01:55:18 - Processing users.
09-16-2024 @ 01:55:18 - > &#8220;108&#8221;User imported successfully. ID:108
09-16-2024 @ 01:55:18 - > Finished importing user 108
09-16-2024 @ 01:55:18 - Row :48 - User imported successfully.
09-16-2024 @ 01:55:18 - Row :49 - Parsing item.
09-16-2024 @ 01:55:18 - Row :49 - Processing item.
09-16-2024 @ 01:55:18 - Processing users.
09-16-2024 @ 01:55:18 - > &#8220;109&#8221;User imported successfully. ID:109
09-16-2024 @ 01:55:18 - > Finished importing user 109
09-16-2024 @ 01:55:18 - Row :49 - User imported successfully.
09-16-2024 @ 01:55:18 - Row :50 - Parsing item.
09-16-2024 @ 01:55:18 - Row :50 - Processing item.
09-16-2024 @ 01:55:18 - Processing users.
09-16-2024 @ 01:55:18 - > &#8220;110&#8221;User imported successfully. ID:110
09-16-2024 @ 01:55:18 - > Finished importing user 110
09-16-2024 @ 01:55:18 - Row :50 - User imported successfully.
09-16-2024 @ 01:55:19 - Preparing for import.
09-16-2024 @ 01:55:19 - Row :51 - Parsing item.
09-16-2024 @ 01:55:19 - Row :51 - Processing item.
09-16-2024 @ 01:55:19 - Processing users.
09-16-2024 @ 01:55:19 - > &#8220;111&#8221;User imported successfully. ID:111
09-16-2024 @ 01:55:19 - > Finished importing user 111
09-16-2024 @ 01:55:19 - Row :51 - User imported successfully.
09-16-2024 @ 01:55:19 - Row :52 - Parsing item.
09-16-2024 @ 01:55:19 - Row :52 - Processing item.
09-16-2024 @ 01:55:19 - Processing users.
09-16-2024 @ 01:55:19 - > &#8220;112&#8221;User imported successfully. ID:112
09-16-2024 @ 01:55:19 - > Finished importing user 112
09-16-2024 @ 01:55:19 - Row :52 - User imported successfully.
09-16-2024 @ 01:55:19 - Row :53 - Parsing item.
09-16-2024 @ 01:55:19 - Row :53 - Processing item.
09-16-2024 @ 01:55:19 - Processing users.
09-16-2024 @ 01:55:19 - > &#8220;113&#8221;User imported successfully. ID:113
09-16-2024 @ 01:55:19 - > Finished importing user 113
09-16-2024 @ 01:55:19 - Row :53 - User imported successfully.
09-16-2024 @ 01:55:19 - Row :54 - Parsing item.
09-16-2024 @ 01:55:19 - Row :54 - Processing item.
09-16-2024 @ 01:55:19 - Processing users.
09-16-2024 @ 01:55:19 - > &#8220;114&#8221;User imported successfully. ID:114
09-16-2024 @ 01:55:19 - > Finished importing user 114
09-16-2024 @ 01:55:19 - Row :54 - User imported successfully.
09-16-2024 @ 01:55:19 - Row :55 - Parsing item.
09-16-2024 @ 01:55:19 - Row :55 - Processing item.
09-16-2024 @ 01:55:19 - Processing users.
09-16-2024 @ 01:55:19 - > &#8220;115&#8221;User imported successfully. ID:115
09-16-2024 @ 01:55:19 - > Finished importing user 115
09-16-2024 @ 01:55:19 - Row :55 - User imported successfully.
09-16-2024 @ 01:55:19 - Row :56 - Parsing item.
09-16-2024 @ 01:55:19 - Row :56 - Processing item.
09-16-2024 @ 01:55:19 - Processing users.
09-16-2024 @ 01:55:19 - > &#8220;116&#8221;User imported successfully. ID:116
09-16-2024 @ 01:55:19 - > Finished importing user 116
09-16-2024 @ 01:55:19 - Row :56 - User imported successfully.
09-16-2024 @ 01:55:19 - Row :57 - Parsing item.
09-16-2024 @ 01:55:19 - Row :57 - Processing item.
09-16-2024 @ 01:55:19 - Processing users.
09-16-2024 @ 01:55:19 - > &#8220;117&#8221;User imported successfully. ID:117
09-16-2024 @ 01:55:19 - > Finished importing user 117
09-16-2024 @ 01:55:19 - Row :57 - User imported successfully.
09-16-2024 @ 01:55:19 - Row :58 - Parsing item.
09-16-2024 @ 01:55:19 - Row :58 - Processing item.
09-16-2024 @ 01:55:19 - Processing users.
09-16-2024 @ 01:55:19 - > &#8220;118&#8221;User imported successfully. ID:118
09-16-2024 @ 01:55:19 - > Finished importing user 118
09-16-2024 @ 01:55:19 - Row :58 - User imported successfully.
09-16-2024 @ 01:55:19 - Row :59 - Parsing item.
09-16-2024 @ 01:55:19 - Row :59 - Processing item.
09-16-2024 @ 01:55:19 - Processing users.
09-16-2024 @ 01:55:19 - > &#8220;119&#8221;User imported successfully. ID:119
09-16-2024 @ 01:55:19 - > Finished importing user 119
09-16-2024 @ 01:55:19 - Row :59 - User imported successfully.
09-16-2024 @ 01:55:19 - ---[ Import ended at 2024-09-16 01:55:19]---
