09-16-2024 @ 02:29:26 - ---[ New import started at 2024-09-16 02:29:26 ] PHP Memory: 256 MB, WP Memory: 40 MB
09-16-2024 @ 02:29:26 - Preparing for import.
09-16-2024 @ 02:29:26 - Row :1 - Parsing item.
09-16-2024 @ 02:29:26 - Row :1 - Processing item.
09-16-2024 @ 02:29:27 - Found order object. ID:1305
09-16-2024 @ 02:29:27 - Row :1 - Order imported successfully.
09-16-2024 @ 02:29:27 - Row :2 - Parsing item.
09-16-2024 @ 02:29:27 - Row :2 - Processing item.
09-16-2024 @ 02:29:28 - Found order object. ID:1306
09-16-2024 @ 02:29:28 - Row :2 - Order imported successfully.
09-16-2024 @ 02:29:28 - Row :3 - Parsing item.
09-16-2024 @ 02:29:28 - Row :3 - Processing item.
09-16-2024 @ 02:29:29 - Found order object. ID:1307
09-16-2024 @ 02:29:29 - Row :3 - Order imported successfully.
09-16-2024 @ 02:29:29 - Row :4 - Parsing item.
09-16-2024 @ 02:29:29 - Row :4 - Processing item.
09-16-2024 @ 02:29:30 - Found order object. ID:1308
09-16-2024 @ 02:29:30 - Row :4 - Order imported successfully.
09-16-2024 @ 02:29:30 - Row :5 - Parsing item.
09-16-2024 @ 02:29:30 - Row :5 - Processing item.
09-16-2024 @ 02:29:31 - Found order object. ID:1309
09-16-2024 @ 02:29:31 - Row :5 - Order imported successfully.
09-16-2024 @ 02:29:31 - Row :6 - Parsing item.
09-16-2024 @ 02:29:31 - Row :6 - Processing item.
09-16-2024 @ 02:29:31 - Found order object. ID:1310
09-16-2024 @ 02:29:32 - Row :6 - Order imported successfully.
09-16-2024 @ 02:29:32 - Row :7 - Parsing item.
09-16-2024 @ 02:29:32 - Row :7 - Processing item.
09-16-2024 @ 02:29:32 - Found order object. ID:1311
09-16-2024 @ 02:29:32 - Row :7 - Order imported successfully.
09-16-2024 @ 02:29:32 - Row :8 - Parsing item.
09-16-2024 @ 02:29:32 - Row :8 - Processing item.
09-16-2024 @ 02:29:33 - Found order object. ID:1312
09-16-2024 @ 02:29:33 - Row :8 - Order imported successfully.
09-16-2024 @ 02:29:33 - Row :9 - Parsing item.
09-16-2024 @ 02:29:33 - Row :9 - Processing item.
09-16-2024 @ 02:29:34 - Found order object. ID:1313
09-16-2024 @ 02:29:34 - Row :9 - Order imported successfully.
09-16-2024 @ 02:29:34 - Row :10 - Parsing item.
09-16-2024 @ 02:29:34 - Row :10 - Processing item.
09-16-2024 @ 02:29:35 - Found order object. ID:1314
09-16-2024 @ 02:29:35 - Row :10 - Order imported successfully.
09-16-2024 @ 02:29:36 - Preparing for import.
09-16-2024 @ 02:29:36 - Row :11 - Parsing item.
09-16-2024 @ 02:29:36 - Row :11 - Processing item.
09-16-2024 @ 02:29:37 - Found order object. ID:1315
09-16-2024 @ 02:29:37 - Row :11 - Order imported successfully.
09-16-2024 @ 02:29:37 - Row :12 - Parsing item.
09-16-2024 @ 02:29:37 - Row :12 - Processing item.
09-16-2024 @ 02:29:38 - Found order object. ID:1316
09-16-2024 @ 02:29:38 - Row :12 - Order imported successfully.
09-16-2024 @ 02:29:38 - Row :13 - Parsing item.
09-16-2024 @ 02:29:38 - Row :13 - Processing item.
09-16-2024 @ 02:29:39 - Found order object. ID:1317
09-16-2024 @ 02:29:39 - Row :13 - Order imported successfully.
09-16-2024 @ 02:29:39 - Row :14 - Parsing item.
09-16-2024 @ 02:29:39 - Row :14 - Processing item.
09-16-2024 @ 02:29:40 - Found order object. ID:1318
09-16-2024 @ 02:29:40 - Row :14 - Order imported successfully.
09-16-2024 @ 02:29:40 - Row :15 - Parsing item.
09-16-2024 @ 02:29:40 - Row :15 - Processing item.
09-16-2024 @ 02:29:41 - Found order object. ID:1319
09-16-2024 @ 02:29:41 - Row :15 - Order imported successfully.
09-16-2024 @ 02:29:41 - Row :16 - Parsing item.
09-16-2024 @ 02:29:41 - Row :16 - Processing item.
09-16-2024 @ 02:29:41 - Found order object. ID:1320
09-16-2024 @ 02:29:41 - Row :16 - Order imported successfully.
09-16-2024 @ 02:29:41 - Row :17 - Parsing item.
09-16-2024 @ 02:29:42 - Row :17 - Processing item.
09-16-2024 @ 02:29:42 - Found order object. ID:1321
09-16-2024 @ 02:29:42 - Row :17 - Order imported successfully.
09-16-2024 @ 02:29:42 - Row :18 - Parsing item.
09-16-2024 @ 02:29:42 - Row :18 - Processing item.
09-16-2024 @ 02:29:43 - Found order object. ID:1322
09-16-2024 @ 02:29:43 - Row :18 - Order imported successfully.
09-16-2024 @ 02:29:43 - Row :19 - Parsing item.
09-16-2024 @ 02:29:43 - Row :19 - Processing item.
09-16-2024 @ 02:29:44 - Found order object. ID:1323
09-16-2024 @ 02:29:44 - Row :19 - Order imported successfully.
09-16-2024 @ 02:29:44 - Row :20 - Parsing item.
09-16-2024 @ 02:29:44 - Row :20 - Processing item.
09-16-2024 @ 02:29:45 - Found order object. ID:1324
09-16-2024 @ 02:29:45 - Row :20 - Order imported successfully.
09-16-2024 @ 02:29:47 - Preparing for import.
09-16-2024 @ 02:29:47 - Row :21 - Parsing item.
09-16-2024 @ 02:29:47 - Row :21 - Processing item.
09-16-2024 @ 02:29:48 - Found order object. ID:1325
09-16-2024 @ 02:29:48 - Row :21 - Order imported successfully.
09-16-2024 @ 02:29:48 - Row :22 - Parsing item.
09-16-2024 @ 02:29:48 - Row :22 - Processing item.
09-16-2024 @ 02:29:49 - Found order object. ID:1326
09-16-2024 @ 02:29:49 - Row :22 - Order imported successfully.
09-16-2024 @ 02:29:49 - Row :23 - Parsing item.
09-16-2024 @ 02:29:49 - Row :23 - Processing item.
09-16-2024 @ 02:29:49 - Found order object. ID:1327
09-16-2024 @ 02:29:49 - Row :23 - Order imported successfully.
09-16-2024 @ 02:29:49 - Row :24 - Parsing item.
09-16-2024 @ 02:29:49 - Row :24 - Processing item.
09-16-2024 @ 02:29:50 - Found order object. ID:1328
09-16-2024 @ 02:29:50 - Row :24 - Order imported successfully.
09-16-2024 @ 02:29:50 - Row :25 - Parsing item.
09-16-2024 @ 02:29:50 - Row :25 - Processing item.
09-16-2024 @ 02:29:51 - Found order object. ID:1329
09-16-2024 @ 02:29:51 - Row :25 - Order imported successfully.
09-16-2024 @ 02:29:51 - Row :26 - Parsing item.
09-16-2024 @ 02:29:51 - Row :26 - Processing item.
09-16-2024 @ 02:29:52 - Found order object. ID:1330
09-16-2024 @ 02:29:52 - Row :26 - Order imported successfully.
09-16-2024 @ 02:29:52 - Row :27 - Parsing item.
09-16-2024 @ 02:29:52 - Row :27 - Processing item.
09-16-2024 @ 02:29:53 - Found order object. ID:1331
09-16-2024 @ 02:29:53 - Row :27 - Order imported successfully.
09-16-2024 @ 02:29:53 - Row :28 - Parsing item.
09-16-2024 @ 02:29:53 - Row :28 - Processing item.
09-16-2024 @ 02:29:54 - Found order object. ID:1332
09-16-2024 @ 02:29:54 - Row :28 - Order imported successfully.
09-16-2024 @ 02:29:54 - Row :29 - Parsing item.
09-16-2024 @ 02:29:54 - Row :29 - Processing item.
09-16-2024 @ 02:29:54 - Found order object. ID:1333
09-16-2024 @ 02:29:54 - Row :29 - Order imported successfully.
09-16-2024 @ 02:29:54 - Row :30 - Parsing item.
09-16-2024 @ 02:29:54 - Row :30 - Processing item.
09-16-2024 @ 02:29:55 - Found order object. ID:1334
09-16-2024 @ 02:29:55 - Row :30 - Order imported successfully.
09-16-2024 @ 02:29:56 - Preparing for import.
09-16-2024 @ 02:29:56 - Row :31 - Parsing item.
09-16-2024 @ 02:29:56 - Row :31 - Processing item.
09-16-2024 @ 02:29:57 - Found order object. ID:1335
09-16-2024 @ 02:29:57 - Row :31 - Order imported successfully.
09-16-2024 @ 02:29:57 - Row :32 - Parsing item.
09-16-2024 @ 02:29:57 - Row :32 - Processing item.
09-16-2024 @ 02:29:58 - Found order object. ID:1336
09-16-2024 @ 02:29:58 - Row :32 - Order imported successfully.
09-16-2024 @ 02:29:58 - Row :33 - Parsing item.
09-16-2024 @ 02:29:58 - Row :33 - Processing item.
09-16-2024 @ 02:29:59 - Found order object. ID:1337
09-16-2024 @ 02:29:59 - Row :33 - Order imported successfully.
09-16-2024 @ 02:29:59 - Row :34 - Parsing item.
09-16-2024 @ 02:29:59 - Row :34 - Processing item.
09-16-2024 @ 02:30:00 - Found order object. ID:1338
09-16-2024 @ 02:30:00 - Row :34 - Order imported successfully.
09-16-2024 @ 02:30:00 - Row :35 - Parsing item.
09-16-2024 @ 02:30:00 - Row :35 - Processing item.
09-16-2024 @ 02:30:01 - Found order object. ID:1339
09-16-2024 @ 02:30:01 - Row :35 - Order imported successfully.
09-16-2024 @ 02:30:01 - Row :36 - Parsing item.
09-16-2024 @ 02:30:01 - Row :36 - Processing item.
09-16-2024 @ 02:30:02 - Found order object. ID:1340
09-16-2024 @ 02:30:02 - Row :36 - Order imported successfully.
09-16-2024 @ 02:30:02 - Row :37 - Parsing item.
09-16-2024 @ 02:30:02 - Row :37 - Processing item.
09-16-2024 @ 02:30:03 - Found order object. ID:1341
09-16-2024 @ 02:30:03 - Row :37 - Order imported successfully.
09-16-2024 @ 02:30:03 - Row :38 - Parsing item.
09-16-2024 @ 02:30:03 - Row :38 - Processing item.
09-16-2024 @ 02:30:04 - Found order object. ID:1342
09-16-2024 @ 02:30:04 - Row :38 - Order imported successfully.
09-16-2024 @ 02:30:04 - Row :39 - Parsing item.
09-16-2024 @ 02:30:04 - Row :39 - Processing item.
09-16-2024 @ 02:30:05 - Found order object. ID:1343
09-16-2024 @ 02:30:05 - Row :39 - Order imported successfully.
09-16-2024 @ 02:30:05 - Row :40 - Parsing item.
09-16-2024 @ 02:30:05 - Row :40 - Processing item.
09-16-2024 @ 02:30:06 - Found order object. ID:1344
09-16-2024 @ 02:30:06 - Row :40 - Order imported successfully.
09-16-2024 @ 02:30:07 - Preparing for import.
09-16-2024 @ 02:30:07 - Row :41 - Parsing item.
09-16-2024 @ 02:30:07 - Row :41 - Processing item.
09-16-2024 @ 02:30:07 - Found order object. ID:1345
09-16-2024 @ 02:30:08 - Row :41 - Order imported successfully.
09-16-2024 @ 02:30:08 - Row :42 - Parsing item.
09-16-2024 @ 02:30:08 - Row :42 - Processing item.
09-16-2024 @ 02:30:09 - Found order object. ID:1346
09-16-2024 @ 02:30:09 - Row :42 - Order imported successfully.
09-16-2024 @ 02:30:09 - Row :43 - Parsing item.
09-16-2024 @ 02:30:09 - Row :43 - Processing item.
09-16-2024 @ 02:30:10 - Found order object. ID:1347
09-16-2024 @ 02:30:10 - Row :43 - Order imported successfully.
09-16-2024 @ 02:30:10 - Row :44 - Parsing item.
09-16-2024 @ 02:30:10 - Row :44 - Processing item.
09-16-2024 @ 02:30:11 - Found order object. ID:1348
09-16-2024 @ 02:30:11 - Row :44 - Order imported successfully.
09-16-2024 @ 02:30:11 - Row :45 - Parsing item.
09-16-2024 @ 02:30:11 - Row :45 - Processing item.
09-16-2024 @ 02:30:12 - Found order object. ID:1349
09-16-2024 @ 02:30:12 - Row :45 - Order imported successfully.
09-16-2024 @ 02:30:12 - Row :46 - Parsing item.
09-16-2024 @ 02:30:12 - Row :46 - Processing item.
09-16-2024 @ 02:30:13 - Found order object. ID:1350
09-16-2024 @ 02:30:13 - Row :46 - Order imported successfully.
09-16-2024 @ 02:30:13 - Row :47 - Parsing item.
09-16-2024 @ 02:30:13 - Row :47 - Processing item.
09-16-2024 @ 02:30:13 - Found order object. ID:1351
09-16-2024 @ 02:30:14 - Row :47 - Order imported successfully.
09-16-2024 @ 02:30:14 - Row :48 - Parsing item.
09-16-2024 @ 02:30:14 - Row :48 - Processing item.
09-16-2024 @ 02:30:14 - Found order object. ID:1352
09-16-2024 @ 02:30:14 - Row :48 - Order imported successfully.
09-16-2024 @ 02:30:14 - Row :49 - Parsing item.
09-16-2024 @ 02:30:14 - Row :49 - Processing item.
09-16-2024 @ 02:30:15 - Found order object. ID:1353
09-16-2024 @ 02:30:15 - Row :49 - Order imported successfully.
09-16-2024 @ 02:30:15 - Row :50 - Parsing item.
09-16-2024 @ 02:30:15 - Row :50 - Processing item.
09-16-2024 @ 02:30:17 - Found order object. ID:1354
09-16-2024 @ 02:30:17 - Row :50 - Order imported successfully.
09-16-2024 @ 02:30:17 - Preparing for import.
09-16-2024 @ 02:30:17 - Row :51 - Parsing item.
09-16-2024 @ 02:30:17 - Row :51 - Processing item.
09-16-2024 @ 02:30:18 - Found order object. ID:1355
09-16-2024 @ 02:30:18 - Row :51 - Order imported successfully.
09-16-2024 @ 02:30:18 - Row :52 - Parsing item.
09-16-2024 @ 02:30:18 - Row :52 - Processing item.
09-16-2024 @ 02:30:19 - Found order object. ID:1356
09-16-2024 @ 02:30:20 - Row :52 - Order imported successfully.
09-16-2024 @ 02:30:20 - Row :53 - Parsing item.
09-16-2024 @ 02:30:20 - Row :53 - Processing item.
09-16-2024 @ 02:30:20 - Found order object. ID:1357
09-16-2024 @ 02:30:20 - Row :53 - Order imported successfully.
09-16-2024 @ 02:30:20 - Row :54 - Parsing item.
09-16-2024 @ 02:30:20 - Row :54 - Processing item.
09-16-2024 @ 02:30:21 - Found order object. ID:1358
09-16-2024 @ 02:30:21 - Row :54 - Order imported successfully.
09-16-2024 @ 02:30:21 - Row :55 - Parsing item.
09-16-2024 @ 02:30:21 - Row :55 - Processing item.
09-16-2024 @ 02:30:22 - Found order object. ID:1359
09-16-2024 @ 02:30:22 - Row :55 - Order imported successfully.
09-16-2024 @ 02:30:22 - Row :56 - Parsing item.
09-16-2024 @ 02:30:23 - Row :56 - Processing item.
09-16-2024 @ 02:30:23 - Found order object. ID:1360
09-16-2024 @ 02:30:23 - Row :56 - Order imported successfully.
09-16-2024 @ 02:30:23 - Row :57 - Parsing item.
09-16-2024 @ 02:30:23 - Row :57 - Processing item.
09-16-2024 @ 02:30:24 - Found order object. ID:1361
09-16-2024 @ 02:30:24 - Row :57 - Order imported successfully.
09-16-2024 @ 02:30:24 - Row :58 - Parsing item.
09-16-2024 @ 02:30:24 - Row :58 - Processing item.
09-16-2024 @ 02:30:25 - Found order object. ID:1362
09-16-2024 @ 02:30:25 - Row :58 - Order imported successfully.
09-16-2024 @ 02:30:25 - Row :59 - Parsing item.
09-16-2024 @ 02:30:25 - Row :59 - Processing item.
09-16-2024 @ 02:30:26 - Found order object. ID:1363
09-16-2024 @ 02:30:26 - Row :59 - Order imported successfully.
09-16-2024 @ 02:30:26 - Row :60 - Parsing item.
09-16-2024 @ 02:30:26 - Row :60 - Processing item.
09-16-2024 @ 02:30:27 - Found order object. ID:1364
09-16-2024 @ 02:30:27 - Row :60 - Order imported successfully.
09-16-2024 @ 02:30:28 - Preparing for import.
09-16-2024 @ 02:30:28 - Row :61 - Parsing item.
09-16-2024 @ 02:30:28 - Row :61 - Processing item.
09-16-2024 @ 02:30:29 - Found order object. ID:1365
09-16-2024 @ 02:30:29 - Row :61 - Order imported successfully.
09-16-2024 @ 02:30:29 - Row :62 - Parsing item.
09-16-2024 @ 02:30:29 - Row :62 - Processing item.
09-16-2024 @ 02:30:30 - Found order object. ID:1366
09-16-2024 @ 02:30:30 - Row :62 - Order imported successfully.
09-16-2024 @ 02:30:30 - Row :63 - Parsing item.
09-16-2024 @ 02:30:30 - Row :63 - Processing item.
09-16-2024 @ 02:30:31 - Found order object. ID:1367
09-16-2024 @ 02:30:31 - Row :63 - Order imported successfully.
09-16-2024 @ 02:30:31 - Row :64 - Parsing item.
09-16-2024 @ 02:30:31 - Row :64 - Processing item.
09-16-2024 @ 02:30:32 - Found order object. ID:1368
09-16-2024 @ 02:30:32 - Row :64 - Order imported successfully.
09-16-2024 @ 02:30:32 - Row :65 - Parsing item.
09-16-2024 @ 02:30:32 - Row :65 - Processing item.
09-16-2024 @ 02:30:33 - Found order object. ID:1369
09-16-2024 @ 02:30:33 - Row :65 - Order imported successfully.
09-16-2024 @ 02:30:33 - Row :66 - Parsing item.
09-16-2024 @ 02:30:33 - Row :66 - Processing item.
09-16-2024 @ 02:30:34 - Found order object. ID:1370
09-16-2024 @ 02:30:34 - Row :66 - Order imported successfully.
09-16-2024 @ 02:30:34 - Row :67 - Parsing item.
09-16-2024 @ 02:30:34 - Row :67 - Processing item.
09-16-2024 @ 02:30:35 - Found order object. ID:1371
09-16-2024 @ 02:30:35 - Row :67 - Order imported successfully.
09-16-2024 @ 02:30:35 - Row :68 - Parsing item.
09-16-2024 @ 02:30:35 - Row :68 - Processing item.
09-16-2024 @ 02:30:35 - Found order object. ID:1372
09-16-2024 @ 02:30:36 - Row :68 - Order imported successfully.
09-16-2024 @ 02:30:36 - Row :69 - Parsing item.
09-16-2024 @ 02:30:36 - Row :69 - Processing item.
09-16-2024 @ 02:30:36 - Found order object. ID:1373
09-16-2024 @ 02:30:36 - Row :69 - Order imported successfully.
09-16-2024 @ 02:30:36 - Row :70 - Parsing item.
09-16-2024 @ 02:30:36 - Row :70 - Processing item.
09-16-2024 @ 02:30:37 - Found order object. ID:1374
09-16-2024 @ 02:30:37 - Row :70 - Order imported successfully.
09-16-2024 @ 02:30:38 - Preparing for import.
09-16-2024 @ 02:30:38 - Row :71 - Parsing item.
09-16-2024 @ 02:30:38 - Row :71 - Processing item.
09-16-2024 @ 02:30:39 - Found order object. ID:1375
09-16-2024 @ 02:30:39 - Row :71 - Order imported successfully.
09-16-2024 @ 02:30:39 - Row :72 - Parsing item.
09-16-2024 @ 02:30:39 - Row :72 - Processing item.
09-16-2024 @ 02:30:40 - Found order object. ID:1376
09-16-2024 @ 02:30:40 - Row :72 - Order imported successfully.
09-16-2024 @ 02:30:40 - Row :73 - Parsing item.
09-16-2024 @ 02:30:40 - Row :73 - Processing item.
09-16-2024 @ 02:30:41 - Found order object. ID:1377
09-16-2024 @ 02:30:41 - Row :73 - Order imported successfully.
09-16-2024 @ 02:30:41 - Row :74 - Parsing item.
09-16-2024 @ 02:30:41 - Row :74 - Processing item.
09-16-2024 @ 02:30:42 - Found order object. ID:1378
09-16-2024 @ 02:30:42 - Row :74 - Order imported successfully.
09-16-2024 @ 02:30:42 - Row :75 - Parsing item.
09-16-2024 @ 02:30:42 - Row :75 - Processing item.
09-16-2024 @ 02:30:43 - Found order object. ID:1379
09-16-2024 @ 02:30:43 - Row :75 - Order imported successfully.
09-16-2024 @ 02:30:43 - Row :76 - Parsing item.
09-16-2024 @ 02:30:43 - Row :76 - Processing item.
09-16-2024 @ 02:30:44 - Found order object. ID:1380
09-16-2024 @ 02:30:44 - Row :76 - Order imported successfully.
09-16-2024 @ 02:30:44 - Row :77 - Parsing item.
09-16-2024 @ 02:30:44 - Row :77 - Processing item.
09-16-2024 @ 02:30:45 - Found order object. ID:1381
09-16-2024 @ 02:30:45 - Row :77 - Order imported successfully.
09-16-2024 @ 02:30:45 - Row :78 - Parsing item.
09-16-2024 @ 02:30:45 - Row :78 - Processing item.
09-16-2024 @ 02:30:46 - Found order object. ID:1382
09-16-2024 @ 02:30:46 - Row :78 - Order imported successfully.
09-16-2024 @ 02:30:46 - Row :79 - Parsing item.
09-16-2024 @ 02:30:46 - Row :79 - Processing item.
09-16-2024 @ 02:30:47 - Found order object. ID:1383
09-16-2024 @ 02:30:47 - Row :79 - Order imported successfully.
09-16-2024 @ 02:30:47 - Row :80 - Parsing item.
09-16-2024 @ 02:30:47 - Row :80 - Processing item.
09-16-2024 @ 02:30:48 - Found order object. ID:1384
09-16-2024 @ 02:30:48 - Row :80 - Order imported successfully.
09-16-2024 @ 02:30:50 - Preparing for import.
09-16-2024 @ 02:30:50 - Row :81 - Parsing item.
09-16-2024 @ 02:30:50 - Row :81 - Processing item.
09-16-2024 @ 02:30:51 - Found order object. ID:1385
09-16-2024 @ 02:30:51 - Row :81 - Order imported successfully.
09-16-2024 @ 02:30:51 - Row :82 - Parsing item.
09-16-2024 @ 02:30:51 - Row :82 - Processing item.
09-16-2024 @ 02:30:52 - Found order object. ID:1386
09-16-2024 @ 02:30:52 - Row :82 - Order imported successfully.
09-16-2024 @ 02:30:52 - Row :83 - Parsing item.
09-16-2024 @ 02:30:52 - Row :83 - Processing item.
09-16-2024 @ 02:30:53 - Found order object. ID:1387
09-16-2024 @ 02:30:53 - Row :83 - Order imported successfully.
09-16-2024 @ 02:30:53 - Row :84 - Parsing item.
09-16-2024 @ 02:30:53 - Row :84 - Processing item.
09-16-2024 @ 02:30:54 - Found order object. ID:1388
09-16-2024 @ 02:30:54 - Row :84 - Order imported successfully.
09-16-2024 @ 02:30:54 - Row :85 - Parsing item.
09-16-2024 @ 02:30:54 - Row :85 - Processing item.
09-16-2024 @ 02:30:55 - Found order object. ID:1389
09-16-2024 @ 02:30:55 - Row :85 - Order imported successfully.
09-16-2024 @ 02:30:55 - Row :86 - Parsing item.
09-16-2024 @ 02:30:55 - Row :86 - Processing item.
09-16-2024 @ 02:30:56 - Found order object. ID:1390
09-16-2024 @ 02:30:56 - Row :86 - Order imported successfully.
09-16-2024 @ 02:30:56 - Row :87 - Parsing item.
09-16-2024 @ 02:30:56 - Row :87 - Processing item.
09-16-2024 @ 02:30:57 - Found order object. ID:1391
09-16-2024 @ 02:30:57 - Row :87 - Order imported successfully.
09-16-2024 @ 02:30:57 - Row :88 - Parsing item.
09-16-2024 @ 02:30:57 - Row :88 - Processing item.
09-16-2024 @ 02:30:58 - Found order object. ID:1392
09-16-2024 @ 02:30:58 - Row :88 - Order imported successfully.
09-16-2024 @ 02:30:58 - Row :89 - Parsing item.
09-16-2024 @ 02:30:58 - Row :89 - Processing item.
09-16-2024 @ 02:30:59 - Found order object. ID:1393
09-16-2024 @ 02:30:59 - Row :89 - Order imported successfully.
09-16-2024 @ 02:30:59 - Row :90 - Parsing item.
09-16-2024 @ 02:30:59 - Row :90 - Processing item.
09-16-2024 @ 02:31:00 - Found order object. ID:1394
09-16-2024 @ 02:31:00 - Row :90 - Order imported successfully.
09-16-2024 @ 02:31:01 - Preparing for import.
09-16-2024 @ 02:31:01 - Row :91 - Parsing item.
09-16-2024 @ 02:31:01 - Row :91 - Processing item.
09-16-2024 @ 02:31:02 - Found order object. ID:1395
09-16-2024 @ 02:31:02 - Row :91 - Order imported successfully.
09-16-2024 @ 02:31:02 - Row :92 - Parsing item.
09-16-2024 @ 02:31:02 - Row :92 - Processing item.
09-16-2024 @ 02:31:03 - Found order object. ID:1396
09-16-2024 @ 02:31:03 - Row :92 - Order imported successfully.
09-16-2024 @ 02:31:03 - Row :93 - Parsing item.
09-16-2024 @ 02:31:03 - Row :93 - Processing item.
09-16-2024 @ 02:31:04 - Found order object. ID:1397
09-16-2024 @ 02:31:04 - Row :93 - Order imported successfully.
09-16-2024 @ 02:31:04 - Row :94 - Parsing item.
09-16-2024 @ 02:31:04 - Row :94 - Processing item.
09-16-2024 @ 02:31:05 - Found order object. ID:1398
09-16-2024 @ 02:31:05 - Row :94 - Order imported successfully.
09-16-2024 @ 02:31:05 - Row :95 - Parsing item.
09-16-2024 @ 02:31:05 - Row :95 - Processing item.
09-16-2024 @ 02:31:06 - Found order object. ID:1399
09-16-2024 @ 02:31:06 - Row :95 - Order imported successfully.
09-16-2024 @ 02:31:06 - Row :96 - Parsing item.
09-16-2024 @ 02:31:06 - Row :96 - Processing item.
09-16-2024 @ 02:31:07 - Found order object. ID:1400
09-16-2024 @ 02:31:07 - Row :96 - Order imported successfully.
09-16-2024 @ 02:31:07 - Row :97 - Parsing item.
09-16-2024 @ 02:31:07 - Row :97 - Processing item.
09-16-2024 @ 02:31:08 - Found order object. ID:1401
09-16-2024 @ 02:31:08 - Row :97 - Order imported successfully.
09-16-2024 @ 02:31:08 - Row :98 - Parsing item.
09-16-2024 @ 02:31:08 - Row :98 - Processing item.
09-16-2024 @ 02:31:09 - Found order object. ID:1402
09-16-2024 @ 02:31:09 - Row :98 - Order imported successfully.
09-16-2024 @ 02:31:09 - Row :99 - Parsing item.
09-16-2024 @ 02:31:09 - Row :99 - Processing item.
09-16-2024 @ 02:31:10 - Found order object. ID:1403
09-16-2024 @ 02:31:10 - Row :99 - Order imported successfully.
09-16-2024 @ 02:31:10 - Row :100 - Parsing item.
09-16-2024 @ 02:31:10 - Row :100 - Processing item.
09-16-2024 @ 02:31:11 - Found order object. ID:1404
09-16-2024 @ 02:31:11 - Row :100 - Order imported successfully.
09-16-2024 @ 02:31:11 - Preparing for import.
09-16-2024 @ 02:31:11 - Row :101 - Parsing item.
09-16-2024 @ 02:31:11 - Row :101 - Processing item.
09-16-2024 @ 02:31:12 - Found order object. ID:1405
09-16-2024 @ 02:31:12 - Row :101 - Order imported successfully.
09-16-2024 @ 02:31:12 - Row :102 - Parsing item.
09-16-2024 @ 02:31:12 - Row :102 - Processing item.
09-16-2024 @ 02:31:13 - Found order object. ID:1406
09-16-2024 @ 02:31:13 - Row :102 - Order imported successfully.
09-16-2024 @ 02:31:13 - Row :103 - Parsing item.
09-16-2024 @ 02:31:13 - Row :103 - Processing item.
09-16-2024 @ 02:31:14 - Found order object. ID:1407
09-16-2024 @ 02:31:14 - Row :103 - Order imported successfully.
09-16-2024 @ 02:31:14 - Row :104 - Parsing item.
09-16-2024 @ 02:31:14 - Row :104 - Processing item.
09-16-2024 @ 02:31:15 - Found order object. ID:1408
09-16-2024 @ 02:31:15 - Row :104 - Order imported successfully.
09-16-2024 @ 02:31:15 - Row :105 - Parsing item.
09-16-2024 @ 02:31:15 - Row :105 - Processing item.
09-16-2024 @ 02:31:16 - Found order object. ID:1409
09-16-2024 @ 02:31:16 - Row :105 - Order imported successfully.
09-16-2024 @ 02:31:16 - Row :106 - Parsing item.
09-16-2024 @ 02:31:16 - Row :106 - Processing item.
09-16-2024 @ 02:31:17 - Found order object. ID:1410
09-16-2024 @ 02:31:17 - Row :106 - Order imported successfully.
09-16-2024 @ 02:31:17 - Row :107 - Parsing item.
09-16-2024 @ 02:31:17 - Row :107 - Processing item.
09-16-2024 @ 02:31:18 - Found order object. ID:1411
09-16-2024 @ 02:31:18 - Row :107 - Order imported successfully.
09-16-2024 @ 02:31:18 - Row :108 - Parsing item.
09-16-2024 @ 02:31:18 - Row :108 - Processing item.
09-16-2024 @ 02:31:18 - Found order object. ID:1412
09-16-2024 @ 02:31:18 - Row :108 - Order imported successfully.
09-16-2024 @ 02:31:18 - Row :109 - Parsing item.
09-16-2024 @ 02:31:18 - Row :109 - Processing item.
09-16-2024 @ 02:31:19 - Found order object. ID:1413
09-16-2024 @ 02:31:19 - Row :109 - Order imported successfully.
09-16-2024 @ 02:31:19 - Row :110 - Parsing item.
09-16-2024 @ 02:31:19 - Row :110 - Processing item.
09-16-2024 @ 02:31:20 - Found order object. ID:1414
09-16-2024 @ 02:31:20 - Row :110 - Order imported successfully.
09-16-2024 @ 02:31:21 - Preparing for import.
09-16-2024 @ 02:31:21 - Row :111 - Parsing item.
09-16-2024 @ 02:31:21 - Row :111 - Processing item.
09-16-2024 @ 02:31:22 - Found order object. ID:1415
09-16-2024 @ 02:31:22 - Row :111 - Order imported successfully.
09-16-2024 @ 02:31:22 - Row :112 - Parsing item.
09-16-2024 @ 02:31:22 - Row :112 - Processing item.
09-16-2024 @ 02:31:23 - Found order object. ID:1416
09-16-2024 @ 02:31:23 - Row :112 - Order imported successfully.
09-16-2024 @ 02:31:23 - Row :113 - Parsing item.
09-16-2024 @ 02:31:23 - Row :113 - Processing item.
09-16-2024 @ 02:31:24 - Found order object. ID:1417
09-16-2024 @ 02:31:24 - Row :113 - Order imported successfully.
09-16-2024 @ 02:31:24 - Row :114 - Parsing item.
09-16-2024 @ 02:31:24 - Row :114 - Processing item.
09-16-2024 @ 02:31:25 - Found order object. ID:1418
09-16-2024 @ 02:31:25 - Row :114 - Order imported successfully.
09-16-2024 @ 02:31:25 - Row :115 - Parsing item.
09-16-2024 @ 02:31:25 - Row :115 - Processing item.
09-16-2024 @ 02:31:26 - Found order object. ID:1419
09-16-2024 @ 02:31:26 - Row :115 - Order imported successfully.
09-16-2024 @ 02:31:26 - Row :116 - Parsing item.
09-16-2024 @ 02:31:26 - Row :116 - Processing item.
09-16-2024 @ 02:31:27 - Found order object. ID:1420
09-16-2024 @ 02:31:27 - Row :116 - Order imported successfully.
09-16-2024 @ 02:31:27 - Row :117 - Parsing item.
09-16-2024 @ 02:31:27 - Row :117 - Processing item.
09-16-2024 @ 02:31:28 - Found order object. ID:1421
09-16-2024 @ 02:31:28 - Row :117 - Order imported successfully.
09-16-2024 @ 02:31:28 - Row :118 - Parsing item.
09-16-2024 @ 02:31:28 - Row :118 - Processing item.
09-16-2024 @ 02:31:29 - Found order object. ID:1422
09-16-2024 @ 02:31:29 - Row :118 - Order imported successfully.
09-16-2024 @ 02:31:29 - Row :119 - Parsing item.
09-16-2024 @ 02:31:29 - Row :119 - Processing item.
09-16-2024 @ 02:31:30 - Found order object. ID:1423
09-16-2024 @ 02:31:30 - Row :119 - Order imported successfully.
09-16-2024 @ 02:31:30 - Row :120 - Parsing item.
09-16-2024 @ 02:31:30 - Row :120 - Processing item.
09-16-2024 @ 02:31:31 - Found order object. ID:1424
09-16-2024 @ 02:31:31 - Row :120 - Order imported successfully.
09-16-2024 @ 02:31:32 - Preparing for import.
09-16-2024 @ 02:31:32 - Row :121 - Parsing item.
09-16-2024 @ 02:31:32 - Row :121 - Processing item.
09-16-2024 @ 02:31:33 - Found order object. ID:1425
09-16-2024 @ 02:31:33 - Row :121 - Order imported successfully.
09-16-2024 @ 02:31:33 - Row :122 - Parsing item.
09-16-2024 @ 02:31:33 - Row :122 - Processing item.
09-16-2024 @ 02:31:34 - Found order object. ID:1426
09-16-2024 @ 02:31:34 - Row :122 - Order imported successfully.
09-16-2024 @ 02:31:34 - Row :123 - Parsing item.
09-16-2024 @ 02:31:34 - Row :123 - Processing item.
09-16-2024 @ 02:31:35 - Found order object. ID:1427
09-16-2024 @ 02:31:35 - Row :123 - Order imported successfully.
09-16-2024 @ 02:31:35 - Row :124 - Parsing item.
09-16-2024 @ 02:31:35 - Row :124 - Processing item.
09-16-2024 @ 02:31:36 - Found order object. ID:1428
09-16-2024 @ 02:31:36 - Row :124 - Order imported successfully.
09-16-2024 @ 02:31:36 - Row :125 - Parsing item.
09-16-2024 @ 02:31:36 - Row :125 - Processing item.
09-16-2024 @ 02:31:37 - Found order object. ID:1429
09-16-2024 @ 02:31:37 - Row :125 - Order imported successfully.
09-16-2024 @ 02:31:37 - Row :126 - Parsing item.
09-16-2024 @ 02:31:37 - Row :126 - Processing item.
09-16-2024 @ 02:31:38 - Found order object. ID:1430
09-16-2024 @ 02:31:38 - Row :126 - Order imported successfully.
09-16-2024 @ 02:31:38 - Row :127 - Parsing item.
09-16-2024 @ 02:31:38 - Row :127 - Processing item.
09-16-2024 @ 02:31:39 - Found order object. ID:1431
09-16-2024 @ 02:31:39 - Row :127 - Order imported successfully.
09-16-2024 @ 02:31:39 - Row :128 - Parsing item.
09-16-2024 @ 02:31:39 - Row :128 - Processing item.
09-16-2024 @ 02:31:40 - Found order object. ID:1432
09-16-2024 @ 02:31:40 - Row :128 - Order imported successfully.
09-16-2024 @ 02:31:40 - Row :129 - Parsing item.
09-16-2024 @ 02:31:40 - Row :129 - Processing item.
09-16-2024 @ 02:31:40 - Found order object. ID:1433
09-16-2024 @ 02:31:40 - Row :129 - Order imported successfully.
09-16-2024 @ 02:31:40 - Row :130 - Parsing item.
09-16-2024 @ 02:31:40 - Row :130 - Processing item.
09-16-2024 @ 02:31:41 - Found order object. ID:1434
09-16-2024 @ 02:31:41 - Row :130 - Order imported successfully.
09-16-2024 @ 02:31:42 - Preparing for import.
09-16-2024 @ 02:31:42 - Row :131 - Parsing item.
09-16-2024 @ 02:31:42 - Row :131 - Processing item.
09-16-2024 @ 02:31:43 - Found order object. ID:1435
09-16-2024 @ 02:31:43 - Row :131 - Order imported successfully.
09-16-2024 @ 02:31:43 - Row :132 - Parsing item.
09-16-2024 @ 02:31:43 - Row :132 - Processing item.
09-16-2024 @ 02:31:44 - Found order object. ID:1436
09-16-2024 @ 02:31:44 - Row :132 - Order imported successfully.
09-16-2024 @ 02:31:44 - Row :133 - Parsing item.
09-16-2024 @ 02:31:44 - Row :133 - Processing item.
09-16-2024 @ 02:31:45 - Found order object. ID:1437
09-16-2024 @ 02:31:45 - Row :133 - Order imported successfully.
09-16-2024 @ 02:31:45 - Row :134 - Parsing item.
09-16-2024 @ 02:31:45 - Row :134 - Processing item.
09-16-2024 @ 02:31:46 - Found order object. ID:1438
09-16-2024 @ 02:31:46 - Row :134 - Order imported successfully.
09-16-2024 @ 02:31:46 - Row :135 - Parsing item.
09-16-2024 @ 02:31:46 - Row :135 - Processing item.
09-16-2024 @ 02:31:47 - Found order object. ID:1439
09-16-2024 @ 02:31:47 - Row :135 - Order imported successfully.
09-16-2024 @ 02:31:47 - Row :136 - Parsing item.
09-16-2024 @ 02:31:47 - Row :136 - Processing item.
09-16-2024 @ 02:31:48 - Found order object. ID:1440
09-16-2024 @ 02:31:48 - Row :136 - Order imported successfully.
09-16-2024 @ 02:31:48 - Row :137 - Parsing item.
09-16-2024 @ 02:31:48 - Row :137 - Processing item.
09-16-2024 @ 02:31:48 - Found order object. ID:1441
09-16-2024 @ 02:31:49 - Row :137 - Order imported successfully.
09-16-2024 @ 02:31:49 - Row :138 - Parsing item.
09-16-2024 @ 02:31:49 - Row :138 - Processing item.
09-16-2024 @ 02:31:49 - Found order object. ID:1442
09-16-2024 @ 02:31:49 - Row :138 - Order imported successfully.
09-16-2024 @ 02:31:49 - Row :139 - Parsing item.
09-16-2024 @ 02:31:49 - Row :139 - Processing item.
09-16-2024 @ 02:31:50 - Found order object. ID:1443
09-16-2024 @ 02:31:50 - Row :139 - Order imported successfully.
09-16-2024 @ 02:31:50 - Row :140 - Parsing item.
09-16-2024 @ 02:31:50 - Row :140 - Processing item.
09-16-2024 @ 02:31:51 - Found order object. ID:1444
09-16-2024 @ 02:31:51 - Row :140 - Order imported successfully.
09-16-2024 @ 02:31:53 - Preparing for import.
09-16-2024 @ 02:31:53 - Row :141 - Parsing item.
09-16-2024 @ 02:31:53 - Row :141 - Processing item.
09-16-2024 @ 02:31:54 - Found order object. ID:1445
09-16-2024 @ 02:31:54 - Row :141 - Order imported successfully.
09-16-2024 @ 02:31:54 - Row :142 - Parsing item.
09-16-2024 @ 02:31:54 - Row :142 - Processing item.
09-16-2024 @ 02:31:55 - Found order object. ID:1446
09-16-2024 @ 02:31:55 - Row :142 - Order imported successfully.
09-16-2024 @ 02:31:55 - Row :143 - Parsing item.
09-16-2024 @ 02:31:55 - Row :143 - Processing item.
09-16-2024 @ 02:31:56 - Found order object. ID:1447
09-16-2024 @ 02:31:56 - Row :143 - Order imported successfully.
09-16-2024 @ 02:31:56 - Row :144 - Parsing item.
09-16-2024 @ 02:31:56 - Row :144 - Processing item.
09-16-2024 @ 02:31:57 - Found order object. ID:1448
09-16-2024 @ 02:31:57 - Row :144 - Order imported successfully.
09-16-2024 @ 02:31:57 - ---[ Import ended at 2024-09-16 02:31:57]---
