09-05-2024 @ 13:52:38 - ---[ New import started at 2024-09-05 13:52:38 ] PHP Memory: 256 MB, WP Memory: 40 MB
09-05-2024 @ 13:52:38 - Preparing for import.
09-05-2024 @ 13:52:38 - Row :1 - Parsing item.
09-05-2024 @ 13:52:38 - Row :1 - Parsing failed. Reason: Order with same ID already exists. ID: 508
09-05-2024 @ 13:52:38 - Row :2 - Parsing item.
09-05-2024 @ 13:52:38 - Row :2 - Parsing failed. Reason: Importing Order(ID) conflicts with an existing post. ID: 507
09-05-2024 @ 13:52:38 - Row :3 - Parsing item.
09-05-2024 @ 13:52:38 - Row :3 - Parsing failed. Reason: Importing Order(ID) conflicts with an existing post. ID: 506
09-05-2024 @ 13:52:38 - Row :4 - Parsing item.
09-05-2024 @ 13:52:38 - Row :4 - Parsing failed. Reason: Importing Order(ID) conflicts with an existing post. ID: 505
09-05-2024 @ 13:52:38 - Row :5 - Parsing item.
09-05-2024 @ 13:52:38 - Row :5 - Parsing failed. Reason: Importing Order(ID) conflicts with an existing post. ID: 503
09-05-2024 @ 13:52:38 - Row :6 - Parsing item.
09-05-2024 @ 13:52:38 - Row :6 - Parsing failed. Reason: Importing Order(ID) conflicts with an existing post. ID: 502
09-05-2024 @ 13:52:38 - Row :7 - Parsing item.
09-05-2024 @ 13:52:38 - Row :7 - Parsing failed. Reason: Order with same ID already exists. ID: 501
09-05-2024 @ 13:52:38 - Row :8 - Parsing item.
09-05-2024 @ 13:52:38 - Row :8 - Parsing failed. Reason: Importing Order(ID) conflicts with an existing post. ID: 500
09-05-2024 @ 13:52:38 - Row :9 - Parsing item.
09-05-2024 @ 13:52:38 - Row :9 - Parsing failed. Reason: Importing Order(ID) conflicts with an existing post. ID: 499
09-05-2024 @ 13:52:38 - Row :10 - Parsing item.
09-05-2024 @ 13:52:38 - Row :10 - Parsing failed. Reason: Importing Order(ID) conflicts with an existing post. ID: 498
09-05-2024 @ 13:52:39 - Preparing for import.
09-05-2024 @ 13:52:39 - Row :11 - Parsing item.
09-05-2024 @ 13:52:39 - Row :11 - Parsing failed. Reason: Order with same ID already exists. ID: 497
09-05-2024 @ 13:52:39 - Row :12 - Parsing item.
09-05-2024 @ 13:52:39 - Row :12 - Parsing failed. Reason: Importing Order(ID) conflicts with an existing post. ID: 496
09-05-2024 @ 13:52:39 - Row :13 - Parsing item.
09-05-2024 @ 13:52:39 - Row :13 - Parsing failed. Reason: Order with same ID already exists. ID: 495
09-05-2024 @ 13:52:39 - Row :14 - Parsing item.
09-05-2024 @ 13:52:39 - Row :14 - Parsing failed. Reason: Importing Order(ID) conflicts with an existing post. ID: 494
09-05-2024 @ 13:52:39 - Row :15 - Parsing item.
09-05-2024 @ 13:52:39 - Row :15 - Parsing failed. Reason: Importing Order(ID) conflicts with an existing post. ID: 493
09-05-2024 @ 13:52:39 - Row :16 - Parsing item.
09-05-2024 @ 13:52:39 - Row :16 - Parsing failed. Reason: Importing Order(ID) conflicts with an existing post. ID: 492
09-05-2024 @ 13:52:39 - Row :17 - Parsing item.
09-05-2024 @ 13:52:39 - Row :17 - Parsing failed. Reason: Importing Order(ID) conflicts with an existing post. ID: 491
09-05-2024 @ 13:52:39 - Row :18 - Parsing item.
09-05-2024 @ 13:52:39 - Row :18 - Parsing failed. Reason: Order with same ID already exists. ID: 458
09-05-2024 @ 13:52:39 - Row :19 - Parsing item.
09-05-2024 @ 13:52:39 - Row :19 - Parsing failed. Reason: Importing Order(ID) conflicts with an existing post. ID: 449
09-05-2024 @ 13:52:39 - Row :20 - Parsing item.
09-05-2024 @ 13:52:39 - Row :20 - Parsing failed. Reason: Importing Order(ID) conflicts with an existing post. ID: 448
09-05-2024 @ 13:52:40 - Preparing for import.
09-05-2024 @ 13:52:40 - Row :21 - Parsing item.
09-05-2024 @ 13:52:40 - Row :21 - Parsing failed. Reason: Importing Order(ID) conflicts with an existing post. ID: 447
09-05-2024 @ 13:52:40 - Row :22 - Parsing item.
09-05-2024 @ 13:52:40 - Row :22 - Parsing failed. Reason: Order with same ID already exists. ID: 446
09-05-2024 @ 13:52:40 - Row :23 - Parsing item.
09-05-2024 @ 13:52:40 - Row :23 - Parsing failed. Reason: Order with same ID already exists. ID: 445
09-05-2024 @ 13:52:40 - Row :24 - Parsing item.
09-05-2024 @ 13:52:40 - Row :24 - Parsing failed. Reason: Order with same ID already exists. ID: 444
09-05-2024 @ 13:52:40 - Row :25 - Parsing item.
09-05-2024 @ 13:52:40 - Row :25 - Parsing failed. Reason: Order with same ID already exists. ID: 443
09-05-2024 @ 13:52:40 - Row :26 - Parsing item.
09-05-2024 @ 13:52:40 - Row :26 - Parsing failed. Reason: Importing Order(ID) conflicts with an existing post. ID: 442
09-05-2024 @ 13:52:40 - Row :27 - Parsing item.
09-05-2024 @ 13:52:40 - Row :27 - Parsing failed. Reason: Importing Order(ID) conflicts with an existing post. ID: 441
09-05-2024 @ 13:52:40 - Row :28 - Parsing item.
09-05-2024 @ 13:52:40 - Row :28 - Parsing failed. Reason: Order with same ID already exists. ID: 440
09-05-2024 @ 13:52:40 - Row :29 - Parsing item.
09-05-2024 @ 13:52:40 - Row :29 - Parsing failed. Reason: Importing Order(ID) conflicts with an existing post. ID: 439
09-05-2024 @ 13:52:40 - Row :30 - Parsing item.
09-05-2024 @ 13:52:40 - Row :30 - Parsing failed. Reason: Order with same ID already exists. ID: 438
09-05-2024 @ 13:52:40 - Preparing for import.
09-05-2024 @ 13:52:40 - Row :31 - Parsing item.
09-05-2024 @ 13:52:40 - Row :31 - Parsing failed. Reason: Importing Order(ID) conflicts with an existing post. ID: 436
09-05-2024 @ 13:52:40 - Row :32 - Parsing item.
09-05-2024 @ 13:52:40 - Row :32 - Parsing failed. Reason: Order with same ID already exists. ID: 435
09-05-2024 @ 13:52:40 - Row :33 - Parsing item.
09-05-2024 @ 13:52:40 - Row :33 - Parsing failed. Reason: Order with same ID already exists. ID: 434
09-05-2024 @ 13:52:40 - Row :34 - Parsing item.
09-05-2024 @ 13:52:40 - Row :34 - Parsing failed. Reason: Importing Order(ID) conflicts with an existing post. ID: 431
09-05-2024 @ 13:52:40 - Row :35 - Parsing item.
09-05-2024 @ 13:52:40 - Row :35 - Parsing failed. Reason: Importing Order(ID) conflicts with an existing post. ID: 430
09-05-2024 @ 13:52:40 - Row :36 - Parsing item.
09-05-2024 @ 13:52:40 - Row :36 - Parsing failed. Reason: Importing Order(ID) conflicts with an existing post. ID: 429
09-05-2024 @ 13:52:40 - Row :37 - Parsing item.
09-05-2024 @ 13:52:40 - Row :37 - Parsing failed. Reason: Importing Order(ID) conflicts with an existing post. ID: 428
09-05-2024 @ 13:52:40 - Row :38 - Parsing item.
09-05-2024 @ 13:52:40 - Row :38 - Parsing failed. Reason: Order with same ID already exists. ID: 427
09-05-2024 @ 13:52:40 - Row :39 - Parsing item.
09-05-2024 @ 13:52:40 - Row :39 - Parsing failed. Reason: Importing Order(ID) conflicts with an existing post. ID: 426
09-05-2024 @ 13:52:40 - Row :40 - Parsing item.
09-05-2024 @ 13:52:40 - Row :40 - Parsing failed. Reason: Importing Order(ID) conflicts with an existing post. ID: 425
09-05-2024 @ 13:52:41 - Preparing for import.
09-05-2024 @ 13:52:41 - Row :41 - Parsing item.
09-05-2024 @ 13:52:41 - Row :41 - Parsing failed. Reason: Order with same ID already exists. ID: 424
09-05-2024 @ 13:52:41 - Row :42 - Parsing item.
09-05-2024 @ 13:52:41 - Row :42 - Parsing failed. Reason: Importing Order(ID) conflicts with an existing post. ID: 423
09-05-2024 @ 13:52:41 - Row :43 - Parsing item.
09-05-2024 @ 13:52:41 - Row :43 - Parsing failed. Reason: Importing Order(ID) conflicts with an existing post. ID: 422
09-05-2024 @ 13:52:41 - Row :44 - Parsing item.
09-05-2024 @ 13:52:41 - Row :44 - Parsing failed. Reason: Importing Order(ID) conflicts with an existing post. ID: 421
09-05-2024 @ 13:52:41 - Row :45 - Parsing item.
09-05-2024 @ 13:52:41 - Row :45 - Parsing failed. Reason: Importing Order(ID) conflicts with an existing post. ID: 420
09-05-2024 @ 13:52:41 - Row :46 - Parsing item.
09-05-2024 @ 13:52:41 - Row :46 - Parsing failed. Reason: Importing Order(ID) conflicts with an existing post. ID: 419
09-05-2024 @ 13:52:41 - Row :47 - Parsing item.
09-05-2024 @ 13:52:41 - Row :47 - Parsing failed. Reason: Importing Order(ID) conflicts with an existing post. ID: 417
09-05-2024 @ 13:52:41 - Row :48 - Parsing item.
09-05-2024 @ 13:52:41 - Row :48 - Parsing failed. Reason: Importing Order(ID) conflicts with an existing post. ID: 415
09-05-2024 @ 13:52:41 - Row :49 - Parsing item.
09-05-2024 @ 13:52:41 - Row :49 - Parsing failed. Reason: Importing Order(ID) conflicts with an existing post. ID: 414
09-05-2024 @ 13:52:41 - Row :50 - Parsing item.
09-05-2024 @ 13:52:41 - Row :50 - Parsing failed. Reason: Importing Order(ID) conflicts with an existing post. ID: 413
09-05-2024 @ 13:52:42 - Preparing for import.
09-05-2024 @ 13:52:42 - Row :51 - Parsing item.
09-05-2024 @ 13:52:42 - Row :51 - Parsing failed. Reason: Importing Order(ID) conflicts with an existing post. ID: 412
09-05-2024 @ 13:52:42 - Row :52 - Parsing item.
09-05-2024 @ 13:52:42 - Row :52 - Parsing failed. Reason: Importing Order(ID) conflicts with an existing post. ID: 411
09-05-2024 @ 13:52:42 - Row :53 - Parsing item.
09-05-2024 @ 13:52:42 - Row :53 - Parsing failed. Reason: Importing Order(ID) conflicts with an existing post. ID: 410
09-05-2024 @ 13:52:42 - Row :54 - Parsing item.
09-05-2024 @ 13:52:42 - Row :54 - Parsing failed. Reason: Importing Order(ID) conflicts with an existing post. ID: 409
09-05-2024 @ 13:52:42 - Row :55 - Parsing item.
09-05-2024 @ 13:52:42 - Row :55 - Parsing failed. Reason: Importing Order(ID) conflicts with an existing post. ID: 408
09-05-2024 @ 13:52:42 - Row :56 - Parsing item.
09-05-2024 @ 13:52:42 - Row :56 - Parsing failed. Reason: Importing Order(ID) conflicts with an existing post. ID: 407
09-05-2024 @ 13:52:42 - Row :57 - Parsing item.
09-05-2024 @ 13:52:42 - Row :57 - Parsing failed. Reason: Importing Order(ID) conflicts with an existing post. ID: 406
09-05-2024 @ 13:52:42 - Row :58 - Parsing item.
09-05-2024 @ 13:52:42 - Row :58 - Parsing failed. Reason: Importing Order(ID) conflicts with an existing post. ID: 405
09-05-2024 @ 13:52:42 - Row :59 - Parsing item.
09-05-2024 @ 13:52:42 - Row :59 - Parsing failed. Reason: Importing Order(ID) conflicts with an existing post. ID: 404
09-05-2024 @ 13:52:42 - Row :60 - Parsing item.
09-05-2024 @ 13:52:42 - Row :60 - Parsing failed. Reason: Importing Order(ID) conflicts with an existing post. ID: 403
09-05-2024 @ 13:52:43 - Preparing for import.
09-05-2024 @ 13:52:43 - Row :61 - Parsing item.
09-05-2024 @ 13:52:43 - Row :61 - Parsing failed. Reason: Importing Order(ID) conflicts with an existing post. ID: 400
09-05-2024 @ 13:52:43 - Row :62 - Parsing item.
09-05-2024 @ 13:52:43 - Row :62 - Parsing failed. Reason: Order with same ID already exists. ID: 399
09-05-2024 @ 13:52:43 - Row :63 - Parsing item.
09-05-2024 @ 13:52:43 - Row :63 - Parsing failed. Reason: Importing Order(ID) conflicts with an existing post. ID: 398
09-05-2024 @ 13:52:43 - Row :64 - Parsing item.
09-05-2024 @ 13:52:43 - Row :64 - Parsing failed. Reason: Importing Order(ID) conflicts with an existing post. ID: 396
09-05-2024 @ 13:52:43 - Row :65 - Parsing item.
09-05-2024 @ 13:52:43 - Row :65 - Parsing failed. Reason: Importing Order(ID) conflicts with an existing post. ID: 395
09-05-2024 @ 13:52:43 - Row :66 - Parsing item.
09-05-2024 @ 13:52:43 - Row :66 - Parsing failed. Reason: Importing Order(ID) conflicts with an existing post. ID: 394
09-05-2024 @ 13:52:43 - Row :67 - Parsing item.
09-05-2024 @ 13:52:43 - Row :67 - Parsing failed. Reason: Importing Order(ID) conflicts with an existing post. ID: 381
09-05-2024 @ 13:52:43 - Row :68 - Parsing item.
09-05-2024 @ 13:52:43 - Row :68 - Parsing failed. Reason: Importing Order(ID) conflicts with an existing post. ID: 380
09-05-2024 @ 13:52:43 - Row :69 - Parsing item.
09-05-2024 @ 13:52:43 - Row :69 - Parsing failed. Reason: Importing Order(ID) conflicts with an existing post. ID: 379
09-05-2024 @ 13:52:43 - Row :70 - Parsing item.
09-05-2024 @ 13:52:43 - Row :70 - Parsing failed. Reason: Order with same ID already exists. ID: 378
09-05-2024 @ 13:52:44 - Preparing for import.
09-05-2024 @ 13:52:44 - Row :71 - Parsing item.
09-05-2024 @ 13:52:44 - Row :71 - Parsing failed. Reason: Importing Order(ID) conflicts with an existing post. ID: 377
09-05-2024 @ 13:52:44 - Row :72 - Parsing item.
09-05-2024 @ 13:52:44 - Row :72 - Parsing failed. Reason: Importing Order(ID) conflicts with an existing post. ID: 376
09-05-2024 @ 13:52:44 - Row :73 - Parsing item.
09-05-2024 @ 13:52:44 - Row :73 - Parsing failed. Reason: Importing Order(ID) conflicts with an existing post. ID: 375
09-05-2024 @ 13:52:44 - Row :74 - Parsing item.
09-05-2024 @ 13:52:44 - Row :74 - Parsing failed. Reason: Importing Order(ID) conflicts with an existing post. ID: 365
09-05-2024 @ 13:52:44 - Row :75 - Parsing item.
09-05-2024 @ 13:52:44 - Row :75 - Parsing failed. Reason: Importing Order(ID) conflicts with an existing post. ID: 364
09-05-2024 @ 13:52:44 - Row :76 - Parsing item.
09-05-2024 @ 13:52:44 - Row :76 - Parsing failed. Reason: Importing Order(ID) conflicts with an existing post. ID: 363
09-05-2024 @ 13:52:44 - Row :77 - Parsing item.
09-05-2024 @ 13:52:44 - Row :77 - Parsing failed. Reason: Importing Order(ID) conflicts with an existing post. ID: 362
09-05-2024 @ 13:52:44 - Row :78 - Parsing item.
09-05-2024 @ 13:52:44 - Row :78 - Parsing failed. Reason: Importing Order(ID) conflicts with an existing post. ID: 359
09-05-2024 @ 13:52:44 - Row :79 - Parsing item.
09-05-2024 @ 13:52:44 - Row :79 - Parsing failed. Reason: Importing Order(ID) conflicts with an existing post. ID: 358
09-05-2024 @ 13:52:44 - Row :80 - Parsing item.
09-05-2024 @ 13:52:44 - Row :80 - Parsing failed. Reason: Importing Order(ID) conflicts with an existing post. ID: 357
09-05-2024 @ 13:52:45 - Preparing for import.
09-05-2024 @ 13:52:45 - Row :81 - Parsing item.
09-05-2024 @ 13:52:45 - Row :81 - Parsing failed. Reason: Importing Order(ID) conflicts with an existing post. ID: 356
09-05-2024 @ 13:52:45 - Row :82 - Parsing item.
09-05-2024 @ 13:52:45 - Row :82 - Parsing failed. Reason: Importing Order(ID) conflicts with an existing post. ID: 348
09-05-2024 @ 13:52:45 - Row :83 - Parsing item.
09-05-2024 @ 13:52:45 - Row :83 - Parsing failed. Reason: Importing Order(ID) conflicts with an existing post. ID: 347
09-05-2024 @ 13:52:45 - Row :84 - Parsing item.
09-05-2024 @ 13:52:45 - Row :84 - Parsing failed. Reason: Importing Order(ID) conflicts with an existing post. ID: 346
09-05-2024 @ 13:52:45 - Row :85 - Parsing item.
09-05-2024 @ 13:52:45 - Row :85 - Parsing failed. Reason: Importing Order(ID) conflicts with an existing post. ID: 345
09-05-2024 @ 13:52:45 - Row :86 - Parsing item.
09-05-2024 @ 13:52:45 - Row :86 - Parsing failed. Reason: Order with same ID already exists. ID: 343
09-05-2024 @ 13:52:45 - Row :87 - Parsing item.
09-05-2024 @ 13:52:45 - Row :87 - Parsing failed. Reason: Importing Order(ID) conflicts with an existing post. ID: 342
09-05-2024 @ 13:52:45 - Row :88 - Parsing item.
09-05-2024 @ 13:52:45 - Row :88 - Parsing failed. Reason: Importing Order(ID) conflicts with an existing post. ID: 341
09-05-2024 @ 13:52:45 - Row :89 - Parsing item.
09-05-2024 @ 13:52:45 - Row :89 - Parsing failed. Reason: Importing Order(ID) conflicts with an existing post. ID: 340
09-05-2024 @ 13:52:45 - Row :90 - Parsing item.
09-05-2024 @ 13:52:45 - Row :90 - Parsing failed. Reason: Importing Order(ID) conflicts with an existing post. ID: 339
09-05-2024 @ 13:52:46 - Preparing for import.
09-05-2024 @ 13:52:46 - Row :91 - Parsing item.
09-05-2024 @ 13:52:46 - Row :91 - Parsing failed. Reason: Importing Order(ID) conflicts with an existing post. ID: 338
09-05-2024 @ 13:52:46 - Row :92 - Parsing item.
09-05-2024 @ 13:52:46 - Row :92 - Parsing failed. Reason: Importing Order(ID) conflicts with an existing post. ID: 337
09-05-2024 @ 13:52:46 - Row :93 - Parsing item.
09-05-2024 @ 13:52:46 - Row :93 - Parsing failed. Reason: Importing Order(ID) conflicts with an existing post. ID: 336
09-05-2024 @ 13:52:46 - Row :94 - Parsing item.
09-05-2024 @ 13:52:46 - Row :94 - Parsing failed. Reason: Importing Order(ID) conflicts with an existing post. ID: 334
09-05-2024 @ 13:52:46 - Row :95 - Parsing item.
09-05-2024 @ 13:52:46 - Row :95 - Parsing failed. Reason: Importing Order(ID) conflicts with an existing post. ID: 333
09-05-2024 @ 13:52:46 - Row :96 - Parsing item.
09-05-2024 @ 13:52:46 - Row :96 - Parsing failed. Reason: Importing Order(ID) conflicts with an existing post. ID: 332
09-05-2024 @ 13:52:46 - Row :97 - Parsing item.
09-05-2024 @ 13:52:46 - Row :97 - Parsing failed. Reason: Importing Order(ID) conflicts with an existing post. ID: 331
09-05-2024 @ 13:52:46 - Row :98 - Parsing item.
09-05-2024 @ 13:52:46 - Row :98 - Parsing failed. Reason: Importing Order(ID) conflicts with an existing post. ID: 330
09-05-2024 @ 13:52:46 - Row :99 - Parsing item.
09-05-2024 @ 13:52:46 - Row :99 - Parsing failed. Reason: Importing Order(ID) conflicts with an existing post. ID: 329
09-05-2024 @ 13:52:46 - Row :100 - Parsing item.
09-05-2024 @ 13:52:46 - Row :100 - Parsing failed. Reason: Importing Order(ID) conflicts with an existing post. ID: 328
09-05-2024 @ 13:52:47 - Preparing for import.
09-05-2024 @ 13:52:47 - Row :101 - Parsing item.
09-05-2024 @ 13:52:47 - Row :101 - Parsing failed. Reason: Importing Order(ID) conflicts with an existing post. ID: 327
09-05-2024 @ 13:52:47 - Row :102 - Parsing item.
09-05-2024 @ 13:52:47 - Row :102 - Parsing failed. Reason: Importing Order(ID) conflicts with an existing post. ID: 326
09-05-2024 @ 13:52:47 - Row :103 - Parsing item.
09-05-2024 @ 13:52:47 - Row :103 - Parsing failed. Reason: Order with same ID already exists. ID: 325
09-05-2024 @ 13:52:47 - Row :104 - Parsing item.
09-05-2024 @ 13:52:47 - Row :104 - Parsing failed. Reason: Order with same ID already exists. ID: 323
09-05-2024 @ 13:52:47 - Row :105 - Parsing item.
09-05-2024 @ 13:52:47 - Row :105 - Parsing failed. Reason: Order with same ID already exists. ID: 322
09-05-2024 @ 13:52:47 - Row :106 - Parsing item.
09-05-2024 @ 13:52:47 - Row :106 - Parsing failed. Reason: Order with same ID already exists. ID: 321
09-05-2024 @ 13:52:47 - Row :107 - Parsing item.
09-05-2024 @ 13:52:47 - Row :107 - Parsing failed. Reason: Importing Order(ID) conflicts with an existing post. ID: 319
09-05-2024 @ 13:52:47 - Row :108 - Parsing item.
09-05-2024 @ 13:52:47 - Row :108 - Parsing failed. Reason: Importing Order(ID) conflicts with an existing post. ID: 318
09-05-2024 @ 13:52:47 - Row :109 - Parsing item.
09-05-2024 @ 13:52:47 - Row :109 - Parsing failed. Reason: Importing Order(ID) conflicts with an existing post. ID: 317
09-05-2024 @ 13:52:47 - Row :110 - Parsing item.
09-05-2024 @ 13:52:47 - Row :110 - Parsing failed. Reason: Importing Order(ID) conflicts with an existing post. ID: 316
09-05-2024 @ 13:52:47 - Preparing for import.
09-05-2024 @ 13:52:47 - Row :111 - Parsing item.
09-05-2024 @ 13:52:47 - Row :111 - Parsing failed. Reason: Importing Order(ID) conflicts with an existing post. ID: 315
09-05-2024 @ 13:52:47 - Row :112 - Parsing item.
09-05-2024 @ 13:52:47 - Row :112 - Parsing failed. Reason: Importing Order(ID) conflicts with an existing post. ID: 312
09-05-2024 @ 13:52:47 - Row :113 - Parsing item.
09-05-2024 @ 13:52:47 - Row :113 - Parsing failed. Reason: Importing Order(ID) conflicts with an existing post. ID: 311
09-05-2024 @ 13:52:47 - Row :114 - Parsing item.
09-05-2024 @ 13:52:47 - Row :114 - Parsing failed. Reason: Importing Order(ID) conflicts with an existing post. ID: 307
09-05-2024 @ 13:52:47 - Row :115 - Parsing item.
09-05-2024 @ 13:52:47 - Row :115 - Parsing failed. Reason: Importing Order(ID) conflicts with an existing post. ID: 306
09-05-2024 @ 13:52:47 - Row :116 - Parsing item.
09-05-2024 @ 13:52:47 - Row :116 - Parsing failed. Reason: Importing Order(ID) conflicts with an existing post. ID: 304
09-05-2024 @ 13:52:47 - Row :117 - Parsing item.
09-05-2024 @ 13:52:47 - Row :117 - Parsing failed. Reason: Importing Order(ID) conflicts with an existing post. ID: 303
09-05-2024 @ 13:52:47 - Row :118 - Parsing item.
09-05-2024 @ 13:52:47 - Row :118 - Parsing failed. Reason: Importing Order(ID) conflicts with an existing post. ID: 302
09-05-2024 @ 13:52:47 - Row :119 - Parsing item.
09-05-2024 @ 13:52:47 - Row :119 - Parsing failed. Reason: Importing Order(ID) conflicts with an existing post. ID: 301
09-05-2024 @ 13:52:47 - Row :120 - Parsing item.
09-05-2024 @ 13:52:47 - Row :120 - Parsing failed. Reason: Importing Order(ID) conflicts with an existing post. ID: 300
09-05-2024 @ 13:52:48 - Preparing for import.
09-05-2024 @ 13:52:48 - Row :121 - Parsing item.
09-05-2024 @ 13:52:48 - Row :121 - Parsing failed. Reason: Order with same ID already exists. ID: 298
09-05-2024 @ 13:52:48 - Row :122 - Parsing item.
09-05-2024 @ 13:52:48 - Row :122 - Parsing failed. Reason: Order with same ID already exists. ID: 297
09-05-2024 @ 13:52:48 - Row :123 - Parsing item.
09-05-2024 @ 13:52:48 - Row :123 - Parsing failed. Reason: Order with same ID already exists. ID: 296
09-05-2024 @ 13:52:48 - Row :124 - Parsing item.
09-05-2024 @ 13:52:48 - Row :124 - Parsing failed. Reason: Order with same ID already exists. ID: 295
09-05-2024 @ 13:52:48 - Row :125 - Parsing item.
09-05-2024 @ 13:52:48 - Row :125 - Parsing failed. Reason: Order with same ID already exists. ID: 292
09-05-2024 @ 13:52:48 - Row :126 - Parsing item.
09-05-2024 @ 13:52:48 - Row :126 - Parsing failed. Reason: Order with same ID already exists. ID: 291
09-05-2024 @ 13:52:48 - Row :127 - Parsing item.
09-05-2024 @ 13:52:48 - Row :127 - Parsing failed. Reason: Order with same ID already exists. ID: 290
09-05-2024 @ 13:52:48 - Row :128 - Parsing item.
09-05-2024 @ 13:52:48 - Row :128 - Parsing failed. Reason: Order with same ID already exists. ID: 289
09-05-2024 @ 13:52:48 - Row :129 - Parsing item.
09-05-2024 @ 13:52:48 - Row :129 - Parsing failed. Reason: Order with same ID already exists. ID: 288
09-05-2024 @ 13:52:48 - Row :130 - Parsing item.
09-05-2024 @ 13:52:48 - Row :130 - Parsing failed. Reason: Order with same ID already exists. ID: 285
09-05-2024 @ 13:52:49 - Preparing for import.
09-05-2024 @ 13:52:49 - Row :131 - Parsing item.
09-05-2024 @ 13:52:49 - Row :131 - Parsing failed. Reason: Order with same ID already exists. ID: 283
09-05-2024 @ 13:52:49 - Row :132 - Parsing item.
09-05-2024 @ 13:52:49 - Row :132 - Parsing failed. Reason: Order with same ID already exists. ID: 282
09-05-2024 @ 13:52:49 - Row :133 - Parsing item.
09-05-2024 @ 13:52:49 - Row :133 - Parsing failed. Reason: Order with same ID already exists. ID: 281
09-05-2024 @ 13:52:49 - Row :134 - Parsing item.
09-05-2024 @ 13:52:49 - Row :134 - Parsing failed. Reason: Order with same ID already exists. ID: 279
09-05-2024 @ 13:52:49 - Row :135 - Parsing item.
09-05-2024 @ 13:52:49 - Row :135 - Parsing failed. Reason: Importing Order(ID) conflicts with an existing post. ID: 260
09-05-2024 @ 13:52:49 - Row :136 - Parsing item.
09-05-2024 @ 13:52:49 - Row :136 - Parsing failed. Reason: Order with same ID already exists. ID: 238
09-05-2024 @ 13:52:49 - Row :137 - Parsing item.
09-05-2024 @ 13:52:49 - Row :137 - Parsing failed. Reason: Order with same ID already exists. ID: 229
09-05-2024 @ 13:52:49 - Row :138 - Parsing item.
09-05-2024 @ 13:52:49 - Row :138 - Parsing failed. Reason: Order with same ID already exists. ID: 223
09-05-2024 @ 13:52:49 - Row :139 - Parsing item.
09-05-2024 @ 13:52:49 - Row :139 - Parsing failed. Reason: Order with same ID already exists. ID: 207
09-05-2024 @ 13:52:49 - Row :140 - Parsing item.
09-05-2024 @ 13:52:49 - Row :140 - Parsing failed. Reason: Order with same ID already exists. ID: 201
09-05-2024 @ 13:52:49 - ---[ Import ended at 2024-09-05 13:52:49]---
