09-05-2024 @ 15:07:19 - ---[ New import started at 2024-09-05 15:07:19 ] PHP Memory: 256 MB, WP Memory: 40 MB
09-05-2024 @ 15:07:19 - Preparing for import.
09-05-2024 @ 15:07:19 - Row :1 - Parsing item.
09-05-2024 @ 15:07:19 - Row :1 - Processing item.
09-05-2024 @ 15:07:19 - Processing users.
09-05-2024 @ 15:07:19 - > &#8220;5&#8221;User imported successfully. ID:5
09-05-2024 @ 15:07:19 - > Finished importing user 5
09-05-2024 @ 15:07:19 - Row :1 - User imported successfully.
09-05-2024 @ 15:07:19 - Row :2 - Parsing item.
09-05-2024 @ 15:07:19 - Row :2 - Processing item.
09-05-2024 @ 15:07:19 - Processing users.
09-05-2024 @ 15:07:19 - > &#8220;6&#8221;User imported successfully. ID:6
09-05-2024 @ 15:07:19 - > Finished importing user 6
09-05-2024 @ 15:07:19 - Row :2 - User imported successfully.
09-05-2024 @ 15:07:19 - Row :3 - Parsing item.
09-05-2024 @ 15:07:19 - Row :3 - Processing item.
09-05-2024 @ 15:07:19 - Processing users.
09-05-2024 @ 15:07:19 - > &#8220;7&#8221;User imported successfully. ID:7
09-05-2024 @ 15:07:19 - > Finished importing user 7
09-05-2024 @ 15:07:19 - Row :3 - User imported successfully.
09-05-2024 @ 15:07:19 - Row :4 - Parsing item.
09-05-2024 @ 15:07:19 - Row :4 - Processing item.
09-05-2024 @ 15:07:19 - Processing users.
09-05-2024 @ 15:07:19 - > &#8220;8&#8221;User imported successfully. ID:8
09-05-2024 @ 15:07:19 - > Finished importing user 8
09-05-2024 @ 15:07:19 - Row :4 - User imported successfully.
09-05-2024 @ 15:07:19 - Row :5 - Parsing item.
09-05-2024 @ 15:07:19 - Row :5 - Processing item.
09-05-2024 @ 15:07:19 - Processing users.
09-05-2024 @ 15:07:19 - > &#8220;9&#8221;User imported successfully. ID:9
09-05-2024 @ 15:07:19 - > Finished importing user 9
09-05-2024 @ 15:07:19 - Row :5 - User imported successfully.
09-05-2024 @ 15:07:19 - Row :6 - Parsing item.
09-05-2024 @ 15:07:19 - Row :6 - Processing item.
09-05-2024 @ 15:07:19 - Processing users.
09-05-2024 @ 15:07:19 - > &#8220;10&#8221;User imported successfully. ID:10
09-05-2024 @ 15:07:19 - > Finished importing user 10
09-05-2024 @ 15:07:19 - Row :6 - User imported successfully.
09-05-2024 @ 15:07:19 - Row :7 - Parsing item.
09-05-2024 @ 15:07:19 - Row :7 - Processing item.
09-05-2024 @ 15:07:19 - Processing users.
09-05-2024 @ 15:07:19 - > &#8220;11&#8221;User imported successfully. ID:11
09-05-2024 @ 15:07:19 - > Finished importing user 11
09-05-2024 @ 15:07:19 - Row :7 - User imported successfully.
09-05-2024 @ 15:07:19 - Row :8 - Parsing item.
09-05-2024 @ 15:07:19 - Row :8 - Processing item.
09-05-2024 @ 15:07:19 - Processing users.
09-05-2024 @ 15:07:19 - > &#8220;12&#8221;User imported successfully. ID:12
09-05-2024 @ 15:07:19 - > Finished importing user 12
09-05-2024 @ 15:07:19 - Row :8 - User imported successfully.
09-05-2024 @ 15:07:19 - Row :9 - Parsing item.
09-05-2024 @ 15:07:19 - Row :9 - Processing item.
09-05-2024 @ 15:07:19 - Processing users.
09-05-2024 @ 15:07:19 - > &#8220;13&#8221;User imported successfully. ID:13
09-05-2024 @ 15:07:19 - > Finished importing user 13
09-05-2024 @ 15:07:19 - Row :9 - User imported successfully.
09-05-2024 @ 15:07:19 - Row :10 - Parsing item.
09-05-2024 @ 15:07:19 - Row :10 - Processing item.
09-05-2024 @ 15:07:19 - Processing users.
09-05-2024 @ 15:07:19 - > &#8220;14&#8221;User imported successfully. ID:14
09-05-2024 @ 15:07:19 - > Finished importing user 14
09-05-2024 @ 15:07:19 - Row :10 - User imported successfully.
09-05-2024 @ 15:07:20 - Preparing for import.
09-05-2024 @ 15:07:20 - Row :11 - Parsing item.
09-05-2024 @ 15:07:20 - Row :11 - Processing item.
09-05-2024 @ 15:07:20 - Processing users.
09-05-2024 @ 15:07:20 - > &#8220;15&#8221;User imported successfully. ID:15
09-05-2024 @ 15:07:20 - > Finished importing user 15
09-05-2024 @ 15:07:20 - Row :11 - User imported successfully.
09-05-2024 @ 15:07:20 - Row :12 - Parsing item.
09-05-2024 @ 15:07:20 - Row :12 - Processing item.
09-05-2024 @ 15:07:20 - Processing users.
09-05-2024 @ 15:07:20 - > &#8220;16&#8221;User imported successfully. ID:16
09-05-2024 @ 15:07:20 - > Finished importing user 16
09-05-2024 @ 15:07:20 - Row :12 - User imported successfully.
09-05-2024 @ 15:07:20 - Row :13 - Parsing item.
09-05-2024 @ 15:07:20 - Row :13 - Processing item.
09-05-2024 @ 15:07:20 - Processing users.
09-05-2024 @ 15:07:20 - > &#8220;17&#8221;User imported successfully. ID:17
09-05-2024 @ 15:07:20 - > Finished importing user 17
09-05-2024 @ 15:07:20 - Row :13 - User imported successfully.
09-05-2024 @ 15:07:20 - Row :14 - Parsing item.
09-05-2024 @ 15:07:20 - Row :14 - Processing item.
09-05-2024 @ 15:07:20 - Processing users.
09-05-2024 @ 15:07:20 - > &#8220;18&#8221;User imported successfully. ID:18
09-05-2024 @ 15:07:20 - > Finished importing user 18
09-05-2024 @ 15:07:20 - Row :14 - User imported successfully.
09-05-2024 @ 15:07:20 - Row :15 - Parsing item.
09-05-2024 @ 15:07:20 - Row :15 - Processing item.
09-05-2024 @ 15:07:20 - Processing users.
09-05-2024 @ 15:07:20 - > &#8220;19&#8221;User imported successfully. ID:19
09-05-2024 @ 15:07:20 - > Finished importing user 19
09-05-2024 @ 15:07:20 - Row :15 - User imported successfully.
09-05-2024 @ 15:07:20 - Row :16 - Parsing item.
09-05-2024 @ 15:07:20 - Row :16 - Processing item.
09-05-2024 @ 15:07:20 - Processing users.
09-05-2024 @ 15:07:20 - > &#8220;20&#8221;User imported successfully. ID:20
09-05-2024 @ 15:07:20 - > Finished importing user 20
09-05-2024 @ 15:07:20 - Row :16 - User imported successfully.
09-05-2024 @ 15:07:20 - Row :17 - Parsing item.
09-05-2024 @ 15:07:20 - Row :17 - Processing item.
09-05-2024 @ 15:07:20 - Processing users.
09-05-2024 @ 15:07:20 - > &#8220;21&#8221;User imported successfully. ID:21
09-05-2024 @ 15:07:20 - > Finished importing user 21
09-05-2024 @ 15:07:20 - Row :17 - User imported successfully.
09-05-2024 @ 15:07:20 - Row :18 - Parsing item.
09-05-2024 @ 15:07:20 - Row :18 - Processing item.
09-05-2024 @ 15:07:20 - Processing users.
09-05-2024 @ 15:07:20 - > &#8220;22&#8221;User imported successfully. ID:22
09-05-2024 @ 15:07:20 - > Finished importing user 22
09-05-2024 @ 15:07:20 - Row :18 - User imported successfully.
09-05-2024 @ 15:07:20 - Row :19 - Parsing item.
09-05-2024 @ 15:07:20 - Row :19 - Processing item.
09-05-2024 @ 15:07:20 - Processing users.
09-05-2024 @ 15:07:20 - > &#8220;23&#8221;User imported successfully. ID:23
09-05-2024 @ 15:07:20 - > Finished importing user 23
09-05-2024 @ 15:07:20 - Row :19 - User imported successfully.
09-05-2024 @ 15:07:20 - Row :20 - Parsing item.
09-05-2024 @ 15:07:20 - Row :20 - Processing item.
09-05-2024 @ 15:07:20 - Processing users.
09-05-2024 @ 15:07:20 - > &#8220;24&#8221;User imported successfully. ID:24
09-05-2024 @ 15:07:20 - > Finished importing user 24
09-05-2024 @ 15:07:20 - Row :20 - User imported successfully.
09-05-2024 @ 15:07:21 - Preparing for import.
09-05-2024 @ 15:07:21 - Row :21 - Parsing item.
09-05-2024 @ 15:07:21 - Row :21 - Processing item.
09-05-2024 @ 15:07:21 - Processing users.
09-05-2024 @ 15:07:21 - > &#8220;25&#8221;User imported successfully. ID:25
09-05-2024 @ 15:07:21 - > Finished importing user 25
09-05-2024 @ 15:07:21 - Row :21 - User imported successfully.
09-05-2024 @ 15:07:21 - Row :22 - Parsing item.
09-05-2024 @ 15:07:21 - Row :22 - Processing item.
09-05-2024 @ 15:07:21 - Processing users.
09-05-2024 @ 15:07:21 - > &#8220;26&#8221;User imported successfully. ID:26
09-05-2024 @ 15:07:21 - > Finished importing user 26
09-05-2024 @ 15:07:21 - Row :22 - User imported successfully.
09-05-2024 @ 15:07:21 - Row :23 - Parsing item.
09-05-2024 @ 15:07:21 - Row :23 - Processing item.
09-05-2024 @ 15:07:21 - Processing users.
09-05-2024 @ 15:07:21 - > &#8220;27&#8221;User imported successfully. ID:27
09-05-2024 @ 15:07:21 - > Finished importing user 27
09-05-2024 @ 15:07:21 - Row :23 - User imported successfully.
09-05-2024 @ 15:07:21 - Row :24 - Parsing item.
09-05-2024 @ 15:07:21 - Row :24 - Processing item.
09-05-2024 @ 15:07:21 - Processing users.
09-05-2024 @ 15:07:21 - > &#8220;28&#8221;User imported successfully. ID:28
09-05-2024 @ 15:07:21 - > Finished importing user 28
09-05-2024 @ 15:07:21 - Row :24 - User imported successfully.
09-05-2024 @ 15:07:21 - Row :25 - Parsing item.
09-05-2024 @ 15:07:21 - Row :25 - Processing item.
09-05-2024 @ 15:07:21 - Processing users.
09-05-2024 @ 15:07:21 - > &#8220;29&#8221;User imported successfully. ID:29
09-05-2024 @ 15:07:21 - > Finished importing user 29
09-05-2024 @ 15:07:21 - Row :25 - User imported successfully.
09-05-2024 @ 15:07:21 - Row :26 - Parsing item.
09-05-2024 @ 15:07:21 - Row :26 - Processing item.
09-05-2024 @ 15:07:21 - Processing users.
09-05-2024 @ 15:07:21 - > &#8220;30&#8221;User imported successfully. ID:30
09-05-2024 @ 15:07:21 - > Finished importing user 30
09-05-2024 @ 15:07:21 - Row :26 - User imported successfully.
09-05-2024 @ 15:07:21 - Row :27 - Parsing item.
09-05-2024 @ 15:07:21 - Row :27 - Processing item.
09-05-2024 @ 15:07:21 - Processing users.
09-05-2024 @ 15:07:21 - > &#8220;31&#8221;User imported successfully. ID:31
09-05-2024 @ 15:07:21 - > Finished importing user 31
09-05-2024 @ 15:07:21 - Row :27 - User imported successfully.
09-05-2024 @ 15:07:21 - Row :28 - Parsing item.
09-05-2024 @ 15:07:21 - Row :28 - Processing item.
09-05-2024 @ 15:07:21 - Processing users.
09-05-2024 @ 15:07:22 - > &#8220;32&#8221;User imported successfully. ID:32
09-05-2024 @ 15:07:22 - > Finished importing user 32
09-05-2024 @ 15:07:22 - Row :28 - User imported successfully.
09-05-2024 @ 15:07:22 - Row :29 - Parsing item.
09-05-2024 @ 15:07:22 - Row :29 - Processing item.
09-05-2024 @ 15:07:22 - Processing users.
09-05-2024 @ 15:07:22 - > &#8220;33&#8221;User imported successfully. ID:33
09-05-2024 @ 15:07:22 - > Finished importing user 33
09-05-2024 @ 15:07:22 - Row :29 - User imported successfully.
09-05-2024 @ 15:07:22 - Row :30 - Parsing item.
09-05-2024 @ 15:07:22 - Row :30 - Processing item.
09-05-2024 @ 15:07:22 - Processing users.
09-05-2024 @ 15:07:22 - > &#8220;34&#8221;User imported successfully. ID:34
09-05-2024 @ 15:07:22 - > Finished importing user 34
09-05-2024 @ 15:07:22 - Row :30 - User imported successfully.
09-05-2024 @ 15:07:23 - Preparing for import.
09-05-2024 @ 15:07:23 - Row :31 - Parsing item.
09-05-2024 @ 15:07:23 - Row :31 - Processing item.
09-05-2024 @ 15:07:23 - Processing users.
09-05-2024 @ 15:07:23 - > &#8220;35&#8221;User imported successfully. ID:35
09-05-2024 @ 15:07:23 - > Finished importing user 35
09-05-2024 @ 15:07:23 - Row :31 - User imported successfully.
09-05-2024 @ 15:07:23 - Row :32 - Parsing item.
09-05-2024 @ 15:07:23 - Row :32 - Processing item.
09-05-2024 @ 15:07:23 - Processing users.
09-05-2024 @ 15:07:23 - > &#8220;36&#8221;User imported successfully. ID:36
09-05-2024 @ 15:07:23 - > Finished importing user 36
09-05-2024 @ 15:07:23 - Row :32 - User imported successfully.
09-05-2024 @ 15:07:23 - Row :33 - Parsing item.
09-05-2024 @ 15:07:23 - Row :33 - Processing item.
09-05-2024 @ 15:07:23 - Processing users.
09-05-2024 @ 15:07:23 - > &#8220;37&#8221;User imported successfully. ID:37
09-05-2024 @ 15:07:23 - > Finished importing user 37
09-05-2024 @ 15:07:23 - Row :33 - User imported successfully.
09-05-2024 @ 15:07:23 - Row :34 - Parsing item.
09-05-2024 @ 15:07:23 - Row :34 - Processing item.
09-05-2024 @ 15:07:23 - Processing users.
09-05-2024 @ 15:07:23 - > &#8220;38&#8221;User imported successfully. ID:38
09-05-2024 @ 15:07:23 - > Finished importing user 38
09-05-2024 @ 15:07:23 - Row :34 - User imported successfully.
09-05-2024 @ 15:07:23 - Row :35 - Parsing item.
09-05-2024 @ 15:07:23 - Row :35 - Processing item.
09-05-2024 @ 15:07:23 - Processing users.
09-05-2024 @ 15:07:23 - > &#8220;39&#8221;User imported successfully. ID:39
09-05-2024 @ 15:07:23 - > Finished importing user 39
09-05-2024 @ 15:07:23 - Row :35 - User imported successfully.
09-05-2024 @ 15:07:23 - Row :36 - Parsing item.
09-05-2024 @ 15:07:23 - Row :36 - Processing item.
09-05-2024 @ 15:07:23 - Processing users.
09-05-2024 @ 15:07:23 - > &#8220;40&#8221;User imported successfully. ID:40
09-05-2024 @ 15:07:23 - > Finished importing user 40
09-05-2024 @ 15:07:23 - Row :36 - User imported successfully.
09-05-2024 @ 15:07:23 - Row :37 - Parsing item.
09-05-2024 @ 15:07:23 - Row :37 - Processing item.
09-05-2024 @ 15:07:23 - Processing users.
09-05-2024 @ 15:07:23 - > &#8220;41&#8221;User imported successfully. ID:41
09-05-2024 @ 15:07:23 - > Finished importing user 41
09-05-2024 @ 15:07:23 - Row :37 - User imported successfully.
09-05-2024 @ 15:07:23 - Row :38 - Parsing item.
09-05-2024 @ 15:07:23 - Row :38 - Processing item.
09-05-2024 @ 15:07:23 - Processing users.
09-05-2024 @ 15:07:23 - > &#8220;42&#8221;User imported successfully. ID:42
09-05-2024 @ 15:07:23 - > Finished importing user 42
09-05-2024 @ 15:07:23 - Row :38 - User imported successfully.
09-05-2024 @ 15:07:23 - Row :39 - Parsing item.
09-05-2024 @ 15:07:23 - Row :39 - Processing item.
09-05-2024 @ 15:07:23 - Processing users.
09-05-2024 @ 15:07:23 - > &#8220;1&#8221; This user is currently logged in hence we cannot update.
09-05-2024 @ 15:07:23 - Row :39 - Processing failed. Reason: > &#8220;1&#8221; This user is currently logged in hence we cannot update.
09-05-2024 @ 15:07:23 - Row :40 - Parsing item.
09-05-2024 @ 15:07:23 - Row :40 - Processing item.
09-05-2024 @ 15:07:23 - Processing users.
09-05-2024 @ 15:07:23 - > &#8220;43&#8221;User imported successfully. ID:43
09-05-2024 @ 15:07:23 - > Finished importing user 43
09-05-2024 @ 15:07:23 - Row :40 - User imported successfully.
09-05-2024 @ 15:07:24 - Preparing for import.
09-05-2024 @ 15:07:24 - Row :41 - Parsing item.
09-05-2024 @ 15:07:24 - Row :41 - Processing item.
09-05-2024 @ 15:07:24 - Processing users.
09-05-2024 @ 15:07:24 - > &#8220;44&#8221;User imported successfully. ID:44
09-05-2024 @ 15:07:24 - > Finished importing user 44
09-05-2024 @ 15:07:24 - Row :41 - User imported successfully.
09-05-2024 @ 15:07:24 - Row :42 - Parsing item.
09-05-2024 @ 15:07:24 - Row :42 - Processing item.
09-05-2024 @ 15:07:24 - Processing users.
09-05-2024 @ 15:07:24 - > &#8220;45&#8221;User imported successfully. ID:45
09-05-2024 @ 15:07:24 - > Finished importing user 45
09-05-2024 @ 15:07:24 - Row :42 - User imported successfully.
09-05-2024 @ 15:07:24 - Row :43 - Parsing item.
09-05-2024 @ 15:07:24 - Row :43 - Processing item.
09-05-2024 @ 15:07:24 - Processing users.
09-05-2024 @ 15:07:24 - > &#8220;46&#8221;User imported successfully. ID:46
09-05-2024 @ 15:07:24 - > Finished importing user 46
09-05-2024 @ 15:07:24 - Row :43 - User imported successfully.
09-05-2024 @ 15:07:24 - Row :44 - Parsing item.
09-05-2024 @ 15:07:24 - Row :44 - Processing item.
09-05-2024 @ 15:07:24 - Processing users.
09-05-2024 @ 15:07:24 - > &#8220;47&#8221;User imported successfully. ID:47
09-05-2024 @ 15:07:24 - > Finished importing user 47
09-05-2024 @ 15:07:24 - Row :44 - User imported successfully.
09-05-2024 @ 15:07:24 - Row :45 - Parsing item.
09-05-2024 @ 15:07:24 - Row :45 - Processing item.
09-05-2024 @ 15:07:24 - Processing users.
09-05-2024 @ 15:07:24 - > &#8220;48&#8221;User imported successfully. ID:48
09-05-2024 @ 15:07:24 - > Finished importing user 48
09-05-2024 @ 15:07:24 - Row :45 - User imported successfully.
09-05-2024 @ 15:07:24 - Row :46 - Parsing item.
09-05-2024 @ 15:07:24 - Row :46 - Processing item.
09-05-2024 @ 15:07:24 - Processing users.
09-05-2024 @ 15:07:24 - > &#8220;49&#8221;User imported successfully. ID:49
09-05-2024 @ 15:07:24 - > Finished importing user 49
09-05-2024 @ 15:07:24 - Row :46 - User imported successfully.
09-05-2024 @ 15:07:24 - Row :47 - Parsing item.
09-05-2024 @ 15:07:24 - Row :47 - Processing item.
09-05-2024 @ 15:07:24 - Processing users.
09-05-2024 @ 15:07:24 - > &#8220;50&#8221;User imported successfully. ID:50
09-05-2024 @ 15:07:24 - > Finished importing user 50
09-05-2024 @ 15:07:24 - Row :47 - User imported successfully.
09-05-2024 @ 15:07:24 - Row :48 - Parsing item.
09-05-2024 @ 15:07:24 - Row :48 - Processing item.
09-05-2024 @ 15:07:24 - Processing users.
09-05-2024 @ 15:07:24 - > &#8220;51&#8221;User imported successfully. ID:51
09-05-2024 @ 15:07:24 - > Finished importing user 51
09-05-2024 @ 15:07:24 - Row :48 - User imported successfully.
09-05-2024 @ 15:07:24 - Row :49 - Parsing item.
09-05-2024 @ 15:07:24 - Row :49 - Processing item.
09-05-2024 @ 15:07:24 - Processing users.
09-05-2024 @ 15:07:24 - > &#8220;52&#8221;User imported successfully. ID:52
09-05-2024 @ 15:07:24 - > Finished importing user 52
09-05-2024 @ 15:07:24 - Row :49 - User imported successfully.
09-05-2024 @ 15:07:24 - Row :50 - Parsing item.
09-05-2024 @ 15:07:24 - Row :50 - Processing item.
09-05-2024 @ 15:07:24 - Processing users.
09-05-2024 @ 15:07:24 - > &#8220;53&#8221;User imported successfully. ID:53
09-05-2024 @ 15:07:24 - > Finished importing user 53
09-05-2024 @ 15:07:24 - Row :50 - User imported successfully.
09-05-2024 @ 15:07:25 - Preparing for import.
09-05-2024 @ 15:07:25 - Row :51 - Parsing item.
09-05-2024 @ 15:07:25 - Row :51 - Processing item.
09-05-2024 @ 15:07:25 - Processing users.
09-05-2024 @ 15:07:25 - > &#8220;54&#8221;User imported successfully. ID:54
09-05-2024 @ 15:07:25 - > Finished importing user 54
09-05-2024 @ 15:07:25 - Row :51 - User imported successfully.
09-05-2024 @ 15:07:25 - Row :52 - Parsing item.
09-05-2024 @ 15:07:25 - Row :52 - Processing item.
09-05-2024 @ 15:07:25 - Processing users.
09-05-2024 @ 15:07:25 - > &#8220;55&#8221;User imported successfully. ID:55
09-05-2024 @ 15:07:25 - > Finished importing user 55
09-05-2024 @ 15:07:25 - Row :52 - User imported successfully.
09-05-2024 @ 15:07:25 - Row :53 - Parsing item.
09-05-2024 @ 15:07:25 - Row :53 - Processing item.
09-05-2024 @ 15:07:25 - Processing users.
09-05-2024 @ 15:07:25 - > &#8220;56&#8221;User imported successfully. ID:56
09-05-2024 @ 15:07:25 - > Finished importing user 56
09-05-2024 @ 15:07:25 - Row :53 - User imported successfully.
09-05-2024 @ 15:07:25 - Row :54 - Parsing item.
09-05-2024 @ 15:07:25 - Row :54 - Processing item.
09-05-2024 @ 15:07:25 - Processing users.
09-05-2024 @ 15:07:25 - > &#8220;57&#8221;User imported successfully. ID:57
09-05-2024 @ 15:07:25 - > Finished importing user 57
09-05-2024 @ 15:07:25 - Row :54 - User imported successfully.
09-05-2024 @ 15:07:25 - Row :55 - Parsing item.
09-05-2024 @ 15:07:25 - Row :55 - Processing item.
09-05-2024 @ 15:07:25 - Processing users.
09-05-2024 @ 15:07:25 - > &#8220;58&#8221;User imported successfully. ID:58
09-05-2024 @ 15:07:25 - > Finished importing user 58
09-05-2024 @ 15:07:25 - Row :55 - User imported successfully.
09-05-2024 @ 15:07:25 - Row :56 - Parsing item.
09-05-2024 @ 15:07:25 - Row :56 - Processing item.
09-05-2024 @ 15:07:25 - Processing users.
09-05-2024 @ 15:07:25 - > &#8220;59&#8221;User imported successfully. ID:59
09-05-2024 @ 15:07:25 - > Finished importing user 59
09-05-2024 @ 15:07:25 - Row :56 - User imported successfully.
09-05-2024 @ 15:07:25 - Row :57 - Parsing item.
09-05-2024 @ 15:07:25 - Row :57 - Processing item.
09-05-2024 @ 15:07:25 - Processing users.
09-05-2024 @ 15:07:25 - > &#8220;60&#8221;User imported successfully. ID:60
09-05-2024 @ 15:07:25 - > Finished importing user 60
09-05-2024 @ 15:07:25 - Row :57 - User imported successfully.
09-05-2024 @ 15:07:25 - Row :58 - Parsing item.
09-05-2024 @ 15:07:25 - Row :58 - Processing item.
09-05-2024 @ 15:07:25 - Processing users.
09-05-2024 @ 15:07:25 - > &#8220;61&#8221;User imported successfully. ID:61
09-05-2024 @ 15:07:25 - > Finished importing user 61
09-05-2024 @ 15:07:25 - Row :58 - User imported successfully.
09-05-2024 @ 15:07:25 - Row :59 - Parsing item.
09-05-2024 @ 15:07:25 - Row :59 - Parsing failed. Reason: Guest user skipped Email : useing12396@yahoo.com
09-05-2024 @ 15:07:25 - Row :60 - Parsing item.
09-05-2024 @ 15:07:25 - Row :60 - Parsing failed. Reason: Guest user skipped Email : 54kumao@gmail.com
09-05-2024 @ 15:07:26 - Preparing for import.
09-05-2024 @ 15:07:26 - Row :61 - Parsing item.
09-05-2024 @ 15:07:26 - Row :61 - Parsing failed. Reason: Guest user skipped Email : shelly85307@gmail.com
09-05-2024 @ 15:07:26 - Row :62 - Parsing item.
09-05-2024 @ 15:07:26 - Row :62 - Parsing failed. Reason: Guest user skipped Email : judy740113@hotmail.com
09-05-2024 @ 15:07:26 - Row :63 - Parsing item.
09-05-2024 @ 15:07:26 - Row :63 - Parsing failed. Reason: Guest user skipped Email : s96105139@stu.edu.tw
09-05-2024 @ 15:07:26 - Row :64 - Parsing item.
09-05-2024 @ 15:07:26 - Row :64 - Parsing failed. Reason: Guest user skipped Email : k52165@yahoo.com.tw
09-05-2024 @ 15:07:26 - Row :65 - Parsing item.
09-05-2024 @ 15:07:26 - Row :65 - Parsing failed. Reason: Guest user skipped Email : aa26626777@gmail.com
09-05-2024 @ 15:07:26 - Row :66 - Parsing item.
09-05-2024 @ 15:07:26 - Row :66 - Parsing failed. Reason: Guest user skipped Email : eamy80128@yahoo.com.tw
09-05-2024 @ 15:07:26 - Row :67 - Parsing item.
09-05-2024 @ 15:07:26 - Row :67 - Parsing failed. Reason: Guest user skipped Email : w780121@gmail.com
09-05-2024 @ 15:07:26 - Row :68 - Parsing item.
09-05-2024 @ 15:07:26 - Row :68 - Parsing failed. Reason: Guest user skipped Email : shannonbuyplay@gmail.com
09-05-2024 @ 15:07:26 - Row :69 - Parsing item.
09-05-2024 @ 15:07:26 - Row :69 - Parsing failed. Reason: Guest user skipped Email : ayumitai@gmail.com
09-05-2024 @ 15:07:26 - Row :70 - Parsing item.
09-05-2024 @ 15:07:26 - Row :70 - Parsing failed. Reason: Guest user skipped Email : ivy711214@gmail.com
09-05-2024 @ 15:07:27 - Preparing for import.
09-05-2024 @ 15:07:27 - Row :71 - Parsing item.
09-05-2024 @ 15:07:27 - Row :71 - Parsing failed. Reason: Guest user skipped Email : abc145198@gmail.com
09-05-2024 @ 15:07:27 - Row :72 - Parsing item.
09-05-2024 @ 15:07:27 - Row :72 - Parsing failed. Reason: Guest user skipped Email : celestialseira@gmail.com
09-05-2024 @ 15:07:27 - Row :73 - Parsing item.
09-05-2024 @ 15:07:27 - Row :73 - Parsing failed. Reason: Guest user skipped Email : lilo791027@gmail.com
09-05-2024 @ 15:07:27 - Row :74 - Parsing item.
09-05-2024 @ 15:07:27 - Row :74 - Parsing failed. Reason: Guest user skipped Email : ctakv656@gmail.com
09-05-2024 @ 15:07:27 - Row :75 - Parsing item.
09-05-2024 @ 15:07:27 - Row :75 - Parsing failed. Reason: Guest user skipped Email : peaceful8405@gmail.com
09-05-2024 @ 15:07:27 - Row :76 - Parsing item.
09-05-2024 @ 15:07:27 - Row :76 - Parsing failed. Reason: Guest user skipped Email : erin88bbccqq@gmail.com
09-05-2024 @ 15:07:27 - Row :77 - Parsing item.
09-05-2024 @ 15:07:27 - Row :77 - Parsing failed. Reason: Guest user skipped Email : leeminho030@icloud.com
09-05-2024 @ 15:07:27 - Row :78 - Parsing item.
09-05-2024 @ 15:07:27 - Row :78 - Parsing failed. Reason: Guest user skipped Email : iris91921@icloud.com
09-05-2024 @ 15:07:27 - Row :79 - Parsing item.
09-05-2024 @ 15:07:27 - Row :79 - Parsing failed. Reason: Guest user skipped Email : xx2216814@yahoo.com.tw
09-05-2024 @ 15:07:27 - Row :80 - Parsing item.
09-05-2024 @ 15:07:27 - Row :80 - Parsing failed. Reason: Guest user skipped Email : cloth05@outlook.com
09-05-2024 @ 15:07:28 - Preparing for import.
09-05-2024 @ 15:07:28 - Row :81 - Parsing item.
09-05-2024 @ 15:07:28 - Row :81 - Parsing failed. Reason: Guest user skipped Email : yowlih_tw@hotmail.com
09-05-2024 @ 15:07:28 - Row :82 - Parsing item.
09-05-2024 @ 15:07:28 - Row :82 - Parsing failed. Reason: Guest user skipped Email : s34317s@yahoo.com.tw
09-05-2024 @ 15:07:28 - Row :83 - Parsing item.
09-05-2024 @ 15:07:28 - Row :83 - Parsing failed. Reason: Guest user skipped Email : sha051631@gamil.com
09-05-2024 @ 15:07:28 - Row :84 - Parsing item.
09-05-2024 @ 15:07:28 - Row :84 - Parsing failed. Reason: Guest user skipped Email : yapeilin0819@hotmail.com
09-05-2024 @ 15:07:28 - Row :85 - Parsing item.
09-05-2024 @ 15:07:28 - Row :85 - Parsing failed. Reason: Guest user skipped Email : ula2623@gmail.com
09-05-2024 @ 15:07:28 - Row :86 - Parsing item.
09-05-2024 @ 15:07:28 - Row :86 - Parsing failed. Reason: Guest user skipped Email : a0932015299@gmail.com
09-05-2024 @ 15:07:28 - Row :87 - Parsing item.
09-05-2024 @ 15:07:28 - Row :87 - Parsing failed. Reason: Guest user skipped Email : mimi2000918@gmail.com
09-05-2024 @ 15:07:28 - Row :88 - Parsing item.
09-05-2024 @ 15:07:28 - Row :88 - Parsing failed. Reason: Guest user skipped Email : ironic128@yahoo.com.tw
09-05-2024 @ 15:07:28 - Row :89 - Parsing item.
09-05-2024 @ 15:07:28 - Row :89 - Parsing failed. Reason: Guest user skipped Email : wq225225@icloud.com
09-05-2024 @ 15:07:28 - ---[ Import ended at 2024-09-05 15:07:28]---
