09-05-2024 @ 15:08:02 - ---[ New import started at 2024-09-05 15:08:02 ] PHP Memory: 256 MB, WP Memory: 40 MB
09-05-2024 @ 15:08:02 - Preparing for import.
09-05-2024 @ 15:08:02 - Row :1 - Parsing item.
09-05-2024 @ 15:08:02 - Row :1 - Processing item.
09-05-2024 @ 15:08:02 - Processing users.
09-05-2024 @ 15:08:02 - > &#8220;5&#8221;User updated successfully. ID:5
09-05-2024 @ 15:08:02 - > Finished importing user 5
09-05-2024 @ 15:08:02 - Row :1 - User updated successfully.
09-05-2024 @ 15:08:02 - Row :2 - Parsing item.
09-05-2024 @ 15:08:02 - Row :2 - Processing item.
09-05-2024 @ 15:08:02 - Processing users.
09-05-2024 @ 15:08:02 - > &#8220;6&#8221;User updated successfully. ID:6
09-05-2024 @ 15:08:02 - > Finished importing user 6
09-05-2024 @ 15:08:02 - Row :2 - User updated successfully.
09-05-2024 @ 15:08:02 - Row :3 - Parsing item.
09-05-2024 @ 15:08:02 - Row :3 - Processing item.
09-05-2024 @ 15:08:02 - Processing users.
09-05-2024 @ 15:08:02 - > &#8220;7&#8221;User updated successfully. ID:7
09-05-2024 @ 15:08:02 - > Finished importing user 7
09-05-2024 @ 15:08:02 - Row :3 - User updated successfully.
09-05-2024 @ 15:08:02 - Row :4 - Parsing item.
09-05-2024 @ 15:08:02 - Row :4 - Processing item.
09-05-2024 @ 15:08:02 - Processing users.
09-05-2024 @ 15:08:02 - > &#8220;8&#8221;User updated successfully. ID:8
09-05-2024 @ 15:08:02 - > Finished importing user 8
09-05-2024 @ 15:08:02 - Row :4 - User updated successfully.
09-05-2024 @ 15:08:02 - Row :5 - Parsing item.
09-05-2024 @ 15:08:02 - Row :5 - Processing item.
09-05-2024 @ 15:08:02 - Processing users.
09-05-2024 @ 15:08:02 - > &#8220;9&#8221;User updated successfully. ID:9
09-05-2024 @ 15:08:02 - > Finished importing user 9
09-05-2024 @ 15:08:02 - Row :5 - User updated successfully.
09-05-2024 @ 15:08:02 - Row :6 - Parsing item.
09-05-2024 @ 15:08:02 - Row :6 - Processing item.
09-05-2024 @ 15:08:02 - Processing users.
09-05-2024 @ 15:08:02 - > &#8220;10&#8221;User updated successfully. ID:10
09-05-2024 @ 15:08:02 - > Finished importing user 10
09-05-2024 @ 15:08:02 - Row :6 - User updated successfully.
09-05-2024 @ 15:08:02 - Row :7 - Parsing item.
09-05-2024 @ 15:08:02 - Row :7 - Processing item.
09-05-2024 @ 15:08:02 - Processing users.
09-05-2024 @ 15:08:02 - > &#8220;11&#8221;User updated successfully. ID:11
09-05-2024 @ 15:08:02 - > Finished importing user 11
09-05-2024 @ 15:08:02 - Row :7 - User updated successfully.
09-05-2024 @ 15:08:02 - Row :8 - Parsing item.
09-05-2024 @ 15:08:02 - Row :8 - Processing item.
09-05-2024 @ 15:08:02 - Processing users.
09-05-2024 @ 15:08:02 - > &#8220;12&#8221;User updated successfully. ID:12
09-05-2024 @ 15:08:02 - > Finished importing user 12
09-05-2024 @ 15:08:02 - Row :8 - User updated successfully.
09-05-2024 @ 15:08:02 - Row :9 - Parsing item.
09-05-2024 @ 15:08:02 - Row :9 - Processing item.
09-05-2024 @ 15:08:02 - Processing users.
09-05-2024 @ 15:08:02 - > &#8220;13&#8221;User updated successfully. ID:13
09-05-2024 @ 15:08:02 - > Finished importing user 13
09-05-2024 @ 15:08:02 - Row :9 - User updated successfully.
09-05-2024 @ 15:08:02 - Row :10 - Parsing item.
09-05-2024 @ 15:08:02 - Row :10 - Processing item.
09-05-2024 @ 15:08:02 - Processing users.
09-05-2024 @ 15:08:02 - > &#8220;14&#8221;User updated successfully. ID:14
09-05-2024 @ 15:08:02 - > Finished importing user 14
09-05-2024 @ 15:08:02 - Row :10 - User updated successfully.
09-05-2024 @ 15:08:03 - Preparing for import.
09-05-2024 @ 15:08:03 - Row :11 - Parsing item.
09-05-2024 @ 15:08:03 - Row :11 - Processing item.
09-05-2024 @ 15:08:03 - Processing users.
09-05-2024 @ 15:08:03 - > &#8220;15&#8221;User updated successfully. ID:15
09-05-2024 @ 15:08:03 - > Finished importing user 15
09-05-2024 @ 15:08:03 - Row :11 - User updated successfully.
09-05-2024 @ 15:08:03 - Row :12 - Parsing item.
09-05-2024 @ 15:08:03 - Row :12 - Processing item.
09-05-2024 @ 15:08:03 - Processing users.
09-05-2024 @ 15:08:03 - > &#8220;16&#8221;User updated successfully. ID:16
09-05-2024 @ 15:08:03 - > Finished importing user 16
09-05-2024 @ 15:08:03 - Row :12 - User updated successfully.
09-05-2024 @ 15:08:03 - Row :13 - Parsing item.
09-05-2024 @ 15:08:03 - Row :13 - Processing item.
09-05-2024 @ 15:08:03 - Processing users.
09-05-2024 @ 15:08:03 - > &#8220;17&#8221;User updated successfully. ID:17
09-05-2024 @ 15:08:03 - > Finished importing user 17
09-05-2024 @ 15:08:03 - Row :13 - User updated successfully.
09-05-2024 @ 15:08:03 - Row :14 - Parsing item.
09-05-2024 @ 15:08:03 - Row :14 - Processing item.
09-05-2024 @ 15:08:03 - Processing users.
09-05-2024 @ 15:08:03 - > &#8220;18&#8221;User updated successfully. ID:18
09-05-2024 @ 15:08:03 - > Finished importing user 18
09-05-2024 @ 15:08:03 - Row :14 - User updated successfully.
09-05-2024 @ 15:08:03 - Row :15 - Parsing item.
09-05-2024 @ 15:08:03 - Row :15 - Processing item.
09-05-2024 @ 15:08:03 - Processing users.
09-05-2024 @ 15:08:03 - > &#8220;19&#8221;User updated successfully. ID:19
09-05-2024 @ 15:08:03 - > Finished importing user 19
09-05-2024 @ 15:08:03 - Row :15 - User updated successfully.
09-05-2024 @ 15:08:03 - Row :16 - Parsing item.
09-05-2024 @ 15:08:03 - Row :16 - Processing item.
09-05-2024 @ 15:08:03 - Processing users.
09-05-2024 @ 15:08:03 - > &#8220;20&#8221;User updated successfully. ID:20
09-05-2024 @ 15:08:03 - > Finished importing user 20
09-05-2024 @ 15:08:03 - Row :16 - User updated successfully.
09-05-2024 @ 15:08:03 - Row :17 - Parsing item.
09-05-2024 @ 15:08:03 - Row :17 - Processing item.
09-05-2024 @ 15:08:03 - Processing users.
09-05-2024 @ 15:08:03 - > &#8220;21&#8221;User updated successfully. ID:21
09-05-2024 @ 15:08:03 - > Finished importing user 21
09-05-2024 @ 15:08:03 - Row :17 - User updated successfully.
09-05-2024 @ 15:08:03 - Row :18 - Parsing item.
09-05-2024 @ 15:08:03 - Row :18 - Processing item.
09-05-2024 @ 15:08:03 - Processing users.
09-05-2024 @ 15:08:03 - > &#8220;22&#8221;User updated successfully. ID:22
09-05-2024 @ 15:08:03 - > Finished importing user 22
09-05-2024 @ 15:08:03 - Row :18 - User updated successfully.
09-05-2024 @ 15:08:03 - Row :19 - Parsing item.
09-05-2024 @ 15:08:03 - Row :19 - Processing item.
09-05-2024 @ 15:08:03 - Processing users.
09-05-2024 @ 15:08:03 - > &#8220;23&#8221;User updated successfully. ID:23
09-05-2024 @ 15:08:03 - > Finished importing user 23
09-05-2024 @ 15:08:03 - Row :19 - User updated successfully.
09-05-2024 @ 15:08:03 - Row :20 - Parsing item.
09-05-2024 @ 15:08:03 - Row :20 - Processing item.
09-05-2024 @ 15:08:03 - Processing users.
09-05-2024 @ 15:08:03 - > &#8220;24&#8221;User updated successfully. ID:24
09-05-2024 @ 15:08:03 - > Finished importing user 24
09-05-2024 @ 15:08:03 - Row :20 - User updated successfully.
09-05-2024 @ 15:08:04 - Preparing for import.
09-05-2024 @ 15:08:04 - Row :21 - Parsing item.
09-05-2024 @ 15:08:04 - Row :21 - Processing item.
09-05-2024 @ 15:08:04 - Processing users.
09-05-2024 @ 15:08:04 - > &#8220;25&#8221;User updated successfully. ID:25
09-05-2024 @ 15:08:04 - > Finished importing user 25
09-05-2024 @ 15:08:04 - Row :21 - User updated successfully.
09-05-2024 @ 15:08:04 - Row :22 - Parsing item.
09-05-2024 @ 15:08:04 - Row :22 - Processing item.
09-05-2024 @ 15:08:04 - Processing users.
09-05-2024 @ 15:08:04 - > &#8220;26&#8221;User updated successfully. ID:26
09-05-2024 @ 15:08:04 - > Finished importing user 26
09-05-2024 @ 15:08:04 - Row :22 - User updated successfully.
09-05-2024 @ 15:08:04 - Row :23 - Parsing item.
09-05-2024 @ 15:08:04 - Row :23 - Processing item.
09-05-2024 @ 15:08:04 - Processing users.
09-05-2024 @ 15:08:04 - > &#8220;27&#8221;User updated successfully. ID:27
09-05-2024 @ 15:08:04 - > Finished importing user 27
09-05-2024 @ 15:08:04 - Row :23 - User updated successfully.
09-05-2024 @ 15:08:04 - Row :24 - Parsing item.
09-05-2024 @ 15:08:04 - Row :24 - Processing item.
09-05-2024 @ 15:08:04 - Processing users.
09-05-2024 @ 15:08:04 - > &#8220;28&#8221;User updated successfully. ID:28
09-05-2024 @ 15:08:04 - > Finished importing user 28
09-05-2024 @ 15:08:04 - Row :24 - User updated successfully.
09-05-2024 @ 15:08:04 - Row :25 - Parsing item.
09-05-2024 @ 15:08:04 - Row :25 - Processing item.
09-05-2024 @ 15:08:04 - Processing users.
09-05-2024 @ 15:08:04 - > &#8220;29&#8221;User updated successfully. ID:29
09-05-2024 @ 15:08:04 - > Finished importing user 29
09-05-2024 @ 15:08:04 - Row :25 - User updated successfully.
09-05-2024 @ 15:08:04 - Row :26 - Parsing item.
09-05-2024 @ 15:08:04 - Row :26 - Processing item.
09-05-2024 @ 15:08:04 - Processing users.
09-05-2024 @ 15:08:04 - > &#8220;30&#8221;User updated successfully. ID:30
09-05-2024 @ 15:08:04 - > Finished importing user 30
09-05-2024 @ 15:08:04 - Row :26 - User updated successfully.
09-05-2024 @ 15:08:04 - Row :27 - Parsing item.
09-05-2024 @ 15:08:04 - Row :27 - Processing item.
09-05-2024 @ 15:08:04 - Processing users.
09-05-2024 @ 15:08:04 - > &#8220;31&#8221;User updated successfully. ID:31
09-05-2024 @ 15:08:04 - > Finished importing user 31
09-05-2024 @ 15:08:04 - Row :27 - User updated successfully.
09-05-2024 @ 15:08:04 - Row :28 - Parsing item.
09-05-2024 @ 15:08:04 - Row :28 - Processing item.
09-05-2024 @ 15:08:04 - Processing users.
09-05-2024 @ 15:08:04 - > &#8220;32&#8221;User updated successfully. ID:32
09-05-2024 @ 15:08:04 - > Finished importing user 32
09-05-2024 @ 15:08:04 - Row :28 - User updated successfully.
09-05-2024 @ 15:08:04 - Row :29 - Parsing item.
09-05-2024 @ 15:08:04 - Row :29 - Processing item.
09-05-2024 @ 15:08:04 - Processing users.
09-05-2024 @ 15:08:04 - > &#8220;33&#8221;User updated successfully. ID:33
09-05-2024 @ 15:08:04 - > Finished importing user 33
09-05-2024 @ 15:08:04 - Row :29 - User updated successfully.
09-05-2024 @ 15:08:04 - Row :30 - Parsing item.
09-05-2024 @ 15:08:04 - Row :30 - Processing item.
09-05-2024 @ 15:08:04 - Processing users.
09-05-2024 @ 15:08:04 - > &#8220;34&#8221;User updated successfully. ID:34
09-05-2024 @ 15:08:04 - > Finished importing user 34
09-05-2024 @ 15:08:04 - Row :30 - User updated successfully.
09-05-2024 @ 15:08:05 - Preparing for import.
09-05-2024 @ 15:08:05 - Row :31 - Parsing item.
09-05-2024 @ 15:08:05 - Row :31 - Processing item.
09-05-2024 @ 15:08:05 - Processing users.
09-05-2024 @ 15:08:05 - > &#8220;35&#8221;User updated successfully. ID:35
09-05-2024 @ 15:08:05 - > Finished importing user 35
09-05-2024 @ 15:08:05 - Row :31 - User updated successfully.
09-05-2024 @ 15:08:05 - Row :32 - Parsing item.
09-05-2024 @ 15:08:05 - Row :32 - Processing item.
09-05-2024 @ 15:08:05 - Processing users.
09-05-2024 @ 15:08:05 - > &#8220;36&#8221;User updated successfully. ID:36
09-05-2024 @ 15:08:05 - > Finished importing user 36
09-05-2024 @ 15:08:05 - Row :32 - User updated successfully.
09-05-2024 @ 15:08:05 - Row :33 - Parsing item.
09-05-2024 @ 15:08:05 - Row :33 - Processing item.
09-05-2024 @ 15:08:05 - Processing users.
09-05-2024 @ 15:08:05 - > &#8220;37&#8221;User updated successfully. ID:37
09-05-2024 @ 15:08:05 - > Finished importing user 37
09-05-2024 @ 15:08:05 - Row :33 - User updated successfully.
09-05-2024 @ 15:08:05 - Row :34 - Parsing item.
09-05-2024 @ 15:08:05 - Row :34 - Processing item.
09-05-2024 @ 15:08:05 - Processing users.
09-05-2024 @ 15:08:05 - > &#8220;38&#8221;User updated successfully. ID:38
09-05-2024 @ 15:08:05 - > Finished importing user 38
09-05-2024 @ 15:08:05 - Row :34 - User updated successfully.
09-05-2024 @ 15:08:05 - Row :35 - Parsing item.
09-05-2024 @ 15:08:05 - Row :35 - Processing item.
09-05-2024 @ 15:08:05 - Processing users.
09-05-2024 @ 15:08:05 - > &#8220;39&#8221;User updated successfully. ID:39
09-05-2024 @ 15:08:05 - > Finished importing user 39
09-05-2024 @ 15:08:05 - Row :35 - User updated successfully.
09-05-2024 @ 15:08:05 - Row :36 - Parsing item.
09-05-2024 @ 15:08:05 - Row :36 - Processing item.
09-05-2024 @ 15:08:05 - Processing users.
09-05-2024 @ 15:08:05 - > &#8220;40&#8221;User updated successfully. ID:40
09-05-2024 @ 15:08:05 - > Finished importing user 40
09-05-2024 @ 15:08:05 - Row :36 - User updated successfully.
09-05-2024 @ 15:08:05 - Row :37 - Parsing item.
09-05-2024 @ 15:08:05 - Row :37 - Processing item.
09-05-2024 @ 15:08:05 - Processing users.
09-05-2024 @ 15:08:05 - > &#8220;41&#8221;User updated successfully. ID:41
09-05-2024 @ 15:08:05 - > Finished importing user 41
09-05-2024 @ 15:08:05 - Row :37 - User updated successfully.
09-05-2024 @ 15:08:05 - Row :38 - Parsing item.
09-05-2024 @ 15:08:05 - Row :38 - Processing item.
09-05-2024 @ 15:08:05 - Processing users.
09-05-2024 @ 15:08:05 - > &#8220;42&#8221;User updated successfully. ID:42
09-05-2024 @ 15:08:05 - > Finished importing user 42
09-05-2024 @ 15:08:05 - Row :38 - User updated successfully.
09-05-2024 @ 15:08:05 - Row :39 - Parsing item.
09-05-2024 @ 15:08:05 - Row :39 - Processing item.
09-05-2024 @ 15:08:05 - Processing users.
09-05-2024 @ 15:08:05 - > &#8220;1&#8221; This user is currently logged in hence we cannot update.
09-05-2024 @ 15:08:05 - Row :39 - Processing failed. Reason: > &#8220;1&#8221; This user is currently logged in hence we cannot update.
09-05-2024 @ 15:08:05 - Row :40 - Parsing item.
09-05-2024 @ 15:08:05 - Row :40 - Processing item.
09-05-2024 @ 15:08:05 - Processing users.
09-05-2024 @ 15:08:05 - > &#8220;43&#8221;User updated successfully. ID:43
09-05-2024 @ 15:08:05 - > Finished importing user 43
09-05-2024 @ 15:08:05 - Row :40 - User updated successfully.
09-05-2024 @ 15:08:06 - Preparing for import.
09-05-2024 @ 15:08:06 - Row :41 - Parsing item.
09-05-2024 @ 15:08:06 - Row :41 - Processing item.
09-05-2024 @ 15:08:06 - Processing users.
09-05-2024 @ 15:08:06 - > &#8220;44&#8221;User updated successfully. ID:44
09-05-2024 @ 15:08:06 - > Finished importing user 44
09-05-2024 @ 15:08:06 - Row :41 - User updated successfully.
09-05-2024 @ 15:08:06 - Row :42 - Parsing item.
09-05-2024 @ 15:08:06 - Row :42 - Processing item.
09-05-2024 @ 15:08:06 - Processing users.
09-05-2024 @ 15:08:06 - > &#8220;45&#8221;User updated successfully. ID:45
09-05-2024 @ 15:08:06 - > Finished importing user 45
09-05-2024 @ 15:08:06 - Row :42 - User updated successfully.
09-05-2024 @ 15:08:06 - Row :43 - Parsing item.
09-05-2024 @ 15:08:06 - Row :43 - Processing item.
09-05-2024 @ 15:08:06 - Processing users.
09-05-2024 @ 15:08:06 - > &#8220;46&#8221;User updated successfully. ID:46
09-05-2024 @ 15:08:06 - > Finished importing user 46
09-05-2024 @ 15:08:06 - Row :43 - User updated successfully.
09-05-2024 @ 15:08:06 - Row :44 - Parsing item.
09-05-2024 @ 15:08:06 - Row :44 - Processing item.
09-05-2024 @ 15:08:06 - Processing users.
09-05-2024 @ 15:08:06 - > &#8220;47&#8221;User updated successfully. ID:47
09-05-2024 @ 15:08:06 - > Finished importing user 47
09-05-2024 @ 15:08:06 - Row :44 - User updated successfully.
09-05-2024 @ 15:08:06 - Row :45 - Parsing item.
09-05-2024 @ 15:08:06 - Row :45 - Processing item.
09-05-2024 @ 15:08:06 - Processing users.
09-05-2024 @ 15:08:06 - > &#8220;48&#8221;User updated successfully. ID:48
09-05-2024 @ 15:08:06 - > Finished importing user 48
09-05-2024 @ 15:08:06 - Row :45 - User updated successfully.
09-05-2024 @ 15:08:06 - Row :46 - Parsing item.
09-05-2024 @ 15:08:06 - Row :46 - Processing item.
09-05-2024 @ 15:08:06 - Processing users.
09-05-2024 @ 15:08:06 - > &#8220;49&#8221;User updated successfully. ID:49
09-05-2024 @ 15:08:06 - > Finished importing user 49
09-05-2024 @ 15:08:06 - Row :46 - User updated successfully.
09-05-2024 @ 15:08:06 - Row :47 - Parsing item.
09-05-2024 @ 15:08:06 - Row :47 - Processing item.
09-05-2024 @ 15:08:06 - Processing users.
09-05-2024 @ 15:08:06 - > &#8220;50&#8221;User updated successfully. ID:50
09-05-2024 @ 15:08:06 - > Finished importing user 50
09-05-2024 @ 15:08:06 - Row :47 - User updated successfully.
09-05-2024 @ 15:08:06 - Row :48 - Parsing item.
09-05-2024 @ 15:08:06 - Row :48 - Processing item.
09-05-2024 @ 15:08:06 - Processing users.
09-05-2024 @ 15:08:06 - > &#8220;51&#8221;User updated successfully. ID:51
09-05-2024 @ 15:08:06 - > Finished importing user 51
09-05-2024 @ 15:08:06 - Row :48 - User updated successfully.
09-05-2024 @ 15:08:06 - Row :49 - Parsing item.
09-05-2024 @ 15:08:06 - Row :49 - Processing item.
09-05-2024 @ 15:08:06 - Processing users.
09-05-2024 @ 15:08:06 - > &#8220;52&#8221;User updated successfully. ID:52
09-05-2024 @ 15:08:06 - > Finished importing user 52
09-05-2024 @ 15:08:06 - Row :49 - User updated successfully.
09-05-2024 @ 15:08:06 - Row :50 - Parsing item.
09-05-2024 @ 15:08:06 - Row :50 - Processing item.
09-05-2024 @ 15:08:06 - Processing users.
09-05-2024 @ 15:08:06 - > &#8220;53&#8221;User updated successfully. ID:53
09-05-2024 @ 15:08:06 - > Finished importing user 53
09-05-2024 @ 15:08:06 - Row :50 - User updated successfully.
09-05-2024 @ 15:08:07 - Preparing for import.
09-05-2024 @ 15:08:07 - Row :51 - Parsing item.
09-05-2024 @ 15:08:07 - Row :51 - Processing item.
09-05-2024 @ 15:08:07 - Processing users.
09-05-2024 @ 15:08:07 - > &#8220;54&#8221;User updated successfully. ID:54
09-05-2024 @ 15:08:07 - > Finished importing user 54
09-05-2024 @ 15:08:07 - Row :51 - User updated successfully.
09-05-2024 @ 15:08:07 - Row :52 - Parsing item.
09-05-2024 @ 15:08:07 - Row :52 - Processing item.
09-05-2024 @ 15:08:07 - Processing users.
09-05-2024 @ 15:08:07 - > &#8220;55&#8221;User updated successfully. ID:55
09-05-2024 @ 15:08:07 - > Finished importing user 55
09-05-2024 @ 15:08:07 - Row :52 - User updated successfully.
09-05-2024 @ 15:08:07 - Row :53 - Parsing item.
09-05-2024 @ 15:08:07 - Row :53 - Processing item.
09-05-2024 @ 15:08:07 - Processing users.
09-05-2024 @ 15:08:07 - > &#8220;56&#8221;User updated successfully. ID:56
09-05-2024 @ 15:08:07 - > Finished importing user 56
09-05-2024 @ 15:08:07 - Row :53 - User updated successfully.
09-05-2024 @ 15:08:07 - Row :54 - Parsing item.
09-05-2024 @ 15:08:07 - Row :54 - Processing item.
09-05-2024 @ 15:08:07 - Processing users.
09-05-2024 @ 15:08:07 - > &#8220;57&#8221;User updated successfully. ID:57
09-05-2024 @ 15:08:07 - > Finished importing user 57
09-05-2024 @ 15:08:07 - Row :54 - User updated successfully.
09-05-2024 @ 15:08:07 - Row :55 - Parsing item.
09-05-2024 @ 15:08:07 - Row :55 - Processing item.
09-05-2024 @ 15:08:07 - Processing users.
09-05-2024 @ 15:08:07 - > &#8220;58&#8221;User updated successfully. ID:58
09-05-2024 @ 15:08:07 - > Finished importing user 58
09-05-2024 @ 15:08:07 - Row :55 - User updated successfully.
09-05-2024 @ 15:08:07 - Row :56 - Parsing item.
09-05-2024 @ 15:08:07 - Row :56 - Processing item.
09-05-2024 @ 15:08:07 - Processing users.
09-05-2024 @ 15:08:07 - > &#8220;59&#8221;User updated successfully. ID:59
09-05-2024 @ 15:08:07 - > Finished importing user 59
09-05-2024 @ 15:08:07 - Row :56 - User updated successfully.
09-05-2024 @ 15:08:07 - Row :57 - Parsing item.
09-05-2024 @ 15:08:07 - Row :57 - Processing item.
09-05-2024 @ 15:08:07 - Processing users.
09-05-2024 @ 15:08:07 - > &#8220;60&#8221;User updated successfully. ID:60
09-05-2024 @ 15:08:07 - > Finished importing user 60
09-05-2024 @ 15:08:07 - Row :57 - User updated successfully.
09-05-2024 @ 15:08:07 - Row :58 - Parsing item.
09-05-2024 @ 15:08:07 - Row :58 - Processing item.
09-05-2024 @ 15:08:07 - Processing users.
09-05-2024 @ 15:08:07 - > &#8220;61&#8221;User updated successfully. ID:61
09-05-2024 @ 15:08:07 - > Finished importing user 61
09-05-2024 @ 15:08:07 - Row :58 - User updated successfully.
09-05-2024 @ 15:08:07 - Row :59 - Parsing item.
09-05-2024 @ 15:08:07 - Row :59 - Processing item.
09-05-2024 @ 15:08:07 - Processing users.
09-05-2024 @ 15:08:07 - > &#8220;62&#8221;User imported successfully. ID:62
09-05-2024 @ 15:08:07 - > Finished importing user 62
09-05-2024 @ 15:08:07 - Row :59 - User imported successfully.
09-05-2024 @ 15:08:07 - Row :60 - Parsing item.
09-05-2024 @ 15:08:07 - Row :60 - Processing item.
09-05-2024 @ 15:08:07 - Processing users.
09-05-2024 @ 15:08:07 - > &#8220;63&#8221;User imported successfully. ID:63
09-05-2024 @ 15:08:07 - > Finished importing user 63
09-05-2024 @ 15:08:07 - Row :60 - User imported successfully.
09-05-2024 @ 15:08:08 - Preparing for import.
09-05-2024 @ 15:08:08 - Row :61 - Parsing item.
09-05-2024 @ 15:08:08 - Row :61 - Processing item.
09-05-2024 @ 15:08:08 - Processing users.
09-05-2024 @ 15:08:08 - > &#8220;64&#8221;User imported successfully. ID:64
09-05-2024 @ 15:08:08 - > Finished importing user 64
09-05-2024 @ 15:08:08 - Row :61 - User imported successfully.
09-05-2024 @ 15:08:08 - Row :62 - Parsing item.
09-05-2024 @ 15:08:08 - Row :62 - Processing item.
09-05-2024 @ 15:08:08 - Processing users.
09-05-2024 @ 15:08:08 - > &#8220;65&#8221;User imported successfully. ID:65
09-05-2024 @ 15:08:08 - > Finished importing user 65
09-05-2024 @ 15:08:08 - Row :62 - User imported successfully.
09-05-2024 @ 15:08:08 - Row :63 - Parsing item.
09-05-2024 @ 15:08:08 - Row :63 - Processing item.
09-05-2024 @ 15:08:08 - Processing users.
09-05-2024 @ 15:08:08 - > &#8220;66&#8221;User imported successfully. ID:66
09-05-2024 @ 15:08:08 - > Finished importing user 66
09-05-2024 @ 15:08:08 - Row :63 - User imported successfully.
09-05-2024 @ 15:08:08 - Row :64 - Parsing item.
09-05-2024 @ 15:08:08 - Row :64 - Processing item.
09-05-2024 @ 15:08:08 - Processing users.
09-05-2024 @ 15:08:08 - > &#8220;67&#8221;User imported successfully. ID:67
09-05-2024 @ 15:08:08 - > Finished importing user 67
09-05-2024 @ 15:08:08 - Row :64 - User imported successfully.
09-05-2024 @ 15:08:08 - Row :65 - Parsing item.
09-05-2024 @ 15:08:08 - Row :65 - Processing item.
09-05-2024 @ 15:08:08 - Processing users.
09-05-2024 @ 15:08:08 - > &#8220;68&#8221;User imported successfully. ID:68
09-05-2024 @ 15:08:08 - > Finished importing user 68
09-05-2024 @ 15:08:08 - Row :65 - User imported successfully.
09-05-2024 @ 15:08:08 - Row :66 - Parsing item.
09-05-2024 @ 15:08:08 - Row :66 - Processing item.
09-05-2024 @ 15:08:08 - Processing users.
09-05-2024 @ 15:08:08 - > &#8220;69&#8221;User imported successfully. ID:69
09-05-2024 @ 15:08:08 - > Finished importing user 69
09-05-2024 @ 15:08:08 - Row :66 - User imported successfully.
09-05-2024 @ 15:08:08 - Row :67 - Parsing item.
09-05-2024 @ 15:08:08 - Row :67 - Processing item.
09-05-2024 @ 15:08:08 - Processing users.
09-05-2024 @ 15:08:08 - > &#8220;70&#8221;User imported successfully. ID:70
09-05-2024 @ 15:08:08 - > Finished importing user 70
09-05-2024 @ 15:08:08 - Row :67 - User imported successfully.
09-05-2024 @ 15:08:08 - Row :68 - Parsing item.
09-05-2024 @ 15:08:08 - Row :68 - Processing item.
09-05-2024 @ 15:08:08 - Processing users.
09-05-2024 @ 15:08:08 - > &#8220;71&#8221;User imported successfully. ID:71
09-05-2024 @ 15:08:08 - > Finished importing user 71
09-05-2024 @ 15:08:08 - Row :68 - User imported successfully.
09-05-2024 @ 15:08:08 - Row :69 - Parsing item.
09-05-2024 @ 15:08:08 - Row :69 - Processing item.
09-05-2024 @ 15:08:08 - Processing users.
09-05-2024 @ 15:08:08 - > &#8220;72&#8221;User imported successfully. ID:72
09-05-2024 @ 15:08:08 - > Finished importing user 72
09-05-2024 @ 15:08:08 - Row :69 - User imported successfully.
09-05-2024 @ 15:08:08 - Row :70 - Parsing item.
09-05-2024 @ 15:08:08 - Row :70 - Processing item.
09-05-2024 @ 15:08:08 - Processing users.
09-05-2024 @ 15:08:08 - > &#8220;73&#8221;User imported successfully. ID:73
09-05-2024 @ 15:08:08 - > Finished importing user 73
09-05-2024 @ 15:08:08 - Row :70 - User imported successfully.
09-05-2024 @ 15:08:09 - Preparing for import.
09-05-2024 @ 15:08:09 - Row :71 - Parsing item.
09-05-2024 @ 15:08:09 - Row :71 - Processing item.
09-05-2024 @ 15:08:09 - Processing users.
09-05-2024 @ 15:08:09 - > &#8220;74&#8221;User imported successfully. ID:74
09-05-2024 @ 15:08:09 - > Finished importing user 74
09-05-2024 @ 15:08:09 - Row :71 - User imported successfully.
09-05-2024 @ 15:08:09 - Row :72 - Parsing item.
09-05-2024 @ 15:08:09 - Row :72 - Processing item.
09-05-2024 @ 15:08:09 - Processing users.
09-05-2024 @ 15:08:09 - > &#8220;75&#8221;User imported successfully. ID:75
09-05-2024 @ 15:08:09 - > Finished importing user 75
09-05-2024 @ 15:08:09 - Row :72 - User imported successfully.
09-05-2024 @ 15:08:09 - Row :73 - Parsing item.
09-05-2024 @ 15:08:09 - Row :73 - Processing item.
09-05-2024 @ 15:08:09 - Processing users.
09-05-2024 @ 15:08:09 - > &#8220;76&#8221;User imported successfully. ID:76
09-05-2024 @ 15:08:09 - > Finished importing user 76
09-05-2024 @ 15:08:09 - Row :73 - User imported successfully.
09-05-2024 @ 15:08:09 - Row :74 - Parsing item.
09-05-2024 @ 15:08:09 - Row :74 - Processing item.
09-05-2024 @ 15:08:09 - Processing users.
09-05-2024 @ 15:08:09 - > &#8220;77&#8221;User imported successfully. ID:77
09-05-2024 @ 15:08:09 - > Finished importing user 77
09-05-2024 @ 15:08:09 - Row :74 - User imported successfully.
09-05-2024 @ 15:08:09 - Row :75 - Parsing item.
09-05-2024 @ 15:08:09 - Row :75 - Processing item.
09-05-2024 @ 15:08:09 - Processing users.
09-05-2024 @ 15:08:10 - > &#8220;78&#8221;User imported successfully. ID:78
09-05-2024 @ 15:08:10 - > Finished importing user 78
09-05-2024 @ 15:08:10 - Row :75 - User imported successfully.
09-05-2024 @ 15:08:10 - Row :76 - Parsing item.
09-05-2024 @ 15:08:10 - Row :76 - Processing item.
09-05-2024 @ 15:08:10 - Processing users.
09-05-2024 @ 15:08:10 - > &#8220;79&#8221;User imported successfully. ID:79
09-05-2024 @ 15:08:10 - > Finished importing user 79
09-05-2024 @ 15:08:10 - Row :76 - User imported successfully.
09-05-2024 @ 15:08:10 - Row :77 - Parsing item.
09-05-2024 @ 15:08:10 - Row :77 - Processing item.
09-05-2024 @ 15:08:10 - Processing users.
09-05-2024 @ 15:08:10 - > &#8220;80&#8221;User imported successfully. ID:80
09-05-2024 @ 15:08:10 - > Finished importing user 80
09-05-2024 @ 15:08:10 - Row :77 - User imported successfully.
09-05-2024 @ 15:08:10 - Row :78 - Parsing item.
09-05-2024 @ 15:08:10 - Row :78 - Processing item.
09-05-2024 @ 15:08:10 - Processing users.
09-05-2024 @ 15:08:10 - > &#8220;81&#8221;User imported successfully. ID:81
09-05-2024 @ 15:08:10 - > Finished importing user 81
09-05-2024 @ 15:08:10 - Row :78 - User imported successfully.
09-05-2024 @ 15:08:10 - Row :79 - Parsing item.
09-05-2024 @ 15:08:10 - Row :79 - Processing item.
09-05-2024 @ 15:08:10 - Processing users.
09-05-2024 @ 15:08:10 - > &#8220;82&#8221;User imported successfully. ID:82
09-05-2024 @ 15:08:10 - > Finished importing user 82
09-05-2024 @ 15:08:10 - Row :79 - User imported successfully.
09-05-2024 @ 15:08:10 - Row :80 - Parsing item.
09-05-2024 @ 15:08:10 - Row :80 - Processing item.
09-05-2024 @ 15:08:10 - Processing users.
09-05-2024 @ 15:08:10 - > &#8220;83&#8221;User imported successfully. ID:83
09-05-2024 @ 15:08:10 - > Finished importing user 83
09-05-2024 @ 15:08:10 - Row :80 - User imported successfully.
09-05-2024 @ 15:08:11 - Preparing for import.
09-05-2024 @ 15:08:11 - Row :81 - Parsing item.
09-05-2024 @ 15:08:11 - Row :81 - Processing item.
09-05-2024 @ 15:08:11 - Processing users.
09-05-2024 @ 15:08:11 - > &#8220;84&#8221;User imported successfully. ID:84
09-05-2024 @ 15:08:11 - > Finished importing user 84
09-05-2024 @ 15:08:11 - Row :81 - User imported successfully.
09-05-2024 @ 15:08:11 - Row :82 - Parsing item.
09-05-2024 @ 15:08:11 - Row :82 - Processing item.
09-05-2024 @ 15:08:11 - Processing users.
09-05-2024 @ 15:08:11 - > &#8220;85&#8221;User imported successfully. ID:85
09-05-2024 @ 15:08:11 - > Finished importing user 85
09-05-2024 @ 15:08:11 - Row :82 - User imported successfully.
09-05-2024 @ 15:08:11 - Row :83 - Parsing item.
09-05-2024 @ 15:08:11 - Row :83 - Processing item.
09-05-2024 @ 15:08:11 - Processing users.
09-05-2024 @ 15:08:11 - > &#8220;86&#8221;User imported successfully. ID:86
09-05-2024 @ 15:08:11 - > Finished importing user 86
09-05-2024 @ 15:08:11 - Row :83 - User imported successfully.
09-05-2024 @ 15:08:11 - Row :84 - Parsing item.
09-05-2024 @ 15:08:11 - Row :84 - Processing item.
09-05-2024 @ 15:08:11 - Processing users.
09-05-2024 @ 15:08:11 - > &#8220;87&#8221;User imported successfully. ID:87
09-05-2024 @ 15:08:11 - > Finished importing user 87
09-05-2024 @ 15:08:11 - Row :84 - User imported successfully.
09-05-2024 @ 15:08:11 - Row :85 - Parsing item.
09-05-2024 @ 15:08:11 - Row :85 - Processing item.
09-05-2024 @ 15:08:11 - Processing users.
09-05-2024 @ 15:08:11 - > &#8220;88&#8221;User imported successfully. ID:88
09-05-2024 @ 15:08:11 - > Finished importing user 88
09-05-2024 @ 15:08:11 - Row :85 - User imported successfully.
09-05-2024 @ 15:08:11 - Row :86 - Parsing item.
09-05-2024 @ 15:08:11 - Row :86 - Processing item.
09-05-2024 @ 15:08:11 - Processing users.
09-05-2024 @ 15:08:11 - > &#8220;89&#8221;User imported successfully. ID:89
09-05-2024 @ 15:08:11 - > Finished importing user 89
09-05-2024 @ 15:08:11 - Row :86 - User imported successfully.
09-05-2024 @ 15:08:11 - Row :87 - Parsing item.
09-05-2024 @ 15:08:11 - Row :87 - Processing item.
09-05-2024 @ 15:08:11 - Processing users.
09-05-2024 @ 15:08:11 - > &#8220;90&#8221;User imported successfully. ID:90
09-05-2024 @ 15:08:11 - > Finished importing user 90
09-05-2024 @ 15:08:11 - Row :87 - User imported successfully.
09-05-2024 @ 15:08:11 - Row :88 - Parsing item.
09-05-2024 @ 15:08:11 - Row :88 - Processing item.
09-05-2024 @ 15:08:11 - Processing users.
09-05-2024 @ 15:08:11 - > &#8220;91&#8221;User imported successfully. ID:91
09-05-2024 @ 15:08:11 - > Finished importing user 91
09-05-2024 @ 15:08:11 - Row :88 - User imported successfully.
09-05-2024 @ 15:08:11 - Row :89 - Parsing item.
09-05-2024 @ 15:08:11 - Row :89 - Processing item.
09-05-2024 @ 15:08:11 - Processing users.
09-05-2024 @ 15:08:11 - > &#8220;92&#8221;User imported successfully. ID:92
09-05-2024 @ 15:08:11 - > Finished importing user 92
09-05-2024 @ 15:08:11 - Row :89 - User imported successfully.
09-05-2024 @ 15:08:11 - ---[ Import ended at 2024-09-05 15:08:11]---
