09-05-2024 @ 15:12:53 - ---[ New import started at 2024-09-05 15:12:53 ] PHP Memory: 256 MB, WP Memory: 40 MB
09-05-2024 @ 15:12:53 - Preparing for import.
09-05-2024 @ 15:12:53 - Row :1 - Parsing item.
09-05-2024 @ 15:12:53 - Row :1 - Processing item.
09-05-2024 @ 15:12:53 - Processing users.
09-05-2024 @ 15:12:53 - > &#8220;93&#8221;User imported successfully. ID:93
09-05-2024 @ 15:12:53 - > Finished importing user 93
09-05-2024 @ 15:12:53 - Row :1 - User imported successfully.
09-05-2024 @ 15:12:53 - Row :2 - Parsing item.
09-05-2024 @ 15:12:53 - Row :2 - Processing item.
09-05-2024 @ 15:12:53 - Processing users.
09-05-2024 @ 15:12:53 - > &#8220;94&#8221;User imported successfully. ID:94
09-05-2024 @ 15:12:53 - > Finished importing user 94
09-05-2024 @ 15:12:53 - Row :2 - User imported successfully.
09-05-2024 @ 15:12:53 - Row :3 - Parsing item.
09-05-2024 @ 15:12:53 - Row :3 - Processing item.
09-05-2024 @ 15:12:53 - Processing users.
09-05-2024 @ 15:12:53 - > &#8220;95&#8221;User imported successfully. ID:95
09-05-2024 @ 15:12:53 - > Finished importing user 95
09-05-2024 @ 15:12:53 - Row :3 - User imported successfully.
09-05-2024 @ 15:12:53 - Row :4 - Parsing item.
09-05-2024 @ 15:12:53 - Row :4 - Processing item.
09-05-2024 @ 15:12:53 - Processing users.
09-05-2024 @ 15:12:53 - > &#8220;96&#8221;User imported successfully. ID:96
09-05-2024 @ 15:12:53 - > Finished importing user 96
09-05-2024 @ 15:12:53 - Row :4 - User imported successfully.
09-05-2024 @ 15:12:53 - Row :5 - Parsing item.
09-05-2024 @ 15:12:53 - Row :5 - Processing item.
09-05-2024 @ 15:12:53 - Processing users.
09-05-2024 @ 15:12:53 - > &#8220;97&#8221;User imported successfully. ID:97
09-05-2024 @ 15:12:53 - > Finished importing user 97
09-05-2024 @ 15:12:53 - Row :5 - User imported successfully.
09-05-2024 @ 15:12:53 - Row :6 - Parsing item.
09-05-2024 @ 15:12:53 - Row :6 - Processing item.
09-05-2024 @ 15:12:53 - Processing users.
09-05-2024 @ 15:12:53 - > &#8220;98&#8221;User imported successfully. ID:98
09-05-2024 @ 15:12:53 - > Finished importing user 98
09-05-2024 @ 15:12:53 - Row :6 - User imported successfully.
09-05-2024 @ 15:12:53 - Row :7 - Parsing item.
09-05-2024 @ 15:12:53 - Row :7 - Processing item.
09-05-2024 @ 15:12:53 - Processing users.
09-05-2024 @ 15:12:53 - > &#8220;99&#8221;User imported successfully. ID:99
09-05-2024 @ 15:12:53 - > Finished importing user 99
09-05-2024 @ 15:12:53 - Row :7 - User imported successfully.
09-05-2024 @ 15:12:53 - Row :8 - Parsing item.
09-05-2024 @ 15:12:53 - Row :8 - Processing item.
09-05-2024 @ 15:12:53 - Processing users.
09-05-2024 @ 15:12:53 - > &#8220;100&#8221;User imported successfully. ID:100
09-05-2024 @ 15:12:53 - > Finished importing user 100
09-05-2024 @ 15:12:53 - Row :8 - User imported successfully.
09-05-2024 @ 15:12:53 - Row :9 - Parsing item.
09-05-2024 @ 15:12:53 - Row :9 - Processing item.
09-05-2024 @ 15:12:53 - Processing users.
09-05-2024 @ 15:12:53 - > &#8220;101&#8221;User imported successfully. ID:101
09-05-2024 @ 15:12:53 - > Finished importing user 101
09-05-2024 @ 15:12:53 - Row :9 - User imported successfully.
09-05-2024 @ 15:12:53 - Row :10 - Parsing item.
09-05-2024 @ 15:12:53 - Row :10 - Processing item.
09-05-2024 @ 15:12:53 - Processing users.
09-05-2024 @ 15:12:53 - > &#8220;102&#8221;User imported successfully. ID:102
09-05-2024 @ 15:12:53 - > Finished importing user 102
09-05-2024 @ 15:12:53 - Row :10 - User imported successfully.
09-05-2024 @ 15:12:54 - Preparing for import.
09-05-2024 @ 15:12:54 - Row :11 - Parsing item.
09-05-2024 @ 15:12:54 - Row :11 - Processing item.
09-05-2024 @ 15:12:54 - Processing users.
09-05-2024 @ 15:12:54 - > &#8220;103&#8221;User imported successfully. ID:103
09-05-2024 @ 15:12:54 - > Finished importing user 103
09-05-2024 @ 15:12:54 - Row :11 - User imported successfully.
09-05-2024 @ 15:12:54 - Row :12 - Parsing item.
09-05-2024 @ 15:12:54 - Row :12 - Processing item.
09-05-2024 @ 15:12:54 - Processing users.
09-05-2024 @ 15:12:54 - > &#8220;104&#8221;User imported successfully. ID:104
09-05-2024 @ 15:12:54 - > Finished importing user 104
09-05-2024 @ 15:12:54 - Row :12 - User imported successfully.
09-05-2024 @ 15:12:54 - Row :13 - Parsing item.
09-05-2024 @ 15:12:54 - Row :13 - Processing item.
09-05-2024 @ 15:12:54 - Processing users.
09-05-2024 @ 15:12:54 - > &#8220;105&#8221;User imported successfully. ID:105
09-05-2024 @ 15:12:54 - > Finished importing user 105
09-05-2024 @ 15:12:54 - Row :13 - User imported successfully.
09-05-2024 @ 15:12:54 - Row :14 - Parsing item.
09-05-2024 @ 15:12:54 - Row :14 - Processing item.
09-05-2024 @ 15:12:54 - Processing users.
09-05-2024 @ 15:12:54 - > &#8220;106&#8221;User imported successfully. ID:106
09-05-2024 @ 15:12:54 - > Finished importing user 106
09-05-2024 @ 15:12:54 - Row :14 - User imported successfully.
09-05-2024 @ 15:12:54 - Row :15 - Parsing item.
09-05-2024 @ 15:12:54 - Row :15 - Processing item.
09-05-2024 @ 15:12:54 - Processing users.
09-05-2024 @ 15:12:54 - > &#8220;107&#8221;User imported successfully. ID:107
09-05-2024 @ 15:12:54 - > Finished importing user 107
09-05-2024 @ 15:12:54 - Row :15 - User imported successfully.
09-05-2024 @ 15:12:54 - Row :16 - Parsing item.
09-05-2024 @ 15:12:54 - Row :16 - Processing item.
09-05-2024 @ 15:12:54 - Processing users.
09-05-2024 @ 15:12:54 - > &#8220;108&#8221;User imported successfully. ID:108
09-05-2024 @ 15:12:54 - > Finished importing user 108
09-05-2024 @ 15:12:54 - Row :16 - User imported successfully.
09-05-2024 @ 15:12:54 - Row :17 - Parsing item.
09-05-2024 @ 15:12:54 - Row :17 - Processing item.
09-05-2024 @ 15:12:54 - Processing users.
09-05-2024 @ 15:12:54 - > &#8220;109&#8221;User imported successfully. ID:109
09-05-2024 @ 15:12:54 - > Finished importing user 109
09-05-2024 @ 15:12:54 - Row :17 - User imported successfully.
09-05-2024 @ 15:12:54 - Row :18 - Parsing item.
09-05-2024 @ 15:12:54 - Row :18 - Processing item.
09-05-2024 @ 15:12:54 - Processing users.
09-05-2024 @ 15:12:54 - > &#8220;110&#8221;User imported successfully. ID:110
09-05-2024 @ 15:12:54 - > Finished importing user 110
09-05-2024 @ 15:12:54 - Row :18 - User imported successfully.
09-05-2024 @ 15:12:54 - Row :19 - Parsing item.
09-05-2024 @ 15:12:54 - Row :19 - Processing item.
09-05-2024 @ 15:12:54 - Processing users.
09-05-2024 @ 15:12:54 - > &#8220;111&#8221;User imported successfully. ID:111
09-05-2024 @ 15:12:54 - > Finished importing user 111
09-05-2024 @ 15:12:54 - Row :19 - User imported successfully.
09-05-2024 @ 15:12:54 - Row :20 - Parsing item.
09-05-2024 @ 15:12:54 - Row :20 - Processing item.
09-05-2024 @ 15:12:54 - Processing users.
09-05-2024 @ 15:12:54 - > &#8220;112&#8221;User imported successfully. ID:112
09-05-2024 @ 15:12:54 - > Finished importing user 112
09-05-2024 @ 15:12:54 - Row :20 - User imported successfully.
09-05-2024 @ 15:12:55 - Preparing for import.
09-05-2024 @ 15:12:55 - Row :21 - Parsing item.
09-05-2024 @ 15:12:55 - Row :21 - Processing item.
09-05-2024 @ 15:12:55 - Processing users.
09-05-2024 @ 15:12:55 - > &#8220;113&#8221;User imported successfully. ID:113
09-05-2024 @ 15:12:55 - > Finished importing user 113
09-05-2024 @ 15:12:55 - Row :21 - User imported successfully.
09-05-2024 @ 15:12:55 - Row :22 - Parsing item.
09-05-2024 @ 15:12:55 - Row :22 - Processing item.
09-05-2024 @ 15:12:55 - Processing users.
09-05-2024 @ 15:12:55 - > &#8220;114&#8221;User imported successfully. ID:114
09-05-2024 @ 15:12:55 - > Finished importing user 114
09-05-2024 @ 15:12:55 - Row :22 - User imported successfully.
09-05-2024 @ 15:12:55 - Row :23 - Parsing item.
09-05-2024 @ 15:12:55 - Row :23 - Processing item.
09-05-2024 @ 15:12:55 - Processing users.
09-05-2024 @ 15:12:55 - > &#8220;115&#8221;User imported successfully. ID:115
09-05-2024 @ 15:12:55 - > Finished importing user 115
09-05-2024 @ 15:12:55 - Row :23 - User imported successfully.
09-05-2024 @ 15:12:55 - Row :24 - Parsing item.
09-05-2024 @ 15:12:55 - Row :24 - Processing item.
09-05-2024 @ 15:12:55 - Processing users.
09-05-2024 @ 15:12:55 - > &#8220;116&#8221;User imported successfully. ID:116
09-05-2024 @ 15:12:55 - > Finished importing user 116
09-05-2024 @ 15:12:55 - Row :24 - User imported successfully.
09-05-2024 @ 15:12:55 - Row :25 - Parsing item.
09-05-2024 @ 15:12:55 - Row :25 - Processing item.
09-05-2024 @ 15:12:55 - Processing users.
09-05-2024 @ 15:12:55 - > &#8220;117&#8221;User imported successfully. ID:117
09-05-2024 @ 15:12:55 - > Finished importing user 117
09-05-2024 @ 15:12:55 - Row :25 - User imported successfully.
09-05-2024 @ 15:12:55 - Row :26 - Parsing item.
09-05-2024 @ 15:12:55 - Row :26 - Processing item.
09-05-2024 @ 15:12:55 - Processing users.
09-05-2024 @ 15:12:55 - > &#8220;118&#8221;User imported successfully. ID:118
09-05-2024 @ 15:12:55 - > Finished importing user 118
09-05-2024 @ 15:12:55 - Row :26 - User imported successfully.
09-05-2024 @ 15:12:55 - Row :27 - Parsing item.
09-05-2024 @ 15:12:55 - Row :27 - Processing item.
09-05-2024 @ 15:12:55 - Processing users.
09-05-2024 @ 15:12:55 - > &#8220;119&#8221;User imported successfully. ID:119
09-05-2024 @ 15:12:55 - > Finished importing user 119
09-05-2024 @ 15:12:55 - Row :27 - User imported successfully.
09-05-2024 @ 15:12:55 - Row :28 - Parsing item.
09-05-2024 @ 15:12:55 - Row :28 - Processing item.
09-05-2024 @ 15:12:55 - Processing users.
09-05-2024 @ 15:12:55 - > &#8220;120&#8221;User imported successfully. ID:120
09-05-2024 @ 15:12:55 - > Finished importing user 120
09-05-2024 @ 15:12:55 - Row :28 - User imported successfully.
09-05-2024 @ 15:12:55 - Row :29 - Parsing item.
09-05-2024 @ 15:12:55 - Row :29 - Processing item.
09-05-2024 @ 15:12:55 - Processing users.
09-05-2024 @ 15:12:55 - > &#8220;121&#8221;User imported successfully. ID:121
09-05-2024 @ 15:12:55 - > Finished importing user 121
09-05-2024 @ 15:12:55 - Row :29 - User imported successfully.
09-05-2024 @ 15:12:55 - Row :30 - Parsing item.
09-05-2024 @ 15:12:55 - Row :30 - Processing item.
09-05-2024 @ 15:12:55 - Processing users.
09-05-2024 @ 15:12:55 - > &#8220;122&#8221;User imported successfully. ID:122
09-05-2024 @ 15:12:55 - > Finished importing user 122
09-05-2024 @ 15:12:55 - Row :30 - User imported successfully.
09-05-2024 @ 15:12:56 - Preparing for import.
09-05-2024 @ 15:12:56 - Row :31 - Parsing item.
09-05-2024 @ 15:12:56 - Row :31 - Processing item.
09-05-2024 @ 15:12:56 - Processing users.
09-05-2024 @ 15:12:56 - > &#8220;123&#8221;User imported successfully. ID:123
09-05-2024 @ 15:12:56 - > Finished importing user 123
09-05-2024 @ 15:12:56 - Row :31 - User imported successfully.
09-05-2024 @ 15:12:56 - Row :32 - Parsing item.
09-05-2024 @ 15:12:56 - Row :32 - Processing item.
09-05-2024 @ 15:12:56 - Processing users.
09-05-2024 @ 15:12:56 - > &#8220;124&#8221;User imported successfully. ID:124
09-05-2024 @ 15:12:56 - > Finished importing user 124
09-05-2024 @ 15:12:56 - Row :32 - User imported successfully.
09-05-2024 @ 15:12:56 - Row :33 - Parsing item.
09-05-2024 @ 15:12:56 - Row :33 - Processing item.
09-05-2024 @ 15:12:56 - Processing users.
09-05-2024 @ 15:12:57 - > &#8220;125&#8221;User imported successfully. ID:125
09-05-2024 @ 15:12:57 - > Finished importing user 125
09-05-2024 @ 15:12:57 - Row :33 - User imported successfully.
09-05-2024 @ 15:12:57 - Row :34 - Parsing item.
09-05-2024 @ 15:12:57 - Row :34 - Processing item.
09-05-2024 @ 15:12:57 - Processing users.
09-05-2024 @ 15:12:57 - > &#8220;126&#8221;User imported successfully. ID:126
09-05-2024 @ 15:12:57 - > Finished importing user 126
09-05-2024 @ 15:12:57 - Row :34 - User imported successfully.
09-05-2024 @ 15:12:57 - Row :35 - Parsing item.
09-05-2024 @ 15:12:57 - Row :35 - Processing item.
09-05-2024 @ 15:12:57 - Processing users.
09-05-2024 @ 15:12:57 - > &#8220;127&#8221;User imported successfully. ID:127
09-05-2024 @ 15:12:57 - > Finished importing user 127
09-05-2024 @ 15:12:57 - Row :35 - User imported successfully.
09-05-2024 @ 15:12:57 - Row :36 - Parsing item.
09-05-2024 @ 15:12:57 - Row :36 - Processing item.
09-05-2024 @ 15:12:57 - Processing users.
09-05-2024 @ 15:12:57 - > &#8220;128&#8221;User imported successfully. ID:128
09-05-2024 @ 15:12:57 - > Finished importing user 128
09-05-2024 @ 15:12:57 - Row :36 - User imported successfully.
09-05-2024 @ 15:12:57 - Row :37 - Parsing item.
09-05-2024 @ 15:12:57 - Row :37 - Processing item.
09-05-2024 @ 15:12:57 - Processing users.
09-05-2024 @ 15:12:57 - > &#8220;129&#8221;User imported successfully. ID:129
09-05-2024 @ 15:12:57 - > Finished importing user 129
09-05-2024 @ 15:12:57 - Row :37 - User imported successfully.
09-05-2024 @ 15:12:57 - Row :38 - Parsing item.
09-05-2024 @ 15:12:57 - Row :38 - Processing item.
09-05-2024 @ 15:12:57 - Processing users.
09-05-2024 @ 15:12:57 - > &#8220;130&#8221;User imported successfully. ID:130
09-05-2024 @ 15:12:57 - > Finished importing user 130
09-05-2024 @ 15:12:57 - Row :38 - User imported successfully.
09-05-2024 @ 15:12:57 - Row :39 - Parsing item.
09-05-2024 @ 15:12:57 - Row :39 - Processing item.
09-05-2024 @ 15:12:57 - Processing users.
09-05-2024 @ 15:12:57 - > &#8220;1&#8221; This user is currently logged in hence we cannot update.
09-05-2024 @ 15:12:57 - Row :39 - Processing failed. Reason: > &#8220;1&#8221; This user is currently logged in hence we cannot update.
09-05-2024 @ 15:12:57 - Row :40 - Parsing item.
09-05-2024 @ 15:12:57 - Row :40 - Processing item.
09-05-2024 @ 15:12:57 - Processing users.
09-05-2024 @ 15:12:57 - > &#8220;131&#8221;User imported successfully. ID:131
09-05-2024 @ 15:12:57 - > Finished importing user 131
09-05-2024 @ 15:12:57 - Row :40 - User imported successfully.
09-05-2024 @ 15:12:58 - Preparing for import.
09-05-2024 @ 15:12:58 - Row :41 - Parsing item.
09-05-2024 @ 15:12:58 - Row :41 - Processing item.
09-05-2024 @ 15:12:58 - Processing users.
09-05-2024 @ 15:12:58 - > &#8220;132&#8221;User imported successfully. ID:132
09-05-2024 @ 15:12:58 - > Finished importing user 132
09-05-2024 @ 15:12:58 - Row :41 - User imported successfully.
09-05-2024 @ 15:12:58 - Row :42 - Parsing item.
09-05-2024 @ 15:12:58 - Row :42 - Processing item.
09-05-2024 @ 15:12:58 - Processing users.
09-05-2024 @ 15:12:58 - > &#8220;133&#8221;User imported successfully. ID:133
09-05-2024 @ 15:12:58 - > Finished importing user 133
09-05-2024 @ 15:12:58 - Row :42 - User imported successfully.
09-05-2024 @ 15:12:58 - Row :43 - Parsing item.
09-05-2024 @ 15:12:58 - Row :43 - Processing item.
09-05-2024 @ 15:12:58 - Processing users.
09-05-2024 @ 15:12:58 - > &#8220;134&#8221;User imported successfully. ID:134
09-05-2024 @ 15:12:58 - > Finished importing user 134
09-05-2024 @ 15:12:58 - Row :43 - User imported successfully.
09-05-2024 @ 15:12:58 - Row :44 - Parsing item.
09-05-2024 @ 15:12:58 - Row :44 - Processing item.
09-05-2024 @ 15:12:58 - Processing users.
09-05-2024 @ 15:12:58 - > &#8220;135&#8221;User imported successfully. ID:135
09-05-2024 @ 15:12:58 - > Finished importing user 135
09-05-2024 @ 15:12:58 - Row :44 - User imported successfully.
09-05-2024 @ 15:12:58 - Row :45 - Parsing item.
09-05-2024 @ 15:12:58 - Row :45 - Processing item.
09-05-2024 @ 15:12:58 - Processing users.
09-05-2024 @ 15:12:58 - > &#8220;136&#8221;User imported successfully. ID:136
09-05-2024 @ 15:12:58 - > Finished importing user 136
09-05-2024 @ 15:12:58 - Row :45 - User imported successfully.
09-05-2024 @ 15:12:58 - Row :46 - Parsing item.
09-05-2024 @ 15:12:58 - Row :46 - Processing item.
09-05-2024 @ 15:12:58 - Processing users.
09-05-2024 @ 15:12:58 - > &#8220;137&#8221;User imported successfully. ID:137
09-05-2024 @ 15:12:58 - > Finished importing user 137
09-05-2024 @ 15:12:58 - Row :46 - User imported successfully.
09-05-2024 @ 15:12:58 - Row :47 - Parsing item.
09-05-2024 @ 15:12:58 - Row :47 - Processing item.
09-05-2024 @ 15:12:58 - Processing users.
09-05-2024 @ 15:12:58 - > &#8220;138&#8221;User imported successfully. ID:138
09-05-2024 @ 15:12:58 - > Finished importing user 138
09-05-2024 @ 15:12:58 - Row :47 - User imported successfully.
09-05-2024 @ 15:12:58 - Row :48 - Parsing item.
09-05-2024 @ 15:12:58 - Row :48 - Processing item.
09-05-2024 @ 15:12:58 - Processing users.
09-05-2024 @ 15:12:58 - > &#8220;139&#8221;User imported successfully. ID:139
09-05-2024 @ 15:12:58 - > Finished importing user 139
09-05-2024 @ 15:12:58 - Row :48 - User imported successfully.
09-05-2024 @ 15:12:58 - Row :49 - Parsing item.
09-05-2024 @ 15:12:58 - Row :49 - Processing item.
09-05-2024 @ 15:12:58 - Processing users.
09-05-2024 @ 15:12:58 - > &#8220;140&#8221;User imported successfully. ID:140
09-05-2024 @ 15:12:58 - > Finished importing user 140
09-05-2024 @ 15:12:58 - Row :49 - User imported successfully.
09-05-2024 @ 15:12:58 - Row :50 - Parsing item.
09-05-2024 @ 15:12:58 - Row :50 - Processing item.
09-05-2024 @ 15:12:58 - Processing users.
09-05-2024 @ 15:12:58 - > &#8220;141&#8221;User imported successfully. ID:141
09-05-2024 @ 15:12:58 - > Finished importing user 141
09-05-2024 @ 15:12:58 - Row :50 - User imported successfully.
09-05-2024 @ 15:12:59 - Preparing for import.
09-05-2024 @ 15:12:59 - Row :51 - Parsing item.
09-05-2024 @ 15:12:59 - Row :51 - Processing item.
09-05-2024 @ 15:12:59 - Processing users.
09-05-2024 @ 15:12:59 - > &#8220;142&#8221;User imported successfully. ID:142
09-05-2024 @ 15:12:59 - > Finished importing user 142
09-05-2024 @ 15:12:59 - Row :51 - User imported successfully.
09-05-2024 @ 15:12:59 - Row :52 - Parsing item.
09-05-2024 @ 15:12:59 - Row :52 - Processing item.
09-05-2024 @ 15:12:59 - Processing users.
09-05-2024 @ 15:12:59 - > &#8220;143&#8221;User imported successfully. ID:143
09-05-2024 @ 15:12:59 - > Finished importing user 143
09-05-2024 @ 15:12:59 - Row :52 - User imported successfully.
09-05-2024 @ 15:12:59 - Row :53 - Parsing item.
09-05-2024 @ 15:12:59 - Row :53 - Processing item.
09-05-2024 @ 15:12:59 - Processing users.
09-05-2024 @ 15:12:59 - > &#8220;144&#8221;User imported successfully. ID:144
09-05-2024 @ 15:12:59 - > Finished importing user 144
09-05-2024 @ 15:12:59 - Row :53 - User imported successfully.
09-05-2024 @ 15:12:59 - Row :54 - Parsing item.
09-05-2024 @ 15:12:59 - Row :54 - Processing item.
09-05-2024 @ 15:12:59 - Processing users.
09-05-2024 @ 15:12:59 - > &#8220;145&#8221;User imported successfully. ID:145
09-05-2024 @ 15:12:59 - > Finished importing user 145
09-05-2024 @ 15:12:59 - Row :54 - User imported successfully.
09-05-2024 @ 15:12:59 - Row :55 - Parsing item.
09-05-2024 @ 15:12:59 - Row :55 - Processing item.
09-05-2024 @ 15:12:59 - Processing users.
09-05-2024 @ 15:12:59 - > &#8220;146&#8221;User imported successfully. ID:146
09-05-2024 @ 15:12:59 - > Finished importing user 146
09-05-2024 @ 15:12:59 - Row :55 - User imported successfully.
09-05-2024 @ 15:12:59 - Row :56 - Parsing item.
09-05-2024 @ 15:12:59 - Row :56 - Processing item.
09-05-2024 @ 15:12:59 - Processing users.
09-05-2024 @ 15:12:59 - > &#8220;147&#8221;User imported successfully. ID:147
09-05-2024 @ 15:12:59 - > Finished importing user 147
09-05-2024 @ 15:12:59 - Row :56 - User imported successfully.
09-05-2024 @ 15:12:59 - Row :57 - Parsing item.
09-05-2024 @ 15:12:59 - Row :57 - Processing item.
09-05-2024 @ 15:12:59 - Processing users.
09-05-2024 @ 15:12:59 - > &#8220;148&#8221;User imported successfully. ID:148
09-05-2024 @ 15:12:59 - > Finished importing user 148
09-05-2024 @ 15:12:59 - Row :57 - User imported successfully.
09-05-2024 @ 15:12:59 - Row :58 - Parsing item.
09-05-2024 @ 15:12:59 - Row :58 - Processing item.
09-05-2024 @ 15:12:59 - Processing users.
09-05-2024 @ 15:12:59 - > &#8220;149&#8221;User imported successfully. ID:149
09-05-2024 @ 15:12:59 - > Finished importing user 149
09-05-2024 @ 15:12:59 - Row :58 - User imported successfully.
09-05-2024 @ 15:12:59 - ---[ Import ended at 2024-09-05 15:12:59]---
