09-05-2024 @ 15:19:17 - ---[ New import started at 2024-09-05 15:19:17 ] PHP Memory: 256 MB, WP Memory: 40 MB
09-05-2024 @ 15:19:17 - Preparing for import.
09-05-2024 @ 15:19:17 - Row :1 - Parsing item.
09-05-2024 @ 15:19:17 - Importing as new coupon ID:1248
09-05-2024 @ 15:19:17 - Row :1 - Processing item.
09-05-2024 @ 15:19:17 - Found coupon object. ID:1248
09-05-2024 @ 15:19:17 - Row :1 - Coupon imported successfully.
09-05-2024 @ 15:19:17 - Row :2 - Parsing item.
09-05-2024 @ 15:19:17 - Importing as new coupon ID:1249
09-05-2024 @ 15:19:17 - Row :2 - Processing item.
09-05-2024 @ 15:19:17 - Found coupon object. ID:1249
09-05-2024 @ 15:19:17 - Row :2 - Coupon imported successfully.
09-05-2024 @ 15:19:17 - Row :3 - Parsing item.
09-05-2024 @ 15:19:17 - Row :3 - Processing item.
09-05-2024 @ 15:19:17 - Found coupon object. ID:232
09-05-2024 @ 15:19:17 - Row :3 - Coupon updated successfully.
09-05-2024 @ 15:19:17 - Row :4 - Parsing item.
09-05-2024 @ 15:19:17 - Row :4 - Processing item.
09-05-2024 @ 15:19:17 - Found coupon object. ID:233
09-05-2024 @ 15:19:17 - Row :4 - Coupon updated successfully.
09-05-2024 @ 15:19:17 - Row :5 - Parsing item.
09-05-2024 @ 15:19:17 - Row :5 - Processing item.
09-05-2024 @ 15:19:17 - Found coupon object. ID:234
09-05-2024 @ 15:19:17 - Row :5 - Coupon updated successfully.
09-05-2024 @ 15:19:17 - Row :6 - Parsing item.
09-05-2024 @ 15:19:17 - Row :6 - Processing item.
09-05-2024 @ 15:19:17 - Found coupon object. ID:235
09-05-2024 @ 15:19:17 - Row :6 - Coupon updated successfully.
09-05-2024 @ 15:19:17 - Row :7 - Parsing item.
09-05-2024 @ 15:19:17 - Row :7 - Processing item.
09-05-2024 @ 15:19:17 - Found coupon object. ID:451
09-05-2024 @ 15:19:17 - Row :7 - Coupon updated successfully.
09-05-2024 @ 15:19:17 - Row :8 - Parsing item.
09-05-2024 @ 15:19:17 - Row :8 - Processing item.
09-05-2024 @ 15:19:17 - Found coupon object. ID:452
09-05-2024 @ 15:19:17 - Row :8 - Coupon updated successfully.
09-05-2024 @ 15:19:17 - ---[ Import ended at 2024-09-05 15:19:17]---
